#
# There is insufficient memory for the Java Runtime Environment to continue.
# Native memory allocation (mmap) failed to map 105906176 bytes. Error detail: G1 virtual space
# Possible reasons:
#   The system is out of physical RAM or swap space
#   This process is running with CompressedOops enabled, and the Java Heap may be blocking the growth of the native heap
# Possible solutions:
#   Reduce memory load on the system
#   Increase physical memory or swap space
#   Check if swap backing store is full
#   Decrease Java heap size (-Xmx/-Xms)
#   Decrease number of Java threads
#   Decrease Java thread stack sizes (-Xss)
#   Set larger code cache with -XX:ReservedCodeCacheSize=
#   JVM is running with Unscaled Compressed Oops mode in which the Java heap is
#     placed in the first 4GB address space. The Java Heap base address is the
#     maximum limit for the native heap growth. Please use -XX:HeapBaseMinAddress
#     to set the Java Heap base and to place the Java Heap above 4GB virtual address.
# This output file may be truncated or incomplete.
#
#  Out of Memory Error (os_windows.cpp:3898), pid=16892, tid=9080
#
# JRE version: OpenJDK Runtime Environment (21.0.6) (build 21.0.6+-13391695-b895.109)
# Java VM: OpenJDK 64-Bit Server VM (21.0.6+-13391695-b895.109, mixed mode, tiered, compressed oops, compressed class ptrs, g1 gc, windows-amd64)
# No core dump will be written. Minidumps are not enabled by default on client versions of Windows
#

---------------  S U M M A R Y ------------

Command Line: --add-opens=java.base/java.lang=ALL-UNNAMED --add-opens=java.base/java.lang.invoke=ALL-UNNAMED --add-opens=java.base/java.util=ALL-UNNAMED --add-opens=java.prefs/java.util.prefs=ALL-UNNAMED --add-exports=jdk.compiler/com.sun.tools.javac.api=ALL-UNNAMED --add-exports=jdk.compiler/com.sun.tools.javac.util=ALL-UNNAMED --add-opens=java.base/java.util=ALL-UNNAMED --add-opens=java.prefs/java.util.prefs=ALL-UNNAMED --add-opens=java.base/java.nio.charset=ALL-UNNAMED --add-opens=java.base/java.net=ALL-UNNAMED --add-opens=java.base/java.util.concurrent.atomic=ALL-UNNAMED --add-opens=java.xml/javax.xml.namespace=ALL-UNNAMED -Xmx2048m -Dfile.encoding=UTF-8 -Duser.country=US -Duser.language=en -Duser.variant -javaagent:C:\Users\user\.gradle\wrapper\dists\gradle-8.13-bin\5xuhj0ry160q40clulazy9h7d\gradle-8.13\lib\agents\gradle-instrumentation-agent-8.13.jar org.gradle.launcher.daemon.bootstrap.GradleDaemon 8.13

Host: Intel(R) Core(TM) i5-6300U CPU @ 2.40GHz, 4 cores, 7G,  Windows 10 , 64 bit Build 19041 (10.0.19041.5915)
Time: Thu Jul 31 23:53:14 2025 Central Europe Daylight Time elapsed time: 30.156813 seconds (0d 0h 0m 30s)

---------------  T H R E A D  ---------------

Current thread (0x00000223937fe4c0):  VMThread "VM Thread"          [id=9080, stack(0x0000009512c00000,0x0000009512d00000) (1024K)]

Stack: [0x0000009512c00000,0x0000009512d00000]
Native frames: (J=compiled Java code, j=interpreted, Vv=VM code, C=native code)
V  [jvm.dll+0x6d0639]
V  [jvm.dll+0x85eb03]
V  [jvm.dll+0x86105e]
V  [jvm.dll+0x861743]
V  [jvm.dll+0x27e6e6]
V  [jvm.dll+0x6ccfd5]
V  [jvm.dll+0x6c0a8a]
V  [jvm.dll+0x35537b]
V  [jvm.dll+0x35cfd6]
V  [jvm.dll+0x3aef86]
V  [jvm.dll+0x3af258]
V  [jvm.dll+0x327a2c]
V  [jvm.dll+0x327ab7]
V  [jvm.dll+0x36d93c]
V  [jvm.dll+0x36c0ee]
V  [jvm.dll+0x327181]
V  [jvm.dll+0x36bb1b]
V  [jvm.dll+0x8674c8]
V  [jvm.dll+0x868844]
V  [jvm.dll+0x868d80]
V  [jvm.dll+0x869013]
V  [jvm.dll+0x806ed8]
V  [jvm.dll+0x6cef0d]
C  [ucrtbase.dll+0x21bb2]
C  [KERNEL32.DLL+0x17374]
C  [ntdll.dll+0x4cc91]

VM_Operation (0x00000095140f4a20): G1TryInitiateConcMark, mode: safepoint, requested by thread 0x0000022399e23f10


---------------  P R O C E S S  ---------------

Threads class SMR info:
_java_thread_list=0x000002239b930770, length=41, elements={
0x00000223fa7427e0, 0x00000223939e8ec0, 0x00000223939e9cd0, 0x00000223939d34b0,
0x00000223939d4f10, 0x00000223939d7970, 0x0000022393a12da0, 0x0000022393a13730,
0x0000022393a176c0, 0x0000022393a49430, 0x0000022393ce3a30, 0x0000022399bf0910,
0x0000022399d79a80, 0x0000022399dd6aa0, 0x0000022399d73aa0, 0x0000022399d34ff0,
0x0000022399e0fa00, 0x0000022399e23f10, 0x0000022398d608c0, 0x0000022398d5fba0,
0x0000022398d62990, 0x0000022398d615e0, 0x0000022398d5f510, 0x0000022398d60f50,
0x0000022398d60230, 0x0000022398d61c70, 0x0000022398d62300, 0x000002239b3dca30,
0x000002239b3ddde0, 0x000002239b3dd0c0, 0x000002239b3e4050, 0x000002239b3dd750,
0x000002239b3dfeb0, 0x000002239b3e0540, 0x000002239b3e1260, 0x000002239b3e18f0,
0x000002239b3e1f80, 0x000002239b3e2610, 0x000002239b3e39c0, 0x000002239cda41c0,
0x000002239cd9ec70
}

Java Threads: ( => current thread )
  0x00000223fa7427e0 JavaThread "main"                              [_thread_blocked, id=2500, stack(0x0000009512500000,0x0000009512600000) (1024K)]
  0x00000223939e8ec0 JavaThread "Reference Handler"          daemon [_thread_blocked, id=16000, stack(0x0000009512d00000,0x0000009512e00000) (1024K)]
  0x00000223939e9cd0 JavaThread "Finalizer"                  daemon [_thread_blocked, id=1192, stack(0x0000009512e00000,0x0000009512f00000) (1024K)]
  0x00000223939d34b0 JavaThread "Signal Dispatcher"          daemon [_thread_blocked, id=8976, stack(0x0000009512f00000,0x0000009513000000) (1024K)]
  0x00000223939d4f10 JavaThread "Attach Listener"            daemon [_thread_blocked, id=10220, stack(0x0000009513000000,0x0000009513100000) (1024K)]
  0x00000223939d7970 JavaThread "Service Thread"             daemon [_thread_blocked, id=14076, stack(0x0000009513100000,0x0000009513200000) (1024K)]
  0x0000022393a12da0 JavaThread "Monitor Deflation Thread"   daemon [_thread_blocked, id=2964, stack(0x0000009513200000,0x0000009513300000) (1024K)]
  0x0000022393a13730 JavaThread "C2 CompilerThread0"         daemon [_thread_blocked, id=10656, stack(0x0000009513300000,0x0000009513400000) (1024K)]
  0x0000022393a176c0 JavaThread "C1 CompilerThread0"         daemon [_thread_blocked, id=17652, stack(0x0000009513400000,0x0000009513500000) (1024K)]
  0x0000022393a49430 JavaThread "Common-Cleaner"             daemon [_thread_blocked, id=17772, stack(0x0000009513500000,0x0000009513600000) (1024K)]
  0x0000022393ce3a30 JavaThread "Notification Thread"        daemon [_thread_blocked, id=9748, stack(0x0000009513600000,0x0000009513700000) (1024K)]
  0x0000022399bf0910 JavaThread "Daemon health stats"               [_thread_blocked, id=11780, stack(0x0000009513900000,0x0000009513a00000) (1024K)]
  0x0000022399d79a80 JavaThread "Incoming local TCP Connector on port 56669"        [_thread_in_native, id=6476, stack(0x0000009513b00000,0x0000009513c00000) (1024K)]
  0x0000022399dd6aa0 JavaThread "Daemon periodic checks"            [_thread_blocked, id=9440, stack(0x0000009513c00000,0x0000009513d00000) (1024K)]
  0x0000022399d73aa0 JavaThread "Daemon"                            [_thread_blocked, id=15188, stack(0x0000009513d00000,0x0000009513e00000) (1024K)]
  0x0000022399d34ff0 JavaThread "Handler for socket connection from /127.0.0.1:56669 to /127.0.0.1:56670"        [_thread_in_native, id=8816, stack(0x0000009513e00000,0x0000009513f00000) (1024K)]
  0x0000022399e0fa00 JavaThread "Cancel handler"                    [_thread_blocked, id=3124, stack(0x0000009513f00000,0x0000009514000000) (1024K)]
  0x0000022399e23f10 JavaThread "Daemon worker"                     [_thread_blocked, id=12492, stack(0x0000009514000000,0x0000009514100000) (1024K)]
  0x0000022398d608c0 JavaThread "Asynchronous log dispatcher for DefaultDaemonConnection: socket connection from /127.0.0.1:56669 to /127.0.0.1:56670"        [_thread_blocked, id=15852, stack(0x0000009514100000,0x0000009514200000) (1024K)]
  0x0000022398d5fba0 JavaThread "Stdin handler"                     [_thread_blocked, id=6392, stack(0x0000009514200000,0x0000009514300000) (1024K)]
  0x0000022398d62990 JavaThread "Daemon client event forwarder"        [_thread_blocked, id=10524, stack(0x0000009514300000,0x0000009514400000) (1024K)]
  0x0000022398d615e0 JavaThread "Cache worker for journal cache (C:\Users\user\.gradle\caches\journal-1)"        [_thread_blocked, id=20140, stack(0x0000009514400000,0x0000009514500000) (1024K)]
  0x0000022398d5f510 JavaThread "File lock request listener"        [_thread_in_native, id=16188, stack(0x0000009514500000,0x0000009514600000) (1024K)]
  0x0000022398d60f50 JavaThread "Cache worker for file hash cache (C:\Users\user\.gradle\caches\8.13\fileHashes)"        [_thread_blocked, id=12180, stack(0x0000009514600000,0x0000009514700000) (1024K)]
  0x0000022398d60230 JavaThread "Cache worker for file hash cache (C:\Users\user\AndroidStudioProjects\MZSH\.gradle\8.13\fileHashes)"        [_thread_blocked, id=9608, stack(0x0000009514800000,0x0000009514900000) (1024K)]
  0x0000022398d61c70 JavaThread "Cache worker for Build Output Cleanup Cache (C:\Users\user\AndroidStudioProjects\MZSH\.gradle\buildOutputCleanup)"        [_thread_blocked, id=18976, stack(0x0000009514900000,0x0000009514a00000) (1024K)]
  0x0000022398d62300 JavaThread "File watcher server"        daemon [_thread_in_native, id=820, stack(0x0000009514a00000,0x0000009514b00000) (1024K)]
  0x000002239b3dca30 JavaThread "File watcher consumer"      daemon [_thread_blocked, id=19504, stack(0x0000009514b00000,0x0000009514c00000) (1024K)]
  0x000002239b3ddde0 JavaThread "Cache worker for checksums cache (C:\Users\user\AndroidStudioProjects\MZSH\.gradle\8.13\checksums)"        [_thread_blocked, id=2240, stack(0x0000009514700000,0x0000009514800000) (1024K)]
  0x000002239b3dd0c0 JavaThread "Cache worker for file content cache (C:\Users\user\.gradle\caches\8.13\fileContent)"        [_thread_blocked, id=13016, stack(0x0000009514c00000,0x0000009514d00000) (1024K)]
  0x000002239b3e4050 JavaThread "Cache worker for cache directory md-supplier (C:\Users\user\.gradle\caches\8.13\md-supplier)"        [_thread_blocked, id=7488, stack(0x0000009514d00000,0x0000009514e00000) (1024K)]
  0x000002239b3dd750 JavaThread "Cache worker for cache directory md-rule (C:\Users\user\.gradle\caches\8.13\md-rule)"        [_thread_blocked, id=10460, stack(0x0000009514e00000,0x0000009514f00000) (1024K)]
  0x000002239b3dfeb0 JavaThread "Unconstrained build operations"        [_thread_blocked, id=16360, stack(0x0000009515100000,0x0000009515200000) (1024K)]
  0x000002239b3e0540 JavaThread "Unconstrained build operations Thread 2"        [_thread_blocked, id=19988, stack(0x0000009515200000,0x0000009515300000) (1024K)]
  0x000002239b3e1260 JavaThread "Unconstrained build operations Thread 3"        [_thread_blocked, id=9132, stack(0x0000009515300000,0x0000009515400000) (1024K)]
  0x000002239b3e18f0 JavaThread "Unconstrained build operations Thread 4"        [_thread_blocked, id=11416, stack(0x0000009515400000,0x0000009515500000) (1024K)]
  0x000002239b3e1f80 JavaThread "Unconstrained build operations Thread 5"        [_thread_blocked, id=6384, stack(0x0000009515500000,0x0000009515600000) (1024K)]
  0x000002239b3e2610 JavaThread "Unconstrained build operations Thread 6"        [_thread_blocked, id=19676, stack(0x0000009515600000,0x0000009515700000) (1024K)]
  0x000002239b3e39c0 JavaThread "Unconstrained build operations Thread 7"        [_thread_blocked, id=11792, stack(0x0000009515700000,0x0000009515800000) (1024K)]
  0x000002239cda41c0 JavaThread "Unconstrained build operations Thread 8"        [_thread_blocked, id=6640, stack(0x0000009515800000,0x0000009515900000) (1024K)]
  0x000002239cd9ec70 JavaThread "Unconstrained build operations Thread 9"        [_thread_blocked, id=14884, stack(0x0000009515900000,0x0000009515a00000) (1024K)]
Total: 41

Other Threads:
=>0x00000223937fe4c0 VMThread "VM Thread"                           [id=9080, stack(0x0000009512c00000,0x0000009512d00000) (1024K)]
  0x00000223937bb280 WatcherThread "VM Periodic Task Thread"        [id=14400, stack(0x0000009512b00000,0x0000009512c00000) (1024K)]
  0x00000223fc9a9550 WorkerThread "GC Thread#0"                     [id=7100, stack(0x0000009512600000,0x0000009512700000) (1024K)]
  0x000002239808fe20 WorkerThread "GC Thread#1"                     [id=11664, stack(0x0000009513700000,0x0000009513800000) (1024K)]
  0x000002239807ae50 WorkerThread "GC Thread#2"                     [id=3588, stack(0x0000009513800000,0x0000009513900000) (1024K)]
  0x0000022398b71080 WorkerThread "GC Thread#3"                     [id=15968, stack(0x0000009513a00000,0x0000009513b00000) (1024K)]
  0x00000223fa80bfe0 ConcurrentGCThread "G1 Main Marker"            [id=15580, stack(0x0000009512700000,0x0000009512800000) (1024K)]
  0x00000223fa80c9f0 WorkerThread "G1 Conc#0"                       [id=5920, stack(0x0000009512800000,0x0000009512900000) (1024K)]
  0x00000223fca1e520 ConcurrentGCThread "G1 Refine#0"               [id=13188, stack(0x0000009512900000,0x0000009512a00000) (1024K)]
  0x00000223936805d0 ConcurrentGCThread "G1 Service"                [id=584, stack(0x0000009512a00000,0x0000009512b00000) (1024K)]
Total: 10

Threads with active compile tasks:
Total: 0

VM state: at safepoint (normal execution)

VM Mutex/Monitor currently owned by a thread:  ([mutex/lock_event])
[0x00007ffda205e3a0] Threads_lock - owner thread: 0x00000223937fe4c0
[0x00007ffda205e4a0] Heap_lock - owner thread: 0x0000022399e23f10

Heap address: 0x0000000080000000, size: 2048 MB, Compressed Oops mode: 32-bit

CDS archive(s) not mapped
Compressed class space mapped at: 0x0000000100000000-0x0000000140000000, reserved size: 1073741824
Narrow klass base: 0x0000000000000000, Narrow klass shift: 3, Narrow klass range: 0x140000000

GC Precious Log:
 CardTable entry size: 512
 Card Set container configuration: InlinePtr #cards 5 size 8 Array Of Cards #cards 12 size 40 Howl #buckets 4 coarsen threshold 1843 Howl Bitmap #cards 512 size 80 coarsen threshold 460 Card regions per heap region 1 cards per card region 2048
 CPUs: 4 total, 4 available
 Memory: 8071M
 Large Page Support: Disabled
 NUMA Support: Disabled
 Compressed Oops: Enabled (32-bit)
 Heap Region Size: 1M
 Heap Min Capacity: 8M
 Heap Initial Capacity: 128M
 Heap Max Capacity: 2G
 Pre-touch: Disabled
 Parallel Workers: 4
 Concurrent Workers: 1
 Concurrent Refinement Workers: 4
 Periodic GC: Disabled

Heap:
 garbage-first heap   total 138240K, used 85708K [0x0000000080000000, 0x0000000100000000)
  region size 1024K, 2 young (2048K), 2 survivors (2048K)
 Metaspace       used 95271K, committed 97088K, reserved 1179648K
  class space    used 12993K, committed 13888K, reserved 1048576K

Heap Regions: E=young(eden), S=young(survivor), O=old, HS=humongous(starts), HC=humongous(continues), CS=collection set, F=free, TAMS=top-at-mark-start, PB=parsable bottom
|   0|0x0000000080000000, 0x0000000080100000, 0x0000000080100000|100%|HS|  |TAMS 0x0000000080100000| PB 0x0000000080000000| Complete 
|   1|0x0000000080100000, 0x0000000080200000, 0x0000000080200000|100%|HC|  |TAMS 0x0000000080200000| PB 0x0000000080100000| Complete 
|   2|0x0000000080200000, 0x0000000080300000, 0x0000000080300000|100%|HC|  |TAMS 0x0000000080300000| PB 0x0000000080200000| Complete 
|   3|0x0000000080300000, 0x0000000080400000, 0x0000000080400000|100%| O|  |TAMS 0x0000000080400000| PB 0x0000000080300000| Untracked 
|   4|0x0000000080400000, 0x0000000080500000, 0x0000000080500000|100%| O|  |TAMS 0x0000000080500000| PB 0x0000000080400000| Untracked 
|   5|0x0000000080500000, 0x0000000080600000, 0x0000000080600000|100%| O|  |TAMS 0x0000000080600000| PB 0x0000000080500000| Untracked 
|   6|0x0000000080600000, 0x0000000080700000, 0x0000000080700000|100%| O|  |TAMS 0x0000000080700000| PB 0x0000000080600000| Untracked 
|   7|0x0000000080700000, 0x0000000080800000, 0x0000000080800000|100%|HS|  |TAMS 0x0000000080800000| PB 0x0000000080700000| Complete 
|   8|0x0000000080800000, 0x0000000080900000, 0x0000000080900000|100%| O|  |TAMS 0x0000000080900000| PB 0x0000000080800000| Untracked 
|   9|0x0000000080900000, 0x0000000080a00000, 0x0000000080a00000|100%| O|  |TAMS 0x0000000080a00000| PB 0x0000000080900000| Untracked 
|  10|0x0000000080a00000, 0x0000000080b00000, 0x0000000080b00000|100%| O|  |TAMS 0x0000000080b00000| PB 0x0000000080a00000| Untracked 
|  11|0x0000000080b00000, 0x0000000080c00000, 0x0000000080c00000|100%| O|  |TAMS 0x0000000080c00000| PB 0x0000000080b00000| Untracked 
|  12|0x0000000080c00000, 0x0000000080d00000, 0x0000000080d00000|100%| O|  |TAMS 0x0000000080d00000| PB 0x0000000080c00000| Untracked 
|  13|0x0000000080d00000, 0x0000000080e00000, 0x0000000080e00000|100%| O|  |TAMS 0x0000000080e00000| PB 0x0000000080d00000| Untracked 
|  14|0x0000000080e00000, 0x0000000080f00000, 0x0000000080f00000|100%| O|  |TAMS 0x0000000080f00000| PB 0x0000000080e00000| Untracked 
|  15|0x0000000080f00000, 0x0000000081000000, 0x0000000081000000|100%| O|  |TAMS 0x0000000081000000| PB 0x0000000080f00000| Untracked 
|  16|0x0000000081000000, 0x0000000081100000, 0x0000000081100000|100%| O|  |TAMS 0x0000000081100000| PB 0x0000000081000000| Untracked 
|  17|0x0000000081100000, 0x0000000081200000, 0x0000000081200000|100%| O|  |TAMS 0x0000000081200000| PB 0x0000000081100000| Untracked 
|  18|0x0000000081200000, 0x0000000081300000, 0x0000000081300000|100%| O|  |TAMS 0x0000000081300000| PB 0x0000000081200000| Untracked 
|  19|0x0000000081300000, 0x0000000081400000, 0x0000000081400000|100%| O|  |TAMS 0x0000000081400000| PB 0x0000000081300000| Untracked 
|  20|0x0000000081400000, 0x0000000081500000, 0x0000000081500000|100%| O|  |TAMS 0x0000000081500000| PB 0x0000000081400000| Untracked 
|  21|0x0000000081500000, 0x0000000081600000, 0x0000000081600000|100%| O|  |TAMS 0x0000000081600000| PB 0x0000000081500000| Untracked 
|  22|0x0000000081600000, 0x0000000081700000, 0x0000000081700000|100%| O|  |TAMS 0x0000000081700000| PB 0x0000000081600000| Untracked 
|  23|0x0000000081700000, 0x0000000081800000, 0x0000000081800000|100%| O|  |TAMS 0x0000000081800000| PB 0x0000000081700000| Untracked 
|  24|0x0000000081800000, 0x0000000081900000, 0x0000000081900000|100%| O|  |TAMS 0x0000000081900000| PB 0x0000000081800000| Untracked 
|  25|0x0000000081900000, 0x0000000081a00000, 0x0000000081a00000|100%| O|  |TAMS 0x0000000081a00000| PB 0x0000000081900000| Untracked 
|  26|0x0000000081a00000, 0x0000000081b00000, 0x0000000081b00000|100%| O|  |TAMS 0x0000000081b00000| PB 0x0000000081a00000| Untracked 
|  27|0x0000000081b00000, 0x0000000081c00000, 0x0000000081c00000|100%| O|  |TAMS 0x0000000081c00000| PB 0x0000000081b00000| Untracked 
|  28|0x0000000081c00000, 0x0000000081d00000, 0x0000000081d00000|100%| O|  |TAMS 0x0000000081d00000| PB 0x0000000081c00000| Untracked 
|  29|0x0000000081d00000, 0x0000000081e00000, 0x0000000081e00000|100%| O|  |TAMS 0x0000000081e00000| PB 0x0000000081d00000| Untracked 
|  30|0x0000000081e00000, 0x0000000081f00000, 0x0000000081f00000|100%| O|  |TAMS 0x0000000081f00000| PB 0x0000000081e00000| Untracked 
|  31|0x0000000081f00000, 0x0000000082000000, 0x0000000082000000|100%| O|  |TAMS 0x0000000082000000| PB 0x0000000081f00000| Untracked 
|  32|0x0000000082000000, 0x0000000082100000, 0x0000000082100000|100%| O|  |TAMS 0x0000000082100000| PB 0x0000000082000000| Untracked 
|  33|0x0000000082100000, 0x0000000082200000, 0x0000000082200000|100%| O|  |TAMS 0x0000000082200000| PB 0x0000000082100000| Untracked 
|  34|0x0000000082200000, 0x0000000082300000, 0x0000000082300000|100%| O|  |TAMS 0x0000000082300000| PB 0x0000000082200000| Untracked 
|  35|0x0000000082300000, 0x0000000082400000, 0x0000000082400000|100%| O|  |TAMS 0x0000000082400000| PB 0x0000000082300000| Untracked 
|  36|0x0000000082400000, 0x0000000082500000, 0x0000000082500000|100%| O|  |TAMS 0x0000000082500000| PB 0x0000000082400000| Untracked 
|  37|0x0000000082500000, 0x0000000082600000, 0x0000000082600000|100%| O|  |TAMS 0x0000000082600000| PB 0x0000000082500000| Untracked 
|  38|0x0000000082600000, 0x0000000082700000, 0x0000000082700000|100%| O|  |TAMS 0x0000000082700000| PB 0x0000000082600000| Untracked 
|  39|0x0000000082700000, 0x0000000082800000, 0x0000000082800000|100%| O|  |TAMS 0x0000000082800000| PB 0x0000000082700000| Untracked 
|  40|0x0000000082800000, 0x0000000082900000, 0x0000000082900000|100%| O|  |TAMS 0x0000000082900000| PB 0x0000000082800000| Untracked 
|  41|0x0000000082900000, 0x0000000082a00000, 0x0000000082a00000|100%| O|  |TAMS 0x0000000082a00000| PB 0x0000000082900000| Untracked 
|  42|0x0000000082a00000, 0x0000000082b00000, 0x0000000082b00000|100%| O|  |TAMS 0x0000000082b00000| PB 0x0000000082a00000| Untracked 
|  43|0x0000000082b00000, 0x0000000082c00000, 0x0000000082c00000|100%| O|  |TAMS 0x0000000082c00000| PB 0x0000000082b00000| Untracked 
|  44|0x0000000082c00000, 0x0000000082d00000, 0x0000000082d00000|100%| O|  |TAMS 0x0000000082d00000| PB 0x0000000082c00000| Untracked 
|  45|0x0000000082d00000, 0x0000000082e00000, 0x0000000082e00000|100%| O|  |TAMS 0x0000000082e00000| PB 0x0000000082d00000| Untracked 
|  46|0x0000000082e00000, 0x0000000082f00000, 0x0000000082f00000|100%| O|  |TAMS 0x0000000082f00000| PB 0x0000000082e00000| Untracked 
|  47|0x0000000082f00000, 0x0000000083000000, 0x0000000083000000|100%| O|  |TAMS 0x0000000083000000| PB 0x0000000082f00000| Untracked 
|  48|0x0000000083000000, 0x0000000083100000, 0x0000000083100000|100%| O|  |TAMS 0x0000000083100000| PB 0x0000000083000000| Untracked 
|  49|0x0000000083100000, 0x0000000083200000, 0x0000000083200000|100%| O|  |TAMS 0x0000000083200000| PB 0x0000000083100000| Untracked 
|  50|0x0000000083200000, 0x0000000083300000, 0x0000000083300000|100%| O|  |TAMS 0x0000000083300000| PB 0x0000000083200000| Untracked 
|  51|0x0000000083300000, 0x0000000083400000, 0x0000000083400000|100%| O|  |TAMS 0x0000000083400000| PB 0x0000000083300000| Untracked 
|  52|0x0000000083400000, 0x0000000083500000, 0x0000000083500000|100%| O|  |TAMS 0x0000000083500000| PB 0x0000000083400000| Untracked 
|  53|0x0000000083500000, 0x0000000083600000, 0x0000000083600000|100%| O|  |TAMS 0x0000000083600000| PB 0x0000000083500000| Untracked 
|  54|0x0000000083600000, 0x0000000083700000, 0x0000000083700000|100%| O|  |TAMS 0x0000000083700000| PB 0x0000000083600000| Untracked 
|  55|0x0000000083700000, 0x0000000083800000, 0x0000000083800000|100%| O|  |TAMS 0x0000000083800000| PB 0x0000000083700000| Untracked 
|  56|0x0000000083800000, 0x0000000083900000, 0x0000000083900000|100%| O|  |TAMS 0x0000000083900000| PB 0x0000000083800000| Untracked 
|  57|0x0000000083900000, 0x0000000083a00000, 0x0000000083a00000|100%| O|  |TAMS 0x0000000083a00000| PB 0x0000000083900000| Untracked 
|  58|0x0000000083a00000, 0x0000000083b00000, 0x0000000083b00000|100%| O|  |TAMS 0x0000000083b00000| PB 0x0000000083a00000| Untracked 
|  59|0x0000000083b00000, 0x0000000083c00000, 0x0000000083c00000|100%| O|  |TAMS 0x0000000083c00000| PB 0x0000000083b00000| Untracked 
|  60|0x0000000083c00000, 0x0000000083d00000, 0x0000000083d00000|100%| O|  |TAMS 0x0000000083d00000| PB 0x0000000083c00000| Untracked 
|  61|0x0000000083d00000, 0x0000000083e00000, 0x0000000083e00000|100%| O|  |TAMS 0x0000000083e00000| PB 0x0000000083d00000| Untracked 
|  62|0x0000000083e00000, 0x0000000083f00000, 0x0000000083f00000|100%| O|  |TAMS 0x0000000083f00000| PB 0x0000000083e00000| Untracked 
|  63|0x0000000083f00000, 0x0000000084000000, 0x0000000084000000|100%| O|  |TAMS 0x0000000084000000| PB 0x0000000083f00000| Untracked 
|  64|0x0000000084000000, 0x0000000084100000, 0x0000000084100000|100%| O|  |TAMS 0x0000000084100000| PB 0x0000000084000000| Untracked 
|  65|0x0000000084100000, 0x0000000084200000, 0x0000000084200000|100%| O|  |TAMS 0x0000000084200000| PB 0x0000000084100000| Untracked 
|  66|0x0000000084200000, 0x0000000084300000, 0x0000000084300000|100%| O|  |TAMS 0x0000000084300000| PB 0x0000000084200000| Untracked 
|  67|0x0000000084300000, 0x0000000084400000, 0x0000000084400000|100%| O|  |TAMS 0x0000000084400000| PB 0x0000000084300000| Untracked 
|  68|0x0000000084400000, 0x0000000084500000, 0x0000000084500000|100%| O|  |TAMS 0x0000000084500000| PB 0x0000000084400000| Untracked 
|  69|0x0000000084500000, 0x0000000084600000, 0x0000000084600000|100%| O|  |TAMS 0x0000000084600000| PB 0x0000000084500000| Untracked 
|  70|0x0000000084600000, 0x0000000084700000, 0x0000000084700000|100%| O|  |TAMS 0x0000000084700000| PB 0x0000000084600000| Untracked 
|  71|0x0000000084700000, 0x0000000084800000, 0x0000000084800000|100%| O|  |TAMS 0x0000000084800000| PB 0x0000000084700000| Untracked 
|  72|0x0000000084800000, 0x00000000848b30a0, 0x0000000084900000| 69%| O|  |TAMS 0x00000000848b30a0| PB 0x0000000084800000| Untracked 
|  73|0x0000000084900000, 0x0000000084a00000, 0x0000000084a00000|100%| O|  |TAMS 0x0000000084a00000| PB 0x0000000084900000| Untracked 
|  74|0x0000000084a00000, 0x0000000084b00000, 0x0000000084b00000|100%| O|  |TAMS 0x0000000084b00000| PB 0x0000000084a00000| Untracked 
|  75|0x0000000084b00000, 0x0000000084c00000, 0x0000000084c00000|100%| O|  |TAMS 0x0000000084c00000| PB 0x0000000084b00000| Untracked 
|  76|0x0000000084c00000, 0x0000000084d00000, 0x0000000084d00000|100%| O|  |TAMS 0x0000000084d00000| PB 0x0000000084c00000| Untracked 
|  77|0x0000000084d00000, 0x0000000084d00000, 0x0000000084e00000|  0%| F|  |TAMS 0x0000000084d00000| PB 0x0000000084d00000| Untracked 
|  78|0x0000000084e00000, 0x0000000084e00000, 0x0000000084f00000|  0%| F|  |TAMS 0x0000000084e00000| PB 0x0000000084e00000| Untracked 
|  79|0x0000000084f00000, 0x0000000084f00000, 0x0000000085000000|  0%| F|  |TAMS 0x0000000084f00000| PB 0x0000000084f00000| Untracked 
|  80|0x0000000085000000, 0x0000000085000000, 0x0000000085100000|  0%| F|  |TAMS 0x0000000085000000| PB 0x0000000085000000| Untracked 
|  81|0x0000000085100000, 0x0000000085100000, 0x0000000085200000|  0%| F|  |TAMS 0x0000000085100000| PB 0x0000000085100000| Untracked 
|  82|0x0000000085200000, 0x0000000085200000, 0x0000000085300000|  0%| F|  |TAMS 0x0000000085200000| PB 0x0000000085200000| Untracked 
|  83|0x0000000085300000, 0x0000000085300000, 0x0000000085400000|  0%| F|  |TAMS 0x0000000085300000| PB 0x0000000085300000| Untracked 
|  84|0x0000000085400000, 0x0000000085400000, 0x0000000085500000|  0%| F|  |TAMS 0x0000000085400000| PB 0x0000000085400000| Untracked 
|  85|0x0000000085500000, 0x0000000085500000, 0x0000000085600000|  0%| F|  |TAMS 0x0000000085500000| PB 0x0000000085500000| Untracked 
|  86|0x0000000085600000, 0x0000000085600000, 0x0000000085700000|  0%| F|  |TAMS 0x0000000085600000| PB 0x0000000085600000| Untracked 
|  87|0x0000000085700000, 0x0000000085700000, 0x0000000085800000|  0%| F|  |TAMS 0x0000000085700000| PB 0x0000000085700000| Untracked 
|  88|0x0000000085800000, 0x0000000085800000, 0x0000000085900000|  0%| F|  |TAMS 0x0000000085800000| PB 0x0000000085800000| Untracked 
|  89|0x0000000085900000, 0x0000000085900000, 0x0000000085a00000|  0%| F|  |TAMS 0x0000000085900000| PB 0x0000000085900000| Untracked 
|  90|0x0000000085a00000, 0x0000000085a00000, 0x0000000085b00000|  0%| F|  |TAMS 0x0000000085a00000| PB 0x0000000085a00000| Untracked 
|  91|0x0000000085b00000, 0x0000000085b00000, 0x0000000085c00000|  0%| F|  |TAMS 0x0000000085b00000| PB 0x0000000085b00000| Untracked 
|  92|0x0000000085c00000, 0x0000000085c00000, 0x0000000085d00000|  0%| F|  |TAMS 0x0000000085c00000| PB 0x0000000085c00000| Untracked 
|  93|0x0000000085d00000, 0x0000000085d00000, 0x0000000085e00000|  0%| F|  |TAMS 0x0000000085d00000| PB 0x0000000085d00000| Untracked 
|  94|0x0000000085e00000, 0x0000000085e00000, 0x0000000085f00000|  0%| F|  |TAMS 0x0000000085e00000| PB 0x0000000085e00000| Untracked 
|  95|0x0000000085f00000, 0x0000000085f00000, 0x0000000086000000|  0%| F|  |TAMS 0x0000000085f00000| PB 0x0000000085f00000| Untracked 
|  96|0x0000000086000000, 0x0000000086000000, 0x0000000086100000|  0%| F|  |TAMS 0x0000000086000000| PB 0x0000000086000000| Untracked 
|  97|0x0000000086100000, 0x0000000086100000, 0x0000000086200000|  0%| F|  |TAMS 0x0000000086100000| PB 0x0000000086100000| Untracked 
|  98|0x0000000086200000, 0x0000000086200000, 0x0000000086300000|  0%| F|  |TAMS 0x0000000086200000| PB 0x0000000086200000| Untracked 
|  99|0x0000000086300000, 0x0000000086300000, 0x0000000086400000|  0%| F|  |TAMS 0x0000000086300000| PB 0x0000000086300000| Untracked 
| 100|0x0000000086400000, 0x0000000086400000, 0x0000000086500000|  0%| F|  |TAMS 0x0000000086400000| PB 0x0000000086400000| Untracked 
| 101|0x0000000086500000, 0x0000000086500000, 0x0000000086600000|  0%| F|  |TAMS 0x0000000086500000| PB 0x0000000086500000| Untracked 
| 102|0x0000000086600000, 0x0000000086600000, 0x0000000086700000|  0%| F|  |TAMS 0x0000000086600000| PB 0x0000000086600000| Untracked 
| 103|0x0000000086700000, 0x0000000086700000, 0x0000000086800000|  0%| F|  |TAMS 0x0000000086700000| PB 0x0000000086700000| Untracked 
| 104|0x0000000086800000, 0x0000000086800000, 0x0000000086900000|  0%| F|  |TAMS 0x0000000086800000| PB 0x0000000086800000| Untracked 
| 105|0x0000000086900000, 0x0000000086900000, 0x0000000086a00000|  0%| F|  |TAMS 0x0000000086900000| PB 0x0000000086900000| Untracked 
| 106|0x0000000086a00000, 0x0000000086a00000, 0x0000000086b00000|  0%| F|  |TAMS 0x0000000086a00000| PB 0x0000000086a00000| Untracked 
| 107|0x0000000086b00000, 0x0000000086b00000, 0x0000000086c00000|  0%| F|  |TAMS 0x0000000086b00000| PB 0x0000000086b00000| Untracked 
| 108|0x0000000086c00000, 0x0000000086c00000, 0x0000000086d00000|  0%| F|  |TAMS 0x0000000086c00000| PB 0x0000000086c00000| Untracked 
| 109|0x0000000086d00000, 0x0000000086d00000, 0x0000000086e00000|  0%| F|  |TAMS 0x0000000086d00000| PB 0x0000000086d00000| Untracked 
| 110|0x0000000086e00000, 0x0000000086e00000, 0x0000000086f00000|  0%| F|  |TAMS 0x0000000086e00000| PB 0x0000000086e00000| Untracked 
| 111|0x0000000086f00000, 0x0000000086f00000, 0x0000000087000000|  0%| F|  |TAMS 0x0000000086f00000| PB 0x0000000086f00000| Untracked 
| 112|0x0000000087000000, 0x0000000087000000, 0x0000000087100000|  0%| F|  |TAMS 0x0000000087000000| PB 0x0000000087000000| Untracked 
| 113|0x0000000087100000, 0x0000000087100000, 0x0000000087200000|  0%| F|  |TAMS 0x0000000087100000| PB 0x0000000087100000| Untracked 
| 114|0x0000000087200000, 0x0000000087200000, 0x0000000087300000|  0%| F|  |TAMS 0x0000000087200000| PB 0x0000000087200000| Untracked 
| 115|0x0000000087300000, 0x0000000087300000, 0x0000000087400000|  0%| F|  |TAMS 0x0000000087300000| PB 0x0000000087300000| Untracked 
| 116|0x0000000087400000, 0x0000000087400000, 0x0000000087500000|  0%| F|  |TAMS 0x0000000087400000| PB 0x0000000087400000| Untracked 
| 117|0x0000000087500000, 0x0000000087500000, 0x0000000087600000|  0%| F|  |TAMS 0x0000000087500000| PB 0x0000000087500000| Untracked 
| 118|0x0000000087600000, 0x0000000087600000, 0x0000000087700000|  0%| F|  |TAMS 0x0000000087600000| PB 0x0000000087600000| Untracked 
| 119|0x0000000087700000, 0x0000000087700000, 0x0000000087800000|  0%| F|  |TAMS 0x0000000087700000| PB 0x0000000087700000| Untracked 
| 120|0x0000000087800000, 0x0000000087800000, 0x0000000087900000|  0%| F|  |TAMS 0x0000000087800000| PB 0x0000000087800000| Untracked 
| 121|0x0000000087900000, 0x0000000087900000, 0x0000000087a00000|  0%| F|  |TAMS 0x0000000087900000| PB 0x0000000087900000| Untracked 
| 122|0x0000000087a00000, 0x0000000087a00000, 0x0000000087b00000|  0%| F|  |TAMS 0x0000000087a00000| PB 0x0000000087a00000| Untracked 
| 123|0x0000000087b00000, 0x0000000087b00000, 0x0000000087c00000|  0%| F|  |TAMS 0x0000000087b00000| PB 0x0000000087b00000| Untracked 
| 124|0x0000000087c00000, 0x0000000087c00000, 0x0000000087d00000|  0%| F|  |TAMS 0x0000000087c00000| PB 0x0000000087c00000| Untracked 
| 125|0x0000000087d00000, 0x0000000087d00000, 0x0000000087e00000|  0%| F|  |TAMS 0x0000000087d00000| PB 0x0000000087d00000| Untracked 
| 126|0x0000000087e00000, 0x0000000087e00000, 0x0000000087f00000|  0%| F|  |TAMS 0x0000000087e00000| PB 0x0000000087e00000| Untracked 
| 127|0x0000000087f00000, 0x0000000088000000, 0x0000000088000000|100%| S|CS|TAMS 0x0000000087f00000| PB 0x0000000087f00000| Complete 
|2041|0x00000000ff900000, 0x00000000ffa00000, 0x00000000ffa00000|100%| O|  |TAMS 0x00000000ffa00000| PB 0x00000000ff900000| Untracked 
|2042|0x00000000ffa00000, 0x00000000ffb00000, 0x00000000ffb00000|100%| O|  |TAMS 0x00000000ffb00000| PB 0x00000000ffa00000| Untracked 
|2043|0x00000000ffb00000, 0x00000000ffc00000, 0x00000000ffc00000|100%| O|  |TAMS 0x00000000ffc00000| PB 0x00000000ffb00000| Untracked 
|2044|0x00000000ffc00000, 0x00000000ffd00000, 0x00000000ffd00000|100%| O|  |TAMS 0x00000000ffd00000| PB 0x00000000ffc00000| Untracked 
|2045|0x00000000ffd00000, 0x00000000ffe00000, 0x00000000ffe00000|100%| O|  |TAMS 0x00000000ffe00000| PB 0x00000000ffd00000| Untracked 
|2046|0x00000000ffe00000, 0x00000000fff00000, 0x00000000fff00000|100%| S|CS|TAMS 0x00000000ffe00000| PB 0x00000000ffe00000| Complete 
|2047|0x00000000fff00000, 0x00000000fff00000, 0x0000000100000000|  0%| F|  |TAMS 0x00000000fff00000| PB 0x00000000fff00000| Untracked 

Card table byte_map: [0x000002238f000000,0x000002238f400000] _byte_map_base: 0x000002238ec00000

Marking Bits: (CMBitMap*) 0x00000223fc9a9b60
 Bits: [0x000002238f400000, 0x0000022391400000)

Polling page: 0x00000223fa700000

Metaspace:

Usage:
  Non-class:     80.35 MB used.
      Class:     12.69 MB used.
       Both:     93.04 MB used.

Virtual space:
  Non-class space:      128.00 MB reserved,      81.25 MB ( 63%) committed,  2 nodes.
      Class space:        1.00 GB reserved,      13.56 MB (  1%) committed,  1 nodes.
             Both:        1.12 GB reserved,      94.81 MB (  8%) committed. 

Chunk freelists:
   Non-Class:  14.19 MB
       Class:  2.44 MB
        Both:  16.62 MB

MaxMetaspaceSize: unlimited
CompressedClassSpaceSize: 1.00 GB
Initial GC threshold: 21.00 MB
Current GC threshold: 151.50 MB
CDS: off
 - commit_granule_bytes: 65536.
 - commit_granule_words: 8192.
 - virtual_space_node_default_size: 8388608.
 - enlarge_chunks_in_place: 1.
 - use_allocation_guard: 0.


Internal statistics:

num_allocs_failed_limit: 6.
num_arena_births: 3372.
num_arena_deaths: 0.
num_vsnodes_births: 3.
num_vsnodes_deaths: 0.
num_space_committed: 1515.
num_space_uncommitted: 0.
num_chunks_returned_to_freelist: 6.
num_chunks_taken_from_freelist: 7015.
num_chunk_merges: 6.
num_chunk_splits: 4694.
num_chunks_enlarged: 3032.
num_inconsistent_stats: 0.

CodeHeap 'non-profiled nmethods': size=120000Kb used=4748Kb max_used=4748Kb free=115251Kb
 bounds [0x0000022387ad0000, 0x0000022387f80000, 0x000002238f000000]
CodeHeap 'profiled nmethods': size=120000Kb used=13939Kb max_used=13939Kb free=106060Kb
 bounds [0x0000022380000000, 0x0000022380dd0000, 0x0000022387530000]
CodeHeap 'non-nmethods': size=5760Kb used=2134Kb max_used=2174Kb free=3626Kb
 bounds [0x0000022387530000, 0x00000223877a0000, 0x0000022387ad0000]
 total_blobs=8905 nmethods=8033 adapters=776
 compilation: enabled
              stopped_count=0, restarted_count=0
 full_count=0

Compilation events (20 events):
Event: 30.035 Thread 0x0000022393a176c0 9690       1       kotlin.Triple::component1 (5 bytes)
Event: 30.035 Thread 0x0000022393a176c0 nmethod 9690 0x0000022387f72510 code [0x0000022387f726a0, 0x0000022387f72768]
Event: 30.035 Thread 0x0000022393a176c0 9691       1       kotlin.Triple::component2 (5 bytes)
Event: 30.035 Thread 0x0000022393a176c0 nmethod 9691 0x0000022387f72810 code [0x0000022387f729a0, 0x0000022387f72a68]
Event: 30.035 Thread 0x0000022393a176c0 9692       1       kotlin.Triple::getThird (5 bytes)
Event: 30.036 Thread 0x0000022393a176c0 nmethod 9692 0x0000022387f72b10 code [0x0000022387f72ca0, 0x0000022387f72d68]
Event: 30.036 Thread 0x0000022393a176c0 9688       1       org.jetbrains.kotlin.metadata.ProtoBuf$Class::getTypeTable (5 bytes)
Event: 30.036 Thread 0x0000022393a176c0 nmethod 9688 0x0000022387f72e10 code [0x0000022387f72fa0, 0x0000022387f73070]
Event: 30.052 Thread 0x0000022393a176c0 9693   !   3       java.util.concurrent.LinkedBlockingQueue::poll (128 bytes)
Event: 30.054 Thread 0x0000022393a176c0 nmethod 9693 0x00000223800cd290 code [0x00000223800cd6c0, 0x00000223800cf3c0]
Event: 30.107 Thread 0x0000022393a176c0 9694       3       org.jetbrains.kotlin.protobuf.CodedOutputStream::writeRawByte (7 bytes)
Event: 30.107 Thread 0x0000022393a176c0 nmethod 9694 0x0000022380b7c390 code [0x0000022380b7c540, 0x0000022380b7c680]
Event: 30.107 Thread 0x0000022393a176c0 9695       3       org.jetbrains.kotlin.protobuf.CodedOutputStream::writeRawByte (43 bytes)
Event: 30.107 Thread 0x0000022393a176c0 nmethod 9695 0x0000022380be7210 code [0x0000022380be73c0, 0x0000022380be7588]
Event: 30.107 Thread 0x0000022393a176c0 9697       3       org.jetbrains.kotlin.protobuf.CodedOutputStream::writeRawVarint32 (33 bytes)
Event: 30.108 Thread 0x0000022393a176c0 nmethod 9697 0x0000022380101a10 code [0x0000022380101be0, 0x0000022380101ec8]
Event: 30.108 Thread 0x0000022393a176c0 9696       3       org.jetbrains.kotlin.protobuf.CodedOutputStream::computeRawVarint32Size (41 bytes)
Event: 30.108 Thread 0x0000022393a176c0 nmethod 9696 0x0000022380101510 code [0x00000223801016e0, 0x0000022380101960]
Event: 30.143 Thread 0x0000022393a176c0 9698       3       org.jetbrains.kotlin.com.intellij.openapi.util.text.StringUtilRt::toLowerCase (33 bytes)
Event: 30.143 Thread 0x0000022393a176c0 nmethod 9698 0x0000022380100e90 code [0x0000022380101060, 0x00000223801013f0]

GC Heap History (20 events):
Event: 25.882 GC heap after
{Heap after GC invocations=30 (full 0):
 garbage-first heap   total 83968K, used 51424K [0x0000000080000000, 0x0000000100000000)
  region size 1024K, 3 young (3072K), 3 survivors (3072K)
 Metaspace       used 77477K, committed 79168K, reserved 1179648K
  class space    used 10419K, committed 11264K, reserved 1048576K
}
Event: 26.454 GC heap before
{Heap before GC invocations=30 (full 0):
 garbage-first heap   total 83968K, used 73952K [0x0000000080000000, 0x0000000100000000)
  region size 1024K, 26 young (26624K), 3 survivors (3072K)
 Metaspace       used 81529K, committed 83328K, reserved 1179648K
  class space    used 10905K, committed 11776K, reserved 1048576K
}
Event: 26.460 GC heap after
{Heap after GC invocations=31 (full 0):
 garbage-first heap   total 83968K, used 52153K [0x0000000080000000, 0x0000000100000000)
  region size 1024K, 2 young (2048K), 2 survivors (2048K)
 Metaspace       used 81529K, committed 83328K, reserved 1179648K
  class space    used 10905K, committed 11776K, reserved 1048576K
}
Event: 26.973 GC heap before
{Heap before GC invocations=32 (full 0):
 garbage-first heap   total 87040K, used 75705K [0x0000000080000000, 0x0000000100000000)
  region size 1024K, 26 young (26624K), 2 survivors (2048K)
 Metaspace       used 85427K, committed 87296K, reserved 1179648K
  class space    used 11397K, committed 12352K, reserved 1048576K
}
Event: 26.979 GC heap after
{Heap after GC invocations=33 (full 0):
 garbage-first heap   total 87040K, used 52689K [0x0000000080000000, 0x0000000100000000)
  region size 1024K, 3 young (3072K), 3 survivors (3072K)
 Metaspace       used 85427K, committed 87296K, reserved 1179648K
  class space    used 11397K, committed 12352K, reserved 1048576K
}
Event: 27.784 GC heap before
{Heap before GC invocations=33 (full 0):
 garbage-first heap   total 87040K, used 78289K [0x0000000080000000, 0x0000000100000000)
  region size 1024K, 28 young (28672K), 3 survivors (3072K)
 Metaspace       used 89988K, committed 91840K, reserved 1179648K
  class space    used 12393K, committed 13312K, reserved 1048576K
}
Event: 27.791 GC heap after
{Heap after GC invocations=34 (full 0):
 garbage-first heap   total 87040K, used 53483K [0x0000000080000000, 0x0000000100000000)
  region size 1024K, 3 young (3072K), 3 survivors (3072K)
 Metaspace       used 89988K, committed 91840K, reserved 1179648K
  class space    used 12393K, committed 13312K, reserved 1048576K
}
Event: 27.923 GC heap before
{Heap before GC invocations=34 (full 0):
 garbage-first heap   total 87040K, used 60651K [0x0000000080000000, 0x0000000100000000)
  region size 1024K, 11 young (11264K), 3 survivors (3072K)
 Metaspace       used 90860K, committed 92672K, reserved 1179648K
  class space    used 12509K, committed 13440K, reserved 1048576K
}
Event: 27.927 GC heap after
{Heap after GC invocations=35 (full 0):
 garbage-first heap   total 87040K, used 53250K [0x0000000080000000, 0x0000000100000000)
  region size 1024K, 3 young (3072K), 3 survivors (3072K)
 Metaspace       used 90860K, committed 92672K, reserved 1179648K
  class space    used 12509K, committed 13440K, reserved 1048576K
}
Event: 28.344 GC heap before
{Heap before GC invocations=36 (full 0):
 garbage-first heap   total 102400K, used 84994K [0x0000000080000000, 0x0000000100000000)
  region size 1024K, 27 young (27648K), 3 survivors (3072K)
 Metaspace       used 91165K, committed 93056K, reserved 1179648K
  class space    used 12519K, committed 13440K, reserved 1048576K
}
Event: 28.357 GC heap after
{Heap after GC invocations=37 (full 0):
 garbage-first heap   total 122880K, used 66697K [0x0000000080000000, 0x0000000100000000)
  region size 1024K, 4 young (4096K), 4 survivors (4096K)
 Metaspace       used 91165K, committed 93056K, reserved 1179648K
  class space    used 12519K, committed 13440K, reserved 1048576K
}
Event: 28.737 GC heap before
{Heap before GC invocations=37 (full 0):
 garbage-first heap   total 122880K, used 110729K [0x0000000080000000, 0x0000000100000000)
  region size 1024K, 41 young (41984K), 4 survivors (4096K)
 Metaspace       used 91298K, committed 93184K, reserved 1179648K
  class space    used 12522K, committed 13440K, reserved 1048576K
}
Event: 28.765 GC heap after
{Heap after GC invocations=38 (full 0):
 garbage-first heap   total 130048K, used 77126K [0x0000000080000000, 0x0000000100000000)
  region size 1024K, 6 young (6144K), 6 survivors (6144K)
 Metaspace       used 91298K, committed 93184K, reserved 1179648K
  class space    used 12522K, committed 13440K, reserved 1048576K
}
Event: 28.902 GC heap before
{Heap before GC invocations=38 (full 0):
 garbage-first heap   total 130048K, used 86342K [0x0000000080000000, 0x0000000100000000)
  region size 1024K, 16 young (16384K), 6 survivors (6144K)
 Metaspace       used 91299K, committed 93184K, reserved 1179648K
  class space    used 12522K, committed 13440K, reserved 1048576K
}
Event: 28.921 GC heap after
{Heap after GC invocations=39 (full 0):
 garbage-first heap   total 130048K, used 77219K [0x0000000080000000, 0x0000000100000000)
  region size 1024K, 4 young (4096K), 4 survivors (4096K)
 Metaspace       used 91299K, committed 93184K, reserved 1179648K
  class space    used 12522K, committed 13440K, reserved 1048576K
}
Event: 29.294 GC heap before
{Heap before GC invocations=40 (full 0):
 garbage-first heap   total 135168K, used 109987K [0x0000000080000000, 0x0000000100000000)
  region size 1024K, 33 young (33792K), 4 survivors (4096K)
 Metaspace       used 91308K, committed 93248K, reserved 1179648K
  class space    used 12523K, committed 13440K, reserved 1048576K
}
Event: 29.308 GC heap after
{Heap after GC invocations=41 (full 0):
 garbage-first heap   total 135168K, used 83900K [0x0000000080000000, 0x0000000100000000)
  region size 1024K, 5 young (5120K), 5 survivors (5120K)
 Metaspace       used 91308K, committed 93248K, reserved 1179648K
  class space    used 12523K, committed 13440K, reserved 1048576K
}
Event: 30.117 GC heap before
{Heap before GC invocations=41 (full 0):
 garbage-first heap   total 135168K, used 113596K [0x0000000080000000, 0x0000000100000000)
  region size 1024K, 34 young (34816K), 5 survivors (5120K)
 Metaspace       used 95173K, committed 97024K, reserved 1179648K
  class space    used 12979K, committed 13888K, reserved 1048576K
}
Event: 30.127 GC heap after
{Heap after GC invocations=42 (full 0):
 garbage-first heap   total 135168K, used 86154K [0x0000000080000000, 0x0000000100000000)
  region size 1024K, 3 young (3072K), 3 survivors (3072K)
 Metaspace       used 95173K, committed 97024K, reserved 1179648K
  class space    used 12979K, committed 13888K, reserved 1048576K
}
Event: 30.151 GC heap before
{Heap before GC invocations=42 (full 0):
 garbage-first heap   total 135168K, used 86154K [0x0000000080000000, 0x0000000100000000)
  region size 1024K, 4 young (4096K), 3 survivors (3072K)
 Metaspace       used 95271K, committed 97088K, reserved 1179648K
  class space    used 12993K, committed 13888K, reserved 1048576K
}

Dll operation events (3 events):
Event: 0.019 Loaded shared library C:\Program Files\Android\Android Studio\jbr\bin\java.dll
Event: 0.041 Loaded shared library C:\Program Files\Android\Android Studio\jbr\bin\zip.dll
Event: 1.932 Loaded shared library C:\Program Files\Android\Android Studio\jbr\bin\verify.dll

Deoptimization events (20 events):
Event: 29.343 Thread 0x0000022399e23f10 Uncommon trap: trap_request=0xffffffbe fr.pc=0x0000022387f0b158 relative=0x00000000000002f8
Event: 29.343 Thread 0x0000022399e23f10 Uncommon trap: reason=profile_predicate action=maybe_recompile pc=0x0000022387f0b158 method=java.util.regex.Pattern$BnM.optimize(Ljava/util/regex/Pattern$Node;)Ljava/util/regex/Pattern$Node; @ 67 c2
Event: 29.343 Thread 0x0000022399e23f10 DEOPT PACKING pc=0x0000022387f0b158 sp=0x00000095140f4f70
Event: 29.343 Thread 0x0000022399e23f10 DEOPT UNPACKING pc=0x00000223875846a2 sp=0x00000095140f4f18 mode 2
Event: 29.344 Thread 0x0000022399e23f10 Uncommon trap: trap_request=0xffffff45 fr.pc=0x0000022387f094fc relative=0x0000000000000e7c
Event: 29.344 Thread 0x0000022399e23f10 Uncommon trap: reason=unstable_if action=reinterpret pc=0x0000022387f094fc method=java.util.regex.Pattern.atom()Ljava/util/regex/Pattern$Node; @ 14 c2
Event: 29.344 Thread 0x0000022399e23f10 DEOPT PACKING pc=0x0000022387f094fc sp=0x00000095140f4280
Event: 29.344 Thread 0x0000022399e23f10 DEOPT UNPACKING pc=0x00000223875846a2 sp=0x00000095140f4238 mode 2
Event: 29.345 Thread 0x0000022399e23f10 Uncommon trap: trap_request=0xffffff45 fr.pc=0x0000022387ba170c relative=0x00000000000006ac
Event: 29.345 Thread 0x0000022399e23f10 Uncommon trap: reason=unstable_if action=reinterpret pc=0x0000022387ba170c method=java.lang.String.replace(CC)Ljava/lang/String; @ 2 c2
Event: 29.345 Thread 0x0000022399e23f10 DEOPT PACKING pc=0x0000022387ba170c sp=0x00000095140f5ce0
Event: 29.345 Thread 0x0000022399e23f10 DEOPT UNPACKING pc=0x00000223875846a2 sp=0x00000095140f5ca0 mode 2
Event: 29.931 Thread 0x0000022399e23f10 Uncommon trap: trap_request=0xffffff45 fr.pc=0x0000022387d4078c relative=0x000000000000140c
Event: 29.931 Thread 0x0000022399e23f10 Uncommon trap: reason=unstable_if action=reinterpret pc=0x0000022387d4078c method=java.util.jar.JarFile.getVersionedEntry(Ljava/lang/String;Ljava/util/jar/JarEntry;)Ljava/util/jar/JarEntry; @ 26 c2
Event: 29.931 Thread 0x0000022399e23f10 DEOPT PACKING pc=0x0000022387d4078c sp=0x00000095140f5570
Event: 29.931 Thread 0x0000022399e23f10 DEOPT UNPACKING pc=0x00000223875846a2 sp=0x00000095140f5570 mode 2
Event: 29.937 Thread 0x0000022399e23f10 Uncommon trap: trap_request=0xffffff45 fr.pc=0x0000022387bdcbe4 relative=0x0000000000001224
Event: 29.937 Thread 0x0000022399e23f10 Uncommon trap: reason=unstable_if action=reinterpret pc=0x0000022387bdcbe4 method=java.util.concurrent.ConcurrentHashMap.putVal(Ljava/lang/Object;Ljava/lang/Object;Z)Ljava/lang/Object; @ 162 c2
Event: 29.938 Thread 0x0000022399e23f10 DEOPT PACKING pc=0x0000022387bdcbe4 sp=0x00000095140f4c30
Event: 29.938 Thread 0x0000022399e23f10 DEOPT UNPACKING pc=0x00000223875846a2 sp=0x00000095140f4bc8 mode 2

Classes loaded (20 events):
Event: 26.980 Loading class java/nio/channels/NonWritableChannelException
Event: 26.980 Loading class java/nio/channels/NonWritableChannelException done
Event: 27.162 Loading class java/nio/charset/IllegalCharsetNameException
Event: 27.162 Loading class java/nio/charset/IllegalCharsetNameException done
Event: 27.163 Loading class sun/nio/cs/UTF_32BE
Event: 27.163 Loading class sun/nio/cs/UTF_32BE done
Event: 27.163 Loading class sun/nio/cs/UTF_32LE
Event: 27.163 Loading class sun/nio/cs/UTF_32LE done
Event: 27.163 Loading class sun/nio/cs/MS1251
Event: 27.163 Loading class sun/nio/cs/MS1251 done
Event: 27.903 Loading class java/beans/PropertyChangeSupport
Event: 27.904 Loading class java/beans/PropertyChangeSupport done
Event: 27.904 Loading class java/beans/PropertyChangeSupport$PropertyChangeListenerMap
Event: 27.904 Loading class java/beans/ChangeListenerMap
Event: 27.904 Loading class java/beans/ChangeListenerMap done
Event: 27.904 Loading class java/beans/PropertyChangeSupport$PropertyChangeListenerMap done
Event: 27.964 Loading class java/util/zip/ZipFile$ZipEntryIterator
Event: 27.965 Loading class java/util/zip/ZipFile$ZipEntryIterator done
Event: 29.344 Loading class java/util/regex/Pattern$Bound
Event: 29.344 Loading class java/util/regex/Pattern$Bound done

Classes unloaded (0 events):
No events

Classes redefined (0 events):
No events

Internal exceptions (20 events):
Event: 26.184 Thread 0x0000022399e23f10 Exception <a 'java/lang/NoSuchMethodError'{0x000000008466f2f8}: 'void java.lang.invoke.DelegatingMethodHandle$Holder.reinvoke_L(java.lang.Object, java.lang.Object, java.lang.Object, long, java.lang.Object)'> (0x000000008466f2f8) 
thrown [s\src\hotspot\share\interpreter\linkResolver.cpp, line 784]
Event: 26.185 Thread 0x0000022399e23f10 Exception <a 'java/lang/NoSuchMethodError'{0x0000000084677550}: 'java.lang.Object java.lang.invoke.DirectMethodHandle$Holder.invokeSpecial(java.lang.Object, java.lang.Object, java.lang.Object, java.lang.Object, long)'> (0x0000000084677550) 
thrown [s\src\hotspot\share\interpreter\linkResolver.cpp, line 784]
Event: 26.186 Thread 0x0000022399e23f10 Exception <a 'java/lang/NoSuchMethodError'{0x00000000846871b0}: 'int java.lang.invoke.DelegatingMethodHandle$Holder.reinvoke_L(java.lang.Object, java.lang.Object, java.lang.Object, long, java.lang.Object, java.lang.Object)'> (0x00000000846871b0) 
thrown [s\src\hotspot\share\interpreter\linkResolver.cpp, line 784]
Event: 26.187 Thread 0x0000022399e23f10 Exception <a 'java/lang/NoSuchMethodError'{0x0000000084696470}: 'int java.lang.invoke.DelegatingMethodHandle$Holder.reinvoke_L(java.lang.Object, java.lang.Object, java.lang.Object, long, int, int)'> (0x0000000084696470) 
thrown [s\src\hotspot\share\interpreter\linkResolver.cpp, line 784]
Event: 26.189 Thread 0x0000022399e23f10 Exception <a 'java/lang/NoSuchMethodError'{0x00000000846a54e0}: 'int java.lang.invoke.DelegatingMethodHandle$Holder.reinvoke_L(java.lang.Object, java.lang.Object, java.lang.Object, long, long, long)'> (0x00000000846a54e0) 
thrown [s\src\hotspot\share\interpreter\linkResolver.cpp, line 784]
Event: 26.190 Thread 0x0000022399e23f10 Exception <a 'java/lang/NoSuchMethodError'{0x00000000846b4438}: 'int java.lang.invoke.DelegatingMethodHandle$Holder.reinvoke_L(java.lang.Object, java.lang.Object, java.lang.Object, long, int)'> (0x00000000846b4438) 
thrown [s\src\hotspot\share\interpreter\linkResolver.cpp, line 784]
Event: 26.192 Thread 0x0000022399e23f10 Exception <a 'java/lang/NoSuchMethodError'{0x00000000846ca9a8}: 'void java.lang.invoke.DelegatingMethodHandle$Holder.reinvoke_L(java.lang.Object, java.lang.Object, java.lang.Object, long, java.lang.Object, long, long)'> (0x00000000846ca9a8) 
thrown [s\src\hotspot\share\interpreter\linkResolver.cpp, line 784]
Event: 26.193 Thread 0x0000022399e23f10 Exception <a 'java/lang/NoSuchMethodError'{0x00000000846d28c8}: 'long java.lang.invoke.Invokers$Holder.invokeExact_MT(java.lang.Object, java.lang.Object, java.lang.Object)'> (0x00000000846d28c8) 
thrown [s\src\hotspot\share\interpreter\linkResolver.cpp, line 784]
Event: 26.193 Thread 0x0000022399e23f10 Exception <a 'java/lang/NoSuchMethodError'{0x00000000846d73b0}: 'int java.lang.invoke.Invokers$Holder.invokeExact_MT(java.lang.Object, java.lang.Object, java.lang.Object)'> (0x00000000846d73b0) 
thrown [s\src\hotspot\share\interpreter\linkResolver.cpp, line 784]
Event: 26.887 Thread 0x0000022399e23f10 Implicit null exception at 0x0000022387ee4744 to 0x0000022387ee48bc
Event: 26.920 Thread 0x0000022399e23f10 Exception <a 'java/lang/NoSuchMethodError'{0x0000000083fae280}: 'java.lang.Object java.lang.invoke.DirectMethodHandle$Holder.invokeStatic(java.lang.Object, java.lang.Object, java.lang.Object, java.lang.Object, int, java.lang.Object)'> (0x0000000083fae280) 
thrown [s\src\hotspot\share\interpreter\linkResolver.cpp, line 784]
Event: 26.945 Thread 0x0000022399e23f10 Implicit null exception at 0x0000022387c20811 to 0x0000022387c20ab0
Event: 26.945 Thread 0x0000022399e23f10 Exception <a 'java/lang/NoSuchMethodError'{0x0000000083eaa790}: 'int java.lang.invoke.DirectMethodHandle$Holder.invokeSpecial(java.lang.Object, java.lang.Object, java.lang.Object, int)'> (0x0000000083eaa790) 
thrown [s\src\hotspot\share\interpreter\linkResolver.cpp, line 784]
Event: 26.946 Thread 0x0000022399e23f10 Exception <a 'java/lang/NoSuchMethodError'{0x0000000083ebbf00}: 'java.lang.Object java.lang.invoke.DirectMethodHandle$Holder.invokeStatic(java.lang.Object, java.lang.Object, java.lang.Object, java.lang.Object, int)'> (0x0000000083ebbf00) 
thrown [s\src\hotspot\share\interpreter\linkResolver.cpp, line 784]
Event: 26.947 Thread 0x0000022399e23f10 Exception <a 'java/lang/NoSuchMethodError'{0x0000000083ec4898}: 'long java.lang.invoke.DirectMethodHandle$Holder.invokeStatic(java.lang.Object, java.lang.Object, int)'> (0x0000000083ec4898) 
thrown [s\src\hotspot\share\interpreter\linkResolver.cpp, line 784]
Event: 26.948 Thread 0x0000022399e23f10 Exception <a 'java/lang/NoSuchMethodError'{0x0000000083ed0ce8}: 'java.lang.Object java.lang.invoke.DelegatingMethodHandle$Holder.reinvoke_L(java.lang.Object, int, long, java.lang.Object, java.lang.Object, int, java.lang.Object)'> (0x0000000083ed0ce8) 
thrown [s\src\hotspot\share\interpreter\linkResolver.cpp, line 784]
Event: 27.826 Thread 0x0000022399e23f10 Exception <a 'java/lang/NoSuchMethodError'{0x0000000087e6cbe0}: 'java.lang.Object java.lang.invoke.Invokers$Holder.invokeExact_MT(java.lang.Object, java.lang.Object, long, java.lang.Object)'> (0x0000000087e6cbe0) 
thrown [s\src\hotspot\share\interpreter\linkResolver.cpp, line 784]
Event: 27.965 Thread 0x0000022399e23f10 Implicit null exception at 0x0000022387cc5bef to 0x0000022387cc67a8
Event: 28.463 Thread 0x0000022399e23f10 Implicit null exception at 0x0000022387f24800 to 0x0000022387f26af8
Event: 28.463 Thread 0x0000022399e23f10 Implicit null exception at 0x0000022387f21627 to 0x0000022387f21ce0

ZGC Phase Switch (0 events):
No events

VM Operations (20 events):
Event: 28.074 Executing VM operation: G1PauseRemark done
Event: 28.124 Executing VM operation: G1PauseCleanup
Event: 28.124 Executing VM operation: G1PauseCleanup done
Event: 28.344 Executing VM operation: G1CollectForAllocation (G1 Evacuation Pause)
Event: 28.357 Executing VM operation: G1CollectForAllocation (G1 Evacuation Pause) done
Event: 28.367 Executing VM operation: HandshakeAllThreads (Deoptimize)
Event: 28.367 Executing VM operation: HandshakeAllThreads (Deoptimize) done
Event: 28.737 Executing VM operation: G1CollectForAllocation (G1 Evacuation Pause)
Event: 28.765 Executing VM operation: G1CollectForAllocation (G1 Evacuation Pause) done
Event: 28.902 Executing VM operation: G1TryInitiateConcMark (G1 Humongous Allocation)
Event: 28.921 Executing VM operation: G1TryInitiateConcMark (G1 Humongous Allocation) done
Event: 29.132 Executing VM operation: G1PauseRemark
Event: 29.138 Executing VM operation: G1PauseRemark done
Event: 29.215 Executing VM operation: G1PauseCleanup
Event: 29.216 Executing VM operation: G1PauseCleanup done
Event: 29.294 Executing VM operation: G1CollectForAllocation (G1 Evacuation Pause)
Event: 29.308 Executing VM operation: G1CollectForAllocation (G1 Evacuation Pause) done
Event: 30.117 Executing VM operation: G1CollectForAllocation (G1 Evacuation Pause)
Event: 30.127 Executing VM operation: G1CollectForAllocation (G1 Evacuation Pause) done
Event: 30.151 Executing VM operation: G1TryInitiateConcMark (G1 Humongous Allocation)

Memory protections (0 events):
No events

Nmethod flushes (20 events):
Event: 29.137 Thread 0x00000223937fe4c0 flushing  nmethod 0x0000022380033590
Event: 29.137 Thread 0x00000223937fe4c0 flushing  nmethod 0x00000223800ae410
Event: 29.137 Thread 0x00000223937fe4c0 flushing  nmethod 0x00000223800b0c90
Event: 29.137 Thread 0x00000223937fe4c0 flushing  nmethod 0x00000223805bab10
Event: 29.137 Thread 0x00000223937fe4c0 flushing  nmethod 0x000002238067c810
Event: 29.137 Thread 0x00000223937fe4c0 flushing  nmethod 0x00000223808f6310
Event: 29.137 Thread 0x00000223937fe4c0 flushing  nmethod 0x000002238096aa10
Event: 29.137 Thread 0x00000223937fe4c0 flushing  nmethod 0x0000022387c20510
Event: 29.137 Thread 0x00000223937fe4c0 flushing  nmethod 0x0000022387caf510
Event: 29.137 Thread 0x00000223937fe4c0 flushing  nmethod 0x0000022387efa690
Event: 29.137 Thread 0x00000223937fe4c0 flushing  nmethod 0x00000223800b8090
Event: 29.137 Thread 0x00000223937fe4c0 flushing  nmethod 0x0000022380273e90
Event: 29.137 Thread 0x00000223937fe4c0 flushing  nmethod 0x0000022380399310
Event: 29.137 Thread 0x00000223937fe4c0 flushing  nmethod 0x000002238042df10
Event: 29.137 Thread 0x00000223937fe4c0 flushing  nmethod 0x00000223806f5990
Event: 29.137 Thread 0x00000223937fe4c0 flushing  nmethod 0x0000022380824f90
Event: 29.137 Thread 0x00000223937fe4c0 flushing  nmethod 0x0000022387e2b690
Event: 29.137 Thread 0x00000223937fe4c0 flushing  nmethod 0x0000022387ee4590
Event: 29.137 Thread 0x00000223937fe4c0 flushing  nmethod 0x0000022380057210
Event: 29.137 Thread 0x00000223937fe4c0 flushing  nmethod 0x0000022380450b90

Events (20 events):
Event: 18.438 Thread 0x000002239e00e4e0 Thread exited: 0x000002239e00e4e0
Event: 18.664 Thread 0x0000022393a176c0 Thread added: 0x000002239d4ad530
Event: 20.281 Thread 0x000002239d4ad530 Thread exited: 0x000002239d4ad530
Event: 20.348 Thread 0x0000022393a176c0 Thread added: 0x0000022398a32fd0
Event: 20.455 Thread 0x0000022398a32fd0 Thread exited: 0x0000022398a32fd0
Event: 20.509 Thread 0x0000022393a176c0 Thread added: 0x0000022398a32fd0
Event: 21.417 Thread 0x0000022399e23f10 Thread added: 0x000002239b3dfeb0
Event: 21.417 Thread 0x0000022399e23f10 Thread added: 0x000002239b3e0540
Event: 21.418 Thread 0x0000022399e23f10 Thread added: 0x000002239b3e1260
Event: 21.649 Thread 0x0000022399e23f10 Thread added: 0x000002239b3e18f0
Event: 21.650 Thread 0x0000022399e23f10 Thread added: 0x000002239b3e1f80
Event: 21.653 Thread 0x0000022399e23f10 Thread added: 0x000002239b3e2610
Event: 22.588 Thread 0x0000022399e23f10 Thread added: 0x000002239b3e39c0
Event: 22.589 Thread 0x0000022399e23f10 Thread added: 0x000002239cda41c0
Event: 22.590 Thread 0x0000022399e23f10 Thread added: 0x000002239cd9ec70
Event: 25.067 Thread 0x0000022398a32fd0 Thread exited: 0x0000022398a32fd0
Event: 25.390 Thread 0x0000022393a13730 Thread added: 0x000002239d0885e0
Event: 25.780 Thread 0x000002239d0885e0 Thread exited: 0x000002239d0885e0
Event: 27.866 Thread 0x0000022393a176c0 Thread added: 0x000002239a324430
Event: 29.490 Thread 0x000002239a324430 Thread exited: 0x000002239a324430


Dynamic libraries:
0x00007ff774840000 - 0x00007ff77484a000 	C:\Program Files\Android\Android Studio\jbr\bin\java.exe
0x00007ffe0fdd0000 - 0x00007ffe0ffc8000 	C:\WINDOWS\SYSTEM32\ntdll.dll
0x00007ffe0fc60000 - 0x00007ffe0fd22000 	C:\WINDOWS\System32\KERNEL32.DLL
0x00007ffe0d980000 - 0x00007ffe0dc76000 	C:\WINDOWS\System32\KERNELBASE.dll
0x00007ffe0d880000 - 0x00007ffe0d980000 	C:\WINDOWS\System32\ucrtbase.dll
0x00007ffdfc050000 - 0x00007ffdfc06b000 	C:\Program Files\Android\Android Studio\jbr\bin\VCRUNTIME140.dll
0x00007ffdef3e0000 - 0x00007ffdef3f8000 	C:\Program Files\Android\Android Studio\jbr\bin\jli.dll
0x00007ffe0e810000 - 0x00007ffe0e9ad000 	C:\WINDOWS\System32\USER32.dll
0x00007ffe0d730000 - 0x00007ffe0d752000 	C:\WINDOWS\System32\win32u.dll
0x00007ffe0f660000 - 0x00007ffe0f68b000 	C:\WINDOWS\System32\GDI32.dll
0x00007ffe0d760000 - 0x00007ffe0d879000 	C:\WINDOWS\System32\gdi32full.dll
0x00007ffe0d4e0000 - 0x00007ffe0d57d000 	C:\WINDOWS\System32\msvcp_win.dll
0x00007ffdff260000 - 0x00007ffdff4fa000 	C:\WINDOWS\WinSxS\amd64_microsoft.windows.common-controls_6595b64144ccf1df_6.0.19041.5915_none_60b4b9d171f9c7c7\COMCTL32.dll
0x00007ffe0e6c0000 - 0x00007ffe0e75e000 	C:\WINDOWS\System32\msvcrt.dll
0x00007ffe0f220000 - 0x00007ffe0f24f000 	C:\WINDOWS\System32\IMM32.DLL
0x00007ffe02120000 - 0x00007ffe0212c000 	C:\Program Files\Android\Android Studio\jbr\bin\vcruntime140_1.dll
0x00007ffddab00000 - 0x00007ffddab8d000 	C:\Program Files\Android\Android Studio\jbr\bin\msvcp140.dll
0x00007ffda14b0000 - 0x00007ffda213b000 	C:\Program Files\Android\Android Studio\jbr\bin\server\jvm.dll
0x00007ffe0ddf0000 - 0x00007ffe0dea1000 	C:\WINDOWS\System32\ADVAPI32.dll
0x00007ffe0e620000 - 0x00007ffe0e6bf000 	C:\WINDOWS\System32\sechost.dll
0x00007ffe0e9b0000 - 0x00007ffe0ead3000 	C:\WINDOWS\System32\RPCRT4.dll
0x00007ffe0ddc0000 - 0x00007ffe0dde7000 	C:\WINDOWS\System32\bcrypt.dll
0x00007ffe0f990000 - 0x00007ffe0f9fb000 	C:\WINDOWS\System32\WS2_32.dll
0x00007ffe0d2c0000 - 0x00007ffe0d30b000 	C:\WINDOWS\SYSTEM32\POWRPROF.dll
0x00007ffdfd600000 - 0x00007ffdfd627000 	C:\WINDOWS\SYSTEM32\WINMM.dll
0x00007ffe03900000 - 0x00007ffe0390a000 	C:\WINDOWS\SYSTEM32\VERSION.dll
0x00007ffe0d2a0000 - 0x00007ffe0d2b2000 	C:\WINDOWS\SYSTEM32\UMPDC.dll
0x00007ffe0bc80000 - 0x00007ffe0bc92000 	C:\WINDOWS\SYSTEM32\kernel.appcore.dll
0x00007ffe01520000 - 0x00007ffe0152a000 	C:\Program Files\Android\Android Studio\jbr\bin\jimage.dll
0x00007ffe0b290000 - 0x00007ffe0b491000 	C:\WINDOWS\SYSTEM32\DBGHELP.DLL
0x00007ffe01620000 - 0x00007ffe01654000 	C:\WINDOWS\SYSTEM32\dbgcore.DLL
0x00007ffe0dd30000 - 0x00007ffe0ddb2000 	C:\WINDOWS\System32\bcryptPrimitives.dll
0x00007ffdf50b0000 - 0x00007ffdf50be000 	C:\Program Files\Android\Android Studio\jbr\bin\instrument.dll
0x00007ffdfbfe0000 - 0x00007ffdfc000000 	C:\Program Files\Android\Android Studio\jbr\bin\java.dll
0x00007ffdf51d0000 - 0x00007ffdf51e8000 	C:\Program Files\Android\Android Studio\jbr\bin\zip.dll
0x00007ffe0deb0000 - 0x00007ffe0e61e000 	C:\WINDOWS\System32\SHELL32.dll
0x00007ffe0b4c0000 - 0x00007ffe0bc64000 	C:\WINDOWS\SYSTEM32\windows.storage.dll
0x00007ffe0f2e0000 - 0x00007ffe0f633000 	C:\WINDOWS\System32\combase.dll
0x00007ffe0ce20000 - 0x00007ffe0ce4b000 	C:\WINDOWS\SYSTEM32\Wldp.dll
0x00007ffe0f780000 - 0x00007ffe0f84d000 	C:\WINDOWS\System32\OLEAUT32.dll
0x00007ffe0e760000 - 0x00007ffe0e80d000 	C:\WINDOWS\System32\SHCORE.dll
0x00007ffe0f690000 - 0x00007ffe0f6eb000 	C:\WINDOWS\System32\shlwapi.dll
0x00007ffe0d390000 - 0x00007ffe0d3b5000 	C:\WINDOWS\SYSTEM32\profapi.dll
0x00007ffe00e00000 - 0x00007ffe00e10000 	C:\Program Files\Android\Android Studio\jbr\bin\net.dll
0x00007ffe01c00000 - 0x00007ffe01d0a000 	C:\WINDOWS\SYSTEM32\WINHTTP.dll
0x00007ffe0cb80000 - 0x00007ffe0cbea000 	C:\WINDOWS\system32\mswsock.dll
0x00007ffdf50c0000 - 0x00007ffdf50d6000 	C:\Program Files\Android\Android Studio\jbr\bin\nio.dll
0x00007ffdffe10000 - 0x00007ffdffe20000 	C:\Program Files\Android\Android Studio\jbr\bin\verify.dll
0x00007ffdefe60000 - 0x00007ffdefe87000 	C:\Users\user\.gradle\native\1def1411415f61bf3af743bc5b6707747c0891f09f0c88961ee8f79bc544acac\windows-amd64\native-platform.dll
0x00007ffdda920000 - 0x00007ffdda998000 	C:\Users\user\.gradle\native\0.2.7\x86_64-windows-gnu\gradle-fileevents.dll
0x00007ffdfff70000 - 0x00007ffdfff79000 	C:\Program Files\Android\Android Studio\jbr\bin\management.dll
0x00007ffdffe90000 - 0x00007ffdffe9b000 	C:\Program Files\Android\Android Studio\jbr\bin\management_ext.dll
0x00007ffe0f640000 - 0x00007ffe0f648000 	C:\WINDOWS\System32\PSAPI.DLL
0x00007ffe0c860000 - 0x00007ffe0c89b000 	C:\WINDOWS\SYSTEM32\IPHLPAPI.DLL
0x00007ffe0f2d0000 - 0x00007ffe0f2d8000 	C:\WINDOWS\System32\NSI.dll
0x00007ffe00d40000 - 0x00007ffe00d49000 	C:\Program Files\Android\Android Studio\jbr\bin\extnet.dll
0x00007ffe0cd70000 - 0x00007ffe0cd88000 	C:\WINDOWS\SYSTEM32\CRYPTSP.dll
0x00007ffe0c4a0000 - 0x00007ffe0c4d8000 	C:\WINDOWS\system32\rsaenh.dll
0x00007ffe0d310000 - 0x00007ffe0d33e000 	C:\WINDOWS\SYSTEM32\USERENV.dll
0x00007ffe0cd90000 - 0x00007ffe0cd9c000 	C:\WINDOWS\SYSTEM32\CRYPTBASE.dll
0x00007ffe021f0000 - 0x00007ffe021f7000 	C:\WINDOWS\system32\wshunix.dll
0x00007ffe0c8a0000 - 0x00007ffe0c96a000 	C:\WINDOWS\SYSTEM32\DNSAPI.dll
0x00007ffe04610000 - 0x00007ffe0461a000 	C:\Windows\System32\rasadhlp.dll
0x00007ffe04620000 - 0x00007ffe046a0000 	C:\WINDOWS\System32\fwpuclnt.dll

dbghelp: loaded successfully - version: 4.0.5 - missing functions: none
symbol engine: initialized successfully - sym options: 0x614 - pdb path: .;C:\Program Files\Android\Android Studio\jbr\bin;C:\WINDOWS\SYSTEM32;C:\WINDOWS\WinSxS\amd64_microsoft.windows.common-controls_6595b64144ccf1df_6.0.19041.5915_none_60b4b9d171f9c7c7;C:\Program Files\Android\Android Studio\jbr\bin\server;C:\Users\user\.gradle\native\1def1411415f61bf3af743bc5b6707747c0891f09f0c88961ee8f79bc544acac\windows-amd64;C:\Users\user\.gradle\native\0.2.7\x86_64-windows-gnu

VM Arguments:
jvm_args: --add-opens=java.base/java.lang=ALL-UNNAMED --add-opens=java.base/java.lang.invoke=ALL-UNNAMED --add-opens=java.base/java.util=ALL-UNNAMED --add-opens=java.prefs/java.util.prefs=ALL-UNNAMED --add-exports=jdk.compiler/com.sun.tools.javac.api=ALL-UNNAMED --add-exports=jdk.compiler/com.sun.tools.javac.util=ALL-UNNAMED --add-opens=java.base/java.util=ALL-UNNAMED --add-opens=java.prefs/java.util.prefs=ALL-UNNAMED --add-opens=java.base/java.nio.charset=ALL-UNNAMED --add-opens=java.base/java.net=ALL-UNNAMED --add-opens=java.base/java.util.concurrent.atomic=ALL-UNNAMED --add-opens=java.xml/javax.xml.namespace=ALL-UNNAMED -Xmx2048m -Dfile.encoding=UTF-8 -Duser.country=US -Duser.language=en -Duser.variant -javaagent:C:\Users\user\.gradle\wrapper\dists\gradle-8.13-bin\5xuhj0ry160q40clulazy9h7d\gradle-8.13\lib\agents\gradle-instrumentation-agent-8.13.jar 
java_command: org.gradle.launcher.daemon.bootstrap.GradleDaemon 8.13
java_class_path (initial): C:\Users\user\.gradle\wrapper\dists\gradle-8.13-bin\5xuhj0ry160q40clulazy9h7d\gradle-8.13\lib\gradle-daemon-main-8.13.jar
Launcher Type: SUN_STANDARD

[Global flags]
     intx CICompilerCount                          = 3                                         {product} {ergonomic}
     uint ConcGCThreads                            = 1                                         {product} {ergonomic}
     uint G1ConcRefinementThreads                  = 4                                         {product} {ergonomic}
   size_t G1HeapRegionSize                         = 1048576                                   {product} {ergonomic}
    uintx GCDrainStackTargetSize                   = 64                                        {product} {ergonomic}
   size_t InitialHeapSize                          = 134217728                                 {product} {ergonomic}
   size_t MarkStackSize                            = 4194304                                   {product} {ergonomic}
   size_t MaxHeapSize                              = 2147483648                                {product} {command line}
   size_t MaxNewSize                               = 1287651328                                {product} {ergonomic}
   size_t MinHeapDeltaBytes                        = 1048576                                   {product} {ergonomic}
   size_t MinHeapSize                              = 8388608                                   {product} {ergonomic}
    uintx NonNMethodCodeHeapSize                   = 5832780                                {pd product} {ergonomic}
    uintx NonProfiledCodeHeapSize                  = 122912730                              {pd product} {ergonomic}
    uintx ProfiledCodeHeapSize                     = 122912730                              {pd product} {ergonomic}
    uintx ReservedCodeCacheSize                    = 251658240                              {pd product} {ergonomic}
     bool SegmentedCodeCache                       = true                                      {product} {ergonomic}
   size_t SoftMaxHeapSize                          = 2147483648                             {manageable} {ergonomic}
     bool UseCompressedOops                        = true                           {product lp64_product} {ergonomic}
     bool UseG1GC                                  = true                                      {product} {ergonomic}
     bool UseLargePagesIndividualAllocation        = false                                  {pd product} {ergonomic}

Logging:
Log output configuration:
 #0: stdout all=warning uptime,level,tags foldmultilines=false
 #1: stderr all=off uptime,level,tags foldmultilines=false

Environment Variables:
PATH=C:\Program Files\Common Files\Oracle\Java\javapath;C:\WINDOWS\system32;C:\WINDOWS;C:\WINDOWS\System32\Wbem;C:\WINDOWS\System32\WindowsPowerShell\v1.0\;C:\WINDOWS\System32\OpenSSH\;C:\Program Files\Microsoft SQL Server\Client SDK\ODBC\170\Tools\Binn\;C:\Program Files (x86)\Microsoft SQL Server\150\Tools\Binn\;C:\Program Files\Microsoft SQL Server\150\Tools\Binn\;C:\Program Files\Microsoft SQL Server\150\DTS\Binn\;C:\Program Files (x86)\Microsoft SQL Server\150\DTS\Binn\;C:\Program Files\Azure Data Studio\bin;C:\Program Files\Git\cmd;C:\Program Files\nodejs\;C:\Program Files\dotnet\;C:\Android;C:\Windows\System32;C:\Program Files\MySQL\MySQL Server 8.0\bin;C:\Program Files\MySQL\MySQL Shell 8.0\bin\;C:\Users\user\AppData\Local\Programs\Python\Python313\Scripts\;C:\Users\user\AppData\Local\Programs\Python\Python313\;C:\Users\user\dev\flutter\bin;C:\Users\user\AppData\Local\Programs\Microsoft VS Code\bin;C:\Program Files\JetBrains\PyCharm 2024.2.3\bin;;C:\Program Files\JetBrains\PyCharm Community Edition 2025.1.1.1\bin;;C:\Users\user\AppData\Local\GitHubDesktop\bin
USERNAME=user
OS=Windows_NT
PROCESSOR_IDENTIFIER=Intel64 Family 6 Model 78 Stepping 3, GenuineIntel
TMP=C:\Users\user\AppData\Local\Temp
TEMP=C:\Users\user\AppData\Local\Temp




Periodic native trim disabled

JNI global refs:
JNI global refs: 26, weak refs: 0

JNI global refs memory usage: 835, weak refs: 833

Process memory usage:
Resident Set Size: 368904K (4% of 8265384K total physical memory with 359532K free physical memory)

OOME stack traces (most recent first):
Classloader memory used:
Loader org.gradle.internal.classloader.VisitableURLClassLoader                         : 55571K
Loader bootstrap                                                                       : 28505K
Loader org.gradle.initialization.MixInLegacyTypesClassLoader                           : 9593K
Loader jdk.internal.loader.ClassLoaders$PlatformClassLoader                            : 780K
Loader jdk.internal.jrtfs.JrtFileSystemProvider$JrtFsLoader                            : 317K
Loader jdk.internal.loader.ClassLoaders$AppClassLoader                                 : 236K
Loader org.gradle.internal.classloader.VisitableURLClassLoader                         : 150K
Loader jdk.internal.reflect.DelegatingClassLoader                                      : 116K

Classes loaded by more than one classloader:
Class Program                                                                         : loaded 4 times (x 70B)
Class jdk.internal.jimage.BasicImageReader                                            : loaded 2 times (x 91B)
Class org.gradle.internal.classloader.ClassLoaderHierarchy                            : loaded 2 times (x 66B)
Class org.gradle.api.internal.classpath.ManifestUtil                                  : loaded 2 times (x 67B)
Class jdk.internal.jimage.decompressor.StringSharingDecompressorFactory               : loaded 2 times (x 70B)
Class org.gradle.internal.classloader.DefaultClassLoaderFactory                       : loaded 2 times (x 78B)
Class org.gradle.internal.classloader.ClassLoaderVisitor                              : loaded 2 times (x 72B)
Class org.gradle.api.internal.classpath.EffectiveClassPath                            : loaded 2 times (x 86B)
Class org.gradle.api.internal.DefaultClassPathProvider                                : loaded 2 times (x 72B)
Class [Lorg.gradle.api.internal.ClassPathProvider;                                    : loaded 2 times (x 65B)
Class org.gradle.api.internal.ClassPathProvider                                       : loaded 2 times (x 66B)
Class jdk.internal.jrtfs.SystemImage                                                  : loaded 2 times (x 70B)
Class org.gradle.internal.service.UnknownServiceException                             : loaded 2 times (x 79B)
Class org.gradle.internal.classpath.TransformedClassPath                              : loaded 2 times (x 92B)
Class org.gradle.internal.classloader.InstrumentingClassLoader                        : loaded 2 times (x 66B)
Class jdk.internal.jrtfs.SystemImage$1                                                : loaded 2 times (x 74B)
Class jdk.internal.jrtfs.SystemImage$2                                                : loaded 2 times (x 72B)
Class org.gradle.internal.service.ServiceLocator                                      : loaded 2 times (x 66B)
Class jdk.internal.jrtfs.JrtFileSystemProvider                                        : loaded 2 times (x 97B)
Class jdk.internal.jimage.ImageLocation                                               : loaded 2 times (x 86B)
Class jdk.internal.jrtfs.JrtDirectoryStream$1                                         : loaded 2 times (x 79B)
Class org.gradle.internal.InternalTransformer                                         : loaded 2 times (x 66B)
Class jdk.internal.jimage.ImageBufferCache$1                                          : loaded 2 times (x 79B)
Class org.gradle.internal.classloader.ClasspathUtil$1                                 : loaded 2 times (x 72B)
Class jdk.internal.jimage.ImageBufferCache$2                                          : loaded 2 times (x 87B)
Class org.gradle.api.internal.classpath.DefaultModuleRegistry$DefaultModule           : loaded 2 times (x 82B)
Class org.gradle.api.internal.classpath.Module                                        : loaded 2 times (x 66B)
Class org.gradle.api.internal.classpath.UnknownModuleException                        : loaded 2 times (x 78B)
Class jdk.internal.jimage.ImageHeader                                                 : loaded 2 times (x 67B)
Class org.gradle.api.internal.DefaultClassPathRegistry                                : loaded 2 times (x 72B)
Class org.gradle.api.internal.ClassPathRegistry                                       : loaded 2 times (x 66B)
Class org.gradle.internal.classpath.DefaultClassPath$ImmutableUniqueList              : loaded 2 times (x 195B)
Class jdk.internal.jimage.decompressor.ResourceDecompressor                           : loaded 2 times (x 66B)
Class org.gradle.internal.classloader.FilteringClassLoader                            : loaded 2 times (x 101B)
Class Settings_gradle$1                                                               : loaded 2 times (x 70B)
Class org.gradle.internal.classpath.ClassPath                                         : loaded 2 times (x 66B)
Class org.gradle.api.UncheckedIOException                                             : loaded 2 times (x 78B)
Class jdk.internal.jimage.ImageStringsReader                                          : loaded 2 times (x 76B)
Class jdk.internal.jimage.ImageReader                                                 : loaded 2 times (x 71B)
Class jdk.internal.jimage.ImageReader$SharedImageReader                               : loaded 2 times (x 91B)
Class org.gradle.internal.installation.GradleInstallation$1                           : loaded 2 times (x 71B)
Class org.gradle.api.internal.classpath.ModuleRegistry                                : loaded 2 times (x 66B)
Class jdk.internal.jimage.decompressor.ResourceDecompressorFactory                    : loaded 2 times (x 70B)
Class jdk.internal.jimage.ImageReader$Node                                            : loaded 2 times (x 80B)
Class org.gradle.api.internal.classpath.DefaultModuleRegistry                         : loaded 2 times (x 82B)
Class jdk.internal.jimage.BasicImageReader$1                                          : loaded 2 times (x 73B)
Class jdk.internal.jimage.decompressor.Decompressor                                   : loaded 2 times (x 68B)
Class jdk.internal.jimage.ImageReader$Resource                                        : loaded 2 times (x 80B)
Class org.gradle.internal.service.ServiceLookupException                              : loaded 2 times (x 78B)
Class jdk.internal.jrtfs.JrtFileAttributes                                            : loaded 2 times (x 79B)
Class org.gradle.internal.classloader.ClassLoaderFactory                              : loaded 2 times (x 66B)
Class org.gradle.internal.service.CachingServiceLocator                               : loaded 2 times (x 78B)
Class jdk.internal.jimage.ImageBufferCache                                            : loaded 2 times (x 67B)
Class jdk.internal.jrtfs.JrtPath                                                      : loaded 2 times (x 114B)
Class org.gradle.internal.classloader.ClasspathUtil                                   : loaded 2 times (x 67B)
Class org.gradle.api.specs.Spec                                                       : loaded 2 times (x 66B)
Class jdk.internal.jimage.ImageReader$SharedImageReader$LocationVisitor               : loaded 2 times (x 66B)
Class jdk.internal.jimage.decompressor.ResourceDecompressorRepository                 : loaded 2 times (x 67B)
Class jdk.internal.jimage.ImageReader$Directory                                       : loaded 2 times (x 80B)
Class org.gradle.internal.classloader.VisitableURLClassLoader$InstrumentingVisitableURLClassLoader: loaded 2 times (x 119B)
Class org.gradle.internal.classloader.VisitableURLClassLoader$Spec                    : loaded 2 times (x 70B)
Class org.gradle.internal.classpath.DefaultClassPath                                  : loaded 2 times (x 86B)
Class jdk.internal.jimage.decompressor.ZipDecompressorFactory                         : loaded 2 times (x 70B)
Class org.gradle.internal.classloader.ClassLoaderSpec                                 : loaded 2 times (x 67B)
Class Settings_gradle$1$1                                                             : loaded 2 times (x 70B)
Class org.gradle.internal.classloader.VisitableURLClassLoader                         : loaded 2 times (x 113B)
Class Settings_gradle                                                                 : loaded 2 times (x 124B)
Class org.gradle.internal.Cast                                                        : loaded 2 times (x 67B)
Class org.gradle.api.Action                                                           : loaded 2 times (x 66B)
Class jdk.internal.jimage.decompressor.ZipDecompressor                                : loaded 2 times (x 71B)
Class org.gradle.internal.classpath.DefaultClassPath$ImmutableUniqueList$Builder      : loaded 2 times (x 71B)
Class org.gradle.api.GradleException                                                  : loaded 2 times (x 78B)
Class jdk.internal.jimage.ImageStrings                                                : loaded 2 times (x 66B)
Class org.gradle.internal.IoActions                                                   : loaded 2 times (x 67B)
Class org.gradle.internal.classloader.SystemClassLoaderSpec                           : loaded 2 times (x 67B)
Class jdk.internal.jrtfs.JrtFileSystem                                                : loaded 2 times (x 98B)
Class jdk.internal.jimage.decompressor.CompressedResourceHeader                       : loaded 2 times (x 67B)
Class org.gradle.api.internal.classpath.GlobalCacheRootsProvider                      : loaded 2 times (x 66B)
Class org.gradle.internal.installation.CurrentGradleInstallationLocator               : loaded 2 times (x 67B)
Class org.gradle.internal.service.DefaultServiceLocator                               : loaded 2 times (x 79B)
Class jdk.internal.jrtfs.JrtDirectoryStream                                           : loaded 2 times (x 85B)
Class org.gradle.internal.installation.CurrentGradleInstallation                      : loaded 2 times (x 69B)
Class org.gradle.util.internal.GUtil                                                  : loaded 2 times (x 67B)
Class org.gradle.internal.installation.GradleInstallation                             : loaded 2 times (x 71B)
Class jdk.internal.jimage.decompressor.ResourceDecompressor$StringsProvider           : loaded 2 times (x 66B)

---------------  S Y S T E M  ---------------

OS:
 Windows 10 , 64 bit Build 19041 (10.0.19041.5915)
OS uptime: 40 days 9:19 hours

CPU: total 4 (initial active 4) (2 cores per cpu, 2 threads per core) family 6 model 78 stepping 3 microcode 0xf0, cx8, cmov, fxsr, ht, mmx, 3dnowpref, sse, sse2, sse3, ssse3, sse4.1, sse4.2, popcnt, lzcnt, tsc, tscinvbit, avx, avx2, aes, erms, clmul, bmi1, bmi2, rtm, adx, fma, vzeroupper, clflush, clflushopt, rdtscp, f16c
Processor Information for the first 4 processors :
  Max Mhz: 2496, Current Mhz: 2396, Mhz Limit: 2396

Memory: 4k page, system-wide physical 8071M (373M free)
TotalPageFile size 11071M (AvailPageFile size 93M)
current process WorkingSet (physical memory assigned to process): 360M, peak: 360M
current process commit charge ("private bytes"): 388M, peak: 490M

vm_info: OpenJDK 64-Bit Server VM (21.0.6+-13391695-b895.109) for windows-amd64 JRE (21.0.6+-13391695-b895.109), built on 2025-04-22T21:19:17Z by "builder" with MS VC++ 16.10 / 16.11 (VS2019)

END.
