#
# There is insufficient memory for the Java Runtime Environment to continue.
# Native memory allocation (malloc) failed to allocate 1297936 bytes for Chunk::new
# Possible reasons:
#   The system is out of physical RAM or swap space
#   The process is running with CompressedOops enabled, and the Java Heap may be blocking the growth of the native heap
# Possible solutions:
#   Reduce memory load on the system
#   Increase physical memory or swap space
#   Check if swap backing store is full
#   Decrease Java heap size (-Xmx/-Xms)
#   Decrease number of Java threads
#   Decrease Java thread stack sizes (-Xss)
#   Set larger code cache with -XX:ReservedCodeCacheSize=
#   JVM is running with Unscaled Compressed Oops mode in which the Java heap is
#     placed in the first 4GB address space. The Java Heap base address is the
#     maximum limit for the native heap growth. Please use -XX:HeapBaseMinAddress
#     to set the Java Heap base and to place the Java Heap above 4GB virtual address.
# This output file may be truncated or incomplete.
#
#  Out of Memory Error (arena.cpp:189), pid=10144, tid=4544
#
# JRE version: Java(TM) SE Runtime Environment (17.0.12+8) (build 17.0.12+8-LTS-286)
# Java VM: Java HotSpot(TM) 64-Bit Server VM (17.0.12+8-LTS-286, mixed mode, sharing, tiered, compressed oops, compressed class ptrs, g1 gc, windows-amd64)
# No core dump will be written. Minidumps are not enabled by default on client versions of Windows
#

---------------  S U M M A R Y ------------

Command Line: --add-opens=java.base/java.lang=ALL-UNNAMED --add-opens=java.base/java.lang.invoke=ALL-UNNAMED --add-opens=java.base/java.util=ALL-UNNAMED --add-opens=java.prefs/java.util.prefs=ALL-UNNAMED --add-exports=jdk.compiler/com.sun.tools.javac.api=ALL-UNNAMED --add-exports=jdk.compiler/com.sun.tools.javac.util=ALL-UNNAMED --add-opens=java.base/java.util=ALL-UNNAMED --add-opens=java.prefs/java.util.prefs=ALL-UNNAMED --add-opens=java.base/java.nio.charset=ALL-UNNAMED --add-opens=java.base/java.net=ALL-UNNAMED --add-opens=java.base/java.util.concurrent.atomic=ALL-UNNAMED --add-opens=java.xml/javax.xml.namespace=ALL-UNNAMED -Xmx2048m -Dfile.encoding=UTF-8 -Duser.country=US -Duser.language=en -Duser.variant -javaagent:C:\Users\user\.gradle\wrapper\dists\gradle-8.13-bin\5xuhj0ry160q40clulazy9h7d\gradle-8.13\lib\agents\gradle-instrumentation-agent-8.13.jar org.gradle.launcher.daemon.bootstrap.GradleDaemon 8.13

Host: Intel(R) Core(TM) i5-6300U CPU @ 2.40GHz, 4 cores, 7G,  Windows 10 , 64 bit Build 19041 (10.0.19041.5915)
Time: Fri Aug  1 00:42:39 2025 Central Europe Daylight Time elapsed time: 35.501627 seconds (0d 0h 0m 35s)

---------------  T H R E A D  ---------------

Current thread (0x000001f49ac609a0):  JavaThread "C2 CompilerThread1" daemon [_thread_in_native, id=4544, stack(0x0000000ed6a00000,0x0000000ed6b00000)]


Current CompileTask:
C2:  35501 14065       4       java.lang.Class::annotationData (44 bytes)

Stack: [0x0000000ed6a00000,0x0000000ed6b00000]
Native frames: (J=compiled Java code, j=interpreted, Vv=VM code, C=native code)
V  [jvm.dll+0x67a04a]
V  [jvm.dll+0x7da4ed]
V  [jvm.dll+0x7dbe33]
V  [jvm.dll+0x7dc4a3]
V  [jvm.dll+0x24508f]
V  [jvm.dll+0xab773]
V  [jvm.dll+0xabd3c]
V  [jvm.dll+0x361b9f]
V  [jvm.dll+0x1ba45a]
V  [jvm.dll+0x216997]
V  [jvm.dll+0x215c6f]
V  [jvm.dll+0x1a2960]
V  [jvm.dll+0x22610b]
V  [jvm.dll+0x2242ab]
V  [jvm.dll+0x79075c]
V  [jvm.dll+0x78abea]
V  [jvm.dll+0x678f35]
C  [ucrtbase.dll+0x21bb2]
C  [KERNEL32.DLL+0x17374]
C  [ntdll.dll+0x4cc91]


---------------  P R O C E S S  ---------------

Threads class SMR info:
_java_thread_list=0x000001f49563e550, length=45, elements={
0x000001f42f71b470, 0x000001f44efbda90, 0x000001f44efbe450, 0x000001f44efcd3d0,
0x000001f44efcdd90, 0x000001f44efceef0, 0x000001f44efd0050, 0x000001f44efd5180,
0x000001f44efd6c40, 0x000001f44efd85c0, 0x000001f44f1d7350, 0x000001f44f2d88f0,
0x000001f495d3ec10, 0x000001f495fc8240, 0x000001f4960d8050, 0x000001f4962b8570,
0x000001f49571ff90, 0x000001f496315f60, 0x000001f496316470, 0x000001f4963131d0,
0x000001f496312cc0, 0x000001f496315a50, 0x000001f4963136e0, 0x000001f496313bf0,
0x000001f496314b20, 0x000001f496314610, 0x000001f496315030, 0x000001f496315540,
0x000001f49754cff0, 0x000001f497547ef0, 0x000001f49754cae0, 0x000001f49754ac80,
0x000001f497548400, 0x000001f49754c5d0, 0x000001f4975479e0, 0x000001f49754b6a0,
0x000001f497548910, 0x000001f4975474d0, 0x000001f49754e430, 0x000001f49754a260,
0x000001f497548e20, 0x000001f497549d50, 0x000001f49754c0c0, 0x000001f497549330,
0x000001f49ac609a0
}

Java Threads: ( => current thread )
  0x000001f42f71b470 JavaThread "main" [_thread_blocked, id=14264, stack(0x0000000ed3100000,0x0000000ed3200000)]
  0x000001f44efbda90 JavaThread "Reference Handler" daemon [_thread_blocked, id=7152, stack(0x0000000ed3800000,0x0000000ed3900000)]
  0x000001f44efbe450 JavaThread "Finalizer" daemon [_thread_blocked, id=11860, stack(0x0000000ed3900000,0x0000000ed3a00000)]
  0x000001f44efcd3d0 JavaThread "Signal Dispatcher" daemon [_thread_blocked, id=4776, stack(0x0000000ed3a00000,0x0000000ed3b00000)]
  0x000001f44efcdd90 JavaThread "Attach Listener" daemon [_thread_blocked, id=19080, stack(0x0000000ed3b00000,0x0000000ed3c00000)]
  0x000001f44efceef0 JavaThread "Service Thread" daemon [_thread_blocked, id=6808, stack(0x0000000ed3c00000,0x0000000ed3d00000)]
  0x000001f44efd0050 JavaThread "Monitor Deflation Thread" daemon [_thread_blocked, id=5556, stack(0x0000000ed3d00000,0x0000000ed3e00000)]
  0x000001f44efd5180 JavaThread "C2 CompilerThread0" daemon [_thread_in_native, id=19572, stack(0x0000000ed3e00000,0x0000000ed3f00000)]
  0x000001f44efd6c40 JavaThread "C1 CompilerThread0" daemon [_thread_blocked, id=9600, stack(0x0000000ed3f00000,0x0000000ed4000000)]
  0x000001f44efd85c0 JavaThread "Sweeper thread" daemon [_thread_blocked, id=10988, stack(0x0000000ed4000000,0x0000000ed4100000)]
  0x000001f44f1d7350 JavaThread "Common-Cleaner" daemon [_thread_blocked, id=14568, stack(0x0000000ed4100000,0x0000000ed4200000)]
  0x000001f44f2d88f0 JavaThread "Notification Thread" daemon [_thread_blocked, id=6528, stack(0x0000000ed4200000,0x0000000ed4300000)]
  0x000001f495d3ec10 JavaThread "Daemon health stats" [_thread_blocked, id=12980, stack(0x0000000ed4800000,0x0000000ed4900000)]
  0x000001f495fc8240 JavaThread "Incoming local TCP Connector on port 57698" [_thread_in_native, id=19148, stack(0x0000000ed4600000,0x0000000ed4700000)]
  0x000001f4960d8050 JavaThread "Daemon periodic checks" [_thread_blocked, id=19284, stack(0x0000000ed4900000,0x0000000ed4a00000)]
  0x000001f4962b8570 JavaThread "Daemon" [_thread_blocked, id=9440, stack(0x0000000ed4a00000,0x0000000ed4b00000)]
  0x000001f49571ff90 JavaThread "Handler for socket connection from /127.0.0.1:57698 to /127.0.0.1:57699" [_thread_in_native, id=4284, stack(0x0000000ed4b00000,0x0000000ed4c00000)]
  0x000001f496315f60 JavaThread "Cancel handler" [_thread_blocked, id=404, stack(0x0000000ed4c00000,0x0000000ed4d00000)]
  0x000001f496316470 JavaThread "Daemon worker" [_thread_in_vm, id=14796, stack(0x0000000ed4d00000,0x0000000ed4e00000)]
  0x000001f4963131d0 JavaThread "Asynchronous log dispatcher for DefaultDaemonConnection: socket connection from /127.0.0.1:57698 to /127.0.0.1:57699" [_thread_blocked, id=14040, stack(0x0000000ed4e00000,0x0000000ed4f00000)]
  0x000001f496312cc0 JavaThread "Stdin handler" [_thread_blocked, id=17436, stack(0x0000000ed4f00000,0x0000000ed5000000)]
  0x000001f496315a50 JavaThread "Daemon client event forwarder" [_thread_blocked, id=16648, stack(0x0000000ed5000000,0x0000000ed5100000)]
  0x000001f4963136e0 JavaThread "Cache worker for journal cache (C:\Users\user\.gradle\caches\journal-1)" [_thread_blocked, id=9132, stack(0x0000000ed5100000,0x0000000ed5200000)]
  0x000001f496313bf0 JavaThread "File lock request listener" [_thread_in_native, id=19556, stack(0x0000000ed5200000,0x0000000ed5300000)]
  0x000001f496314b20 JavaThread "Cache worker for file hash cache (C:\Users\user\.gradle\caches\8.13\fileHashes)" [_thread_blocked, id=4932, stack(0x0000000ed5300000,0x0000000ed5400000)]
  0x000001f496314610 JavaThread "Cache worker for file hash cache (C:\Users\user\AndroidStudioProjects\MZSH\.gradle\8.13\fileHashes)" [_thread_blocked, id=11880, stack(0x0000000ed5500000,0x0000000ed5600000)]
  0x000001f496315030 JavaThread "Cache worker for Build Output Cleanup Cache (C:\Users\user\AndroidStudioProjects\MZSH\.gradle\buildOutputCleanup)" [_thread_blocked, id=5436, stack(0x0000000ed5600000,0x0000000ed5700000)]
  0x000001f496315540 JavaThread "File watcher server" daemon [_thread_in_native, id=4316, stack(0x0000000ed5700000,0x0000000ed5800000)]
  0x000001f49754cff0 JavaThread "File watcher consumer" daemon [_thread_blocked, id=16588, stack(0x0000000ed5800000,0x0000000ed5900000)]
  0x000001f497547ef0 JavaThread "Cache worker for checksums cache (C:\Users\user\AndroidStudioProjects\MZSH\.gradle\8.13\checksums)" [_thread_blocked, id=17632, stack(0x0000000ed5a00000,0x0000000ed5b00000)]
  0x000001f49754cae0 JavaThread "Cache worker for file content cache (C:\Users\user\.gradle\caches\8.13\fileContent)" [_thread_blocked, id=6480, stack(0x0000000ed5b00000,0x0000000ed5c00000)]
  0x000001f49754ac80 JavaThread "Cache worker for cache directory md-supplier (C:\Users\user\.gradle\caches\8.13\md-supplier)" [_thread_blocked, id=11312, stack(0x0000000ed5c00000,0x0000000ed5d00000)]
  0x000001f497548400 JavaThread "Cache worker for cache directory md-rule (C:\Users\user\.gradle\caches\8.13\md-rule)" [_thread_blocked, id=17316, stack(0x0000000ed5d00000,0x0000000ed5e00000)]
  0x000001f49754c5d0 JavaThread "Unconstrained build operations" [_thread_blocked, id=7640, stack(0x0000000ed5e00000,0x0000000ed5f00000)]
  0x000001f4975479e0 JavaThread "Unconstrained build operations Thread 2" [_thread_blocked, id=16004, stack(0x0000000ed5f00000,0x0000000ed6000000)]
  0x000001f49754b6a0 JavaThread "Unconstrained build operations Thread 3" [_thread_blocked, id=12864, stack(0x0000000ed6000000,0x0000000ed6100000)]
  0x000001f497548910 JavaThread "Unconstrained build operations Thread 4" [_thread_blocked, id=18168, stack(0x0000000ed6100000,0x0000000ed6200000)]
  0x000001f4975474d0 JavaThread "Unconstrained build operations Thread 5" [_thread_blocked, id=10272, stack(0x0000000ed6200000,0x0000000ed6300000)]
  0x000001f49754e430 JavaThread "Unconstrained build operations Thread 6" [_thread_blocked, id=7580, stack(0x0000000ed6300000,0x0000000ed6400000)]
  0x000001f49754a260 JavaThread "Unconstrained build operations Thread 7" [_thread_blocked, id=14968, stack(0x0000000ed6400000,0x0000000ed6500000)]
  0x000001f497548e20 JavaThread "Unconstrained build operations Thread 8" [_thread_blocked, id=8900, stack(0x0000000ed6500000,0x0000000ed6600000)]
  0x000001f497549d50 JavaThread "Unconstrained build operations Thread 9" [_thread_blocked, id=13692, stack(0x0000000ed6600000,0x0000000ed6700000)]
  0x000001f49754c0c0 JavaThread "Memory manager" [_thread_blocked, id=18744, stack(0x0000000ed6700000,0x0000000ed6800000)]
  0x000001f497549330 JavaThread "build event listener" [_thread_blocked, id=15284, stack(0x0000000ed6800000,0x0000000ed6900000)]
=>0x000001f49ac609a0 JavaThread "C2 CompilerThread1" daemon [_thread_in_native, id=4544, stack(0x0000000ed6a00000,0x0000000ed6b00000)]

Other Threads:
  0x000001f44efb5930 VMThread "VM Thread" [stack: 0x0000000ed3700000,0x0000000ed3800000] [id=16360]
  0x000001f44f2d8dd0 WatcherThread [stack: 0x0000000ed4300000,0x0000000ed4400000] [id=6756]
  0x000001f42f7757e0 GCTaskThread "GC Thread#0" [stack: 0x0000000ed3200000,0x0000000ed3300000] [id=3152]
  0x000001f44f32b400 GCTaskThread "GC Thread#1" [stack: 0x0000000ed4400000,0x0000000ed4500000] [id=1732]
  0x000001f44f395560 GCTaskThread "GC Thread#2" [stack: 0x0000000ed4500000,0x0000000ed4600000] [id=4936]
  0x000001f495597050 GCTaskThread "GC Thread#3" [stack: 0x0000000ed4700000,0x0000000ed4800000] [id=4492]
  0x000001f42f7874e0 ConcurrentGCThread "G1 Main Marker" [stack: 0x0000000ed3300000,0x0000000ed3400000] [id=7724]
  0x000001f42f788430 ConcurrentGCThread "G1 Conc#0" [stack: 0x0000000ed3400000,0x0000000ed3500000] [id=4412]
  0x000001f42f7ee1f0 ConcurrentGCThread "G1 Refine#0" [stack: 0x0000000ed3500000,0x0000000ed3600000] [id=16684]
  0x000001f497de2520 ConcurrentGCThread "G1 Refine#1" [stack: 0x0000000ed5900000,0x0000000ed5a00000] [id=7288]
  0x000001f4956b7ca0 ConcurrentGCThread "G1 Refine#2" [stack: 0x0000000ed5400000,0x0000000ed5500000] [id=11248]
  0x000001f4956b5670 ConcurrentGCThread "G1 Refine#3" [stack: 0x0000000ed6900000,0x0000000ed6a00000] [id=3400]
  0x000001f42f7ee9c0 ConcurrentGCThread "G1 Service" [stack: 0x0000000ed3600000,0x0000000ed3700000] [id=9476]

Threads with active compile tasks:
C2 CompilerThread0    35553 14169       4       java.lang.invoke.MethodType::makeImpl (109 bytes)
C2 CompilerThread1    35553 14065       4       java.lang.Class::annotationData (44 bytes)

VM state: not at safepoint (normal execution)

VM Mutex/Monitor currently owned by a thread: None

Heap address: 0x0000000080000000, size: 2048 MB, Compressed Oops mode: 32-bit

CDS archive(s) mapped at: [0x000001f450000000-0x000001f450bd0000-0x000001f450bd0000), size 12386304, SharedBaseAddress: 0x000001f450000000, ArchiveRelocationMode: 1.
Compressed class space mapped at: 0x000001f451000000-0x000001f491000000, reserved size: 1073741824
Narrow klass base: 0x000001f450000000, Narrow klass shift: 0, Narrow klass range: 0x100000000

GC Precious Log:
 CPUs: 4 total, 4 available
 Memory: 8071M
 Large Page Support: Disabled
 NUMA Support: Disabled
 Compressed Oops: Enabled (32-bit)
 Heap Region Size: 1M
 Heap Min Capacity: 8M
 Heap Initial Capacity: 128M
 Heap Max Capacity: 2G
 Pre-touch: Disabled
 Parallel Workers: 4
 Concurrent Workers: 1
 Concurrent Refinement Workers: 4
 Periodic GC: Disabled

Heap:
 garbage-first heap   total 294912K, used 159114K [0x0000000080000000, 0x0000000100000000)
  region size 1024K, 9 young (9216K), 2 survivors (2048K)
 Metaspace       used 124243K, committed 125120K, reserved 1179648K
  class space    used 16253K, committed 16704K, reserved 1048576K

Heap Regions: E=young(eden), S=young(survivor), O=old, HS=humongous(starts), HC=humongous(continues), CS=collection set, F=free, OA=open archive, CA=closed archive, TAMS=top-at-mark-start (previous, next)
|   0|0x0000000080000000, 0x0000000080100000, 0x0000000080100000|100%|HS|  |TAMS 0x0000000080100000, 0x0000000080000000| Complete 
|   1|0x0000000080100000, 0x0000000080200000, 0x0000000080200000|100%|HC|  |TAMS 0x0000000080200000, 0x0000000080100000| Complete 
|   2|0x0000000080200000, 0x0000000080300000, 0x0000000080300000|100%|HC|  |TAMS 0x0000000080300000, 0x0000000080200000| Complete 
|   3|0x0000000080300000, 0x0000000080400000, 0x0000000080400000|100%| O|  |TAMS 0x0000000080400000, 0x0000000080300000| Untracked 
|   4|0x0000000080400000, 0x0000000080500000, 0x0000000080500000|100%| O|  |TAMS 0x0000000080500000, 0x0000000080400000| Untracked 
|   5|0x0000000080500000, 0x0000000080600000, 0x0000000080600000|100%| O|  |TAMS 0x0000000080600000, 0x0000000080500000| Untracked 
|   6|0x0000000080600000, 0x0000000080700000, 0x0000000080700000|100%| O|  |TAMS 0x0000000080700000, 0x0000000080600000| Untracked 
|   7|0x0000000080700000, 0x0000000080800000, 0x0000000080800000|100%|HS|  |TAMS 0x0000000080800000, 0x0000000080700000| Complete 
|   8|0x0000000080800000, 0x0000000080900000, 0x0000000080900000|100%| O|  |TAMS 0x0000000080900000, 0x0000000080800000| Untracked 
|   9|0x0000000080900000, 0x0000000080a00000, 0x0000000080a00000|100%| O|  |TAMS 0x0000000080a00000, 0x0000000080900000| Untracked 
|  10|0x0000000080a00000, 0x0000000080b00000, 0x0000000080b00000|100%| O|  |TAMS 0x0000000080b00000, 0x0000000080a00000| Untracked 
|  11|0x0000000080b00000, 0x0000000080c00000, 0x0000000080c00000|100%| O|  |TAMS 0x0000000080c00000, 0x0000000080b00000| Untracked 
|  12|0x0000000080c00000, 0x0000000080d00000, 0x0000000080d00000|100%| O|  |TAMS 0x0000000080d00000, 0x0000000080c00000| Untracked 
|  13|0x0000000080d00000, 0x0000000080e00000, 0x0000000080e00000|100%| O|  |TAMS 0x0000000080e00000, 0x0000000080d00000| Untracked 
|  14|0x0000000080e00000, 0x0000000080f00000, 0x0000000080f00000|100%| O|  |TAMS 0x0000000080f00000, 0x0000000080e00000| Untracked 
|  15|0x0000000080f00000, 0x0000000080ff6400, 0x0000000081000000| 96%| O|  |TAMS 0x0000000080ff6400, 0x0000000080f00000| Untracked 
|  16|0x0000000081000000, 0x0000000081100000, 0x0000000081100000|100%| O|  |TAMS 0x0000000081100000, 0x0000000081000000| Untracked 
|  17|0x0000000081100000, 0x0000000081200000, 0x0000000081200000|100%| O|  |TAMS 0x0000000081200000, 0x0000000081100000| Untracked 
|  18|0x0000000081200000, 0x0000000081300000, 0x0000000081300000|100%| O|  |TAMS 0x0000000081300000, 0x0000000081200000| Untracked 
|  19|0x0000000081300000, 0x0000000081400000, 0x0000000081400000|100%| O|  |TAMS 0x0000000081400000, 0x0000000081300000| Untracked 
|  20|0x0000000081400000, 0x0000000081500000, 0x0000000081500000|100%| O|  |TAMS 0x0000000081500000, 0x0000000081400000| Untracked 
|  21|0x0000000081500000, 0x0000000081600000, 0x0000000081600000|100%| O|  |TAMS 0x0000000081600000, 0x0000000081500000| Untracked 
|  22|0x0000000081600000, 0x0000000081700000, 0x0000000081700000|100%| O|  |TAMS 0x0000000081700000, 0x0000000081600000| Untracked 
|  23|0x0000000081700000, 0x0000000081800000, 0x0000000081800000|100%| O|  |TAMS 0x0000000081800000, 0x0000000081700000| Untracked 
|  24|0x0000000081800000, 0x0000000081900000, 0x0000000081900000|100%| O|  |TAMS 0x0000000081900000, 0x0000000081800000| Untracked 
|  25|0x0000000081900000, 0x0000000081a00000, 0x0000000081a00000|100%| O|  |TAMS 0x0000000081a00000, 0x0000000081900000| Untracked 
|  26|0x0000000081a00000, 0x0000000081b00000, 0x0000000081b00000|100%| O|  |TAMS 0x0000000081b00000, 0x0000000081a00000| Untracked 
|  27|0x0000000081b00000, 0x0000000081c00000, 0x0000000081c00000|100%| O|  |TAMS 0x0000000081c00000, 0x0000000081b00000| Untracked 
|  28|0x0000000081c00000, 0x0000000081d00000, 0x0000000081d00000|100%| O|  |TAMS 0x0000000081d00000, 0x0000000081c00000| Untracked 
|  29|0x0000000081d00000, 0x0000000081e00000, 0x0000000081e00000|100%| O|  |TAMS 0x0000000081e00000, 0x0000000081d00000| Untracked 
|  30|0x0000000081e00000, 0x0000000081f00000, 0x0000000081f00000|100%| O|  |TAMS 0x0000000081f00000, 0x0000000081e00000| Untracked 
|  31|0x0000000081f00000, 0x0000000082000000, 0x0000000082000000|100%| O|  |TAMS 0x0000000082000000, 0x0000000081f00000| Untracked 
|  32|0x0000000082000000, 0x0000000082100000, 0x0000000082100000|100%| O|  |TAMS 0x0000000082100000, 0x0000000082000000| Untracked 
|  33|0x0000000082100000, 0x0000000082200000, 0x0000000082200000|100%| O|  |TAMS 0x0000000082200000, 0x0000000082100000| Untracked 
|  34|0x0000000082200000, 0x0000000082300000, 0x0000000082300000|100%| O|  |TAMS 0x0000000082300000, 0x0000000082200000| Untracked 
|  35|0x0000000082300000, 0x0000000082400000, 0x0000000082400000|100%| O|  |TAMS 0x0000000082400000, 0x0000000082300000| Untracked 
|  36|0x0000000082400000, 0x0000000082500000, 0x0000000082500000|100%| O|  |TAMS 0x0000000082500000, 0x0000000082400000| Untracked 
|  37|0x0000000082500000, 0x0000000082600000, 0x0000000082600000|100%| O|  |TAMS 0x0000000082600000, 0x0000000082500000| Untracked 
|  38|0x0000000082600000, 0x0000000082700000, 0x0000000082700000|100%| O|  |TAMS 0x0000000082700000, 0x0000000082600000| Untracked 
|  39|0x0000000082700000, 0x0000000082800000, 0x0000000082800000|100%| O|  |TAMS 0x0000000082800000, 0x0000000082700000| Untracked 
|  40|0x0000000082800000, 0x0000000082900000, 0x0000000082900000|100%|HS|  |TAMS 0x0000000082900000, 0x0000000082800000| Complete 
|  41|0x0000000082900000, 0x0000000082a00000, 0x0000000082a00000|100%|HS|  |TAMS 0x0000000082a00000, 0x0000000082900000| Complete 
|  42|0x0000000082a00000, 0x0000000082b00000, 0x0000000082b00000|100%|HS|  |TAMS 0x0000000082b00000, 0x0000000082a00000| Complete 
|  43|0x0000000082b00000, 0x0000000082c00000, 0x0000000082c00000|100%|HC|  |TAMS 0x0000000082c00000, 0x0000000082b00000| Complete 
|  44|0x0000000082c00000, 0x0000000082d00000, 0x0000000082d00000|100%|HS|  |TAMS 0x0000000082d00000, 0x0000000082c00000| Complete 
|  45|0x0000000082d00000, 0x0000000082e00000, 0x0000000082e00000|100%|HC|  |TAMS 0x0000000082e00000, 0x0000000082d00000| Complete 
|  46|0x0000000082e00000, 0x0000000082f00000, 0x0000000082f00000|100%| O|  |TAMS 0x0000000082f00000, 0x0000000082e00000| Untracked 
|  47|0x0000000082f00000, 0x0000000083000000, 0x0000000083000000|100%|HS|  |TAMS 0x0000000083000000, 0x0000000082f00000| Complete 
|  48|0x0000000083000000, 0x0000000083100000, 0x0000000083100000|100%|HS|  |TAMS 0x0000000083100000, 0x0000000083000000| Complete 
|  49|0x0000000083100000, 0x0000000083200000, 0x0000000083200000|100%|HC|  |TAMS 0x0000000083200000, 0x0000000083100000| Complete 
|  50|0x0000000083200000, 0x0000000083300000, 0x0000000083300000|100%|HC|  |TAMS 0x0000000083300000, 0x0000000083200000| Complete 
|  51|0x0000000083300000, 0x0000000083400000, 0x0000000083400000|100%|HS|  |TAMS 0x0000000083400000, 0x0000000083300000| Complete 
|  52|0x0000000083400000, 0x0000000083500000, 0x0000000083500000|100%| O|  |TAMS 0x0000000083500000, 0x0000000083400000| Untracked 
|  53|0x0000000083500000, 0x0000000083600000, 0x0000000083600000|100%|HS|  |TAMS 0x0000000083600000, 0x0000000083500000| Complete 
|  54|0x0000000083600000, 0x0000000083700000, 0x0000000083700000|100%|HS|  |TAMS 0x0000000083700000, 0x0000000083600000| Complete 
|  55|0x0000000083700000, 0x0000000083800000, 0x0000000083800000|100%| O|  |TAMS 0x0000000083800000, 0x0000000083700000| Untracked 
|  56|0x0000000083800000, 0x0000000083800000, 0x0000000083900000|  0%| F|  |TAMS 0x0000000083800000, 0x0000000083800000| Untracked 
|  57|0x0000000083900000, 0x0000000083a00000, 0x0000000083a00000|100%| O|  |TAMS 0x0000000083a00000, 0x0000000083900000| Untracked 
|  58|0x0000000083a00000, 0x0000000083b00000, 0x0000000083b00000|100%| O|  |TAMS 0x0000000083b00000, 0x0000000083a00000| Untracked 
|  59|0x0000000083b00000, 0x0000000083b00000, 0x0000000083c00000|  0%| F|  |TAMS 0x0000000083b00000, 0x0000000083b00000| Untracked 
|  60|0x0000000083c00000, 0x0000000083d00000, 0x0000000083d00000|100%| O|  |TAMS 0x0000000083d00000, 0x0000000083c00000| Untracked 
|  61|0x0000000083d00000, 0x0000000083e00000, 0x0000000083e00000|100%| O|  |TAMS 0x0000000083e00000, 0x0000000083d00000| Untracked 
|  62|0x0000000083e00000, 0x0000000083f00000, 0x0000000083f00000|100%| O|  |TAMS 0x0000000083f00000, 0x0000000083e00000| Untracked 
|  63|0x0000000083f00000, 0x0000000084000000, 0x0000000084000000|100%| O|  |TAMS 0x0000000084000000, 0x0000000083f00000| Untracked 
|  64|0x0000000084000000, 0x0000000084100000, 0x0000000084100000|100%| O|  |TAMS 0x0000000084100000, 0x0000000084000000| Untracked 
|  65|0x0000000084100000, 0x0000000084200000, 0x0000000084200000|100%| O|  |TAMS 0x0000000084200000, 0x0000000084100000| Untracked 
|  66|0x0000000084200000, 0x0000000084300000, 0x0000000084300000|100%| O|  |TAMS 0x0000000084300000, 0x0000000084200000| Untracked 
|  67|0x0000000084300000, 0x0000000084400000, 0x0000000084400000|100%| O|  |TAMS 0x0000000084400000, 0x0000000084300000| Untracked 
|  68|0x0000000084400000, 0x0000000084500000, 0x0000000084500000|100%| O|  |TAMS 0x0000000084500000, 0x0000000084400000| Untracked 
|  69|0x0000000084500000, 0x0000000084600000, 0x0000000084600000|100%| O|  |TAMS 0x0000000084600000, 0x0000000084500000| Untracked 
|  70|0x0000000084600000, 0x0000000084700000, 0x0000000084700000|100%|HS|  |TAMS 0x0000000084700000, 0x0000000084600000| Complete 
|  71|0x0000000084700000, 0x0000000084800000, 0x0000000084800000|100%| O|  |TAMS 0x0000000084800000, 0x0000000084700000| Untracked 
|  72|0x0000000084800000, 0x0000000084900000, 0x0000000084900000|100%| O|  |TAMS 0x0000000084900000, 0x0000000084800000| Untracked 
|  73|0x0000000084900000, 0x0000000084a00000, 0x0000000084a00000|100%| O|  |TAMS 0x0000000084a00000, 0x0000000084900000| Untracked 
|  74|0x0000000084a00000, 0x0000000084b00000, 0x0000000084b00000|100%| O|  |TAMS 0x0000000084b00000, 0x0000000084a00000| Untracked 
|  75|0x0000000084b00000, 0x0000000084c00000, 0x0000000084c00000|100%| O|  |TAMS 0x0000000084c00000, 0x0000000084b00000| Untracked 
|  76|0x0000000084c00000, 0x0000000084d00000, 0x0000000084d00000|100%| O|  |TAMS 0x0000000084d00000, 0x0000000084c00000| Untracked 
|  77|0x0000000084d00000, 0x0000000084e00000, 0x0000000084e00000|100%|HS|  |TAMS 0x0000000084e00000, 0x0000000084d00000| Complete 
|  78|0x0000000084e00000, 0x0000000084f00000, 0x0000000084f00000|100%|HC|  |TAMS 0x0000000084f00000, 0x0000000084e00000| Complete 
|  79|0x0000000084f00000, 0x0000000085000000, 0x0000000085000000|100%|HC|  |TAMS 0x0000000085000000, 0x0000000084f00000| Complete 
|  80|0x0000000085000000, 0x0000000085100000, 0x0000000085100000|100%| O|  |TAMS 0x0000000085100000, 0x0000000085000000| Untracked 
|  81|0x0000000085100000, 0x0000000085200000, 0x0000000085200000|100%| O|  |TAMS 0x0000000085200000, 0x0000000085100000| Untracked 
|  82|0x0000000085200000, 0x0000000085300000, 0x0000000085300000|100%| O|  |TAMS 0x0000000085300000, 0x0000000085200000| Untracked 
|  83|0x0000000085300000, 0x0000000085400000, 0x0000000085400000|100%| O|  |TAMS 0x0000000085400000, 0x0000000085300000| Untracked 
|  84|0x0000000085400000, 0x0000000085500000, 0x0000000085500000|100%| O|  |TAMS 0x0000000085500000, 0x0000000085400000| Untracked 
|  85|0x0000000085500000, 0x0000000085600000, 0x0000000085600000|100%| O|  |TAMS 0x0000000085600000, 0x0000000085500000| Untracked 
|  86|0x0000000085600000, 0x0000000085700000, 0x0000000085700000|100%| O|  |TAMS 0x0000000085600000, 0x0000000085600000| Untracked 
|  87|0x0000000085700000, 0x0000000085800000, 0x0000000085800000|100%|HS|  |TAMS 0x0000000085800000, 0x0000000085700000| Complete 
|  88|0x0000000085800000, 0x0000000085900000, 0x0000000085900000|100%|HC|  |TAMS 0x0000000085900000, 0x0000000085800000| Complete 
|  89|0x0000000085900000, 0x0000000085a00000, 0x0000000085a00000|100%|HC|  |TAMS 0x0000000085a00000, 0x0000000085900000| Complete 
|  90|0x0000000085a00000, 0x0000000085b00000, 0x0000000085b00000|100%|HC|  |TAMS 0x0000000085b00000, 0x0000000085a00000| Complete 
|  91|0x0000000085b00000, 0x0000000085c00000, 0x0000000085c00000|100%|HC|  |TAMS 0x0000000085c00000, 0x0000000085b00000| Complete 
|  92|0x0000000085c00000, 0x0000000085d00000, 0x0000000085d00000|100%|HC|  |TAMS 0x0000000085d00000, 0x0000000085c00000| Complete 
|  93|0x0000000085d00000, 0x0000000085e00000, 0x0000000085e00000|100%|HS|  |TAMS 0x0000000085e00000, 0x0000000085d00000| Complete 
|  94|0x0000000085e00000, 0x0000000085f00000, 0x0000000085f00000|100%| O|  |TAMS 0x0000000085f00000, 0x0000000085e00000| Untracked 
|  95|0x0000000085f00000, 0x0000000086000000, 0x0000000086000000|100%| O|  |TAMS 0x0000000086000000, 0x0000000085f00000| Untracked 
|  96|0x0000000086000000, 0x0000000086100000, 0x0000000086100000|100%| O|  |TAMS 0x0000000086100000, 0x0000000086000000| Untracked 
|  97|0x0000000086100000, 0x0000000086200000, 0x0000000086200000|100%| O|  |TAMS 0x0000000086200000, 0x0000000086100000| Untracked 
|  98|0x0000000086200000, 0x0000000086300000, 0x0000000086300000|100%| O|  |TAMS 0x0000000086300000, 0x0000000086200000| Untracked 
|  99|0x0000000086300000, 0x0000000086400000, 0x0000000086400000|100%| O|  |TAMS 0x0000000086400000, 0x0000000086300000| Untracked 
| 100|0x0000000086400000, 0x0000000086500000, 0x0000000086500000|100%| O|  |TAMS 0x0000000086500000, 0x0000000086400000| Untracked 
| 101|0x0000000086500000, 0x0000000086600000, 0x0000000086600000|100%| O|  |TAMS 0x0000000086600000, 0x0000000086500000| Untracked 
| 102|0x0000000086600000, 0x0000000086700000, 0x0000000086700000|100%| O|  |TAMS 0x0000000086700000, 0x0000000086600000| Untracked 
| 103|0x0000000086700000, 0x0000000086800000, 0x0000000086800000|100%| O|  |TAMS 0x0000000086800000, 0x0000000086700000| Untracked 
| 104|0x0000000086800000, 0x0000000086900000, 0x0000000086900000|100%| O|  |TAMS 0x0000000086900000, 0x0000000086800000| Untracked 
| 105|0x0000000086900000, 0x0000000086a00000, 0x0000000086a00000|100%| O|  |TAMS 0x0000000086a00000, 0x0000000086900000| Untracked 
| 106|0x0000000086a00000, 0x0000000086b00000, 0x0000000086b00000|100%| O|  |TAMS 0x0000000086b00000, 0x0000000086a00000| Untracked 
| 107|0x0000000086b00000, 0x0000000086c00000, 0x0000000086c00000|100%| O|  |TAMS 0x0000000086c00000, 0x0000000086b00000| Untracked 
| 108|0x0000000086c00000, 0x0000000086d00000, 0x0000000086d00000|100%| O|  |TAMS 0x0000000086d00000, 0x0000000086c00000| Untracked 
| 109|0x0000000086d00000, 0x0000000086e00000, 0x0000000086e00000|100%| O|  |TAMS 0x0000000086e00000, 0x0000000086d00000| Untracked 
| 110|0x0000000086e00000, 0x0000000086f00000, 0x0000000086f00000|100%| O|  |TAMS 0x0000000086f00000, 0x0000000086e00000| Untracked 
| 111|0x0000000086f00000, 0x0000000087000000, 0x0000000087000000|100%| O|  |TAMS 0x0000000087000000, 0x0000000086f00000| Untracked 
| 112|0x0000000087000000, 0x0000000087100000, 0x0000000087100000|100%| O|  |TAMS 0x0000000087100000, 0x0000000087000000| Untracked 
| 113|0x0000000087100000, 0x0000000087200000, 0x0000000087200000|100%| O|  |TAMS 0x0000000087200000, 0x0000000087100000| Untracked 
| 114|0x0000000087200000, 0x0000000087300000, 0x0000000087300000|100%| O|  |TAMS 0x0000000087300000, 0x0000000087200000| Untracked 
| 115|0x0000000087300000, 0x0000000087400000, 0x0000000087400000|100%| O|  |TAMS 0x0000000087400000, 0x0000000087300000| Untracked 
| 116|0x0000000087400000, 0x0000000087500000, 0x0000000087500000|100%| O|  |TAMS 0x0000000087500000, 0x0000000087400000| Untracked 
| 117|0x0000000087500000, 0x0000000087600000, 0x0000000087600000|100%| O|  |TAMS 0x0000000087600000, 0x0000000087500000| Untracked 
| 118|0x0000000087600000, 0x0000000087700000, 0x0000000087700000|100%| O|  |TAMS 0x0000000087700000, 0x0000000087600000| Untracked 
| 119|0x0000000087700000, 0x0000000087800000, 0x0000000087800000|100%| O|  |TAMS 0x0000000087800000, 0x0000000087700000| Untracked 
| 120|0x0000000087800000, 0x0000000087900000, 0x0000000087900000|100%| O|  |TAMS 0x0000000087900000, 0x0000000087800000| Untracked 
| 121|0x0000000087900000, 0x0000000087a00000, 0x0000000087a00000|100%| O|  |TAMS 0x0000000087a00000, 0x0000000087900000| Untracked 
| 122|0x0000000087a00000, 0x0000000087b00000, 0x0000000087b00000|100%| O|  |TAMS 0x0000000087b00000, 0x0000000087a00000| Untracked 
| 123|0x0000000087b00000, 0x0000000087c00000, 0x0000000087c00000|100%| O|  |TAMS 0x0000000087c00000, 0x0000000087b00000| Untracked 
| 124|0x0000000087c00000, 0x0000000087d00000, 0x0000000087d00000|100%| O|  |TAMS 0x0000000087d00000, 0x0000000087c00000| Untracked 
| 125|0x0000000087d00000, 0x0000000087e00000, 0x0000000087e00000|100%| O|  |TAMS 0x0000000087e00000, 0x0000000087d00000| Untracked 
| 126|0x0000000087e00000, 0x0000000087e00000, 0x0000000087f00000|  0%| F|  |TAMS 0x0000000087e00000, 0x0000000087e00000| Untracked 
| 127|0x0000000087f00000, 0x0000000088000000, 0x0000000088000000|100%| O|  |TAMS 0x0000000087f80000, 0x0000000087f00000| Untracked 
| 128|0x0000000088000000, 0x0000000088100000, 0x0000000088100000|100%| O|  |TAMS 0x0000000088000000, 0x0000000088000000| Untracked 
| 129|0x0000000088100000, 0x0000000088200000, 0x0000000088200000|100%| O|  |TAMS 0x0000000088100000, 0x0000000088100000| Untracked 
| 130|0x0000000088200000, 0x0000000088300000, 0x0000000088300000|100%| O|  |TAMS 0x0000000088200000, 0x0000000088200000| Untracked 
| 131|0x0000000088300000, 0x0000000088400000, 0x0000000088400000|100%| O|  |TAMS 0x0000000088300000, 0x0000000088300000| Untracked 
| 132|0x0000000088400000, 0x0000000088500000, 0x0000000088500000|100%| O|  |TAMS 0x0000000088400000, 0x0000000088400000| Untracked 
| 133|0x0000000088500000, 0x0000000088600000, 0x0000000088600000|100%| O|  |TAMS 0x0000000088500000, 0x0000000088500000| Untracked 
| 134|0x0000000088600000, 0x0000000088700000, 0x0000000088700000|100%| O|  |TAMS 0x0000000088600000, 0x0000000088600000| Untracked 
| 135|0x0000000088700000, 0x0000000088800000, 0x0000000088800000|100%| O|  |TAMS 0x0000000088700000, 0x0000000088700000| Untracked 
| 136|0x0000000088800000, 0x0000000088900000, 0x0000000088900000|100%| O|  |TAMS 0x0000000088800000, 0x0000000088800000| Untracked 
| 137|0x0000000088900000, 0x0000000088a00000, 0x0000000088a00000|100%| O|  |TAMS 0x0000000088900000, 0x0000000088900000| Untracked 
| 138|0x0000000088a00000, 0x0000000088b00000, 0x0000000088b00000|100%| O|  |TAMS 0x0000000088a00000, 0x0000000088a00000| Untracked 
| 139|0x0000000088b00000, 0x0000000088c00000, 0x0000000088c00000|100%| O|  |TAMS 0x0000000088b00000, 0x0000000088b00000| Untracked 
| 140|0x0000000088c00000, 0x0000000088d00000, 0x0000000088d00000|100%| O|  |TAMS 0x0000000088c00000, 0x0000000088c00000| Untracked 
| 141|0x0000000088d00000, 0x0000000088e00000, 0x0000000088e00000|100%| O|  |TAMS 0x0000000088d00000, 0x0000000088d00000| Untracked 
| 142|0x0000000088e00000, 0x0000000088f00000, 0x0000000088f00000|100%| O|  |TAMS 0x0000000088e00000, 0x0000000088e00000| Untracked 
| 143|0x0000000088f00000, 0x0000000089000000, 0x0000000089000000|100%| O|  |TAMS 0x0000000088f00000, 0x0000000088f00000| Untracked 
| 144|0x0000000089000000, 0x0000000089100000, 0x0000000089100000|100%| O|  |TAMS 0x0000000089000000, 0x0000000089000000| Untracked 
| 145|0x0000000089100000, 0x0000000089200000, 0x0000000089200000|100%| O|  |TAMS 0x0000000089100000, 0x0000000089100000| Untracked 
| 146|0x0000000089200000, 0x0000000089300000, 0x0000000089300000|100%| O|  |TAMS 0x0000000089200000, 0x0000000089200000| Untracked 
| 147|0x0000000089300000, 0x0000000089400000, 0x0000000089400000|100%| O|  |TAMS 0x0000000089300000, 0x0000000089300000| Untracked 
| 148|0x0000000089400000, 0x0000000089500000, 0x0000000089500000|100%| O|  |TAMS 0x0000000089400000, 0x0000000089400000| Untracked 
| 149|0x0000000089500000, 0x0000000089600000, 0x0000000089600000|100%| O|  |TAMS 0x0000000089500000, 0x0000000089500000| Untracked 
| 150|0x0000000089600000, 0x000000008968aa00, 0x0000000089700000| 54%| O|  |TAMS 0x0000000089600000, 0x0000000089600000| Untracked 
| 151|0x0000000089700000, 0x0000000089700000, 0x0000000089800000|  0%| F|  |TAMS 0x0000000089700000, 0x0000000089700000| Untracked 
| 152|0x0000000089800000, 0x0000000089800000, 0x0000000089900000|  0%| F|  |TAMS 0x0000000089800000, 0x0000000089800000| Untracked 
| 153|0x0000000089900000, 0x0000000089900000, 0x0000000089a00000|  0%| F|  |TAMS 0x0000000089900000, 0x0000000089900000| Untracked 
| 154|0x0000000089a00000, 0x0000000089a00000, 0x0000000089b00000|  0%| F|  |TAMS 0x0000000089a00000, 0x0000000089a00000| Untracked 
| 155|0x0000000089b00000, 0x0000000089b00000, 0x0000000089c00000|  0%| F|  |TAMS 0x0000000089b00000, 0x0000000089b00000| Untracked 
| 156|0x0000000089c00000, 0x0000000089c00000, 0x0000000089d00000|  0%| F|  |TAMS 0x0000000089c00000, 0x0000000089c00000| Untracked 
| 157|0x0000000089d00000, 0x0000000089d00000, 0x0000000089e00000|  0%| F|  |TAMS 0x0000000089d00000, 0x0000000089d00000| Untracked 
| 158|0x0000000089e00000, 0x0000000089e00000, 0x0000000089f00000|  0%| F|  |TAMS 0x0000000089e00000, 0x0000000089e00000| Untracked 
| 159|0x0000000089f00000, 0x0000000089f00000, 0x000000008a000000|  0%| F|  |TAMS 0x0000000089f00000, 0x0000000089f00000| Untracked 
| 160|0x000000008a000000, 0x000000008a000000, 0x000000008a100000|  0%| F|  |TAMS 0x000000008a000000, 0x000000008a000000| Untracked 
| 161|0x000000008a100000, 0x000000008a100000, 0x000000008a200000|  0%| F|  |TAMS 0x000000008a100000, 0x000000008a100000| Untracked 
| 162|0x000000008a200000, 0x000000008a200000, 0x000000008a300000|  0%| F|  |TAMS 0x000000008a200000, 0x000000008a200000| Untracked 
| 163|0x000000008a300000, 0x000000008a300000, 0x000000008a400000|  0%| F|  |TAMS 0x000000008a300000, 0x000000008a300000| Untracked 
| 164|0x000000008a400000, 0x000000008a400000, 0x000000008a500000|  0%| F|  |TAMS 0x000000008a400000, 0x000000008a400000| Untracked 
| 165|0x000000008a500000, 0x000000008a500000, 0x000000008a600000|  0%| F|  |TAMS 0x000000008a500000, 0x000000008a500000| Untracked 
| 166|0x000000008a600000, 0x000000008a600000, 0x000000008a700000|  0%| F|  |TAMS 0x000000008a600000, 0x000000008a600000| Untracked 
| 167|0x000000008a700000, 0x000000008a700000, 0x000000008a800000|  0%| F|  |TAMS 0x000000008a700000, 0x000000008a700000| Untracked 
| 168|0x000000008a800000, 0x000000008a800000, 0x000000008a900000|  0%| F|  |TAMS 0x000000008a800000, 0x000000008a800000| Untracked 
| 169|0x000000008a900000, 0x000000008a900000, 0x000000008aa00000|  0%| F|  |TAMS 0x000000008a900000, 0x000000008a900000| Untracked 
| 170|0x000000008aa00000, 0x000000008aa00000, 0x000000008ab00000|  0%| F|  |TAMS 0x000000008aa00000, 0x000000008aa00000| Untracked 
| 171|0x000000008ab00000, 0x000000008ab00000, 0x000000008ac00000|  0%| F|  |TAMS 0x000000008ab00000, 0x000000008ab00000| Untracked 
| 172|0x000000008ac00000, 0x000000008ac00000, 0x000000008ad00000|  0%| F|  |TAMS 0x000000008ac00000, 0x000000008ac00000| Untracked 
| 173|0x000000008ad00000, 0x000000008ad00000, 0x000000008ae00000|  0%| F|  |TAMS 0x000000008ad00000, 0x000000008ad00000| Untracked 
| 174|0x000000008ae00000, 0x000000008ae00000, 0x000000008af00000|  0%| F|  |TAMS 0x000000008ae00000, 0x000000008ae00000| Untracked 
| 175|0x000000008af00000, 0x000000008af00000, 0x000000008b000000|  0%| F|  |TAMS 0x000000008af00000, 0x000000008af00000| Untracked 
| 176|0x000000008b000000, 0x000000008b000000, 0x000000008b100000|  0%| F|  |TAMS 0x000000008b000000, 0x000000008b000000| Untracked 
| 177|0x000000008b100000, 0x000000008b100000, 0x000000008b200000|  0%| F|  |TAMS 0x000000008b100000, 0x000000008b100000| Untracked 
| 178|0x000000008b200000, 0x000000008b200000, 0x000000008b300000|  0%| F|  |TAMS 0x000000008b200000, 0x000000008b200000| Untracked 
| 179|0x000000008b300000, 0x000000008b300000, 0x000000008b400000|  0%| F|  |TAMS 0x000000008b300000, 0x000000008b300000| Untracked 
| 180|0x000000008b400000, 0x000000008b400000, 0x000000008b500000|  0%| F|  |TAMS 0x000000008b400000, 0x000000008b400000| Untracked 
| 181|0x000000008b500000, 0x000000008b500000, 0x000000008b600000|  0%| F|  |TAMS 0x000000008b500000, 0x000000008b500000| Untracked 
| 182|0x000000008b600000, 0x000000008b600000, 0x000000008b700000|  0%| F|  |TAMS 0x000000008b600000, 0x000000008b600000| Untracked 
| 183|0x000000008b700000, 0x000000008b700000, 0x000000008b800000|  0%| F|  |TAMS 0x000000008b700000, 0x000000008b700000| Untracked 
| 184|0x000000008b800000, 0x000000008b800000, 0x000000008b900000|  0%| F|  |TAMS 0x000000008b800000, 0x000000008b800000| Untracked 
| 185|0x000000008b900000, 0x000000008b900000, 0x000000008ba00000|  0%| F|  |TAMS 0x000000008b900000, 0x000000008b900000| Untracked 
| 186|0x000000008ba00000, 0x000000008ba00000, 0x000000008bb00000|  0%| F|  |TAMS 0x000000008ba00000, 0x000000008ba00000| Untracked 
| 187|0x000000008bb00000, 0x000000008bb00000, 0x000000008bc00000|  0%| F|  |TAMS 0x000000008bb00000, 0x000000008bb00000| Untracked 
| 188|0x000000008bc00000, 0x000000008bc00000, 0x000000008bd00000|  0%| F|  |TAMS 0x000000008bc00000, 0x000000008bc00000| Untracked 
| 189|0x000000008bd00000, 0x000000008bd00000, 0x000000008be00000|  0%| F|  |TAMS 0x000000008bd00000, 0x000000008bd00000| Untracked 
| 190|0x000000008be00000, 0x000000008be00000, 0x000000008bf00000|  0%| F|  |TAMS 0x000000008be00000, 0x000000008be00000| Untracked 
| 191|0x000000008bf00000, 0x000000008bf00000, 0x000000008c000000|  0%| F|  |TAMS 0x000000008bf00000, 0x000000008bf00000| Untracked 
| 192|0x000000008c000000, 0x000000008c000000, 0x000000008c100000|  0%| F|  |TAMS 0x000000008c000000, 0x000000008c000000| Untracked 
| 193|0x000000008c100000, 0x000000008c100000, 0x000000008c200000|  0%| F|  |TAMS 0x000000008c100000, 0x000000008c100000| Untracked 
| 194|0x000000008c200000, 0x000000008c200000, 0x000000008c300000|  0%| F|  |TAMS 0x000000008c200000, 0x000000008c200000| Untracked 
| 195|0x000000008c300000, 0x000000008c300000, 0x000000008c400000|  0%| F|  |TAMS 0x000000008c300000, 0x000000008c300000| Untracked 
| 196|0x000000008c400000, 0x000000008c400000, 0x000000008c500000|  0%| F|  |TAMS 0x000000008c400000, 0x000000008c400000| Untracked 
| 197|0x000000008c500000, 0x000000008c500000, 0x000000008c600000|  0%| F|  |TAMS 0x000000008c500000, 0x000000008c500000| Untracked 
| 198|0x000000008c600000, 0x000000008c600000, 0x000000008c700000|  0%| F|  |TAMS 0x000000008c600000, 0x000000008c600000| Untracked 
| 199|0x000000008c700000, 0x000000008c700000, 0x000000008c800000|  0%| F|  |TAMS 0x000000008c700000, 0x000000008c700000| Untracked 
| 200|0x000000008c800000, 0x000000008c800000, 0x000000008c900000|  0%| F|  |TAMS 0x000000008c800000, 0x000000008c800000| Untracked 
| 201|0x000000008c900000, 0x000000008c900000, 0x000000008ca00000|  0%| F|  |TAMS 0x000000008c900000, 0x000000008c900000| Untracked 
| 202|0x000000008ca00000, 0x000000008ca00000, 0x000000008cb00000|  0%| F|  |TAMS 0x000000008ca00000, 0x000000008ca00000| Untracked 
| 203|0x000000008cb00000, 0x000000008cb00000, 0x000000008cc00000|  0%| F|  |TAMS 0x000000008cb00000, 0x000000008cb00000| Untracked 
| 204|0x000000008cc00000, 0x000000008cc00000, 0x000000008cd00000|  0%| F|  |TAMS 0x000000008cc00000, 0x000000008cc00000| Untracked 
| 205|0x000000008cd00000, 0x000000008cd00000, 0x000000008ce00000|  0%| F|  |TAMS 0x000000008cd00000, 0x000000008cd00000| Untracked 
| 206|0x000000008ce00000, 0x000000008ce00000, 0x000000008cf00000|  0%| F|  |TAMS 0x000000008ce00000, 0x000000008ce00000| Untracked 
| 207|0x000000008cf00000, 0x000000008cf00000, 0x000000008d000000|  0%| F|  |TAMS 0x000000008cf00000, 0x000000008cf00000| Untracked 
| 208|0x000000008d000000, 0x000000008d000000, 0x000000008d100000|  0%| F|  |TAMS 0x000000008d000000, 0x000000008d000000| Untracked 
| 209|0x000000008d100000, 0x000000008d100000, 0x000000008d200000|  0%| F|  |TAMS 0x000000008d100000, 0x000000008d100000| Untracked 
| 210|0x000000008d200000, 0x000000008d200000, 0x000000008d300000|  0%| F|  |TAMS 0x000000008d200000, 0x000000008d200000| Untracked 
| 211|0x000000008d300000, 0x000000008d300000, 0x000000008d400000|  0%| F|  |TAMS 0x000000008d300000, 0x000000008d300000| Untracked 
| 212|0x000000008d400000, 0x000000008d400000, 0x000000008d500000|  0%| F|  |TAMS 0x000000008d400000, 0x000000008d400000| Untracked 
| 213|0x000000008d500000, 0x000000008d500000, 0x000000008d600000|  0%| F|  |TAMS 0x000000008d500000, 0x000000008d500000| Untracked 
| 214|0x000000008d600000, 0x000000008d600000, 0x000000008d700000|  0%| F|  |TAMS 0x000000008d600000, 0x000000008d600000| Untracked 
| 215|0x000000008d700000, 0x000000008d700000, 0x000000008d800000|  0%| F|  |TAMS 0x000000008d700000, 0x000000008d700000| Untracked 
| 216|0x000000008d800000, 0x000000008d800000, 0x000000008d900000|  0%| F|  |TAMS 0x000000008d800000, 0x000000008d800000| Untracked 
| 217|0x000000008d900000, 0x000000008d900000, 0x000000008da00000|  0%| F|  |TAMS 0x000000008d900000, 0x000000008d900000| Untracked 
| 218|0x000000008da00000, 0x000000008da00000, 0x000000008db00000|  0%| F|  |TAMS 0x000000008da00000, 0x000000008da00000| Untracked 
| 219|0x000000008db00000, 0x000000008db00000, 0x000000008dc00000|  0%| F|  |TAMS 0x000000008db00000, 0x000000008db00000| Untracked 
| 220|0x000000008dc00000, 0x000000008dc00000, 0x000000008dd00000|  0%| F|  |TAMS 0x000000008dc00000, 0x000000008dc00000| Untracked 
| 221|0x000000008dd00000, 0x000000008dd00000, 0x000000008de00000|  0%| F|  |TAMS 0x000000008dd00000, 0x000000008dd00000| Untracked 
| 222|0x000000008de00000, 0x000000008de00000, 0x000000008df00000|  0%| F|  |TAMS 0x000000008de00000, 0x000000008de00000| Untracked 
| 223|0x000000008df00000, 0x000000008df00000, 0x000000008e000000|  0%| F|  |TAMS 0x000000008df00000, 0x000000008df00000| Untracked 
| 224|0x000000008e000000, 0x000000008e000000, 0x000000008e100000|  0%| F|  |TAMS 0x000000008e000000, 0x000000008e000000| Untracked 
| 225|0x000000008e100000, 0x000000008e100000, 0x000000008e200000|  0%| F|  |TAMS 0x000000008e100000, 0x000000008e100000| Untracked 
| 226|0x000000008e200000, 0x000000008e200000, 0x000000008e300000|  0%| F|  |TAMS 0x000000008e200000, 0x000000008e200000| Untracked 
| 227|0x000000008e300000, 0x000000008e300000, 0x000000008e400000|  0%| F|  |TAMS 0x000000008e300000, 0x000000008e300000| Untracked 
| 228|0x000000008e400000, 0x000000008e400000, 0x000000008e500000|  0%| F|  |TAMS 0x000000008e400000, 0x000000008e400000| Untracked 
| 229|0x000000008e500000, 0x000000008e500000, 0x000000008e600000|  0%| F|  |TAMS 0x000000008e500000, 0x000000008e500000| Untracked 
| 230|0x000000008e600000, 0x000000008e600000, 0x000000008e700000|  0%| F|  |TAMS 0x000000008e600000, 0x000000008e600000| Untracked 
| 231|0x000000008e700000, 0x000000008e700000, 0x000000008e800000|  0%| F|  |TAMS 0x000000008e700000, 0x000000008e700000| Untracked 
| 232|0x000000008e800000, 0x000000008e800000, 0x000000008e900000|  0%| F|  |TAMS 0x000000008e800000, 0x000000008e800000| Untracked 
| 233|0x000000008e900000, 0x000000008e900000, 0x000000008ea00000|  0%| F|  |TAMS 0x000000008e900000, 0x000000008e900000| Untracked 
| 234|0x000000008ea00000, 0x000000008ea00000, 0x000000008eb00000|  0%| F|  |TAMS 0x000000008ea00000, 0x000000008ea00000| Untracked 
| 235|0x000000008eb00000, 0x000000008eb00000, 0x000000008ec00000|  0%| F|  |TAMS 0x000000008eb00000, 0x000000008eb00000| Untracked 
| 236|0x000000008ec00000, 0x000000008ec00000, 0x000000008ed00000|  0%| F|  |TAMS 0x000000008ec00000, 0x000000008ec00000| Untracked 
| 237|0x000000008ed00000, 0x000000008ed00000, 0x000000008ee00000|  0%| F|  |TAMS 0x000000008ed00000, 0x000000008ed00000| Untracked 
| 238|0x000000008ee00000, 0x000000008ee00000, 0x000000008ef00000|  0%| F|  |TAMS 0x000000008ee00000, 0x000000008ee00000| Untracked 
| 239|0x000000008ef00000, 0x000000008ef00000, 0x000000008f000000|  0%| F|  |TAMS 0x000000008ef00000, 0x000000008ef00000| Untracked 
| 240|0x000000008f000000, 0x000000008f000000, 0x000000008f100000|  0%| F|  |TAMS 0x000000008f000000, 0x000000008f000000| Untracked 
| 241|0x000000008f100000, 0x000000008f100000, 0x000000008f200000|  0%| F|  |TAMS 0x000000008f100000, 0x000000008f100000| Untracked 
| 242|0x000000008f200000, 0x000000008f200000, 0x000000008f300000|  0%| F|  |TAMS 0x000000008f200000, 0x000000008f200000| Untracked 
| 243|0x000000008f300000, 0x000000008f300000, 0x000000008f400000|  0%| F|  |TAMS 0x000000008f300000, 0x000000008f300000| Untracked 
| 244|0x000000008f400000, 0x000000008f400000, 0x000000008f500000|  0%| F|  |TAMS 0x000000008f400000, 0x000000008f400000| Untracked 
| 245|0x000000008f500000, 0x000000008f500000, 0x000000008f600000|  0%| F|  |TAMS 0x000000008f500000, 0x000000008f500000| Untracked 
| 246|0x000000008f600000, 0x000000008f600000, 0x000000008f700000|  0%| F|  |TAMS 0x000000008f600000, 0x000000008f600000| Untracked 
| 247|0x000000008f700000, 0x000000008f700000, 0x000000008f800000|  0%| F|  |TAMS 0x000000008f700000, 0x000000008f700000| Untracked 
| 248|0x000000008f800000, 0x000000008f800000, 0x000000008f900000|  0%| F|  |TAMS 0x000000008f800000, 0x000000008f800000| Untracked 
| 249|0x000000008f900000, 0x000000008f900000, 0x000000008fa00000|  0%| F|  |TAMS 0x000000008f900000, 0x000000008f900000| Untracked 
| 250|0x000000008fa00000, 0x000000008fa00000, 0x000000008fb00000|  0%| F|  |TAMS 0x000000008fa00000, 0x000000008fa00000| Untracked 
| 251|0x000000008fb00000, 0x000000008fb00000, 0x000000008fc00000|  0%| F|  |TAMS 0x000000008fb00000, 0x000000008fb00000| Untracked 
| 252|0x000000008fc00000, 0x000000008fc00000, 0x000000008fd00000|  0%| F|  |TAMS 0x000000008fc00000, 0x000000008fc00000| Untracked 
| 253|0x000000008fd00000, 0x000000008fd00000, 0x000000008fe00000|  0%| F|  |TAMS 0x000000008fd00000, 0x000000008fd00000| Untracked 
| 254|0x000000008fe00000, 0x000000008fe00000, 0x000000008ff00000|  0%| F|  |TAMS 0x000000008fe00000, 0x000000008fe00000| Untracked 
| 255|0x000000008ff00000, 0x000000008ff00000, 0x0000000090000000|  0%| F|  |TAMS 0x000000008ff00000, 0x000000008ff00000| Untracked 
| 256|0x0000000090000000, 0x0000000090000000, 0x0000000090100000|  0%| F|  |TAMS 0x0000000090000000, 0x0000000090000000| Untracked 
| 257|0x0000000090100000, 0x0000000090100000, 0x0000000090200000|  0%| F|  |TAMS 0x0000000090100000, 0x0000000090100000| Untracked 
| 258|0x0000000090200000, 0x0000000090200000, 0x0000000090300000|  0%| F|  |TAMS 0x0000000090200000, 0x0000000090200000| Untracked 
| 259|0x0000000090300000, 0x0000000090300000, 0x0000000090400000|  0%| F|  |TAMS 0x0000000090300000, 0x0000000090300000| Untracked 
| 260|0x0000000090400000, 0x0000000090400000, 0x0000000090500000|  0%| F|  |TAMS 0x0000000090400000, 0x0000000090400000| Untracked 
| 261|0x0000000090500000, 0x0000000090500000, 0x0000000090600000|  0%| F|  |TAMS 0x0000000090500000, 0x0000000090500000| Untracked 
| 262|0x0000000090600000, 0x0000000090600000, 0x0000000090700000|  0%| F|  |TAMS 0x0000000090600000, 0x0000000090600000| Untracked 
| 263|0x0000000090700000, 0x0000000090700000, 0x0000000090800000|  0%| F|  |TAMS 0x0000000090700000, 0x0000000090700000| Untracked 
| 264|0x0000000090800000, 0x0000000090800000, 0x0000000090900000|  0%| F|  |TAMS 0x0000000090800000, 0x0000000090800000| Untracked 
| 265|0x0000000090900000, 0x0000000090900000, 0x0000000090a00000|  0%| F|  |TAMS 0x0000000090900000, 0x0000000090900000| Untracked 
| 266|0x0000000090a00000, 0x0000000090a00000, 0x0000000090b00000|  0%| F|  |TAMS 0x0000000090a00000, 0x0000000090a00000| Untracked 
| 267|0x0000000090b00000, 0x0000000090b00000, 0x0000000090c00000|  0%| F|  |TAMS 0x0000000090b00000, 0x0000000090b00000| Untracked 
| 268|0x0000000090c00000, 0x0000000090c00000, 0x0000000090d00000|  0%| F|  |TAMS 0x0000000090c00000, 0x0000000090c00000| Untracked 
| 269|0x0000000090d00000, 0x0000000090d00000, 0x0000000090e00000|  0%| F|  |TAMS 0x0000000090d00000, 0x0000000090d00000| Untracked 
| 270|0x0000000090e00000, 0x0000000090e00000, 0x0000000090f00000|  0%| F|  |TAMS 0x0000000090e00000, 0x0000000090e00000| Untracked 
| 271|0x0000000090f00000, 0x0000000090f00000, 0x0000000091000000|  0%| F|  |TAMS 0x0000000090f00000, 0x0000000090f00000| Untracked 
| 272|0x0000000091000000, 0x0000000091000000, 0x0000000091100000|  0%| F|  |TAMS 0x0000000091000000, 0x0000000091000000| Untracked 
| 273|0x0000000091100000, 0x0000000091100000, 0x0000000091200000|  0%| F|  |TAMS 0x0000000091100000, 0x0000000091100000| Untracked 
| 274|0x0000000091200000, 0x0000000091200000, 0x0000000091300000|  0%| F|  |TAMS 0x0000000091200000, 0x0000000091200000| Untracked 
| 275|0x0000000091300000, 0x0000000091300000, 0x0000000091400000|  0%| F|  |TAMS 0x0000000091300000, 0x0000000091300000| Untracked 
| 276|0x0000000091400000, 0x0000000091400000, 0x0000000091500000|  0%| F|  |TAMS 0x0000000091400000, 0x0000000091400000| Untracked 
| 277|0x0000000091500000, 0x0000000091500000, 0x0000000091600000|  0%| F|  |TAMS 0x0000000091500000, 0x0000000091500000| Untracked 
| 278|0x0000000091600000, 0x000000009168db60, 0x0000000091700000| 55%| E|  |TAMS 0x0000000091600000, 0x0000000091600000| Complete 
| 279|0x0000000091700000, 0x0000000091800000, 0x0000000091800000|100%| E|CS|TAMS 0x0000000091700000, 0x0000000091700000| Complete 
| 280|0x0000000091800000, 0x0000000091900000, 0x0000000091900000|100%| E|CS|TAMS 0x0000000091800000, 0x0000000091800000| Complete 
| 281|0x0000000091900000, 0x0000000091a00000, 0x0000000091a00000|100%| E|CS|TAMS 0x0000000091900000, 0x0000000091900000| Complete 
| 282|0x0000000091a00000, 0x0000000091b00000, 0x0000000091b00000|100%| E|CS|TAMS 0x0000000091a00000, 0x0000000091a00000| Complete 
| 283|0x0000000091b00000, 0x0000000091be1ab0, 0x0000000091c00000| 88%| S|CS|TAMS 0x0000000091b00000, 0x0000000091b00000| Complete 
| 284|0x0000000091c00000, 0x0000000091d00000, 0x0000000091d00000|100%| S|CS|TAMS 0x0000000091c00000, 0x0000000091c00000| Complete 
| 285|0x0000000091d00000, 0x0000000091e00000, 0x0000000091e00000|100%| E|CS|TAMS 0x0000000091d00000, 0x0000000091d00000| Complete 
| 286|0x0000000091e00000, 0x0000000091f00000, 0x0000000091f00000|100%| E|CS|TAMS 0x0000000091e00000, 0x0000000091e00000| Complete 
| 287|0x0000000091f00000, 0x0000000092000000, 0x0000000092000000|100%| E|CS|TAMS 0x0000000091f00000, 0x0000000091f00000| Complete 

Card table byte_map: [0x000001f4481c0000,0x000001f4485c0000] _byte_map_base: 0x000001f447dc0000

Marking Bits (Prev, Next): (CMBitMap*) 0x000001f42f775ba0, (CMBitMap*) 0x000001f42f775be0
 Prev Bits: [0x000001f4489c0000, 0x000001f44a9c0000)
 Next Bits: [0x000001f44a9c0000, 0x000001f44c9c0000)

Polling page: 0x000001f42f5a0000

Metaspace:

Usage:
  Non-class:    105.53 MB used.
      Class:     15.88 MB used.
       Both:    121.41 MB used.

Virtual space:
  Non-class space:      128.00 MB reserved,     105.94 MB ( 83%) committed,  2 nodes.
      Class space:        1.00 GB reserved,      16.31 MB (  2%) committed,  1 nodes.
             Both:        1.12 GB reserved,     122.25 MB ( 11%) committed. 

Chunk freelists:
   Non-Class:  5.69 MB
       Class:  15.73 MB
        Both:  21.42 MB

MaxMetaspaceSize: unlimited
CompressedClassSpaceSize: 1.00 GB
Initial GC threshold: 21.00 MB
Current GC threshold: 185.00 MB
CDS: on
MetaspaceReclaimPolicy: balanced
 - commit_granule_bytes: 65536.
 - commit_granule_words: 8192.
 - virtual_space_node_default_size: 8388608.
 - enlarge_chunks_in_place: 1.
 - new_chunks_are_fully_committed: 0.
 - uncommit_free_chunks: 1.
 - use_allocation_guard: 0.
 - handle_deallocations: 1.


Internal statistics:

num_allocs_failed_limit: 9.
num_arena_births: 1184.
num_arena_deaths: 0.
num_vsnodes_births: 3.
num_vsnodes_deaths: 0.
num_space_committed: 1954.
num_space_uncommitted: 0.
num_chunks_returned_to_freelist: 9.
num_chunks_taken_from_freelist: 5988.
num_chunk_merges: 9.
num_chunk_splits: 4375.
num_chunks_enlarged: 3333.
num_inconsistent_stats: 0.

CodeHeap 'non-profiled nmethods': size=120000Kb used=6795Kb max_used=7021Kb free=113204Kb
 bounds [0x000001f440270000, 0x000001f440950000, 0x000001f4477a0000]
CodeHeap 'profiled nmethods': size=120000Kb used=24616Kb max_used=24616Kb free=95383Kb
 bounds [0x000001f4387a0000, 0x000001f439fb0000, 0x000001f43fcd0000]
CodeHeap 'non-nmethods': size=5760Kb used=1867Kb max_used=1911Kb free=3892Kb
 bounds [0x000001f43fcd0000, 0x000001f43ff40000, 0x000001f440270000]
 total_blobs=13059 nmethods=12069 adapters=899
 compilation: enabled
              stopped_count=0, restarted_count=0
 full_count=0

Compilation events (20 events):
Event: 35.419 Thread 0x000001f44efd5180 nmethod 14167 0x000001f44087f210 code [0x000001f44087f3e0, 0x000001f44087fdd8]
Event: 35.419 Thread 0x000001f44efd5180 14168       4       java.util.stream.SpinedBuffer::accept (94 bytes)
Event: 35.425 Thread 0x000001f44efd5180 nmethod 14168 0x000001f44087ea10 code [0x000001f44087ebc0, 0x000001f44087efd8]
Event: 35.433 Thread 0x000001f44efd5180 14169       4       java.lang.invoke.MethodType::makeImpl (109 bytes)
Event: 35.434 Thread 0x000001f44efd6c40 14170       3       java.lang.invoke.MethodTypeForm::findForm (24 bytes)
Event: 35.434 Thread 0x000001f44efd6c40 nmethod 14170 0x000001f439f9ed10 code [0x000001f439f9eec0, 0x000001f439f9f118]
Event: 35.461 Thread 0x000001f44efd6c40 14172       3       org.jetbrains.kotlin.ir.declarations.impl.IrFunctionImpl::setValueParameters (12 bytes)
Event: 35.461 Thread 0x000001f44efd6c40 nmethod 14172 0x000001f439f9f210 code [0x000001f439f9f420, 0x000001f439f9fa38]
Event: 35.461 Thread 0x000001f44efd6c40 14173       3       org.jetbrains.kotlin.ir.expressions.IrExpression::transform (25 bytes)
Event: 35.462 Thread 0x000001f44efd6c40 nmethod 14173 0x000001f439f9fc90 code [0x000001f439f9ff20, 0x000001f439fa0c38]
Event: 35.462 Thread 0x000001f44efd6c40 14174       1       org.jetbrains.kotlin.ir.declarations.impl.IrFunctionImpl::setDispatchReceiverParameter (6 bytes)
Event: 35.463 Thread 0x000001f44efd6c40 nmethod 14174 0x000001f44087e710 code [0x000001f44087e8a0, 0x000001f44087e9b8]
Event: 35.472 Thread 0x000001f44efd6c40 14176       3       org.jetbrains.kotlin.ir.expressions.IrMemberAccessExpression::acceptChildren (102 bytes)
Event: 35.473 Thread 0x000001f44efd6c40 nmethod 14176 0x000001f439fa1010 code [0x000001f439fa12a0, 0x000001f439fa1f18]
Event: 35.473 Thread 0x000001f44efd6c40 14177       3       org.jetbrains.kotlin.ir.visitors.IrElementVisitorVoid$DefaultImpls::visitDeclarationReference (17 bytes)
Event: 35.473 Thread 0x000001f44efd6c40 nmethod 14177 0x000001f439fa2310 code [0x000001f439fa2520, 0x000001f439fa2b88]
Event: 35.473 Thread 0x000001f44efd6c40 14178       3       org.jetbrains.kotlin.ir.expressions.IrConst::accept (15 bytes)
Event: 35.474 Thread 0x000001f44efd6c40 nmethod 14178 0x000001f439fa2e10 code [0x000001f439fa3020, 0x000001f439fa36c8]
Event: 35.489 Thread 0x000001f44efd6c40 14179       2       java.lang.Package::isSealed (26 bytes)
Event: 35.489 Thread 0x000001f44efd6c40 nmethod 14179 0x000001f439fa3990 code [0x000001f439fa3b20, 0x000001f439fa3c78]

GC Heap History (20 events):
Event: 22.061 GC heap before
{Heap before GC invocations=27 (full 0):
 garbage-first heap   total 147456K, used 118093K [0x0000000080000000, 0x0000000100000000)
  region size 1024K, 44 young (45056K), 3 survivors (3072K)
 Metaspace       used 70754K, committed 71488K, reserved 1114112K
  class space    used 9663K, committed 9984K, reserved 1048576K
}
Event: 22.068 GC heap after
{Heap after GC invocations=28 (full 0):
 garbage-first heap   total 147456K, used 78124K [0x0000000080000000, 0x0000000100000000)
  region size 1024K, 5 young (5120K), 5 survivors (5120K)
 Metaspace       used 70754K, committed 71488K, reserved 1114112K
  class space    used 9663K, committed 9984K, reserved 1048576K
}
Event: 22.107 GC heap before
{Heap before GC invocations=28 (full 0):
 garbage-first heap   total 147456K, used 80172K [0x0000000080000000, 0x0000000100000000)
  region size 1024K, 7 young (7168K), 5 survivors (5120K)
 Metaspace       used 70936K, committed 71616K, reserved 1114112K
  class space    used 9686K, committed 9984K, reserved 1048576K
}
Event: 22.119 GC heap after
{Heap after GC invocations=29 (full 0):
 garbage-first heap   total 147456K, used 78131K [0x0000000080000000, 0x0000000100000000)
  region size 1024K, 1 young (1024K), 1 survivors (1024K)
 Metaspace       used 70936K, committed 71616K, reserved 1114112K
  class space    used 9686K, committed 9984K, reserved 1048576K
}
Event: 22.446 GC heap before
{Heap before GC invocations=29 (full 0):
 garbage-first heap   total 147456K, used 95539K [0x0000000080000000, 0x0000000100000000)
  region size 1024K, 19 young (19456K), 1 survivors (1024K)
 Metaspace       used 72085K, committed 72832K, reserved 1114112K
  class space    used 9842K, committed 10176K, reserved 1048576K
}
Event: 22.451 GC heap after
{Heap after GC invocations=30 (full 0):
 garbage-first heap   total 294912K, used 77972K [0x0000000080000000, 0x0000000100000000)
  region size 1024K, 1 young (1024K), 1 survivors (1024K)
 Metaspace       used 72085K, committed 72832K, reserved 1114112K
  class space    used 9842K, committed 10176K, reserved 1048576K
}
Event: 25.944 GC heap before
{Heap before GC invocations=30 (full 0):
 garbage-first heap   total 294912K, used 242836K [0x0000000080000000, 0x0000000100000000)
  region size 1024K, 152 young (155648K), 1 survivors (1024K)
 Metaspace       used 88017K, committed 88896K, reserved 1179648K
  class space    used 12295K, committed 12736K, reserved 1048576K
}
Event: 25.960 GC heap after
{Heap after GC invocations=31 (full 0):
 garbage-first heap   total 294912K, used 98876K [0x0000000080000000, 0x0000000100000000)
  region size 1024K, 11 young (11264K), 11 survivors (11264K)
 Metaspace       used 88017K, committed 88896K, reserved 1179648K
  class space    used 12295K, committed 12736K, reserved 1048576K
}
Event: 27.320 GC heap before
{Heap before GC invocations=31 (full 0):
 garbage-first heap   total 294912K, used 240188K [0x0000000080000000, 0x0000000100000000)
  region size 1024K, 141 young (144384K), 11 survivors (11264K)
 Metaspace       used 93257K, committed 94016K, reserved 1179648K
  class space    used 12873K, committed 13248K, reserved 1048576K
}
Event: 27.366 GC heap after
{Heap after GC invocations=32 (full 0):
 garbage-first heap   total 294912K, used 129122K [0x0000000080000000, 0x0000000100000000)
  region size 1024K, 18 young (18432K), 18 survivors (18432K)
 Metaspace       used 93257K, committed 94016K, reserved 1179648K
  class space    used 12873K, committed 13248K, reserved 1048576K
}
Event: 29.448 GC heap before
{Heap before GC invocations=32 (full 0):
 garbage-first heap   total 294912K, used 231522K [0x0000000080000000, 0x0000000100000000)
  region size 1024K, 118 young (120832K), 18 survivors (18432K)
 Metaspace       used 105521K, committed 106368K, reserved 1179648K
  class space    used 14238K, committed 14656K, reserved 1048576K
}
Event: 29.476 GC heap after
{Heap after GC invocations=33 (full 0):
 garbage-first heap   total 294912K, used 136665K [0x0000000080000000, 0x0000000100000000)
  region size 1024K, 6 young (6144K), 6 survivors (6144K)
 Metaspace       used 105521K, committed 106368K, reserved 1179648K
  class space    used 14238K, committed 14656K, reserved 1048576K
}
Event: 30.935 GC heap before
{Heap before GC invocations=33 (full 0):
 garbage-first heap   total 294912K, used 237017K [0x0000000080000000, 0x0000000100000000)
  region size 1024K, 103 young (105472K), 6 survivors (6144K)
 Metaspace       used 108763K, committed 109632K, reserved 1179648K
  class space    used 14568K, committed 14976K, reserved 1048576K
}
Event: 30.949 GC heap after
{Heap after GC invocations=34 (full 0):
 garbage-first heap   total 294912K, used 143833K [0x0000000080000000, 0x0000000100000000)
  region size 1024K, 13 young (13312K), 13 survivors (13312K)
 Metaspace       used 108763K, committed 109632K, reserved 1179648K
  class space    used 14568K, committed 14976K, reserved 1048576K
}
Event: 32.722 GC heap before
{Heap before GC invocations=34 (full 0):
 garbage-first heap   total 294912K, used 188889K [0x0000000080000000, 0x0000000100000000)
  region size 1024K, 58 young (59392K), 13 survivors (13312K)
 Metaspace       used 112589K, committed 113408K, reserved 1179648K
  class space    used 14946K, committed 15360K, reserved 1048576K
}
Event: 32.741 GC heap after
{Heap after GC invocations=35 (full 0):
 garbage-first heap   total 294912K, used 148875K [0x0000000080000000, 0x0000000100000000)
  region size 1024K, 5 young (5120K), 5 survivors (5120K)
 Metaspace       used 112589K, committed 113408K, reserved 1179648K
  class space    used 14946K, committed 15360K, reserved 1048576K
}
Event: 35.312 GC heap before
{Heap before GC invocations=36 (full 0):
 garbage-first heap   total 294912K, used 240011K [0x0000000080000000, 0x0000000100000000)
  region size 1024K, 95 young (97280K), 5 survivors (5120K)
 Metaspace       used 122868K, committed 123776K, reserved 1179648K
  class space    used 16137K, committed 16576K, reserved 1048576K
}
Event: 35.327 GC heap after
{Heap after GC invocations=37 (full 0):
 garbage-first heap   total 294912K, used 153276K [0x0000000080000000, 0x0000000100000000)
  region size 1024K, 11 young (11264K), 11 survivors (11264K)
 Metaspace       used 122868K, committed 123776K, reserved 1179648K
  class space    used 16137K, committed 16576K, reserved 1048576K
}
Event: 35.378 GC heap before
{Heap before GC invocations=37 (full 0):
 garbage-first heap   total 294912K, used 156348K [0x0000000080000000, 0x0000000100000000)
  region size 1024K, 14 young (14336K), 11 survivors (11264K)
 Metaspace       used 123191K, committed 124032K, reserved 1179648K
  class space    used 16176K, committed 16576K, reserved 1048576K
}
Event: 35.393 GC heap after
{Heap after GC invocations=38 (full 0):
 garbage-first heap   total 294912K, used 152970K [0x0000000080000000, 0x0000000100000000)
  region size 1024K, 2 young (2048K), 2 survivors (2048K)
 Metaspace       used 123191K, committed 124032K, reserved 1179648K
  class space    used 16176K, committed 16576K, reserved 1048576K
}

Deoptimization events (20 events):
Event: 34.140 Thread 0x000001f496316470 Uncommon trap: trap_request=0xffffffde fr.pc=0x000001f4408f90d4 relative=0x0000000000001cd4
Event: 34.140 Thread 0x000001f496316470 Uncommon trap: reason=class_check action=maybe_recompile pc=0x000001f4408f90d4 method=org.jetbrains.kotlin.storage.LockBasedStorageManager$LockBasedLazyValue.invoke()Ljava/lang/Object; @ 24 c2
Event: 34.140 Thread 0x000001f496316470 DEOPT PACKING pc=0x000001f4408f90d4 sp=0x0000000ed4df4bb0
Event: 34.140 Thread 0x000001f496316470 DEOPT UNPACKING pc=0x000001f43fd223a3 sp=0x0000000ed4df4940 mode 2
Event: 34.145 Thread 0x000001f496316470 Uncommon trap: trap_request=0xffffffde fr.pc=0x000001f440849390 relative=0x0000000000000590
Event: 34.145 Thread 0x000001f496316470 Uncommon trap: reason=class_check action=maybe_recompile pc=0x000001f440849390 method=org.jetbrains.kotlin.storage.LockBasedStorageManager$LockBasedLazyValue.invoke()Ljava/lang/Object; @ 24 c2
Event: 34.145 Thread 0x000001f496316470 DEOPT PACKING pc=0x000001f440849390 sp=0x0000000ed4df47c0
Event: 34.145 Thread 0x000001f496316470 DEOPT UNPACKING pc=0x000001f43fd223a3 sp=0x0000000ed4df4710 mode 2
Event: 34.146 Thread 0x000001f496316470 Uncommon trap: trap_request=0xffffffde fr.pc=0x000001f440844d84 relative=0x00000000000003a4
Event: 34.146 Thread 0x000001f496316470 Uncommon trap: reason=class_check action=maybe_recompile pc=0x000001f440844d84 method=org.jetbrains.kotlin.storage.LockBasedStorageManager$LockBasedLazyValue.invoke()Ljava/lang/Object; @ 24 c2
Event: 34.146 Thread 0x000001f496316470 DEOPT PACKING pc=0x000001f440844d84 sp=0x0000000ed4df4820
Event: 34.146 Thread 0x000001f496316470 DEOPT UNPACKING pc=0x000001f43fd223a3 sp=0x0000000ed4df47c0 mode 2
Event: 34.147 Thread 0x000001f496316470 Uncommon trap: trap_request=0xffffffde fr.pc=0x000001f4408d93bc relative=0x00000000000005bc
Event: 34.147 Thread 0x000001f496316470 Uncommon trap: reason=class_check action=maybe_recompile pc=0x000001f4408d93bc method=org.jetbrains.kotlin.storage.LockBasedStorageManager$LockBasedLazyValue.invoke()Ljava/lang/Object; @ 24 c2
Event: 34.147 Thread 0x000001f496316470 DEOPT PACKING pc=0x000001f4408d93bc sp=0x0000000ed4df3350
Event: 34.147 Thread 0x000001f496316470 DEOPT UNPACKING pc=0x000001f43fd223a3 sp=0x0000000ed4df3248 mode 2
Event: 34.147 Thread 0x000001f496316470 Uncommon trap: trap_request=0xffffffde fr.pc=0x000001f44092d4c8 relative=0x00000000000006a8
Event: 34.147 Thread 0x000001f496316470 Uncommon trap: reason=class_check action=maybe_recompile pc=0x000001f44092d4c8 method=org.jetbrains.kotlin.storage.LockBasedStorageManager$LockBasedLazyValue.invoke()Ljava/lang/Object; @ 24 c2
Event: 34.147 Thread 0x000001f496316470 DEOPT PACKING pc=0x000001f44092d4c8 sp=0x0000000ed4df3480
Event: 34.147 Thread 0x000001f496316470 DEOPT UNPACKING pc=0x000001f43fd223a3 sp=0x0000000ed4df32a8 mode 2

Classes unloaded (0 events):
No events

Classes redefined (0 events):
No events

Internal exceptions (20 events):
Event: 31.272 Thread 0x000001f496316470 Exception <a 'java/lang/NoSuchMethodError'{0x000000009115e250}: 'java.lang.Object java.lang.invoke.DirectMethodHandle$Holder.newInvokeSpecial(java.lang.Object, int, java.lang.Object, java.lang.Object, java.lang.Object, java.lang.Object, java.lang.Object)'> (0x000000009115e250) 
thrown [s\open\src\hotspot\share\interpreter\linkResolver.cpp, line 759]
Event: 31.272 Thread 0x000001f496316470 Exception <a 'java/lang/NoSuchMethodError'{0x00000000911645f8}: 'java.lang.Object java.lang.invoke.DirectMethodHandle$Holder.invokeSpecial(java.lang.Object, java.lang.Object, int, java.lang.Object, java.lang.Object, java.lang.Object, java.lang.Object, java.lang.Object)'> (0x00000000911645f8) 
thrown [s\open\src\hotspot\share\interpreter\linkResolver.cpp, line 759]
Event: 31.436 Thread 0x000001f496316470 Exception <a 'java/lang/IncompatibleClassChangeError'{0x0000000090bc5fb8}: Found class java.lang.Object, but interface was expected> (0x0000000090bc5fb8) 
thrown [s\open\src\hotspot\share\interpreter\linkResolver.cpp, line 826]
Event: 31.459 Thread 0x000001f496316470 Exception <a 'java/lang/NoSuchMethodError'{0x0000000090a5ee50}: 'int java.lang.invoke.DirectMethodHandle$Holder.invokeStaticInit(java.lang.Object, int)'> (0x0000000090a5ee50) 
thrown [s\open\src\hotspot\share\interpreter\linkResolver.cpp, line 759]
Event: 32.132 Thread 0x000001f496316470 Exception <a 'java/lang/NoSuchMethodError'{0x000000008fe3d840}: 'int java.lang.invoke.DirectMethodHandle$Holder.invokeSpecial(java.lang.Object, java.lang.Object, int, int)'> (0x000000008fe3d840) 
thrown [s\open\src\hotspot\share\interpreter\linkResolver.cpp, line 759]
Event: 32.451 Thread 0x000001f496316470 Exception <a 'java/lang/NoSuchMethodError'{0x000000008f822f00}: 'java.lang.Object java.lang.invoke.DirectMethodHandle$Holder.invokeStatic(java.lang.Object, java.lang.Object, int, java.lang.Object)'> (0x000000008f822f00) 
thrown [s\open\src\hotspot\share\interpreter\linkResolver.cpp, line 759]
Event: 33.547 Thread 0x000001f496316470 Exception <a 'java/lang/NoSuchMethodError'{0x0000000091469188}: 'java.lang.Object java.lang.invoke.DirectMethodHandle$Holder.newInvokeSpecial(java.lang.Object, java.lang.Object, java.lang.Object, java.lang.Object, java.lang.Object, java.lang.Object, java.lang.Object, int)'> (0x0000000091469188) 
thrown [s\open\src\hotspot\share\interpreter\linkResolver.cpp, line 759]
Event: 33.547 Thread 0x000001f496316470 Exception <a 'java/lang/NoSuchMethodError'{0x000000009146f9d0}: 'java.lang.Object java.lang.invoke.DirectMethodHandle$Holder.invokeSpecial(java.lang.Object, java.lang.Object, java.lang.Object, java.lang.Object, java.lang.Object, java.lang.Object, java.lang.Object, java.lang.Object, int)'> (0x000000009146f9d0) 
thrown [s\open\src\hotspot\share\interpreter\linkResolver.cpp, line 759]
Event: 33.548 Thread 0x000001f496316470 Exception <a 'java/lang/NoSuchMethodError'{0x0000000091475990}: 'java.lang.Object java.lang.invoke.Invokers$Holder.linkToTargetMethod(java.lang.Object, java.lang.Object, java.lang.Object, java.lang.Object, java.lang.Object, java.lang.Object, int, java.lang.Object)'> (0x0000000091475990) 
thrown [s\open\src\hotspot\share\interpreter\linkResolver.cpp, line 759]
Event: 34.476 Thread 0x000001f496316470 Exception <a 'java/lang/NoSuchMethodError'{0x000000008e521f60}: 'java.lang.Object java.lang.invoke.DirectMethodHandle$Holder.invokeStatic(java.lang.Object, java.lang.Object, int, int, java.lang.Object, java.lang.Object)'> (0x000000008e521f60) 
thrown [s\open\src\hotspot\share\interpreter\linkResolver.cpp, line 759]
Event: 34.477 Thread 0x000001f496316470 Exception <a 'java/lang/NoSuchMethodError'{0x000000008e52ede8}: 'java.lang.Object java.lang.invoke.DirectMethodHandle$Holder.invokeSpecial(java.lang.Object, java.lang.Object, java.lang.Object, int, int, java.lang.Object)'> (0x000000008e52ede8) 
thrown [s\open\src\hotspot\share\interpreter\linkResolver.cpp, line 759]
Event: 34.478 Thread 0x000001f496316470 Exception <a 'java/lang/NoSuchMethodError'{0x000000008e533d20}: 'java.lang.Object java.lang.invoke.Invokers$Holder.linkToTargetMethod(java.lang.Object, int, int, java.lang.Object, java.lang.Object)'> (0x000000008e533d20) 
thrown [s\open\src\hotspot\share\interpreter\linkResolver.cpp, line 759]
Event: 34.545 Thread 0x000001f496316470 Exception <a 'java/lang/NoSuchMethodError'{0x000000008e2478f0}: 'java.lang.Object java.lang.invoke.DirectMethodHandle$Holder.invokeStatic(java.lang.Object, java.lang.Object, java.lang.Object, int, int, java.lang.Object, java.lang.Object)'> (0x000000008e2478f0) 
thrown [s\open\src\hotspot\share\interpreter\linkResolver.cpp, line 759]
Event: 34.546 Thread 0x000001f496316470 Exception <a 'java/lang/NoSuchMethodError'{0x000000008e251c38}: 'java.lang.Object java.lang.invoke.DirectMethodHandle$Holder.newInvokeSpecial(java.lang.Object, java.lang.Object, java.lang.Object, int, int, java.lang.Object)'> (0x000000008e251c38) 
thrown [s\open\src\hotspot\share\interpreter\linkResolver.cpp, line 759]
Event: 34.547 Thread 0x000001f496316470 Exception <a 'java/lang/NoSuchMethodError'{0x000000008e25ad30}: 'java.lang.Object java.lang.invoke.Invokers$Holder.linkToTargetMethod(java.lang.Object, java.lang.Object, int, int, java.lang.Object, java.lang.Object)'> (0x000000008e25ad30) 
thrown [s\open\src\hotspot\share\interpreter\linkResolver.cpp, line 759]
Event: 34.551 Thread 0x000001f496316470 Exception <a 'java/lang/NoSuchMethodError'{0x000000008e2680b8}: 'java.lang.Object java.lang.invoke.DirectMethodHandle$Holder.invokeStatic(java.lang.Object, java.lang.Object, int, int, java.lang.Object)'> (0x000000008e2680b8) 
thrown [s\open\src\hotspot\share\interpreter\linkResolver.cpp, line 759]
Event: 34.620 Thread 0x000001f496316470 Exception <a 'java/lang/NoSuchMethodError'{0x000000008df12440}: 'java.lang.Object java.lang.invoke.DirectMethodHandle$Holder.newInvokeSpecial(java.lang.Object, java.lang.Object, java.lang.Object, int, int, java.lang.Object, java.lang.Object)'> (0x000000008df12440) 
thrown [s\open\src\hotspot\share\interpreter\linkResolver.cpp, line 759]
Event: 34.621 Thread 0x000001f496316470 Exception <a 'java/lang/NoSuchMethodError'{0x000000008df1b878}: 'java.lang.Object java.lang.invoke.Invokers$Holder.linkToTargetMethod(java.lang.Object, java.lang.Object, int, int, java.lang.Object, java.lang.Object, java.lang.Object)'> (0x000000008df1b878) 
thrown [s\open\src\hotspot\share\interpreter\linkResolver.cpp, line 759]
Event: 34.939 Thread 0x000001f496316470 Exception <a 'java/lang/NoSuchMethodError'{0x000000008d580048}: 'java.lang.Object java.lang.invoke.DirectMethodHandle$Holder.invokeStaticInit(java.lang.Object, int, java.lang.Object, java.lang.Object, java.lang.Object)'> (0x000000008d580048) 
thrown [s\open\src\hotspot\share\interpreter\linkResolver.cpp, line 759]
Event: 35.366 Thread 0x000001f496316470 Exception <a 'java/lang/NoSuchMethodError'{0x0000000091e98af8}: 'java.lang.Object java.lang.invoke.DirectMethodHandle$Holder.invokeSpecial(java.lang.Object, java.lang.Object, int, java.lang.Object, int)'> (0x0000000091e98af8) 
thrown [s\open\src\hotspot\share\interpreter\linkResolver.cpp, line 759]

VM Operations (20 events):
Event: 34.318 Executing VM operation: ICBufferFull
Event: 34.318 Executing VM operation: ICBufferFull done
Event: 34.725 Executing VM operation: HandshakeAllThreads
Event: 34.725 Executing VM operation: HandshakeAllThreads done
Event: 34.801 Executing VM operation: ICBufferFull
Event: 34.801 Executing VM operation: ICBufferFull done
Event: 34.806 Executing VM operation: HandshakeAllThreads
Event: 34.806 Executing VM operation: HandshakeAllThreads done
Event: 34.942 Executing VM operation: HandshakeAllThreads
Event: 34.942 Executing VM operation: HandshakeAllThreads done
Event: 35.297 Executing VM operation: HandshakeAllThreads
Event: 35.298 Executing VM operation: HandshakeAllThreads done
Event: 35.312 Executing VM operation: G1CollectForAllocation
Event: 35.327 Executing VM operation: G1CollectForAllocation done
Event: 35.377 Executing VM operation: G1CollectForAllocation
Event: 35.393 Executing VM operation: G1CollectForAllocation done
Event: 35.431 Executing VM operation: HandshakeAllThreads
Event: 35.431 Executing VM operation: HandshakeAllThreads done
Event: 35.433 Executing VM operation: HandshakeAllThreads
Event: 35.433 Executing VM operation: HandshakeAllThreads done

Events (20 events):
Event: 33.239 Thread 0x000001f44efd85c0 flushing nmethod 0x000001f439c30e90
Event: 33.239 Thread 0x000001f44efd85c0 flushing nmethod 0x000001f439c4cc10
Event: 33.239 Thread 0x000001f44efd85c0 flushing nmethod 0x000001f439c79e10
Event: 33.240 Thread 0x000001f44efd85c0 flushing nmethod 0x000001f439d0f190
Event: 33.240 Thread 0x000001f44efd85c0 flushing nmethod 0x000001f439d18090
Event: 33.240 Thread 0x000001f44efd85c0 flushing nmethod 0x000001f439d1a710
Event: 33.240 Thread 0x000001f44efd85c0 flushing nmethod 0x000001f439d1f710
Event: 33.240 Thread 0x000001f44efd85c0 flushing nmethod 0x000001f439d31990
Event: 33.240 Thread 0x000001f44efd85c0 flushing nmethod 0x000001f439d7d410
Event: 33.240 Thread 0x000001f44efd85c0 flushing nmethod 0x000001f439da4e10
Event: 33.669 loading class java/text/MessageFormat
Event: 33.670 loading class java/text/MessageFormat done
Event: 33.686 loading class jdk/internal/reflect/UnsafeBooleanFieldAccessorImpl
Event: 33.686 loading class jdk/internal/reflect/UnsafeBooleanFieldAccessorImpl done
Event: 33.757 loading class java/text/ChoiceFormat
Event: 33.758 loading class java/text/ChoiceFormat done
Event: 33.781 loading class java/text/MessageFormat$Field
Event: 33.781 loading class java/text/MessageFormat$Field done
Event: 33.871 Thread 0x000001f498dcbb10 Thread exited: 0x000001f498dcbb10
Event: 34.135 Thread 0x000001f49ac609a0 Thread added: 0x000001f49ac609a0


Dynamic libraries:
0x00007ff64dc90000 - 0x00007ff64dca0000 	C:\Program Files\Java\jdk-17\bin\java.exe
0x00007ffe0fdd0000 - 0x00007ffe0ffc8000 	C:\WINDOWS\SYSTEM32\ntdll.dll
0x00007ffe0fc60000 - 0x00007ffe0fd22000 	C:\WINDOWS\System32\KERNEL32.DLL
0x00007ffe0d980000 - 0x00007ffe0dc76000 	C:\WINDOWS\System32\KERNELBASE.dll
0x00007ffe0d880000 - 0x00007ffe0d980000 	C:\WINDOWS\System32\ucrtbase.dll
0x00007ffdf0810000 - 0x00007ffdf082b000 	C:\Program Files\Java\jdk-17\bin\VCRUNTIME140.dll
0x00007ffdf00a0000 - 0x00007ffdf00b9000 	C:\Program Files\Java\jdk-17\bin\jli.dll
0x00007ffe0ddf0000 - 0x00007ffe0dea1000 	C:\WINDOWS\System32\ADVAPI32.dll
0x00007ffe0e6c0000 - 0x00007ffe0e75e000 	C:\WINDOWS\System32\msvcrt.dll
0x00007ffe0e620000 - 0x00007ffe0e6bf000 	C:\WINDOWS\System32\sechost.dll
0x00007ffe0e9b0000 - 0x00007ffe0ead3000 	C:\WINDOWS\System32\RPCRT4.dll
0x00007ffe0ddc0000 - 0x00007ffe0dde7000 	C:\WINDOWS\System32\bcrypt.dll
0x00007ffe0e810000 - 0x00007ffe0e9ad000 	C:\WINDOWS\System32\USER32.dll
0x00007ffe0d730000 - 0x00007ffe0d752000 	C:\WINDOWS\System32\win32u.dll
0x00007ffdff260000 - 0x00007ffdff4fa000 	C:\WINDOWS\WinSxS\amd64_microsoft.windows.common-controls_6595b64144ccf1df_6.0.19041.5915_none_60b4b9d171f9c7c7\COMCTL32.dll
0x00007ffe0f660000 - 0x00007ffe0f68b000 	C:\WINDOWS\System32\GDI32.dll
0x00007ffe0d760000 - 0x00007ffe0d879000 	C:\WINDOWS\System32\gdi32full.dll
0x00007ffe0d4e0000 - 0x00007ffe0d57d000 	C:\WINDOWS\System32\msvcp_win.dll
0x00007ffe03900000 - 0x00007ffe0390a000 	C:\WINDOWS\SYSTEM32\VERSION.dll
0x00007ffe0f220000 - 0x00007ffe0f24f000 	C:\WINDOWS\System32\IMM32.DLL
0x00007ffe0a960000 - 0x00007ffe0a96c000 	C:\Program Files\Java\jdk-17\bin\vcruntime140_1.dll
0x00007ffdef7e0000 - 0x00007ffdef86e000 	C:\Program Files\Java\jdk-17\bin\msvcp140.dll
0x00007ffd8ee00000 - 0x00007ffd8f9e0000 	C:\Program Files\Java\jdk-17\bin\server\jvm.dll
0x00007ffe0f640000 - 0x00007ffe0f648000 	C:\WINDOWS\System32\PSAPI.DLL
0x00007ffdfd600000 - 0x00007ffdfd627000 	C:\WINDOWS\SYSTEM32\WINMM.dll
0x00007ffdfdfa0000 - 0x00007ffdfdfa9000 	C:\WINDOWS\SYSTEM32\WSOCK32.dll
0x00007ffe0f990000 - 0x00007ffe0f9fb000 	C:\WINDOWS\System32\WS2_32.dll
0x00007ffe0bc80000 - 0x00007ffe0bc92000 	C:\WINDOWS\SYSTEM32\kernel.appcore.dll
0x00007ffdfc160000 - 0x00007ffdfc16a000 	C:\Program Files\Java\jdk-17\bin\jimage.dll
0x00007ffe0b290000 - 0x00007ffe0b491000 	C:\WINDOWS\SYSTEM32\DBGHELP.DLL
0x00007ffe01620000 - 0x00007ffe01654000 	C:\WINDOWS\SYSTEM32\dbgcore.DLL
0x00007ffe0dd30000 - 0x00007ffe0ddb2000 	C:\WINDOWS\System32\bcryptPrimitives.dll
0x00007ffdf5140000 - 0x00007ffdf514e000 	C:\Program Files\Java\jdk-17\bin\instrument.dll
0x00007ffdefe60000 - 0x00007ffdefe85000 	C:\Program Files\Java\jdk-17\bin\java.dll
0x00007ffde6b90000 - 0x00007ffde6c67000 	C:\Program Files\Java\jdk-17\bin\jsvml.dll
0x00007ffe0deb0000 - 0x00007ffe0e61e000 	C:\WINDOWS\System32\SHELL32.dll
0x00007ffe0b4c0000 - 0x00007ffe0bc64000 	C:\WINDOWS\SYSTEM32\windows.storage.dll
0x00007ffe0f2e0000 - 0x00007ffe0f633000 	C:\WINDOWS\System32\combase.dll
0x00007ffe0ce20000 - 0x00007ffe0ce4b000 	C:\WINDOWS\SYSTEM32\Wldp.dll
0x00007ffe0f780000 - 0x00007ffe0f84d000 	C:\WINDOWS\System32\OLEAUT32.dll
0x00007ffe0e760000 - 0x00007ffe0e80d000 	C:\WINDOWS\System32\SHCORE.dll
0x00007ffe0f690000 - 0x00007ffe0f6eb000 	C:\WINDOWS\System32\shlwapi.dll
0x00007ffe0d390000 - 0x00007ffe0d3b5000 	C:\WINDOWS\SYSTEM32\profapi.dll
0x00007ffde9f40000 - 0x00007ffde9f58000 	C:\Program Files\Java\jdk-17\bin\zip.dll
0x00007ffdf0080000 - 0x00007ffdf0099000 	C:\Program Files\Java\jdk-17\bin\net.dll
0x00007ffe01c00000 - 0x00007ffe01d0a000 	C:\WINDOWS\SYSTEM32\WINHTTP.dll
0x00007ffe0cb80000 - 0x00007ffe0cbea000 	C:\WINDOWS\system32\mswsock.dll
0x00007ffdeffa0000 - 0x00007ffdeffb6000 	C:\Program Files\Java\jdk-17\bin\nio.dll
0x00007ffdfc0f0000 - 0x00007ffdfc100000 	C:\Program Files\Java\jdk-17\bin\verify.dll
0x00007ffdfc310000 - 0x00007ffdfc337000 	C:\Users\user\.gradle\native\1def1411415f61bf3af743bc5b6707747c0891f09f0c88961ee8f79bc544acac\windows-amd64\native-platform.dll
0x00007ffdefbe0000 - 0x00007ffdefc58000 	C:\Users\user\.gradle\native\0.2.7\x86_64-windows-gnu\gradle-fileevents.dll
0x00007ffdf7650000 - 0x00007ffdf765a000 	C:\Program Files\Java\jdk-17\bin\management.dll
0x00007ffdf5d90000 - 0x00007ffdf5d9b000 	C:\Program Files\Java\jdk-17\bin\management_ext.dll
0x00007ffe0c860000 - 0x00007ffe0c89b000 	C:\WINDOWS\SYSTEM32\IPHLPAPI.DLL
0x00007ffe0f2d0000 - 0x00007ffe0f2d8000 	C:\WINDOWS\System32\NSI.dll
0x00007ffe00010000 - 0x00007ffe00027000 	C:\WINDOWS\SYSTEM32\dhcpcsvc6.DLL
0x00007ffe00610000 - 0x00007ffe0062d000 	C:\WINDOWS\SYSTEM32\dhcpcsvc.DLL
0x00007ffe0c8a0000 - 0x00007ffe0c96a000 	C:\WINDOWS\SYSTEM32\DNSAPI.dll
0x00007ffe0cd70000 - 0x00007ffe0cd88000 	C:\WINDOWS\SYSTEM32\CRYPTSP.dll
0x00007ffe0c4a0000 - 0x00007ffe0c4d8000 	C:\WINDOWS\system32\rsaenh.dll
0x00007ffe0d310000 - 0x00007ffe0d33e000 	C:\WINDOWS\SYSTEM32\USERENV.dll
0x00007ffe0cd90000 - 0x00007ffe0cd9c000 	C:\WINDOWS\SYSTEM32\CRYPTBASE.dll
0x00007ffdfe680000 - 0x00007ffdfe68e000 	C:\Program Files\Java\jdk-17\bin\sunmscapi.dll
0x00007ffe0d580000 - 0x00007ffe0d6dd000 	C:\WINDOWS\System32\CRYPT32.dll
0x00007ffe0ce90000 - 0x00007ffe0ceb7000 	C:\WINDOWS\SYSTEM32\ncrypt.dll
0x00007ffe0ce50000 - 0x00007ffe0ce8b000 	C:\WINDOWS\SYSTEM32\NTASN1.dll
0x00007ffe00d40000 - 0x00007ffe00d47000 	C:\WINDOWS\system32\wshunix.dll

dbghelp: loaded successfully - version: 4.0.5 - missing functions: none
symbol engine: initialized successfully - sym options: 0x614 - pdb path: .;C:\Program Files\Java\jdk-17\bin;C:\WINDOWS\SYSTEM32;C:\WINDOWS\WinSxS\amd64_microsoft.windows.common-controls_6595b64144ccf1df_6.0.19041.5915_none_60b4b9d171f9c7c7;C:\Program Files\Java\jdk-17\bin\server;C:\Users\user\.gradle\native\1def1411415f61bf3af743bc5b6707747c0891f09f0c88961ee8f79bc544acac\windows-amd64;C:\Users\user\.gradle\native\0.2.7\x86_64-windows-gnu

VM Arguments:
jvm_args: --add-opens=java.base/java.lang=ALL-UNNAMED --add-opens=java.base/java.lang.invoke=ALL-UNNAMED --add-opens=java.base/java.util=ALL-UNNAMED --add-opens=java.prefs/java.util.prefs=ALL-UNNAMED --add-exports=jdk.compiler/com.sun.tools.javac.api=ALL-UNNAMED --add-exports=jdk.compiler/com.sun.tools.javac.util=ALL-UNNAMED --add-opens=java.base/java.util=ALL-UNNAMED --add-opens=java.prefs/java.util.prefs=ALL-UNNAMED --add-opens=java.base/java.nio.charset=ALL-UNNAMED --add-opens=java.base/java.net=ALL-UNNAMED --add-opens=java.base/java.util.concurrent.atomic=ALL-UNNAMED --add-opens=java.xml/javax.xml.namespace=ALL-UNNAMED -Xmx2048m -Dfile.encoding=UTF-8 -Duser.country=US -Duser.language=en -Duser.variant -javaagent:C:\Users\user\.gradle\wrapper\dists\gradle-8.13-bin\5xuhj0ry160q40clulazy9h7d\gradle-8.13\lib\agents\gradle-instrumentation-agent-8.13.jar 
java_command: org.gradle.launcher.daemon.bootstrap.GradleDaemon 8.13
java_class_path (initial): C:\Users\user\.gradle\wrapper\dists\gradle-8.13-bin\5xuhj0ry160q40clulazy9h7d\gradle-8.13\lib\gradle-daemon-main-8.13.jar
Launcher Type: SUN_STANDARD

[Global flags]
     intx CICompilerCount                          = 3                                         {product} {ergonomic}
     uint ConcGCThreads                            = 1                                         {product} {ergonomic}
     uint G1ConcRefinementThreads                  = 4                                         {product} {ergonomic}
   size_t G1HeapRegionSize                         = 1048576                                   {product} {ergonomic}
    uintx GCDrainStackTargetSize                   = 64                                        {product} {ergonomic}
   size_t InitialHeapSize                          = 134217728                                 {product} {ergonomic}
   size_t MarkStackSize                            = 4194304                                   {product} {ergonomic}
   size_t MaxHeapSize                              = 2147483648                                {product} {command line}
   size_t MaxNewSize                               = 1287651328                                {product} {ergonomic}
   size_t MinHeapDeltaBytes                        = 1048576                                   {product} {ergonomic}
   size_t MinHeapSize                              = 8388608                                   {product} {ergonomic}
    uintx NonNMethodCodeHeapSize                   = 5832780                                {pd product} {ergonomic}
    uintx NonProfiledCodeHeapSize                  = 122912730                              {pd product} {ergonomic}
    uintx ProfiledCodeHeapSize                     = 122912730                              {pd product} {ergonomic}
    uintx ReservedCodeCacheSize                    = 251658240                              {pd product} {ergonomic}
     bool SegmentedCodeCache                       = true                                      {product} {ergonomic}
   size_t SoftMaxHeapSize                          = 2147483648                             {manageable} {ergonomic}
     bool UseCompressedClassPointers               = true                           {product lp64_product} {ergonomic}
     bool UseCompressedOops                        = true                           {product lp64_product} {ergonomic}
     bool UseG1GC                                  = true                                      {product} {ergonomic}
     bool UseLargePagesIndividualAllocation        = false                                  {pd product} {ergonomic}

Logging:
Log output configuration:
 #0: stdout all=warning uptime,level,tags
 #1: stderr all=off uptime,level,tags

Environment Variables:
CLASSPATH=C:\Users\user\AndroidStudioProjects\MZSH\\gradle\wrapper\gradle-wrapper.jar
PATH=C:\Program Files\Common Files\Oracle\Java\javapath;C:\WINDOWS\system32;C:\WINDOWS;C:\WINDOWS\System32\Wbem;C:\WINDOWS\System32\WindowsPowerShell\v1.0\;C:\WINDOWS\System32\OpenSSH\;C:\Program Files\Microsoft SQL Server\Client SDK\ODBC\170\Tools\Binn\;C:\Program Files (x86)\Microsoft SQL Server\150\Tools\Binn\;C:\Program Files\Microsoft SQL Server\150\Tools\Binn\;C:\Program Files\Microsoft SQL Server\150\DTS\Binn\;C:\Program Files (x86)\Microsoft SQL Server\150\DTS\Binn\;C:\Program Files\Azure Data Studio\bin;C:\Program Files\Git\cmd;C:\Program Files\nodejs\;C:\Program Files\dotnet\;C:\Android;C:\Windows\System32;C:\Program Files\MySQL\MySQL Server 8.0\bin;C:\Program Files\MySQL\MySQL Shell 8.0\bin\;C:\Users\user\AppData\Local\Programs\Python\Python313\Scripts\;C:\Users\user\AppData\Local\Programs\Python\Python313\;C:\Users\user\dev\flutter\bin;C:\Users\user\AppData\Local\Programs\Microsoft VS Code\bin;C:\Program Files\JetBrains\PyCharm 2024.2.3\bin;;C:\Program Files\JetBrains\PyCharm Community Edition 2025.1.1.1\bin;;C:\Users\user\AppData\Local\GitHubDesktop\bin
USERNAME=user
OS=Windows_NT
PROCESSOR_IDENTIFIER=Intel64 Family 6 Model 78 Stepping 3, GenuineIntel



---------------  S Y S T E M  ---------------

OS:
 Windows 10 , 64 bit Build 19041 (10.0.19041.5915)
OS uptime: 40 days 10:08 hours

CPU: total 4 (initial active 4) (2 cores per cpu, 2 threads per core) family 6 model 78 stepping 3 microcode 0xf0, cx8, cmov, fxsr, ht, mmx, 3dnowpref, sse, sse2, sse3, ssse3, sse4.1, sse4.2, popcnt, lzcnt, tsc, tscinvbit, avx, avx2, aes, erms, clmul, bmi1, bmi2, rtm, adx, fma, vzeroupper, clflush, clflushopt

Memory: 4k page, system-wide physical 8071M (568M free)
TotalPageFile size 11071M (AvailPageFile size 26M)
current process WorkingSet (physical memory assigned to process): 601M, peak: 601M
current process commit charge ("private bytes"): 633M, peak: 634M

vm_info: Java HotSpot(TM) 64-Bit Server VM (17.0.12+8-LTS-286) for windows-amd64 JRE (17.0.12+8-LTS-286), built on Jun  5 2024 06:46:59 by "mach5one" with MS VC++ 17.6 (VS2022)

END.
