#
# There is insufficient memory for the Java Runtime Environment to continue.
# Native memory allocation (mmap) failed to map 296747008 bytes for G1 virtual space
# Possible reasons:
#   The system is out of physical RAM or swap space
#   The process is running with CompressedOops enabled, and the Java Heap may be blocking the growth of the native heap
# Possible solutions:
#   Reduce memory load on the system
#   Increase physical memory or swap space
#   Check if swap backing store is full
#   Decrease Java heap size (-Xmx/-Xms)
#   Decrease number of Java threads
#   Decrease Java thread stack sizes (-Xss)
#   Set larger code cache with -XX:ReservedCodeCacheSize=
#   JVM is running with Unscaled Compressed Oops mode in which the Java heap is
#     placed in the first 4GB address space. The Java Heap base address is the
#     maximum limit for the native heap growth. Please use -XX:HeapBaseMinAddress
#     to set the Java Heap base and to place the Java Heap above 4GB virtual address.
# This output file may be truncated or incomplete.
#
#  Out of Memory Error (os_windows.cpp:3548), pid=18644, tid=10576
#
# JRE version: Java(TM) SE Runtime Environment (17.0.12+8) (build 17.0.12+8-LTS-286)
# Java VM: Java HotSpot(TM) 64-Bit Server VM (17.0.12+8-LTS-286, mixed mode, sharing, tiered, compressed oops, compressed class ptrs, g1 gc, windows-amd64)
# No core dump will be written. Minidumps are not enabled by default on client versions of Windows
#

---------------  S U M M A R Y ------------

Command Line: --add-opens=java.base/java.lang=ALL-UNNAMED --add-opens=java.base/java.lang.invoke=ALL-UNNAMED --add-opens=java.base/java.util=ALL-UNNAMED --add-opens=java.prefs/java.util.prefs=ALL-UNNAMED --add-exports=jdk.compiler/com.sun.tools.javac.api=ALL-UNNAMED --add-exports=jdk.compiler/com.sun.tools.javac.util=ALL-UNNAMED --add-opens=java.base/java.util=ALL-UNNAMED --add-opens=java.prefs/java.util.prefs=ALL-UNNAMED --add-opens=java.base/java.nio.charset=ALL-UNNAMED --add-opens=java.base/java.net=ALL-UNNAMED --add-opens=java.base/java.util.concurrent.atomic=ALL-UNNAMED --add-opens=java.xml/javax.xml.namespace=ALL-UNNAMED -Xmx2048m -Dfile.encoding=UTF-8 -Duser.country=US -Duser.language=en -Duser.variant -javaagent:C:\Users\user\.gradle\wrapper\dists\gradle-8.13-bin\5xuhj0ry160q40clulazy9h7d\gradle-8.13\lib\agents\gradle-instrumentation-agent-8.13.jar org.gradle.launcher.daemon.bootstrap.GradleDaemon 8.13

Host: Intel(R) Core(TM) i5-6300U CPU @ 2.40GHz, 4 cores, 7G,  Windows 10 , 64 bit Build 19041 (10.0.19041.5915)
Time: Fri Aug  1 00:43:09 2025 Central Europe Daylight Time elapsed time: 22.238247 seconds (0d 0h 0m 22s)

---------------  T H R E A D  ---------------

Current thread (0x000001ca3c3be140):  VMThread "VM Thread" [stack: 0x000000b836e00000,0x000000b836f00000] [id=10576]

Stack: [0x000000b836e00000,0x000000b836f00000]
Native frames: (J=compiled Java code, j=interpreted, Vv=VM code, C=native code)
V  [jvm.dll+0x67a04a]
V  [jvm.dll+0x7da4ed]
V  [jvm.dll+0x7dbe33]
V  [jvm.dll+0x7dc4a3]
V  [jvm.dll+0x24508f]
V  [jvm.dll+0x677089]
V  [jvm.dll+0x66bd32]
V  [jvm.dll+0x301fa6]
V  [jvm.dll+0x309546]
V  [jvm.dll+0x359d2e]
V  [jvm.dll+0x359f5f]
V  [jvm.dll+0x2d9078]
V  [jvm.dll+0x2d74ad]
V  [jvm.dll+0x2d6afc]
V  [jvm.dll+0x31a981]
V  [jvm.dll+0x7e0d9b]
V  [jvm.dll+0x7e1ad4]
V  [jvm.dll+0x7e1fed]
V  [jvm.dll+0x7e23c4]
V  [jvm.dll+0x7e2490]
V  [jvm.dll+0x78abea]
V  [jvm.dll+0x678f35]
C  [ucrtbase.dll+0x21bb2]
C  [KERNEL32.DLL+0x17374]
C  [ntdll.dll+0x4cc91]

VM_Operation (0x000000b8384f50e8): G1TryInitiateConcMark, mode: safepoint, requested by thread 0x000001ca7e3e61c0


---------------  P R O C E S S  ---------------

Threads class SMR info:
_java_thread_list=0x000001ca04d1afe0, length=44, elements={
0x000001ca1eb4c820, 0x000001ca3c3c5b00, 0x000001ca3c3c64c0, 0x000001ca3c3d67d0,
0x000001ca3c3d7190, 0x000001ca3c3d7b50, 0x000001ca3c3d8510, 0x000001ca3c3e6800,
0x000001ca3c407210, 0x000001ca3c407c10, 0x000001ca3c3b1ca0, 0x000001ca3c7118f0,
0x000001ca7e3e5290, 0x000001ca7e3e5cb0, 0x000001ca7e3e4d80, 0x000001ca7e3e4870,
0x000001ca7e3e70f0, 0x000001ca7e3e66d0, 0x000001ca7e3e61c0, 0x000001ca7e3e6be0,
0x000001ca7e3e7600, 0x000001ca049c7810, 0x000001ca049c7d20, 0x000001ca049c59b0,
0x000001ca049c4a80, 0x000001ca049c8230, 0x000001ca049c6df0, 0x000001ca049c4570,
0x000001ca049c5ec0, 0x000001ca049c7300, 0x000001ca049c8740, 0x000001ca049cb9e0,
0x000001ca049c9b80, 0x000001ca049c9670, 0x000001ca049ca090, 0x000001ca049ca5a0,
0x000001ca0576f090, 0x000001ca0576c810, 0x000001ca05769a80, 0x000001ca0576a4a0,
0x000001ca05769f90, 0x000001ca0576d740, 0x000001ca05769060, 0x000001ca0576aec0
}

Java Threads: ( => current thread )
  0x000001ca1eb4c820 JavaThread "main" [_thread_blocked, id=18676, stack(0x000000b836800000,0x000000b836900000)]
  0x000001ca3c3c5b00 JavaThread "Reference Handler" daemon [_thread_blocked, id=10848, stack(0x000000b836f00000,0x000000b837000000)]
  0x000001ca3c3c64c0 JavaThread "Finalizer" daemon [_thread_blocked, id=15560, stack(0x000000b837000000,0x000000b837100000)]
  0x000001ca3c3d67d0 JavaThread "Signal Dispatcher" daemon [_thread_blocked, id=9008, stack(0x000000b837100000,0x000000b837200000)]
  0x000001ca3c3d7190 JavaThread "Attach Listener" daemon [_thread_blocked, id=14004, stack(0x000000b837200000,0x000000b837300000)]
  0x000001ca3c3d7b50 JavaThread "Service Thread" daemon [_thread_blocked, id=19952, stack(0x000000b837300000,0x000000b837400000)]
  0x000001ca3c3d8510 JavaThread "Monitor Deflation Thread" daemon [_thread_blocked, id=4576, stack(0x000000b837400000,0x000000b837500000)]
  0x000001ca3c3e6800 JavaThread "C2 CompilerThread0" daemon [_thread_blocked, id=2956, stack(0x000000b837500000,0x000000b837600000)]
  0x000001ca3c407210 JavaThread "C1 CompilerThread0" daemon [_thread_blocked, id=13416, stack(0x000000b837600000,0x000000b837700000)]
  0x000001ca3c407c10 JavaThread "Sweeper thread" daemon [_thread_blocked, id=11740, stack(0x000000b837700000,0x000000b837800000)]
  0x000001ca3c3b1ca0 JavaThread "Common-Cleaner" daemon [_thread_blocked, id=3216, stack(0x000000b837800000,0x000000b837900000)]
  0x000001ca3c7118f0 JavaThread "Notification Thread" daemon [_thread_blocked, id=20188, stack(0x000000b837900000,0x000000b837a00000)]
  0x000001ca7e3e5290 JavaThread "Daemon health stats" [_thread_blocked, id=14192, stack(0x000000b837f00000,0x000000b838000000)]
  0x000001ca7e3e5cb0 JavaThread "Incoming local TCP Connector on port 57701" [_thread_in_native, id=19524, stack(0x000000b838000000,0x000000b838100000)]
  0x000001ca7e3e4d80 JavaThread "Daemon periodic checks" [_thread_blocked, id=14260, stack(0x000000b838100000,0x000000b838200000)]
  0x000001ca7e3e4870 JavaThread "Daemon" [_thread_blocked, id=3316, stack(0x000000b838200000,0x000000b838300000)]
  0x000001ca7e3e70f0 JavaThread "Handler for socket connection from /127.0.0.1:57701 to /127.0.0.1:57702" [_thread_in_native, id=18720, stack(0x000000b838300000,0x000000b838400000)]
  0x000001ca7e3e66d0 JavaThread "Cancel handler" [_thread_blocked, id=13960, stack(0x000000b837b00000,0x000000b837c00000)]
  0x000001ca7e3e61c0 JavaThread "Daemon worker" [_thread_blocked, id=13024, stack(0x000000b838400000,0x000000b838500000)]
  0x000001ca7e3e6be0 JavaThread "Asynchronous log dispatcher for DefaultDaemonConnection: socket connection from /127.0.0.1:57701 to /127.0.0.1:57702" [_thread_blocked, id=11096, stack(0x000000b838500000,0x000000b838600000)]
  0x000001ca7e3e7600 JavaThread "Stdin handler" [_thread_blocked, id=12848, stack(0x000000b838600000,0x000000b838700000)]
  0x000001ca049c7810 JavaThread "Daemon client event forwarder" [_thread_blocked, id=7720, stack(0x000000b838700000,0x000000b838800000)]
  0x000001ca049c7d20 JavaThread "Cache worker for journal cache (C:\Users\user\.gradle\caches\journal-1)" [_thread_blocked, id=19032, stack(0x000000b838800000,0x000000b838900000)]
  0x000001ca049c59b0 JavaThread "File lock request listener" [_thread_in_native, id=8888, stack(0x000000b838900000,0x000000b838a00000)]
  0x000001ca049c4a80 JavaThread "Cache worker for file hash cache (C:\Users\user\.gradle\caches\8.13\fileHashes)" [_thread_blocked, id=13504, stack(0x000000b838a00000,0x000000b838b00000)]
  0x000001ca049c8230 JavaThread "Cache worker for file hash cache (C:\Users\user\AndroidStudioProjects\MZSH\.gradle\8.13\fileHashes)" [_thread_blocked, id=15116, stack(0x000000b838c00000,0x000000b838d00000)]
  0x000001ca049c6df0 JavaThread "Cache worker for Build Output Cleanup Cache (C:\Users\user\AndroidStudioProjects\MZSH\.gradle\buildOutputCleanup)" [_thread_blocked, id=544, stack(0x000000b838d00000,0x000000b838e00000)]
  0x000001ca049c4570 JavaThread "File watcher server" daemon [_thread_in_native, id=12408, stack(0x000000b838e00000,0x000000b838f00000)]
  0x000001ca049c5ec0 JavaThread "File watcher consumer" daemon [_thread_blocked, id=15780, stack(0x000000b838f00000,0x000000b839000000)]
  0x000001ca049c7300 JavaThread "Cache worker for checksums cache (C:\Users\user\AndroidStudioProjects\MZSH\.gradle\8.13\checksums)" [_thread_blocked, id=18364, stack(0x000000b839100000,0x000000b839200000)]
  0x000001ca049c8740 JavaThread "Cache worker for file content cache (C:\Users\user\.gradle\caches\8.13\fileContent)" [_thread_blocked, id=6056, stack(0x000000b839200000,0x000000b839300000)]
  0x000001ca049cb9e0 JavaThread "Cache worker for cache directory md-supplier (C:\Users\user\.gradle\caches\8.13\md-supplier)" [_thread_blocked, id=5172, stack(0x000000b839300000,0x000000b839400000)]
  0x000001ca049c9b80 JavaThread "Cache worker for cache directory md-rule (C:\Users\user\.gradle\caches\8.13\md-rule)" [_thread_blocked, id=17748, stack(0x000000b839400000,0x000000b839500000)]
  0x000001ca049c9670 JavaThread "Unconstrained build operations" [_thread_blocked, id=14300, stack(0x000000b839500000,0x000000b839600000)]
  0x000001ca049ca090 JavaThread "Unconstrained build operations Thread 2" [_thread_blocked, id=2544, stack(0x000000b839600000,0x000000b839700000)]
  0x000001ca049ca5a0 JavaThread "Unconstrained build operations Thread 3" [_thread_blocked, id=20052, stack(0x000000b839700000,0x000000b839800000)]
  0x000001ca0576f090 JavaThread "Unconstrained build operations Thread 4" [_thread_blocked, id=20096, stack(0x000000b839800000,0x000000b839900000)]
  0x000001ca0576c810 JavaThread "Unconstrained build operations Thread 5" [_thread_blocked, id=19748, stack(0x000000b839900000,0x000000b839a00000)]
  0x000001ca05769a80 JavaThread "Unconstrained build operations Thread 6" [_thread_blocked, id=9944, stack(0x000000b839a00000,0x000000b839b00000)]
  0x000001ca0576a4a0 JavaThread "Unconstrained build operations Thread 7" [_thread_blocked, id=16776, stack(0x000000b839b00000,0x000000b839c00000)]
  0x000001ca05769f90 JavaThread "Unconstrained build operations Thread 8" [_thread_blocked, id=19780, stack(0x000000b839c00000,0x000000b839d00000)]
  0x000001ca0576d740 JavaThread "Unconstrained build operations Thread 9" [_thread_blocked, id=3936, stack(0x000000b839d00000,0x000000b839e00000)]
  0x000001ca05769060 JavaThread "Memory manager" [_thread_blocked, id=14152, stack(0x000000b839e00000,0x000000b839f00000)]
  0x000001ca0576aec0 JavaThread "build event listener" [_thread_blocked, id=15920, stack(0x000000b839f00000,0x000000b83a000000)]

Other Threads:
=>0x000001ca3c3be140 VMThread "VM Thread" [stack: 0x000000b836e00000,0x000000b836f00000] [id=10576]
  0x000001ca3c6ac9c0 WatcherThread [stack: 0x000000b837a00000,0x000000b837b00000] [id=16428]
  0x000001ca1eba5820 GCTaskThread "GC Thread#0" [stack: 0x000000b836900000,0x000000b836a00000] [id=14472]
  0x000001ca7e059810 GCTaskThread "GC Thread#1" [stack: 0x000000b837c00000,0x000000b837d00000] [id=11356]
  0x000001ca7e059ad0 GCTaskThread "GC Thread#2" [stack: 0x000000b837d00000,0x000000b837e00000] [id=2560]
  0x000001ca7e4bd9d0 GCTaskThread "GC Thread#3" [stack: 0x000000b837e00000,0x000000b837f00000] [id=11572]
  0x000001ca1ebb6510 ConcurrentGCThread "G1 Main Marker" [stack: 0x000000b836a00000,0x000000b836b00000] [id=14592]
  0x000001ca1ebb7460 ConcurrentGCThread "G1 Conc#0" [stack: 0x000000b836b00000,0x000000b836c00000] [id=12332]
  0x000001ca1ec1e9b0 ConcurrentGCThread "G1 Refine#0" [stack: 0x000000b836c00000,0x000000b836d00000] [id=18828]
  0x000001ca7e2a9020 ConcurrentGCThread "G1 Refine#1" [stack: 0x000000b839000000,0x000000b839100000] [id=12348]
  0x000001ca066ec7b0 ConcurrentGCThread "G1 Refine#2" [stack: 0x000000b83a000000,0x000000b83a100000] [id=1192]
  0x000001ca066ed080 ConcurrentGCThread "G1 Refine#3" [stack: 0x000000b83a100000,0x000000b83a200000] [id=3588]
  0x000001ca3c2784f0 ConcurrentGCThread "G1 Service" [stack: 0x000000b836d00000,0x000000b836e00000] [id=1156]

Threads with active compile tasks:
C2 CompilerThread0    22279 10367       4       jdk.internal.jrtfs.JrtPath::getFileName (78 bytes)

VM state: at safepoint (normal execution)

VM Mutex/Monitor currently owned by a thread:  ([mutex/lock_event])
[0x000001ca1eb47eb0] Threads_lock - owner thread: 0x000001ca3c3be140
[0x000001ca1eb46c20] Heap_lock - owner thread: 0x000001ca7e3e61c0

Heap address: 0x0000000080000000, size: 2048 MB, Compressed Oops mode: 32-bit

CDS archive(s) mapped at: [0x000001ca3d000000-0x000001ca3dbd0000-0x000001ca3dbd0000), size 12386304, SharedBaseAddress: 0x000001ca3d000000, ArchiveRelocationMode: 1.
Compressed class space mapped at: 0x000001ca3e000000-0x000001ca7e000000, reserved size: 1073741824
Narrow klass base: 0x000001ca3d000000, Narrow klass shift: 0, Narrow klass range: 0x100000000

GC Precious Log:
 CPUs: 4 total, 4 available
 Memory: 8071M
 Large Page Support: Disabled
 NUMA Support: Disabled
 Compressed Oops: Enabled (32-bit)
 Heap Region Size: 1M
 Heap Min Capacity: 8M
 Heap Initial Capacity: 128M
 Heap Max Capacity: 2G
 Pre-touch: Disabled
 Parallel Workers: 4
 Concurrent Workers: 1
 Concurrent Refinement Workers: 4
 Periodic GC: Disabled

Heap:
 garbage-first heap   total 206848K, used 122724K [0x0000000080000000, 0x0000000100000000)
  region size 1024K, 1 young (1024K), 1 survivors (1024K)
 Metaspace       used 91785K, committed 92544K, reserved 1179648K
  class space    used 12760K, committed 13120K, reserved 1048576K

Heap Regions: E=young(eden), S=young(survivor), O=old, HS=humongous(starts), HC=humongous(continues), CS=collection set, F=free, OA=open archive, CA=closed archive, TAMS=top-at-mark-start (previous, next)
|   0|0x0000000080000000, 0x0000000080100000, 0x0000000080100000|100%|HS|  |TAMS 0x0000000080100000, 0x0000000080100000| Complete 
|   1|0x0000000080100000, 0x0000000080200000, 0x0000000080200000|100%|HC|  |TAMS 0x0000000080200000, 0x0000000080200000| Complete 
|   2|0x0000000080200000, 0x0000000080300000, 0x0000000080300000|100%|HC|  |TAMS 0x0000000080300000, 0x0000000080300000| Complete 
|   3|0x0000000080300000, 0x0000000080400000, 0x0000000080400000|100%| O|  |TAMS 0x0000000080400000, 0x0000000080400000| Untracked 
|   4|0x0000000080400000, 0x0000000080500000, 0x0000000080500000|100%| O|  |TAMS 0x0000000080500000, 0x0000000080500000| Untracked 
|   5|0x0000000080500000, 0x0000000080600000, 0x0000000080600000|100%| O|  |TAMS 0x0000000080600000, 0x0000000080600000| Untracked 
|   6|0x0000000080600000, 0x0000000080700000, 0x0000000080700000|100%| O|  |TAMS 0x0000000080700000, 0x0000000080700000| Untracked 
|   7|0x0000000080700000, 0x0000000080800000, 0x0000000080800000|100%|HS|  |TAMS 0x0000000080800000, 0x0000000080800000| Complete 
|   8|0x0000000080800000, 0x0000000080900000, 0x0000000080900000|100%| O|  |TAMS 0x0000000080900000, 0x0000000080900000| Untracked 
|   9|0x0000000080900000, 0x0000000080a00000, 0x0000000080a00000|100%| O|  |TAMS 0x0000000080a00000, 0x0000000080a00000| Untracked 
|  10|0x0000000080a00000, 0x0000000080b00000, 0x0000000080b00000|100%| O|  |TAMS 0x0000000080b00000, 0x0000000080b00000| Untracked 
|  11|0x0000000080b00000, 0x0000000080c00000, 0x0000000080c00000|100%| O|  |TAMS 0x0000000080c00000, 0x0000000080c00000| Untracked 
|  12|0x0000000080c00000, 0x0000000080d00000, 0x0000000080d00000|100%| O|  |TAMS 0x0000000080d00000, 0x0000000080d00000| Untracked 
|  13|0x0000000080d00000, 0x0000000080e00000, 0x0000000080e00000|100%| O|  |TAMS 0x0000000080e00000, 0x0000000080e00000| Untracked 
|  14|0x0000000080e00000, 0x0000000080f00000, 0x0000000080f00000|100%| O|  |TAMS 0x0000000080f00000, 0x0000000080f00000| Untracked 
|  15|0x0000000080f00000, 0x0000000080fe8600, 0x0000000081000000| 90%| O|  |TAMS 0x0000000080fe8600, 0x0000000080fe8600| Untracked 
|  16|0x0000000081000000, 0x0000000081100000, 0x0000000081100000|100%| O|  |TAMS 0x0000000081100000, 0x0000000081100000| Untracked 
|  17|0x0000000081100000, 0x0000000081200000, 0x0000000081200000|100%| O|  |TAMS 0x0000000081200000, 0x0000000081200000| Untracked 
|  18|0x0000000081200000, 0x0000000081300000, 0x0000000081300000|100%| O|  |TAMS 0x0000000081300000, 0x0000000081300000| Untracked 
|  19|0x0000000081300000, 0x0000000081400000, 0x0000000081400000|100%| O|  |TAMS 0x0000000081400000, 0x0000000081400000| Untracked 
|  20|0x0000000081400000, 0x0000000081500000, 0x0000000081500000|100%| O|  |TAMS 0x0000000081500000, 0x0000000081500000| Untracked 
|  21|0x0000000081500000, 0x0000000081600000, 0x0000000081600000|100%| O|  |TAMS 0x0000000081600000, 0x0000000081600000| Untracked 
|  22|0x0000000081600000, 0x0000000081700000, 0x0000000081700000|100%| O|  |TAMS 0x0000000081700000, 0x0000000081700000| Untracked 
|  23|0x0000000081700000, 0x0000000081800000, 0x0000000081800000|100%| O|  |TAMS 0x0000000081800000, 0x0000000081800000| Untracked 
|  24|0x0000000081800000, 0x0000000081900000, 0x0000000081900000|100%| O|  |TAMS 0x0000000081900000, 0x0000000081900000| Untracked 
|  25|0x0000000081900000, 0x0000000081a00000, 0x0000000081a00000|100%| O|  |TAMS 0x0000000081a00000, 0x0000000081a00000| Untracked 
|  26|0x0000000081a00000, 0x0000000081b00000, 0x0000000081b00000|100%| O|  |TAMS 0x0000000081b00000, 0x0000000081b00000| Untracked 
|  27|0x0000000081b00000, 0x0000000081c00000, 0x0000000081c00000|100%| O|  |TAMS 0x0000000081c00000, 0x0000000081c00000| Untracked 
|  28|0x0000000081c00000, 0x0000000081d00000, 0x0000000081d00000|100%| O|  |TAMS 0x0000000081d00000, 0x0000000081d00000| Untracked 
|  29|0x0000000081d00000, 0x0000000081e00000, 0x0000000081e00000|100%| O|  |TAMS 0x0000000081e00000, 0x0000000081e00000| Untracked 
|  30|0x0000000081e00000, 0x0000000081f00000, 0x0000000081f00000|100%| O|  |TAMS 0x0000000081f00000, 0x0000000081f00000| Untracked 
|  31|0x0000000081f00000, 0x0000000082000000, 0x0000000082000000|100%| O|  |TAMS 0x0000000082000000, 0x0000000082000000| Untracked 
|  32|0x0000000082000000, 0x0000000082100000, 0x0000000082100000|100%| O|  |TAMS 0x0000000082100000, 0x0000000082100000| Untracked 
|  33|0x0000000082100000, 0x0000000082200000, 0x0000000082200000|100%| O|  |TAMS 0x0000000082200000, 0x0000000082200000| Untracked 
|  34|0x0000000082200000, 0x0000000082300000, 0x0000000082300000|100%| O|  |TAMS 0x0000000082300000, 0x0000000082300000| Untracked 
|  35|0x0000000082300000, 0x0000000082400000, 0x0000000082400000|100%| O|  |TAMS 0x0000000082400000, 0x0000000082400000| Untracked 
|  36|0x0000000082400000, 0x0000000082500000, 0x0000000082500000|100%| O|  |TAMS 0x0000000082500000, 0x0000000082500000| Untracked 
|  37|0x0000000082500000, 0x0000000082600000, 0x0000000082600000|100%| O|  |TAMS 0x0000000082600000, 0x0000000082600000| Untracked 
|  38|0x0000000082600000, 0x0000000082700000, 0x0000000082700000|100%| O|  |TAMS 0x0000000082700000, 0x0000000082700000| Untracked 
|  39|0x0000000082700000, 0x0000000082800000, 0x0000000082800000|100%| O|  |TAMS 0x0000000082800000, 0x0000000082800000| Untracked 
|  40|0x0000000082800000, 0x0000000082900000, 0x0000000082900000|100%| O|  |TAMS 0x0000000082900000, 0x0000000082900000| Untracked 
|  41|0x0000000082900000, 0x0000000082a00000, 0x0000000082a00000|100%|HS|  |TAMS 0x0000000082a00000, 0x0000000082a00000| Complete 
|  42|0x0000000082a00000, 0x0000000082b00000, 0x0000000082b00000|100%|HS|  |TAMS 0x0000000082b00000, 0x0000000082b00000| Complete 
|  43|0x0000000082b00000, 0x0000000082c00000, 0x0000000082c00000|100%|HS|  |TAMS 0x0000000082c00000, 0x0000000082c00000| Complete 
|  44|0x0000000082c00000, 0x0000000082d00000, 0x0000000082d00000|100%|HC|  |TAMS 0x0000000082d00000, 0x0000000082d00000| Complete 
|  45|0x0000000082d00000, 0x0000000082e00000, 0x0000000082e00000|100%| O|  |TAMS 0x0000000082e00000, 0x0000000082e00000| Untracked 
|  46|0x0000000082e00000, 0x0000000082f00000, 0x0000000082f00000|100%| O|  |TAMS 0x0000000082f00000, 0x0000000082f00000| Untracked 
|  47|0x0000000082f00000, 0x0000000083000000, 0x0000000083000000|100%| O|  |TAMS 0x0000000082f00000, 0x0000000083000000| Untracked 
|  48|0x0000000083000000, 0x0000000083100000, 0x0000000083100000|100%| O|  |TAMS 0x0000000083100000, 0x0000000083100000| Untracked 
|  49|0x0000000083100000, 0x0000000083200000, 0x0000000083200000|100%|HS|  |TAMS 0x0000000083200000, 0x0000000083200000| Complete 
|  50|0x0000000083200000, 0x0000000083300000, 0x0000000083300000|100%|HC|  |TAMS 0x0000000083300000, 0x0000000083300000| Complete 
|  51|0x0000000083300000, 0x0000000083400000, 0x0000000083400000|100%|HS|  |TAMS 0x0000000083400000, 0x0000000083400000| Complete 
|  52|0x0000000083400000, 0x0000000083500000, 0x0000000083500000|100%|HS|  |TAMS 0x0000000083500000, 0x0000000083500000| Complete 
|  53|0x0000000083500000, 0x0000000083600000, 0x0000000083600000|100%|HC|  |TAMS 0x0000000083600000, 0x0000000083600000| Complete 
|  54|0x0000000083600000, 0x0000000083700000, 0x0000000083700000|100%|HC|  |TAMS 0x0000000083700000, 0x0000000083700000| Complete 
|  55|0x0000000083700000, 0x0000000083800000, 0x0000000083800000|100%|HS|  |TAMS 0x0000000083800000, 0x0000000083800000| Complete 
|  56|0x0000000083800000, 0x0000000083900000, 0x0000000083900000|100%| O|  |TAMS 0x0000000083900000, 0x0000000083900000| Untracked 
|  57|0x0000000083900000, 0x0000000083a00000, 0x0000000083a00000|100%|HS|  |TAMS 0x0000000083a00000, 0x0000000083a00000| Complete 
|  58|0x0000000083a00000, 0x0000000083b00000, 0x0000000083b00000|100%|HS|  |TAMS 0x0000000083b00000, 0x0000000083b00000| Complete 
|  59|0x0000000083b00000, 0x0000000083c00000, 0x0000000083c00000|100%| O|  |TAMS 0x0000000083c00000, 0x0000000083c00000| Untracked 
|  60|0x0000000083c00000, 0x0000000083d00000, 0x0000000083d00000|100%| O|  |TAMS 0x0000000083d00000, 0x0000000083d00000| Untracked 
|  61|0x0000000083d00000, 0x0000000083e00000, 0x0000000083e00000|100%| O|  |TAMS 0x0000000083e00000, 0x0000000083e00000| Untracked 
|  62|0x0000000083e00000, 0x0000000083f00000, 0x0000000083f00000|100%| O|  |TAMS 0x0000000083f00000, 0x0000000083f00000| Untracked 
|  63|0x0000000083f00000, 0x0000000084000000, 0x0000000084000000|100%| O|  |TAMS 0x0000000084000000, 0x0000000084000000| Untracked 
|  64|0x0000000084000000, 0x0000000084100000, 0x0000000084100000|100%| O|  |TAMS 0x0000000084100000, 0x0000000084100000| Untracked 
|  65|0x0000000084100000, 0x0000000084200000, 0x0000000084200000|100%| O|  |TAMS 0x0000000084200000, 0x0000000084200000| Untracked 
|  66|0x0000000084200000, 0x0000000084300000, 0x0000000084300000|100%| O|  |TAMS 0x0000000084300000, 0x0000000084300000| Untracked 
|  67|0x0000000084300000, 0x0000000084400000, 0x0000000084400000|100%| O|  |TAMS 0x0000000084400000, 0x0000000084400000| Untracked 
|  68|0x0000000084400000, 0x0000000084500000, 0x0000000084500000|100%| O|  |TAMS 0x0000000084500000, 0x0000000084500000| Untracked 
|  69|0x0000000084500000, 0x0000000084600000, 0x0000000084600000|100%|HS|  |TAMS 0x0000000084600000, 0x0000000084600000| Complete 
|  70|0x0000000084600000, 0x0000000084700000, 0x0000000084700000|100%| O|  |TAMS 0x0000000084700000, 0x0000000084700000| Untracked 
|  71|0x0000000084700000, 0x0000000084800000, 0x0000000084800000|100%| O|  |TAMS 0x0000000084800000, 0x0000000084800000| Untracked 
|  72|0x0000000084800000, 0x0000000084900000, 0x0000000084900000|100%| O|  |TAMS 0x0000000084900000, 0x0000000084900000| Untracked 
|  73|0x0000000084900000, 0x0000000084a00000, 0x0000000084a00000|100%|HS|  |TAMS 0x0000000084a00000, 0x0000000084a00000| Complete 
|  74|0x0000000084a00000, 0x0000000084b00000, 0x0000000084b00000|100%|HC|  |TAMS 0x0000000084b00000, 0x0000000084b00000| Complete 
|  75|0x0000000084b00000, 0x0000000084c00000, 0x0000000084c00000|100%|HC|  |TAMS 0x0000000084c00000, 0x0000000084c00000| Complete 
|  76|0x0000000084c00000, 0x0000000084d00000, 0x0000000084d00000|100%| O|  |TAMS 0x0000000084d00000, 0x0000000084d00000| Untracked 
|  77|0x0000000084d00000, 0x0000000084e00000, 0x0000000084e00000|100%| O|  |TAMS 0x0000000084dbe000, 0x0000000084e00000| Untracked 
|  78|0x0000000084e00000, 0x0000000084f00000, 0x0000000084f00000|100%| O|  |TAMS 0x0000000084e00000, 0x0000000084f00000| Untracked 
|  79|0x0000000084f00000, 0x0000000085000000, 0x0000000085000000|100%| O|  |TAMS 0x0000000084f00000, 0x0000000085000000| Untracked 
|  80|0x0000000085000000, 0x0000000085100000, 0x0000000085100000|100%| O|  |TAMS 0x0000000085000000, 0x0000000085100000| Untracked 
|  81|0x0000000085100000, 0x0000000085200000, 0x0000000085200000|100%| O|  |TAMS 0x0000000085100000, 0x0000000085200000| Untracked 
|  82|0x0000000085200000, 0x0000000085300000, 0x0000000085300000|100%| O|  |TAMS 0x0000000085200000, 0x0000000085300000| Untracked 
|  83|0x0000000085300000, 0x0000000085400000, 0x0000000085400000|100%| O|  |TAMS 0x0000000085300000, 0x0000000085400000| Untracked 
|  84|0x0000000085400000, 0x0000000085500000, 0x0000000085500000|100%| O|  |TAMS 0x0000000085400000, 0x0000000085500000| Untracked 
|  85|0x0000000085500000, 0x0000000085600000, 0x0000000085600000|100%| O|  |TAMS 0x0000000085500000, 0x0000000085600000| Untracked 
|  86|0x0000000085600000, 0x0000000085700000, 0x0000000085700000|100%| O|  |TAMS 0x0000000085600000, 0x0000000085700000| Untracked 
|  87|0x0000000085700000, 0x0000000085800000, 0x0000000085800000|100%| O|  |TAMS 0x0000000085700000, 0x0000000085800000| Untracked 
|  88|0x0000000085800000, 0x0000000085900000, 0x0000000085900000|100%| O|  |TAMS 0x0000000085800000, 0x0000000085900000| Untracked 
|  89|0x0000000085900000, 0x0000000085a00000, 0x0000000085a00000|100%|HS|  |TAMS 0x0000000085900000, 0x0000000085a00000| Complete 
|  90|0x0000000085a00000, 0x0000000085b00000, 0x0000000085b00000|100%| O|  |TAMS 0x0000000085a00000, 0x0000000085b00000| Untracked 
|  91|0x0000000085b00000, 0x0000000085c00000, 0x0000000085c00000|100%| O|  |TAMS 0x0000000085b00000, 0x0000000085c00000| Untracked 
|  92|0x0000000085c00000, 0x0000000085d00000, 0x0000000085d00000|100%| O|  |TAMS 0x0000000085c00000, 0x0000000085d00000| Untracked 
|  93|0x0000000085d00000, 0x0000000085e00000, 0x0000000085e00000|100%| O|  |TAMS 0x0000000085d00000, 0x0000000085e00000| Untracked 
|  94|0x0000000085e00000, 0x0000000085f00000, 0x0000000085f00000|100%| O|  |TAMS 0x0000000085e00000, 0x0000000085f00000| Untracked 
|  95|0x0000000085f00000, 0x0000000086000000, 0x0000000086000000|100%| O|  |TAMS 0x0000000085f00000, 0x0000000086000000| Untracked 
|  96|0x0000000086000000, 0x0000000086100000, 0x0000000086100000|100%| O|  |TAMS 0x0000000086000000, 0x0000000086100000| Untracked 
|  97|0x0000000086100000, 0x0000000086200000, 0x0000000086200000|100%| O|  |TAMS 0x0000000086100000, 0x0000000086200000| Untracked 
|  98|0x0000000086200000, 0x0000000086300000, 0x0000000086300000|100%| O|  |TAMS 0x0000000086200000, 0x0000000086300000| Untracked 
|  99|0x0000000086300000, 0x0000000086400000, 0x0000000086400000|100%| O|  |TAMS 0x0000000086300000, 0x0000000086400000| Untracked 
| 100|0x0000000086400000, 0x0000000086500000, 0x0000000086500000|100%| O|  |TAMS 0x0000000086400000, 0x0000000086500000| Untracked 
| 101|0x0000000086500000, 0x0000000086600000, 0x0000000086600000|100%| O|  |TAMS 0x0000000086500000, 0x0000000086600000| Untracked 
| 102|0x0000000086600000, 0x0000000086700000, 0x0000000086700000|100%| O|  |TAMS 0x0000000086600000, 0x0000000086700000| Untracked 
| 103|0x0000000086700000, 0x0000000086800000, 0x0000000086800000|100%| O|  |TAMS 0x0000000086700000, 0x0000000086800000| Untracked 
| 104|0x0000000086800000, 0x0000000086900000, 0x0000000086900000|100%| O|  |TAMS 0x0000000086800000, 0x0000000086900000| Untracked 
| 105|0x0000000086900000, 0x0000000086a00000, 0x0000000086a00000|100%| O|  |TAMS 0x0000000086900000, 0x0000000086a00000| Untracked 
| 106|0x0000000086a00000, 0x0000000086b00000, 0x0000000086b00000|100%| O|  |TAMS 0x0000000086a00000, 0x0000000086b00000| Untracked 
| 107|0x0000000086b00000, 0x0000000086c00000, 0x0000000086c00000|100%| O|  |TAMS 0x0000000086b00000, 0x0000000086c00000| Untracked 
| 108|0x0000000086c00000, 0x0000000086d00000, 0x0000000086d00000|100%| O|  |TAMS 0x0000000086c00000, 0x0000000086d00000| Untracked 
| 109|0x0000000086d00000, 0x0000000086e00000, 0x0000000086e00000|100%| O|  |TAMS 0x0000000086d00000, 0x0000000086e00000| Untracked 
| 110|0x0000000086e00000, 0x0000000086f00000, 0x0000000086f00000|100%| O|  |TAMS 0x0000000086e00000, 0x0000000086f00000| Untracked 
| 111|0x0000000086f00000, 0x0000000087000000, 0x0000000087000000|100%| O|  |TAMS 0x0000000086f00000, 0x0000000087000000| Untracked 
| 112|0x0000000087000000, 0x0000000087100000, 0x0000000087100000|100%| O|  |TAMS 0x0000000087000000, 0x0000000087080000| Untracked 
| 113|0x0000000087100000, 0x0000000087200000, 0x0000000087200000|100%| O|  |TAMS 0x0000000087100000, 0x0000000087100000| Untracked 
| 114|0x0000000087200000, 0x0000000087300000, 0x0000000087300000|100%| O|  |TAMS 0x0000000087200000, 0x0000000087200000| Untracked 
| 115|0x0000000087300000, 0x0000000087400000, 0x0000000087400000|100%| O|  |TAMS 0x0000000087300000, 0x0000000087300000| Untracked 
| 116|0x0000000087400000, 0x0000000087500000, 0x0000000087500000|100%| O|  |TAMS 0x0000000087400000, 0x0000000087400000| Untracked 
| 117|0x0000000087500000, 0x0000000087600000, 0x0000000087600000|100%| O|  |TAMS 0x0000000087500000, 0x0000000087500000| Untracked 
| 118|0x0000000087600000, 0x0000000087700000, 0x0000000087700000|100%| O|  |TAMS 0x0000000087600000, 0x0000000087600000| Untracked 
| 119|0x0000000087700000, 0x0000000087700000, 0x0000000087800000|  0%| F|  |TAMS 0x0000000087700000, 0x0000000087700000| Untracked 
| 120|0x0000000087800000, 0x0000000087800000, 0x0000000087900000|  0%| F|  |TAMS 0x0000000087800000, 0x0000000087800000| Untracked 
| 121|0x0000000087900000, 0x0000000087900000, 0x0000000087a00000|  0%| F|  |TAMS 0x0000000087900000, 0x0000000087900000| Untracked 
| 122|0x0000000087a00000, 0x0000000087a00000, 0x0000000087b00000|  0%| F|  |TAMS 0x0000000087a00000, 0x0000000087a00000| Untracked 
| 123|0x0000000087b00000, 0x0000000087b00000, 0x0000000087c00000|  0%| F|  |TAMS 0x0000000087b00000, 0x0000000087b00000| Untracked 
| 124|0x0000000087c00000, 0x0000000087c00000, 0x0000000087d00000|  0%| F|  |TAMS 0x0000000087c00000, 0x0000000087c00000| Untracked 
| 125|0x0000000087d00000, 0x0000000087d00000, 0x0000000087e00000|  0%| F|  |TAMS 0x0000000087d00000, 0x0000000087d00000| Untracked 
| 126|0x0000000087e00000, 0x0000000087e00000, 0x0000000087f00000|  0%| F|  |TAMS 0x0000000087e00000, 0x0000000087e00000| Untracked 
| 127|0x0000000087f00000, 0x0000000087f00000, 0x0000000088000000|  0%| F|  |TAMS 0x0000000087f00000, 0x0000000087f00000| Untracked 
| 128|0x0000000088000000, 0x0000000088000000, 0x0000000088100000|  0%| F|  |TAMS 0x0000000088000000, 0x0000000088000000| Untracked 
| 129|0x0000000088100000, 0x0000000088100000, 0x0000000088200000|  0%| F|  |TAMS 0x0000000088100000, 0x0000000088100000| Untracked 
| 130|0x0000000088200000, 0x0000000088200000, 0x0000000088300000|  0%| F|  |TAMS 0x0000000088200000, 0x0000000088200000| Untracked 
| 131|0x0000000088300000, 0x0000000088300000, 0x0000000088400000|  0%| F|  |TAMS 0x0000000088300000, 0x0000000088300000| Untracked 
| 132|0x0000000088400000, 0x0000000088400000, 0x0000000088500000|  0%| F|  |TAMS 0x0000000088400000, 0x0000000088400000| Untracked 
| 133|0x0000000088500000, 0x0000000088500000, 0x0000000088600000|  0%| F|  |TAMS 0x0000000088500000, 0x0000000088500000| Untracked 
| 134|0x0000000088600000, 0x0000000088600000, 0x0000000088700000|  0%| F|  |TAMS 0x0000000088600000, 0x0000000088600000| Untracked 
| 135|0x0000000088700000, 0x0000000088700000, 0x0000000088800000|  0%| F|  |TAMS 0x0000000088700000, 0x0000000088700000| Untracked 
| 136|0x0000000088800000, 0x0000000088800000, 0x0000000088900000|  0%| F|  |TAMS 0x0000000088800000, 0x0000000088800000| Untracked 
| 137|0x0000000088900000, 0x0000000088900000, 0x0000000088a00000|  0%| F|  |TAMS 0x0000000088900000, 0x0000000088900000| Untracked 
| 138|0x0000000088a00000, 0x0000000088a00000, 0x0000000088b00000|  0%| F|  |TAMS 0x0000000088a00000, 0x0000000088a00000| Untracked 
| 139|0x0000000088b00000, 0x0000000088b00000, 0x0000000088c00000|  0%| F|  |TAMS 0x0000000088b00000, 0x0000000088b00000| Untracked 
| 140|0x0000000088c00000, 0x0000000088c00000, 0x0000000088d00000|  0%| F|  |TAMS 0x0000000088c00000, 0x0000000088c00000| Untracked 
| 141|0x0000000088d00000, 0x0000000088d00000, 0x0000000088e00000|  0%| F|  |TAMS 0x0000000088d00000, 0x0000000088d00000| Untracked 
| 142|0x0000000088e00000, 0x0000000088e00000, 0x0000000088f00000|  0%| F|  |TAMS 0x0000000088e00000, 0x0000000088e00000| Untracked 
| 143|0x0000000088f00000, 0x0000000088f00000, 0x0000000089000000|  0%| F|  |TAMS 0x0000000088f00000, 0x0000000088f00000| Untracked 
| 144|0x0000000089000000, 0x0000000089000000, 0x0000000089100000|  0%| F|  |TAMS 0x0000000089000000, 0x0000000089000000| Untracked 
| 145|0x0000000089100000, 0x0000000089100000, 0x0000000089200000|  0%| F|  |TAMS 0x0000000089100000, 0x0000000089100000| Untracked 
| 146|0x0000000089200000, 0x0000000089200000, 0x0000000089300000|  0%| F|  |TAMS 0x0000000089200000, 0x0000000089200000| Untracked 
| 147|0x0000000089300000, 0x0000000089300000, 0x0000000089400000|  0%| F|  |TAMS 0x0000000089300000, 0x0000000089300000| Untracked 
| 148|0x0000000089400000, 0x0000000089400000, 0x0000000089500000|  0%| F|  |TAMS 0x0000000089400000, 0x0000000089400000| Untracked 
| 149|0x0000000089500000, 0x0000000089500000, 0x0000000089600000|  0%| F|  |TAMS 0x0000000089500000, 0x0000000089500000| Untracked 
| 150|0x0000000089600000, 0x0000000089600000, 0x0000000089700000|  0%| F|  |TAMS 0x0000000089600000, 0x0000000089600000| Untracked 
| 151|0x0000000089700000, 0x0000000089700000, 0x0000000089800000|  0%| F|  |TAMS 0x0000000089700000, 0x0000000089700000| Untracked 
| 152|0x0000000089800000, 0x0000000089800000, 0x0000000089900000|  0%| F|  |TAMS 0x0000000089800000, 0x0000000089800000| Untracked 
| 153|0x0000000089900000, 0x0000000089900000, 0x0000000089a00000|  0%| F|  |TAMS 0x0000000089900000, 0x0000000089900000| Untracked 
| 154|0x0000000089a00000, 0x0000000089a00000, 0x0000000089b00000|  0%| F|  |TAMS 0x0000000089a00000, 0x0000000089a00000| Untracked 
| 155|0x0000000089b00000, 0x0000000089b00000, 0x0000000089c00000|  0%| F|  |TAMS 0x0000000089b00000, 0x0000000089b00000| Untracked 
| 156|0x0000000089c00000, 0x0000000089c00000, 0x0000000089d00000|  0%| F|  |TAMS 0x0000000089c00000, 0x0000000089c00000| Untracked 
| 157|0x0000000089d00000, 0x0000000089d00000, 0x0000000089e00000|  0%| F|  |TAMS 0x0000000089d00000, 0x0000000089d00000| Untracked 
| 158|0x0000000089e00000, 0x0000000089e00000, 0x0000000089f00000|  0%| F|  |TAMS 0x0000000089e00000, 0x0000000089e00000| Untracked 
| 159|0x0000000089f00000, 0x0000000089f00000, 0x000000008a000000|  0%| F|  |TAMS 0x0000000089f00000, 0x0000000089f00000| Untracked 
| 160|0x000000008a000000, 0x000000008a000000, 0x000000008a100000|  0%| F|  |TAMS 0x000000008a000000, 0x000000008a000000| Untracked 
| 161|0x000000008a100000, 0x000000008a100000, 0x000000008a200000|  0%| F|  |TAMS 0x000000008a100000, 0x000000008a100000| Untracked 
| 162|0x000000008a200000, 0x000000008a200000, 0x000000008a300000|  0%| F|  |TAMS 0x000000008a200000, 0x000000008a200000| Untracked 
| 163|0x000000008a300000, 0x000000008a300000, 0x000000008a400000|  0%| F|  |TAMS 0x000000008a300000, 0x000000008a300000| Untracked 
| 164|0x000000008a400000, 0x000000008a400000, 0x000000008a500000|  0%| F|  |TAMS 0x000000008a400000, 0x000000008a400000| Untracked 
| 165|0x000000008a500000, 0x000000008a500000, 0x000000008a600000|  0%| F|  |TAMS 0x000000008a500000, 0x000000008a500000| Untracked 
| 166|0x000000008a600000, 0x000000008a600000, 0x000000008a700000|  0%| F|  |TAMS 0x000000008a600000, 0x000000008a600000| Untracked 
| 167|0x000000008a700000, 0x000000008a700000, 0x000000008a800000|  0%| F|  |TAMS 0x000000008a700000, 0x000000008a700000| Untracked 
| 168|0x000000008a800000, 0x000000008a800000, 0x000000008a900000|  0%| F|  |TAMS 0x000000008a800000, 0x000000008a800000| Untracked 
| 169|0x000000008a900000, 0x000000008a900000, 0x000000008aa00000|  0%| F|  |TAMS 0x000000008a900000, 0x000000008a900000| Untracked 
| 170|0x000000008aa00000, 0x000000008aa00000, 0x000000008ab00000|  0%| F|  |TAMS 0x000000008aa00000, 0x000000008aa00000| Untracked 
| 171|0x000000008ab00000, 0x000000008ab00000, 0x000000008ac00000|  0%| F|  |TAMS 0x000000008ab00000, 0x000000008ab00000| Untracked 
| 172|0x000000008ac00000, 0x000000008ac00000, 0x000000008ad00000|  0%| F|  |TAMS 0x000000008ac00000, 0x000000008ac00000| Untracked 
| 173|0x000000008ad00000, 0x000000008ad00000, 0x000000008ae00000|  0%| F|  |TAMS 0x000000008ad00000, 0x000000008ad00000| Untracked 
| 174|0x000000008ae00000, 0x000000008ae00000, 0x000000008af00000|  0%| F|  |TAMS 0x000000008ae00000, 0x000000008ae00000| Untracked 
| 175|0x000000008af00000, 0x000000008af00000, 0x000000008b000000|  0%| F|  |TAMS 0x000000008af00000, 0x000000008af00000| Untracked 
| 176|0x000000008b000000, 0x000000008b000000, 0x000000008b100000|  0%| F|  |TAMS 0x000000008b000000, 0x000000008b000000| Untracked 
| 177|0x000000008b100000, 0x000000008b100000, 0x000000008b200000|  0%| F|  |TAMS 0x000000008b100000, 0x000000008b100000| Untracked 
| 178|0x000000008b200000, 0x000000008b200000, 0x000000008b300000|  0%| F|  |TAMS 0x000000008b200000, 0x000000008b200000| Untracked 
| 179|0x000000008b300000, 0x000000008b300000, 0x000000008b400000|  0%| F|  |TAMS 0x000000008b300000, 0x000000008b300000| Untracked 
| 180|0x000000008b400000, 0x000000008b400000, 0x000000008b500000|  0%| F|  |TAMS 0x000000008b400000, 0x000000008b400000| Untracked 
| 181|0x000000008b500000, 0x000000008b500000, 0x000000008b600000|  0%| F|  |TAMS 0x000000008b500000, 0x000000008b500000| Untracked 
| 182|0x000000008b600000, 0x000000008b600000, 0x000000008b700000|  0%| F|  |TAMS 0x000000008b600000, 0x000000008b600000| Untracked 
| 183|0x000000008b700000, 0x000000008b700000, 0x000000008b800000|  0%| F|  |TAMS 0x000000008b700000, 0x000000008b700000| Untracked 
| 184|0x000000008b800000, 0x000000008b800000, 0x000000008b900000|  0%| F|  |TAMS 0x000000008b800000, 0x000000008b800000| Untracked 
| 185|0x000000008b900000, 0x000000008b900000, 0x000000008ba00000|  0%| F|  |TAMS 0x000000008b900000, 0x000000008b900000| Untracked 
| 186|0x000000008ba00000, 0x000000008ba00000, 0x000000008bb00000|  0%| F|  |TAMS 0x000000008ba00000, 0x000000008ba00000| Untracked 
| 187|0x000000008bb00000, 0x000000008bb00000, 0x000000008bc00000|  0%| F|  |TAMS 0x000000008bb00000, 0x000000008bb00000| Untracked 
| 188|0x000000008bc00000, 0x000000008bc00000, 0x000000008bd00000|  0%| F|  |TAMS 0x000000008bc00000, 0x000000008bc00000| Untracked 
| 189|0x000000008bd00000, 0x000000008bd00000, 0x000000008be00000|  0%| F|  |TAMS 0x000000008bd00000, 0x000000008bd00000| Untracked 
| 190|0x000000008be00000, 0x000000008be00000, 0x000000008bf00000|  0%| F|  |TAMS 0x000000008be00000, 0x000000008be00000| Untracked 
| 191|0x000000008bf00000, 0x000000008bf00000, 0x000000008c000000|  0%| F|  |TAMS 0x000000008bf00000, 0x000000008bf00000| Untracked 
| 192|0x000000008c000000, 0x000000008c000000, 0x000000008c100000|  0%| F|  |TAMS 0x000000008c000000, 0x000000008c000000| Untracked 
| 193|0x000000008c100000, 0x000000008c1f0cc0, 0x000000008c200000| 94%| S|CS|TAMS 0x000000008c100000, 0x000000008c100000| Complete 
| 194|0x000000008c200000, 0x000000008c200000, 0x000000008c300000|  0%| F|  |TAMS 0x000000008c200000, 0x000000008c200000| Untracked 
| 195|0x000000008c300000, 0x000000008c300000, 0x000000008c400000|  0%| F|  |TAMS 0x000000008c300000, 0x000000008c300000| Untracked 
| 196|0x000000008c400000, 0x000000008c400000, 0x000000008c500000|  0%| F|  |TAMS 0x000000008c400000, 0x000000008c400000| Untracked 
| 197|0x000000008c500000, 0x000000008c500000, 0x000000008c600000|  0%| F|  |TAMS 0x000000008c500000, 0x000000008c500000| Untracked 
| 198|0x000000008c600000, 0x000000008c600000, 0x000000008c700000|  0%| F|  |TAMS 0x000000008c600000, 0x000000008c600000| Untracked 
| 199|0x000000008c700000, 0x000000008c700000, 0x000000008c800000|  0%| F|  |TAMS 0x000000008c700000, 0x000000008c700000| Untracked 
| 200|0x000000008c800000, 0x000000008c800000, 0x000000008c900000|  0%| F|  |TAMS 0x000000008c800000, 0x000000008c800000| Untracked 
| 201|0x000000008c900000, 0x000000008c900000, 0x000000008ca00000|  0%| F|  |TAMS 0x000000008c900000, 0x000000008c900000| Untracked 

Card table byte_map: [0x000001ca35810000,0x000001ca35c10000] _byte_map_base: 0x000001ca35410000

Marking Bits (Prev, Next): (CMBitMap*) 0x000001ca1eba5be0, (CMBitMap*) 0x000001ca1eba5c20
 Prev Bits: [0x000001ca36010000, 0x000001ca38010000)
 Next Bits: [0x000001ca38010000, 0x000001ca3a010000)

Polling page: 0x000001ca1c950000

Metaspace:

Usage:
  Non-class:     77.17 MB used.
      Class:     12.46 MB used.
       Both:     89.63 MB used.

Virtual space:
  Non-class space:      128.00 MB reserved,      77.56 MB ( 61%) committed,  2 nodes.
      Class space:        1.00 GB reserved,      12.81 MB (  1%) committed,  1 nodes.
             Both:        1.12 GB reserved,      90.38 MB (  8%) committed. 

Chunk freelists:
   Non-Class:  1.91 MB
       Class:  3.22 MB
        Both:  5.12 MB

MaxMetaspaceSize: unlimited
CompressedClassSpaceSize: 1.00 GB
Initial GC threshold: 21.00 MB
Current GC threshold: 144.62 MB
CDS: on
MetaspaceReclaimPolicy: balanced
 - commit_granule_bytes: 65536.
 - commit_granule_words: 8192.
 - virtual_space_node_default_size: 8388608.
 - enlarge_chunks_in_place: 1.
 - new_chunks_are_fully_committed: 0.
 - uncommit_free_chunks: 1.
 - use_allocation_guard: 0.
 - handle_deallocations: 1.


Internal statistics:

num_allocs_failed_limit: 6.
num_arena_births: 1038.
num_arena_deaths: 0.
num_vsnodes_births: 3.
num_vsnodes_deaths: 0.
num_space_committed: 1444.
num_space_uncommitted: 0.
num_chunks_returned_to_freelist: 6.
num_chunks_taken_from_freelist: 4680.
num_chunk_merges: 3.
num_chunk_splits: 3256.
num_chunks_enlarged: 2339.
num_inconsistent_stats: 0.

CodeHeap 'non-profiled nmethods': size=120000Kb used=4850Kb max_used=5006Kb free=115149Kb
 bounds [0x000001ca2dee0000, 0x000001ca2e3d0000, 0x000001ca35410000]
CodeHeap 'profiled nmethods': size=120000Kb used=15663Kb max_used=16979Kb free=104337Kb
 bounds [0x000001ca26410000, 0x000001ca274b0000, 0x000001ca2d940000]
CodeHeap 'non-nmethods': size=5760Kb used=1732Kb max_used=1839Kb free=4027Kb
 bounds [0x000001ca2d940000, 0x000001ca2dbb0000, 0x000001ca2dee0000]
 total_blobs=9552 nmethods=8720 adapters=744
 compilation: enabled
              stopped_count=0, restarted_count=0
 full_count=0

Compilation events (20 events):
Event: 22.173 Thread 0x000001ca3c407210 nmethod 10360 0x000001ca2e145910 code [0x000001ca2e145aa0, 0x000001ca2e145b78]
Event: 22.173 Thread 0x000001ca3c3e6800 10362       4       java.lang.invoke.MemberName::flagsMods (73 bytes)
Event: 22.173 Thread 0x000001ca3c3e6800 nmethod 10362 0x000001ca2e145610 code [0x000001ca2e145780, 0x000001ca2e1457f8]
Event: 22.191 Thread 0x000001ca3c407210 10363   !   3       jdk.internal.loader.BuiltinClassLoader$2::run (114 bytes)
Event: 22.191 Thread 0x000001ca3c407210 nmethod 10363 0x000001ca26a9e490 code [0x000001ca26a9e720, 0x000001ca26a9f558]
Event: 22.208 Thread 0x000001ca3c407210 10364       3       org.jetbrains.kotlin.protobuf.CodedOutputStream::writeRawByte (7 bytes)
Event: 22.208 Thread 0x000001ca3c407210 nmethod 10364 0x000001ca26e5e110 code [0x000001ca26e5e2a0, 0x000001ca26e5e3e8]
Event: 22.208 Thread 0x000001ca3c407210 10365       3       org.jetbrains.kotlin.protobuf.CodedOutputStream::writeRawByte (43 bytes)
Event: 22.208 Thread 0x000001ca3c407210 nmethod 10365 0x000001ca26ccb610 code [0x000001ca26ccb7c0, 0x000001ca26ccb988]
Event: 22.208 Thread 0x000001ca3c407210 10366       3       org.jetbrains.kotlin.protobuf.CodedOutputStream::computeRawVarint32Size (41 bytes)
Event: 22.208 Thread 0x000001ca3c407210 nmethod 10366 0x000001ca26ccaf10 code [0x000001ca26ccb0c0, 0x000001ca26ccb378]
Event: 22.220 Thread 0x000001ca3c3e6800 10367       4       jdk.internal.jrtfs.JrtPath::getFileName (78 bytes)
Event: 22.220 Thread 0x000001ca3c407210 10368       3       jdk.internal.jimage.ImageStringsReader::unmaskedHashCode (166 bytes)
Event: 22.221 Thread 0x000001ca3c407210 nmethod 10368 0x000001ca26853190 code [0x000001ca268533e0, 0x000001ca26854018]
Event: 22.221 Thread 0x000001ca3c407210 10371       3       org.jetbrains.kotlin.com.intellij.openapi.util.text.StringUtilRt::toLowerCase (33 bytes)
Event: 22.221 Thread 0x000001ca3c407210 nmethod 10371 0x000001ca26e2b610 code [0x000001ca26e2b7e0, 0x000001ca26e2bb98]
Event: 22.221 Thread 0x000001ca3c407210 10369       3       jdk.internal.jimage.BasicImageReader::getLocation (6 bytes)
Event: 22.221 Thread 0x000001ca3c407210 nmethod 10369 0x000001ca26ea9b90 code [0x000001ca26ea9d20, 0x000001ca26ea9e48]
Event: 22.221 Thread 0x000001ca3c407210 10370       3       jdk.internal.jimage.ImageLocation::readFrom (26 bytes)
Event: 22.222 Thread 0x000001ca3c407210 nmethod 10370 0x000001ca26704710 code [0x000001ca26704960, 0x000001ca26705388]

GC Heap History (20 events):
Event: 14.974 GC heap after
{Heap after GC invocations=26 (full 0):
 garbage-first heap   total 206848K, used 67374K [0x0000000080000000, 0x0000000100000000)
  region size 1024K, 1 young (1024K), 1 survivors (1024K)
 Metaspace       used 55951K, committed 56640K, reserved 1114112K
  class space    used 7751K, committed 8128K, reserved 1048576K
}
Event: 16.406 GC heap before
{Heap before GC invocations=27 (full 0):
 garbage-first heap   total 206848K, used 143150K [0x0000000080000000, 0x0000000100000000)
  region size 1024K, 70 young (71680K), 1 survivors (1024K)
 Metaspace       used 62361K, committed 63040K, reserved 1114112K
  class space    used 8544K, committed 8832K, reserved 1048576K
}
Event: 16.414 GC heap after
{Heap after GC invocations=28 (full 0):
 garbage-first heap   total 206848K, used 73633K [0x0000000080000000, 0x0000000100000000)
  region size 1024K, 6 young (6144K), 6 survivors (6144K)
 Metaspace       used 62361K, committed 63040K, reserved 1114112K
  class space    used 8544K, committed 8832K, reserved 1048576K
}
Event: 16.463 GC heap before
{Heap before GC invocations=28 (full 0):
 garbage-first heap   total 206848K, used 77729K [0x0000000080000000, 0x0000000100000000)
  region size 1024K, 10 young (10240K), 6 survivors (6144K)
 Metaspace       used 62580K, committed 63232K, reserved 1114112K
  class space    used 8592K, committed 8896K, reserved 1048576K
}
Event: 16.469 GC heap after
{Heap after GC invocations=29 (full 0):
 garbage-first heap   total 206848K, used 73991K [0x0000000080000000, 0x0000000100000000)
  region size 1024K, 1 young (1024K), 1 survivors (1024K)
 Metaspace       used 62580K, committed 63232K, reserved 1114112K
  class space    used 8592K, committed 8896K, reserved 1048576K
}
Event: 17.668 GC heap before
{Heap before GC invocations=29 (full 0):
 garbage-first heap   total 206848K, used 144647K [0x0000000080000000, 0x0000000100000000)
  region size 1024K, 70 young (71680K), 1 survivors (1024K)
 Metaspace       used 68620K, committed 69376K, reserved 1114112K
  class space    used 9354K, committed 9728K, reserved 1048576K
}
Event: 17.674 GC heap after
{Heap after GC invocations=30 (full 0):
 garbage-first heap   total 206848K, used 76535K [0x0000000080000000, 0x0000000100000000)
  region size 1024K, 4 young (4096K), 4 survivors (4096K)
 Metaspace       used 68620K, committed 69376K, reserved 1114112K
  class space    used 9354K, committed 9728K, reserved 1048576K
}
Event: 19.053 GC heap before
{Heap before GC invocations=30 (full 0):
 garbage-first heap   total 206848K, used 152311K [0x0000000080000000, 0x0000000100000000)
  region size 1024K, 75 young (76800K), 4 survivors (4096K)
 Metaspace       used 73386K, committed 74048K, reserved 1114112K
  class space    used 10048K, committed 10368K, reserved 1048576K
}
Event: 19.068 GC heap after
{Heap after GC invocations=31 (full 0):
 garbage-first heap   total 206848K, used 83502K [0x0000000080000000, 0x0000000100000000)
  region size 1024K, 8 young (8192K), 8 survivors (8192K)
 Metaspace       used 73386K, committed 74048K, reserved 1114112K
  class space    used 10048K, committed 10368K, reserved 1048576K
}
Event: 20.118 GC heap before
{Heap before GC invocations=31 (full 0):
 garbage-first heap   total 206848K, used 154158K [0x0000000080000000, 0x0000000100000000)
  region size 1024K, 77 young (78848K), 8 survivors (8192K)
 Metaspace       used 81092K, committed 81792K, reserved 1179648K
  class space    used 10997K, committed 11328K, reserved 1048576K
}
Event: 20.131 GC heap after
{Heap after GC invocations=32 (full 0):
 garbage-first heap   total 206848K, used 87546K [0x0000000080000000, 0x0000000100000000)
  region size 1024K, 8 young (8192K), 8 survivors (8192K)
 Metaspace       used 81092K, committed 81792K, reserved 1179648K
  class space    used 10997K, committed 11328K, reserved 1048576K
}
Event: 20.871 GC heap before
{Heap before GC invocations=32 (full 0):
 garbage-first heap   total 206848K, used 132602K [0x0000000080000000, 0x0000000100000000)
  region size 1024K, 53 young (54272K), 8 survivors (8192K)
 Metaspace       used 87764K, committed 88512K, reserved 1179648K
  class space    used 12299K, committed 12672K, reserved 1048576K
}
Event: 20.882 GC heap after
{Heap after GC invocations=33 (full 0):
 garbage-first heap   total 206848K, used 89226K [0x0000000080000000, 0x0000000100000000)
  region size 1024K, 6 young (6144K), 6 survivors (6144K)
 Metaspace       used 87764K, committed 88512K, reserved 1179648K
  class space    used 12299K, committed 12672K, reserved 1048576K
}
Event: 21.480 GC heap before
{Heap before GC invocations=34 (full 0):
 garbage-first heap   total 206848K, used 171146K [0x0000000080000000, 0x0000000100000000)
  region size 1024K, 78 young (79872K), 6 survivors (6144K)
 Metaspace       used 88159K, committed 88960K, reserved 1179648K
  class space    used 12310K, committed 12672K, reserved 1048576K
}
Event: 21.518 GC heap after
{Heap after GC invocations=35 (full 0):
 garbage-first heap   total 206848K, used 111984K [0x0000000080000000, 0x0000000100000000)
  region size 1024K, 10 young (10240K), 10 survivors (10240K)
 Metaspace       used 88159K, committed 88960K, reserved 1179648K
  class space    used 12310K, committed 12672K, reserved 1048576K
}
Event: 21.532 GC heap before
{Heap before GC invocations=35 (full 0):
 garbage-first heap   total 206848K, used 113008K [0x0000000080000000, 0x0000000100000000)
  region size 1024K, 11 young (11264K), 10 survivors (10240K)
 Metaspace       used 88159K, committed 88960K, reserved 1179648K
  class space    used 12310K, committed 12672K, reserved 1048576K
}
Event: 21.550 GC heap after
{Heap after GC invocations=36 (full 0):
 garbage-first heap   total 206848K, used 113472K [0x0000000080000000, 0x0000000100000000)
  region size 1024K, 2 young (2048K), 2 survivors (2048K)
 Metaspace       used 88159K, committed 88960K, reserved 1179648K
  class space    used 12310K, committed 12672K, reserved 1048576K
}
Event: 22.113 GC heap before
{Heap before GC invocations=36 (full 0):
 garbage-first heap   total 206848K, used 159552K [0x0000000080000000, 0x0000000100000000)
  region size 1024K, 47 young (48128K), 2 survivors (2048K)
 Metaspace       used 91058K, committed 91840K, reserved 1179648K
  class space    used 12682K, committed 13056K, reserved 1048576K
}
Event: 22.125 GC heap after
{Heap after GC invocations=37 (full 0):
 garbage-first heap   total 206848K, used 121249K [0x0000000080000000, 0x0000000100000000)
  region size 1024K, 6 young (6144K), 6 survivors (6144K)
 Metaspace       used 91058K, committed 91840K, reserved 1179648K
  class space    used 12682K, committed 13056K, reserved 1048576K
}
Event: 22.226 GC heap before
{Heap before GC invocations=37 (full 0):
 garbage-first heap   total 206848K, used 128417K [0x0000000080000000, 0x0000000100000000)
  region size 1024K, 14 young (14336K), 6 survivors (6144K)
 Metaspace       used 91785K, committed 92544K, reserved 1179648K
  class space    used 12760K, committed 13120K, reserved 1048576K
}

Deoptimization events (20 events):
Event: 21.472 Thread 0x000001ca7e3e61c0 DEOPT PACKING pc=0x000001ca2df6a430 sp=0x000000b8384f5c90
Event: 21.472 Thread 0x000001ca7e3e61c0 DEOPT UNPACKING pc=0x000001ca2d9923a3 sp=0x000000b8384f5c48 mode 2
Event: 21.607 Thread 0x000001ca7e3e61c0 Uncommon trap: trap_request=0xffffff45 fr.pc=0x000001ca2e160e40 relative=0x0000000000005f80
Event: 21.607 Thread 0x000001ca7e3e61c0 Uncommon trap: reason=unstable_if action=reinterpret pc=0x000001ca2e160e40 method=org.jetbrains.kotlin.com.intellij.openapi.vfs.impl.ArchiveHandler.directoryEntry(Ljava/util/Map;Lorg/jetbrains/kotlin/com/intellij/openapi/diagnostic/Logger;Ljava/lang/Strin
Event: 21.607 Thread 0x000001ca7e3e61c0 DEOPT PACKING pc=0x000001ca2e160e40 sp=0x000000b8384f5d90
Event: 21.607 Thread 0x000001ca7e3e61c0 DEOPT UNPACKING pc=0x000001ca2d9923a3 sp=0x000000b8384f5ca8 mode 2
Event: 21.631 Thread 0x000001ca7e3e61c0 DEOPT PACKING pc=0x000001ca266d23e2 sp=0x000000b8384f5f40
Event: 21.631 Thread 0x000001ca7e3e61c0 DEOPT UNPACKING pc=0x000001ca2d992b43 sp=0x000000b8384f5420 mode 0
Event: 21.653 Thread 0x000001ca7e3e61c0 DEOPT PACKING pc=0x000001ca266d23e2 sp=0x000000b8384f5f40
Event: 21.653 Thread 0x000001ca7e3e61c0 DEOPT UNPACKING pc=0x000001ca2d992b43 sp=0x000000b8384f5420 mode 0
Event: 21.667 Thread 0x000001ca7e3e61c0 DEOPT PACKING pc=0x000001ca266d23e2 sp=0x000000b8384f5f40
Event: 21.667 Thread 0x000001ca7e3e61c0 DEOPT UNPACKING pc=0x000001ca2d992b43 sp=0x000000b8384f5420 mode 0
Event: 21.698 Thread 0x000001ca7e3e61c0 Uncommon trap: trap_request=0xffffff45 fr.pc=0x000001ca2e23d054 relative=0x00000000000012f4
Event: 21.698 Thread 0x000001ca7e3e61c0 Uncommon trap: reason=unstable_if action=reinterpret pc=0x000001ca2e23d054 method=java.util.regex.Pattern.atom()Ljava/util/regex/Pattern$Node; @ 14 c2
Event: 21.698 Thread 0x000001ca7e3e61c0 DEOPT PACKING pc=0x000001ca2e23d054 sp=0x000000b8384f4860
Event: 21.698 Thread 0x000001ca7e3e61c0 DEOPT UNPACKING pc=0x000001ca2d9923a3 sp=0x000000b8384f4828 mode 2
Event: 21.699 Thread 0x000001ca7e3e61c0 Uncommon trap: trap_request=0xffffff45 fr.pc=0x000001ca2dfa4530 relative=0x0000000000000590
Event: 21.699 Thread 0x000001ca7e3e61c0 Uncommon trap: reason=unstable_if action=reinterpret pc=0x000001ca2dfa4530 method=java.lang.String.replace(CC)Ljava/lang/String; @ 2 c2
Event: 21.699 Thread 0x000001ca7e3e61c0 DEOPT PACKING pc=0x000001ca2dfa4530 sp=0x000000b8384f6210
Event: 21.699 Thread 0x000001ca7e3e61c0 DEOPT UNPACKING pc=0x000001ca2d9923a3 sp=0x000000b8384f61c0 mode 2

Classes unloaded (0 events):
No events

Classes redefined (0 events):
No events

Internal exceptions (20 events):
Event: 19.569 Thread 0x000001ca7e3e61c0 Exception <a 'java/lang/NoSuchMethodError'{0x000000008a8947a8}: 'java.lang.Object java.lang.invoke.DirectMethodHandle$Holder.invokeStaticInit(java.lang.Object, int)'> (0x000000008a8947a8) 
thrown [s\open\src\hotspot\share\interpreter\linkResolver.cpp, line 759]
Event: 19.626 Thread 0x000001ca7e3e61c0 Exception <a 'java/lang/NoSuchMethodError'{0x000000008a519f98}: 'long java.lang.invoke.DirectMethodHandle$Holder.invokeStatic(java.lang.Object)'> (0x000000008a519f98) 
thrown [s\open\src\hotspot\share\interpreter\linkResolver.cpp, line 759]
Event: 19.626 Thread 0x000001ca7e3e61c0 Exception <a 'java/lang/NoSuchMethodError'{0x000000008a51e890}: 'long java.lang.invoke.DirectMethodHandle$Holder.invokeStaticInit(java.lang.Object)'> (0x000000008a51e890) 
thrown [s\open\src\hotspot\share\interpreter\linkResolver.cpp, line 759]
Event: 19.722 Thread 0x000001ca7e3e61c0 Exception <a 'java/lang/NoSuchMethodError'{0x000000008a0ee230}: 'void java.lang.invoke.DirectMethodHandle$Holder.invokeStaticInit(java.lang.Object)'> (0x000000008a0ee230) 
thrown [s\open\src\hotspot\share\interpreter\linkResolver.cpp, line 759]
Event: 19.728 Thread 0x000001ca7e3e61c0 Exception <a 'java/lang/NoSuchMethodError'{0x0000000089f79440}: 'void java.lang.invoke.DelegatingMethodHandle$Holder.reinvoke_L(java.lang.Object, java.lang.Object, java.lang.Object, long, java.lang.Object)'> (0x0000000089f79440) 
thrown [s\open\src\hotspot\share\interpreter\linkResolver.cpp, line 759]
Event: 19.728 Thread 0x000001ca7e3e61c0 Exception <a 'java/lang/NoSuchMethodError'{0x0000000089f81b90}: 'java.lang.Object java.lang.invoke.DirectMethodHandle$Holder.invokeSpecial(java.lang.Object, java.lang.Object, java.lang.Object, java.lang.Object, long)'> (0x0000000089f81b90) 
thrown [s\open\src\hotspot\share\interpreter\linkResolver.cpp, line 759]
Event: 19.729 Thread 0x000001ca7e3e61c0 Exception <a 'java/lang/NoSuchMethodError'{0x0000000089f92270}: 'int java.lang.invoke.DelegatingMethodHandle$Holder.reinvoke_L(java.lang.Object, java.lang.Object, java.lang.Object, long, java.lang.Object, java.lang.Object)'> (0x0000000089f92270) 
thrown [s\open\src\hotspot\share\interpreter\linkResolver.cpp, line 759]
Event: 19.729 Thread 0x000001ca7e3e61c0 Exception <a 'java/lang/NoSuchMethodError'{0x0000000089fa1ff0}: 'int java.lang.invoke.DelegatingMethodHandle$Holder.reinvoke_L(java.lang.Object, java.lang.Object, java.lang.Object, long, int, int)'> (0x0000000089fa1ff0) 
thrown [s\open\src\hotspot\share\interpreter\linkResolver.cpp, line 759]
Event: 19.730 Thread 0x000001ca7e3e61c0 Exception <a 'java/lang/NoSuchMethodError'{0x0000000089fb1b18}: 'int java.lang.invoke.DelegatingMethodHandle$Holder.reinvoke_L(java.lang.Object, java.lang.Object, java.lang.Object, long, long, long)'> (0x0000000089fb1b18) 
thrown [s\open\src\hotspot\share\interpreter\linkResolver.cpp, line 759]
Event: 19.731 Thread 0x000001ca7e3e61c0 Exception <a 'java/lang/NoSuchMethodError'{0x0000000089fc1330}: 'int java.lang.invoke.DelegatingMethodHandle$Holder.reinvoke_L(java.lang.Object, java.lang.Object, java.lang.Object, long, int)'> (0x0000000089fc1330) 
thrown [s\open\src\hotspot\share\interpreter\linkResolver.cpp, line 759]
Event: 19.732 Thread 0x000001ca7e3e61c0 Exception <a 'java/lang/NoSuchMethodError'{0x0000000089fdc0a8}: 'void java.lang.invoke.DelegatingMethodHandle$Holder.reinvoke_L(java.lang.Object, java.lang.Object, java.lang.Object, long, java.lang.Object, long, long)'> (0x0000000089fdc0a8) 
thrown [s\open\src\hotspot\share\interpreter\linkResolver.cpp, line 759]
Event: 19.732 Thread 0x000001ca7e3e61c0 Exception <a 'java/lang/NoSuchMethodError'{0x0000000089fe42c0}: 'long java.lang.invoke.Invokers$Holder.invokeExact_MT(java.lang.Object, java.lang.Object, java.lang.Object)'> (0x0000000089fe42c0) 
thrown [s\open\src\hotspot\share\interpreter\linkResolver.cpp, line 759]
Event: 19.733 Thread 0x000001ca7e3e61c0 Exception <a 'java/lang/NoSuchMethodError'{0x0000000089fe91c0}: 'int java.lang.invoke.Invokers$Holder.invokeExact_MT(java.lang.Object, java.lang.Object, java.lang.Object)'> (0x0000000089fe91c0) 
thrown [s\open\src\hotspot\share\interpreter\linkResolver.cpp, line 759]
Event: 20.256 Thread 0x000001ca7e3e61c0 Implicit null exception at 0x000001ca2e3ad113 to 0x000001ca2e3ad25c
Event: 20.304 Thread 0x000001ca7e3e61c0 Exception <a 'java/lang/NoSuchMethodError'{0x000000008c04ea60}: 'java.lang.Object java.lang.invoke.DirectMethodHandle$Holder.invokeStatic(java.lang.Object, java.lang.Object, java.lang.Object, java.lang.Object, int, java.lang.Object)'> (0x000000008c04ea60) 
thrown [s\open\src\hotspot\share\interpreter\linkResolver.cpp, line 759]
Event: 20.331 Thread 0x000001ca7e3e61c0 Exception <a 'java/lang/NoSuchMethodError'{0x000000008bf48c48}: 'java.lang.Object java.lang.invoke.Invokers$Holder.invoke_MT(java.lang.Object, java.lang.Object, java.lang.Object)'> (0x000000008bf48c48) 
thrown [s\open\src\hotspot\share\interpreter\linkResolver.cpp, line 759]
Event: 20.340 Thread 0x000001ca7e3e61c0 Exception <a 'sun/nio/fs/WindowsException'{0x000000008bfa6ff8}> (0x000000008bfa6ff8) 
thrown [s\open\src\hotspot\share\prims\jni.cpp, line 516]
Event: 20.795 Thread 0x000001ca7e3e61c0 Exception <a 'java/lang/NoSuchMethodError'{0x000000008a38d090}: 'java.lang.Object java.lang.invoke.Invokers$Holder.invokeExact_MT(java.lang.Object, java.lang.Object, long, java.lang.Object)'> (0x000000008a38d090) 
thrown [s\open\src\hotspot\share\interpreter\linkResolver.cpp, line 759]
Event: 21.673 Thread 0x000001ca7e3e61c0 Exception <a 'sun/nio/fs/WindowsException'{0x000000008b340fa8}> (0x000000008b340fa8) 
thrown [s\open\src\hotspot\share\prims\jni.cpp, line 516]
Event: 21.674 Thread 0x000001ca7e3e61c0 Exception <a 'sun/nio/fs/WindowsException'{0x000000008b341648}> (0x000000008b341648) 
thrown [s\open\src\hotspot\share\prims\jni.cpp, line 516]

VM Operations (20 events):
Event: 20.355 Executing VM operation: HandshakeAllThreads done
Event: 20.692 Executing VM operation: HandshakeAllThreads
Event: 20.692 Executing VM operation: HandshakeAllThreads done
Event: 20.850 Executing VM operation: HandshakeAllThreads
Event: 20.850 Executing VM operation: HandshakeAllThreads done
Event: 20.871 Executing VM operation: G1TryInitiateConcMark
Event: 20.883 Executing VM operation: G1TryInitiateConcMark done
Event: 21.021 Executing VM operation: G1Concurrent
Event: 21.044 Executing VM operation: G1Concurrent done
Event: 21.120 Executing VM operation: G1Concurrent
Event: 21.120 Executing VM operation: G1Concurrent done
Event: 21.159 Executing VM operation: HandshakeAllThreads
Event: 21.159 Executing VM operation: HandshakeAllThreads done
Event: 21.480 Executing VM operation: G1CollectForAllocation
Event: 21.518 Executing VM operation: G1CollectForAllocation done
Event: 21.532 Executing VM operation: G1CollectForAllocation
Event: 21.550 Executing VM operation: G1CollectForAllocation done
Event: 22.112 Executing VM operation: G1CollectForAllocation
Event: 22.125 Executing VM operation: G1CollectForAllocation done
Event: 22.226 Executing VM operation: G1TryInitiateConcMark

Events (20 events):
Event: 20.355 loading class java/nio/channels/NonWritableChannelException
Event: 20.355 loading class java/nio/channels/NonWritableChannelException done
Event: 20.472 loading class java/nio/charset/IllegalCharsetNameException
Event: 20.472 loading class java/nio/charset/IllegalCharsetNameException done
Event: 20.472 loading class sun/nio/cs/UTF_32BE
Event: 20.472 loading class sun/nio/cs/UTF_32BE done
Event: 20.472 loading class sun/nio/cs/UTF_32LE
Event: 20.472 loading class sun/nio/cs/UTF_32LE done
Event: 20.472 loading class sun/nio/cs/MS1251
Event: 20.472 loading class sun/nio/cs/MS1251 done
Event: 20.854 loading class java/beans/PropertyChangeSupport
Event: 20.854 loading class java/beans/PropertyChangeSupport done
Event: 20.854 loading class java/beans/PropertyChangeSupport$PropertyChangeListenerMap
Event: 20.854 loading class java/beans/ChangeListenerMap
Event: 20.854 loading class java/beans/ChangeListenerMap done
Event: 20.854 loading class java/beans/PropertyChangeSupport$PropertyChangeListenerMap done
Event: 20.929 Thread 0x000001ca05de2050 Thread added: 0x000001ca05de2050
Event: 21.698 loading class java/util/regex/Pattern$Bound
Event: 21.698 loading class java/util/regex/Pattern$Bound done
Event: 22.102 Thread 0x000001ca05de2050 Thread exited: 0x000001ca05de2050


Dynamic libraries:
0x00007ff64dc90000 - 0x00007ff64dca0000 	C:\Program Files\Java\jdk-17\bin\java.exe
0x00007ffe0fdd0000 - 0x00007ffe0ffc8000 	C:\WINDOWS\SYSTEM32\ntdll.dll
0x00007ffe0fc60000 - 0x00007ffe0fd22000 	C:\WINDOWS\System32\KERNEL32.DLL
0x00007ffe0d980000 - 0x00007ffe0dc76000 	C:\WINDOWS\System32\KERNELBASE.dll
0x00007ffe0d880000 - 0x00007ffe0d980000 	C:\WINDOWS\System32\ucrtbase.dll
0x00007ffdfc2f0000 - 0x00007ffdfc309000 	C:\Program Files\Java\jdk-17\bin\jli.dll
0x00007ffdfe670000 - 0x00007ffdfe68b000 	C:\Program Files\Java\jdk-17\bin\VCRUNTIME140.dll
0x00007ffe0ddf0000 - 0x00007ffe0dea1000 	C:\WINDOWS\System32\ADVAPI32.dll
0x00007ffe0e6c0000 - 0x00007ffe0e75e000 	C:\WINDOWS\System32\msvcrt.dll
0x00007ffe0e620000 - 0x00007ffe0e6bf000 	C:\WINDOWS\System32\sechost.dll
0x00007ffe0e9b0000 - 0x00007ffe0ead3000 	C:\WINDOWS\System32\RPCRT4.dll
0x00007ffe0ddc0000 - 0x00007ffe0dde7000 	C:\WINDOWS\System32\bcrypt.dll
0x00007ffe0e810000 - 0x00007ffe0e9ad000 	C:\WINDOWS\System32\USER32.dll
0x00007ffe0d730000 - 0x00007ffe0d752000 	C:\WINDOWS\System32\win32u.dll
0x00007ffdff260000 - 0x00007ffdff4fa000 	C:\WINDOWS\WinSxS\amd64_microsoft.windows.common-controls_6595b64144ccf1df_6.0.19041.5915_none_60b4b9d171f9c7c7\COMCTL32.dll
0x00007ffe0f660000 - 0x00007ffe0f68b000 	C:\WINDOWS\System32\GDI32.dll
0x00007ffe0d760000 - 0x00007ffe0d879000 	C:\WINDOWS\System32\gdi32full.dll
0x00007ffe0d4e0000 - 0x00007ffe0d57d000 	C:\WINDOWS\System32\msvcp_win.dll
0x00007ffe03900000 - 0x00007ffe0390a000 	C:\WINDOWS\SYSTEM32\VERSION.dll
0x00007ffe0f220000 - 0x00007ffe0f24f000 	C:\WINDOWS\System32\IMM32.DLL
0x00007ffe0a960000 - 0x00007ffe0a96c000 	C:\Program Files\Java\jdk-17\bin\vcruntime140_1.dll
0x00007ffdef7e0000 - 0x00007ffdef86e000 	C:\Program Files\Java\jdk-17\bin\msvcp140.dll
0x00007ffd8ee00000 - 0x00007ffd8f9e0000 	C:\Program Files\Java\jdk-17\bin\server\jvm.dll
0x00007ffe0f640000 - 0x00007ffe0f648000 	C:\WINDOWS\System32\PSAPI.DLL
0x00007ffdfdfa0000 - 0x00007ffdfdfa9000 	C:\WINDOWS\SYSTEM32\WSOCK32.dll
0x00007ffe0f990000 - 0x00007ffe0f9fb000 	C:\WINDOWS\System32\WS2_32.dll
0x00007ffdfd600000 - 0x00007ffdfd627000 	C:\WINDOWS\SYSTEM32\WINMM.dll
0x00007ffe0bc80000 - 0x00007ffe0bc92000 	C:\WINDOWS\SYSTEM32\kernel.appcore.dll
0x00007ffdfc2e0000 - 0x00007ffdfc2ea000 	C:\Program Files\Java\jdk-17\bin\jimage.dll
0x00007ffe0b290000 - 0x00007ffe0b491000 	C:\WINDOWS\SYSTEM32\DBGHELP.DLL
0x00007ffe01620000 - 0x00007ffe01654000 	C:\WINDOWS\SYSTEM32\dbgcore.DLL
0x00007ffe0dd30000 - 0x00007ffe0ddb2000 	C:\WINDOWS\System32\bcryptPrimitives.dll
0x00007ffdf5d90000 - 0x00007ffdf5d9e000 	C:\Program Files\Java\jdk-17\bin\instrument.dll
0x00007ffdf0800000 - 0x00007ffdf0825000 	C:\Program Files\Java\jdk-17\bin\java.dll
0x00007ffde6b90000 - 0x00007ffde6c67000 	C:\Program Files\Java\jdk-17\bin\jsvml.dll
0x00007ffe0deb0000 - 0x00007ffe0e61e000 	C:\WINDOWS\System32\SHELL32.dll
0x00007ffe0b4c0000 - 0x00007ffe0bc64000 	C:\WINDOWS\SYSTEM32\windows.storage.dll
0x00007ffe0f2e0000 - 0x00007ffe0f633000 	C:\WINDOWS\System32\combase.dll
0x00007ffe0ce20000 - 0x00007ffe0ce4b000 	C:\WINDOWS\SYSTEM32\Wldp.dll
0x00007ffe0f780000 - 0x00007ffe0f84d000 	C:\WINDOWS\System32\OLEAUT32.dll
0x00007ffe0e760000 - 0x00007ffe0e80d000 	C:\WINDOWS\System32\SHCORE.dll
0x00007ffe0f690000 - 0x00007ffe0f6eb000 	C:\WINDOWS\System32\shlwapi.dll
0x00007ffe0d390000 - 0x00007ffe0d3b5000 	C:\WINDOWS\SYSTEM32\profapi.dll
0x00007ffdeffa0000 - 0x00007ffdeffb8000 	C:\Program Files\Java\jdk-17\bin\zip.dll
0x00007ffdf00a0000 - 0x00007ffdf00b9000 	C:\Program Files\Java\jdk-17\bin\net.dll
0x00007ffe01c00000 - 0x00007ffe01d0a000 	C:\WINDOWS\SYSTEM32\WINHTTP.dll
0x00007ffe0cb80000 - 0x00007ffe0cbea000 	C:\WINDOWS\system32\mswsock.dll
0x00007ffdf0080000 - 0x00007ffdf0096000 	C:\Program Files\Java\jdk-17\bin\nio.dll
0x00007ffdfc2d0000 - 0x00007ffdfc2e0000 	C:\Program Files\Java\jdk-17\bin\verify.dll
0x00007ffdfc310000 - 0x00007ffdfc337000 	C:\Users\user\.gradle\native\1def1411415f61bf3af743bc5b6707747c0891f09f0c88961ee8f79bc544acac\windows-amd64\native-platform.dll
0x00007ffdefbe0000 - 0x00007ffdefc58000 	C:\Users\user\.gradle\native\0.2.7\x86_64-windows-gnu\gradle-fileevents.dll
0x00007ffdfc160000 - 0x00007ffdfc16a000 	C:\Program Files\Java\jdk-17\bin\management.dll
0x00007ffdfc0f0000 - 0x00007ffdfc0fb000 	C:\Program Files\Java\jdk-17\bin\management_ext.dll
0x00007ffe0c860000 - 0x00007ffe0c89b000 	C:\WINDOWS\SYSTEM32\IPHLPAPI.DLL
0x00007ffe0f2d0000 - 0x00007ffe0f2d8000 	C:\WINDOWS\System32\NSI.dll
0x00007ffe00010000 - 0x00007ffe00027000 	C:\WINDOWS\SYSTEM32\dhcpcsvc6.DLL
0x00007ffe00610000 - 0x00007ffe0062d000 	C:\WINDOWS\SYSTEM32\dhcpcsvc.DLL
0x00007ffe0c8a0000 - 0x00007ffe0c96a000 	C:\WINDOWS\SYSTEM32\DNSAPI.dll
0x00007ffe0cd70000 - 0x00007ffe0cd88000 	C:\WINDOWS\SYSTEM32\CRYPTSP.dll
0x00007ffe0c4a0000 - 0x00007ffe0c4d8000 	C:\WINDOWS\system32\rsaenh.dll
0x00007ffe0d310000 - 0x00007ffe0d33e000 	C:\WINDOWS\SYSTEM32\USERENV.dll
0x00007ffe0cd90000 - 0x00007ffe0cd9c000 	C:\WINDOWS\SYSTEM32\CRYPTBASE.dll
0x00007ffdf5470000 - 0x00007ffdf547e000 	C:\Program Files\Java\jdk-17\bin\sunmscapi.dll
0x00007ffe0d580000 - 0x00007ffe0d6dd000 	C:\WINDOWS\System32\CRYPT32.dll
0x00007ffe0ce90000 - 0x00007ffe0ceb7000 	C:\WINDOWS\SYSTEM32\ncrypt.dll
0x00007ffe0ce50000 - 0x00007ffe0ce8b000 	C:\WINDOWS\SYSTEM32\NTASN1.dll
0x00007ffe00d40000 - 0x00007ffe00d47000 	C:\WINDOWS\system32\wshunix.dll

dbghelp: loaded successfully - version: 4.0.5 - missing functions: none
symbol engine: initialized successfully - sym options: 0x614 - pdb path: .;C:\Program Files\Java\jdk-17\bin;C:\WINDOWS\SYSTEM32;C:\WINDOWS\WinSxS\amd64_microsoft.windows.common-controls_6595b64144ccf1df_6.0.19041.5915_none_60b4b9d171f9c7c7;C:\Program Files\Java\jdk-17\bin\server;C:\Users\user\.gradle\native\1def1411415f61bf3af743bc5b6707747c0891f09f0c88961ee8f79bc544acac\windows-amd64;C:\Users\user\.gradle\native\0.2.7\x86_64-windows-gnu

VM Arguments:
jvm_args: --add-opens=java.base/java.lang=ALL-UNNAMED --add-opens=java.base/java.lang.invoke=ALL-UNNAMED --add-opens=java.base/java.util=ALL-UNNAMED --add-opens=java.prefs/java.util.prefs=ALL-UNNAMED --add-exports=jdk.compiler/com.sun.tools.javac.api=ALL-UNNAMED --add-exports=jdk.compiler/com.sun.tools.javac.util=ALL-UNNAMED --add-opens=java.base/java.util=ALL-UNNAMED --add-opens=java.prefs/java.util.prefs=ALL-UNNAMED --add-opens=java.base/java.nio.charset=ALL-UNNAMED --add-opens=java.base/java.net=ALL-UNNAMED --add-opens=java.base/java.util.concurrent.atomic=ALL-UNNAMED --add-opens=java.xml/javax.xml.namespace=ALL-UNNAMED -Xmx2048m -Dfile.encoding=UTF-8 -Duser.country=US -Duser.language=en -Duser.variant -javaagent:C:\Users\user\.gradle\wrapper\dists\gradle-8.13-bin\5xuhj0ry160q40clulazy9h7d\gradle-8.13\lib\agents\gradle-instrumentation-agent-8.13.jar 
java_command: org.gradle.launcher.daemon.bootstrap.GradleDaemon 8.13
java_class_path (initial): C:\Users\user\.gradle\wrapper\dists\gradle-8.13-bin\5xuhj0ry160q40clulazy9h7d\gradle-8.13\lib\gradle-daemon-main-8.13.jar
Launcher Type: SUN_STANDARD

[Global flags]
     intx CICompilerCount                          = 3                                         {product} {ergonomic}
     uint ConcGCThreads                            = 1                                         {product} {ergonomic}
     uint G1ConcRefinementThreads                  = 4                                         {product} {ergonomic}
   size_t G1HeapRegionSize                         = 1048576                                   {product} {ergonomic}
    uintx GCDrainStackTargetSize                   = 64                                        {product} {ergonomic}
   size_t InitialHeapSize                          = 134217728                                 {product} {ergonomic}
   size_t MarkStackSize                            = 4194304                                   {product} {ergonomic}
   size_t MaxHeapSize                              = 2147483648                                {product} {command line}
   size_t MaxNewSize                               = 1287651328                                {product} {ergonomic}
   size_t MinHeapDeltaBytes                        = 1048576                                   {product} {ergonomic}
   size_t MinHeapSize                              = 8388608                                   {product} {ergonomic}
    uintx NonNMethodCodeHeapSize                   = 5832780                                {pd product} {ergonomic}
    uintx NonProfiledCodeHeapSize                  = 122912730                              {pd product} {ergonomic}
    uintx ProfiledCodeHeapSize                     = 122912730                              {pd product} {ergonomic}
    uintx ReservedCodeCacheSize                    = 251658240                              {pd product} {ergonomic}
     bool SegmentedCodeCache                       = true                                      {product} {ergonomic}
   size_t SoftMaxHeapSize                          = 2147483648                             {manageable} {ergonomic}
     bool UseCompressedClassPointers               = true                           {product lp64_product} {ergonomic}
     bool UseCompressedOops                        = true                           {product lp64_product} {ergonomic}
     bool UseG1GC                                  = true                                      {product} {ergonomic}
     bool UseLargePagesIndividualAllocation        = false                                  {pd product} {ergonomic}

Logging:
Log output configuration:
 #0: stdout all=warning uptime,level,tags
 #1: stderr all=off uptime,level,tags

Environment Variables:
CLASSPATH=C:\Users\user\AndroidStudioProjects\MZSH\\gradle\wrapper\gradle-wrapper.jar
PATH=C:\Program Files\Common Files\Oracle\Java\javapath;C:\WINDOWS\system32;C:\WINDOWS;C:\WINDOWS\System32\Wbem;C:\WINDOWS\System32\WindowsPowerShell\v1.0\;C:\WINDOWS\System32\OpenSSH\;C:\Program Files\Microsoft SQL Server\Client SDK\ODBC\170\Tools\Binn\;C:\Program Files (x86)\Microsoft SQL Server\150\Tools\Binn\;C:\Program Files\Microsoft SQL Server\150\Tools\Binn\;C:\Program Files\Microsoft SQL Server\150\DTS\Binn\;C:\Program Files (x86)\Microsoft SQL Server\150\DTS\Binn\;C:\Program Files\Azure Data Studio\bin;C:\Program Files\Git\cmd;C:\Program Files\nodejs\;C:\Program Files\dotnet\;C:\Android;C:\Windows\System32;C:\Program Files\MySQL\MySQL Server 8.0\bin;C:\Program Files\MySQL\MySQL Shell 8.0\bin\;C:\Users\user\AppData\Local\Programs\Python\Python313\Scripts\;C:\Users\user\AppData\Local\Programs\Python\Python313\;C:\Users\user\dev\flutter\bin;C:\Users\user\AppData\Local\Programs\Microsoft VS Code\bin;C:\Program Files\JetBrains\PyCharm 2024.2.3\bin;;C:\Program Files\JetBrains\PyCharm Community Edition 2025.1.1.1\bin;;C:\Users\user\AppData\Local\GitHubDesktop\bin
USERNAME=user
OS=Windows_NT
PROCESSOR_IDENTIFIER=Intel64 Family 6 Model 78 Stepping 3, GenuineIntel



---------------  S Y S T E M  ---------------

OS:
 Windows 10 , 64 bit Build 19041 (10.0.19041.5915)
OS uptime: 40 days 10:09 hours

CPU: total 4 (initial active 4) (2 cores per cpu, 2 threads per core) family 6 model 78 stepping 3 microcode 0xf0, cx8, cmov, fxsr, ht, mmx, 3dnowpref, sse, sse2, sse3, ssse3, sse4.1, sse4.2, popcnt, lzcnt, tsc, tscinvbit, avx, avx2, aes, erms, clmul, bmi1, bmi2, rtm, adx, fma, vzeroupper, clflush, clflushopt

Memory: 4k page, system-wide physical 8071M (729M free)
TotalPageFile size 11071M (AvailPageFile size 177M)
current process WorkingSet (physical memory assigned to process): 447M, peak: 447M
current process commit charge ("private bytes"): 479M, peak: 762M

vm_info: Java HotSpot(TM) 64-Bit Server VM (17.0.12+8-LTS-286) for windows-amd64 JRE (17.0.12+8-LTS-286), built on Jun  5 2024 06:46:59 by "mach5one" with MS VC++ 17.6 (VS2022)

END.
