#
# There is insufficient memory for the Java Runtime Environment to continue.
# Native memory allocation (mmap) failed to map 134217728 bytes. Error detail: G1 virtual space
# Possible reasons:
#   The system is out of physical RAM or swap space
#   This process is running with CompressedOops enabled, and the Java Heap may be blocking the growth of the native heap
# Possible solutions:
#   Reduce memory load on the system
#   Increase physical memory or swap space
#   Check if swap backing store is full
#   Decrease Java heap size (-Xmx/-Xms)
#   Decrease number of Java threads
#   Decrease Java thread stack sizes (-Xss)
#   Set larger code cache with -XX:ReservedCodeCacheSize=
#   JVM is running with Unscaled Compressed Oops mode in which the Java heap is
#     placed in the first 4GB address space. The Java Heap base address is the
#     maximum limit for the native heap growth. Please use -XX:HeapBaseMinAddress
#     to set the Java Heap base and to place the Java Heap above 4GB virtual address.
# This output file may be truncated or incomplete.
#
#  Out of Memory Error (os_windows.cpp:3898), pid=6480, tid=17772
#
# JRE version:  (21.0.6) (build )
# Java VM: OpenJDK 64-Bit Server VM (21.0.6+-13391695-b895.109, mixed mode, sharing, tiered, compressed oops, compressed class ptrs, g1 gc, windows-amd64)
# No core dump will be written. Minidumps are not enabled by default on client versions of Windows
#

---------------  S U M M A R Y ------------

Command Line: org.jetbrains.kotlin.cli.jvm.K2JVMCompiler @C:\Users\user\AndroidStudioProjects\MZSH\app\build\20250801_13973146333635745616.compiler.options

Host: Intel(R) Core(TM) i5-6300U CPU @ 2.40GHz, 4 cores, 7G,  Windows 10 , 64 bit Build 19041 (10.0.19041.5915)
Time: Fri Aug  1 01:10:50 2025 Central Europe Daylight Time elapsed time: 0.018525 seconds (0d 0h 0m 0s)

---------------  T H R E A D  ---------------

Current thread (0x000001f866c80cf0):  JavaThread "Unknown thread" [_thread_in_vm, id=17772, stack(0x000000631b200000,0x000000631b300000) (1024K)]

Stack: [0x000000631b200000,0x000000631b300000]
Native frames: (J=compiled Java code, j=interpreted, Vv=VM code, C=native code)
V  [jvm.dll+0x6d0639]
V  [jvm.dll+0x85eb03]
V  [jvm.dll+0x86105e]
V  [jvm.dll+0x861743]
V  [jvm.dll+0x27e6e6]
V  [jvm.dll+0x6ccfd5]
V  [jvm.dll+0x6c0a8a]
V  [jvm.dll+0x35537b]
V  [jvm.dll+0x35cfd6]
V  [jvm.dll+0x3aef86]
V  [jvm.dll+0x3af258]
V  [jvm.dll+0x327a2c]
V  [jvm.dll+0x32871b]
V  [jvm.dll+0x826549]
V  [jvm.dll+0x3bc158]
V  [jvm.dll+0x80f7f8]
V  [jvm.dll+0x45035e]
V  [jvm.dll+0x451ac1]
C  [jli.dll+0x52ab]
C  [ucrtbase.dll+0x21bb2]
C  [KERNEL32.DLL+0x17374]
C  [ntdll.dll+0x4cc91]


---------------  P R O C E S S  ---------------

Threads class SMR info:
_java_thread_list=0x00007ffda1ff1848, length=0, elements={
}

Java Threads: ( => current thread )
Total: 0

Other Threads:
  0x000001f868e72a50 WorkerThread "GC Thread#0"                     [id=6188, stack(0x000000631b300000,0x000000631b400000) (1024K)]
  0x000001f868e837e0 ConcurrentGCThread "G1 Main Marker"            [id=1924, stack(0x000000631b400000,0x000000631b500000) (1024K)]
  0x000001f868e842e0 WorkerThread "G1 Conc#0"                       [id=12592, stack(0x000000631b500000,0x000000631b600000) (1024K)]

[error occurred during error reporting (printing all threads), id 0xc0000005, EXCEPTION_ACCESS_VIOLATION (0xc0000005) at pc=0x00007ffda17eaa87]
VM state: not at safepoint (not fully initialized)

VM Mutex/Monitor currently owned by a thread:  ([mutex/lock_event])
[0x00007ffda205e4a0] Heap_lock - owner thread: 0x000001f866c80cf0

Heap address: 0x0000000081e00000, size: 2018 MB, Compressed Oops mode: 32-bit

CDS archive(s) mapped at: [0x0000000000000000-0x0000000000000000-0x0000000000000000), size 0, SharedBaseAddress: 0x0000000800000000, ArchiveRelocationMode: 1.
Narrow klass base: 0x0000000000000000, Narrow klass shift: 0, Narrow klass range: 0x0

GC Precious Log:
 CardTable entry size: 512
 Card Set container configuration: InlinePtr #cards 5 size 8 Array Of Cards #cards 12 size 40 Howl #buckets 4 coarsen threshold 1843 Howl Bitmap #cards 512 size 80 coarsen threshold 460 Card regions per heap region 1 cards per card region 2048

Heap:
 garbage-first heap   total 0K, used 0K [0x0000000081e00000, 0x0000000100000000)
  region size 1024K, 0 young (0K), 0 survivors (0K)
 Metaspace       used 0K, committed 0K, reserved 0K
  class space    used 0K, committed 0K, reserved 0K

Heap Regions: E=young(eden), S=young(survivor), O=old, HS=humongous(starts), HC=humongous(continues), CS=collection set, F=free, TAMS=top-at-mark-start, PB=parsable bottom

Card table byte_map: [0x000001f87b380000,0x000001f87b780000] _byte_map_base: 0x000001f87af71000

Marking Bits: (CMBitMap*) 0x000001f868e73150
 Bits: [0x000001f87b780000, 0x000001f87d708000)

GC Heap History (0 events):
No events

Dll operation events (1 events):
Event: 0.010 Loaded shared library C:\Program Files\Android\Android Studio\jbr\bin\java.dll

Deoptimization events (0 events):
No events

Classes loaded (0 events):
No events

Classes unloaded (0 events):
No events

Classes redefined (0 events):
No events

Internal exceptions (0 events):
No events

ZGC Phase Switch (0 events):
No events

VM Operations (0 events):
No events

Memory protections (0 events):
No events

Nmethod flushes (0 events):
No events

Events (0 events):
No events


Dynamic libraries:
0x00007ff786260000 - 0x00007ff78626a000 	C:\Program Files\Android\Android Studio\jbr\bin\java.exe
0x00007ffe0fdd0000 - 0x00007ffe0ffc8000 	C:\WINDOWS\SYSTEM32\ntdll.dll
0x00007ffe0fc60000 - 0x00007ffe0fd22000 	C:\WINDOWS\System32\KERNEL32.DLL
0x00007ffe0d980000 - 0x00007ffe0dc76000 	C:\WINDOWS\System32\KERNELBASE.dll
0x00007ffe0d880000 - 0x00007ffe0d980000 	C:\WINDOWS\System32\ucrtbase.dll
0x00007ffdfc7e0000 - 0x00007ffdfc7f8000 	C:\Program Files\Android\Android Studio\jbr\bin\jli.dll
0x00007ffe0e810000 - 0x00007ffe0e9ad000 	C:\WINDOWS\System32\USER32.dll
0x00007ffe0d730000 - 0x00007ffe0d752000 	C:\WINDOWS\System32\win32u.dll
0x00007ffe0f660000 - 0x00007ffe0f68b000 	C:\WINDOWS\System32\GDI32.dll
0x00007ffe0d760000 - 0x00007ffe0d879000 	C:\WINDOWS\System32\gdi32full.dll
0x00007ffe0d4e0000 - 0x00007ffe0d57d000 	C:\WINDOWS\System32\msvcp_win.dll
0x00007ffdfc050000 - 0x00007ffdfc06b000 	C:\Program Files\Android\Android Studio\jbr\bin\VCRUNTIME140.dll
0x00007ffdff260000 - 0x00007ffdff4fa000 	C:\WINDOWS\WinSxS\amd64_microsoft.windows.common-controls_6595b64144ccf1df_6.0.19041.5915_none_60b4b9d171f9c7c7\COMCTL32.dll
0x00007ffe0e6c0000 - 0x00007ffe0e75e000 	C:\WINDOWS\System32\msvcrt.dll
0x00007ffe0f220000 - 0x00007ffe0f24f000 	C:\WINDOWS\System32\IMM32.DLL
0x00007ffe02120000 - 0x00007ffe0212c000 	C:\Program Files\Android\Android Studio\jbr\bin\vcruntime140_1.dll
0x00007ffde2f60000 - 0x00007ffde2fed000 	C:\Program Files\Android\Android Studio\jbr\bin\msvcp140.dll
0x00007ffda14b0000 - 0x00007ffda213b000 	C:\Program Files\Android\Android Studio\jbr\bin\server\jvm.dll
0x00007ffe0ddf0000 - 0x00007ffe0dea1000 	C:\WINDOWS\System32\ADVAPI32.dll
0x00007ffe0e620000 - 0x00007ffe0e6bf000 	C:\WINDOWS\System32\sechost.dll
0x00007ffe0e9b0000 - 0x00007ffe0ead3000 	C:\WINDOWS\System32\RPCRT4.dll
0x00007ffe0ddc0000 - 0x00007ffe0dde7000 	C:\WINDOWS\System32\bcrypt.dll
0x00007ffe0f990000 - 0x00007ffe0f9fb000 	C:\WINDOWS\System32\WS2_32.dll
0x00007ffe0d2c0000 - 0x00007ffe0d30b000 	C:\WINDOWS\SYSTEM32\POWRPROF.dll
0x00007ffdfd600000 - 0x00007ffdfd627000 	C:\WINDOWS\SYSTEM32\WINMM.dll
0x00007ffe03900000 - 0x00007ffe0390a000 	C:\WINDOWS\SYSTEM32\VERSION.dll
0x00007ffe0d2a0000 - 0x00007ffe0d2b2000 	C:\WINDOWS\SYSTEM32\UMPDC.dll
0x00007ffe0bc80000 - 0x00007ffe0bc92000 	C:\WINDOWS\SYSTEM32\kernel.appcore.dll
0x00007ffe01520000 - 0x00007ffe0152a000 	C:\Program Files\Android\Android Studio\jbr\bin\jimage.dll
0x00007ffe0b290000 - 0x00007ffe0b491000 	C:\WINDOWS\SYSTEM32\DBGHELP.DLL
0x00007ffe01620000 - 0x00007ffe01654000 	C:\WINDOWS\SYSTEM32\dbgcore.DLL
0x00007ffe0dd30000 - 0x00007ffe0ddb2000 	C:\WINDOWS\System32\bcryptPrimitives.dll
0x00007ffdfbfe0000 - 0x00007ffdfc000000 	C:\Program Files\Android\Android Studio\jbr\bin\java.dll

dbghelp: loaded successfully - version: 4.0.5 - missing functions: none
symbol engine: initialized successfully - sym options: 0x614 - pdb path: .;C:\Program Files\Android\Android Studio\jbr\bin;C:\WINDOWS\SYSTEM32;C:\WINDOWS\WinSxS\amd64_microsoft.windows.common-controls_6595b64144ccf1df_6.0.19041.5915_none_60b4b9d171f9c7c7;C:\Program Files\Android\Android Studio\jbr\bin\server

VM Arguments:
java_command: org.jetbrains.kotlin.cli.jvm.K2JVMCompiler @C:\Users\user\AndroidStudioProjects\MZSH\app\build\20250801_13973146333635745616.compiler.options
java_class_path (initial): C:\Users\user\.gradle\caches\modules-2\files-2.1\org.jetbrains.kotlin\kotlin-compiler-embeddable\2.0.21\79346ed53db48b18312a472602eb5c057070c54d\kotlin-compiler-embeddable-2.0.21.jar;C:\Users\user\.gradle\caches\modules-2\files-2.1\org.jetbrains.kotlin\kotlin-stdlib\2.0.21\618b539767b4899b4660a83006e052b63f1db551\kotlin-stdlib-2.0.21.jar;C:\Users\user\.gradle\caches\modules-2\files-2.1\org.jetbrains.kotlin\kotlin-script-runtime\2.0.21\c9b044380ad41f89aa89aa896c2d32a8c0b2129d\kotlin-script-runtime-2.0.21.jar;C:\Users\user\.gradle\caches\modules-2\files-2.1\org.jetbrains.kotlin\kotlin-reflect\1.6.10\1cbe9c92c12a94eea200d23c2bbaedaf3daf5132\kotlin-reflect-1.6.10.jar;C:\Users\user\.gradle\caches\modules-2\files-2.1\org.jetbrains.kotlin\kotlin-daemon-embeddable\2.0.21\c9e933b23287de9b5a17e2116b4657bb91aea72c\kotlin-daemon-embeddable-2.0.21.jar;C:\Users\user\.gradle\caches\modules-2\files-2.1\org.jetbrains.intellij.deps\trove4j\1.0.20200330\3afb14d5f9ceb459d724e907a21145e8ff394f02\trove4j-1.0.20200330.jar;C:\Users\user\.gradle\caches\modules-2\files-2.1\org.jetbrains.kotlinx\kotlinx-coroutines-core-jvm\1.6.4\2c997cd1c0ef33f3e751d3831929aeff1390cb30\kotlinx-coroutines-core-jvm-1.6.4.jar;C:\Users\user\.gradle\caches\modules-2\files-2.1\org.jetbrains\annotations\13.0\919f0dfe192fb4e063e7dacadee7f8bb9a2672a9\annotations-13.0.jar
Launcher Type: SUN_STANDARD

[Global flags]
     intx CICompilerCount                          = 3                                         {product} {ergonomic}
     uint ConcGCThreads                            = 1                                         {product} {ergonomic}
     uint G1ConcRefinementThreads                  = 4                                         {product} {ergonomic}
   size_t G1HeapRegionSize                         = 1048576                                   {product} {ergonomic}
    uintx GCDrainStackTargetSize                   = 64                                        {product} {ergonomic}
   size_t InitialHeapSize                          = 134217728                                 {product} {ergonomic}
   size_t MarkStackSize                            = 4194304                                   {product} {ergonomic}
   size_t MaxHeapSize                              = 2116026368                                {product} {ergonomic}
   size_t MinHeapDeltaBytes                        = 1048576                                   {product} {ergonomic}
   size_t MinHeapSize                              = 8388608                                   {product} {ergonomic}
    uintx NonNMethodCodeHeapSize                   = 5832780                                {pd product} {ergonomic}
    uintx NonProfiledCodeHeapSize                  = 122912730                              {pd product} {ergonomic}
    uintx ProfiledCodeHeapSize                     = 122912730                              {pd product} {ergonomic}
    uintx ReservedCodeCacheSize                    = 251658240                              {pd product} {ergonomic}
     bool SegmentedCodeCache                       = true                                      {product} {ergonomic}
   size_t SoftMaxHeapSize                          = 2116026368                             {manageable} {ergonomic}
     bool UseCompressedOops                        = true                           {product lp64_product} {ergonomic}
     bool UseG1GC                                  = true                                      {product} {ergonomic}
     bool UseLargePagesIndividualAllocation        = false                                  {pd product} {ergonomic}

Logging:
Log output configuration:
 #0: stdout all=warning uptime,level,tags foldmultilines=false
 #1: stderr all=off uptime,level,tags foldmultilines=false

Environment Variables:
CLASSPATH=C:\Users\user\AndroidStudioProjects\MZSH\\gradle\wrapper\gradle-wrapper.jar
PATH=C:\Program Files\Common Files\Oracle\Java\javapath;C:\WINDOWS\system32;C:\WINDOWS;C:\WINDOWS\System32\Wbem;C:\WINDOWS\System32\WindowsPowerShell\v1.0\;C:\WINDOWS\System32\OpenSSH\;C:\Program Files\Microsoft SQL Server\Client SDK\ODBC\170\Tools\Binn\;C:\Program Files (x86)\Microsoft SQL Server\150\Tools\Binn\;C:\Program Files\Microsoft SQL Server\150\Tools\Binn\;C:\Program Files\Microsoft SQL Server\150\DTS\Binn\;C:\Program Files (x86)\Microsoft SQL Server\150\DTS\Binn\;C:\Program Files\Azure Data Studio\bin;C:\Program Files\Git\cmd;C:\Program Files\nodejs\;C:\Program Files\dotnet\;C:\Android;C:\Windows\System32;C:\Program Files\MySQL\MySQL Server 8.0\bin;C:\Program Files\MySQL\MySQL Shell 8.0\bin\;C:\Users\user\AppData\Local\Programs\Python\Python313\Scripts\;C:\Users\user\AppData\Local\Programs\Python\Python313\;C:\Users\user\dev\flutter\bin;C:\Users\user\AppData\Local\Programs\Microsoft VS Code\bin;C:\Program Files\JetBrains\PyCharm 2024.2.3\bin;;C:\Program Files\JetBrains\PyCharm Community Edition 2025.1.1.1\bin;;C:\Users\user\AppData\Local\GitHubDesktop\bin
USERNAME=user
OS=Windows_NT
PROCESSOR_IDENTIFIER=Intel64 Family 6 Model 78 Stepping 3, GenuineIntel
TMP=C:\Users\user\AppData\Local\Temp
TEMP=C:\Users\user\AppData\Local\Temp




Periodic native trim disabled

JNI global refs:
JNI global refs: 0, weak refs: 0

JNI global refs memory usage: 0, weak refs: 0

Process memory usage:
Resident Set Size: 10688K (0% of 8265384K total physical memory with 498184K free physical memory)

OOME stack traces (most recent first):
Classloader memory used:

---------------  S Y S T E M  ---------------

OS:
 Windows 10 , 64 bit Build 19041 (10.0.19041.5915)
OS uptime: 40 days 10:36 hours

CPU: total 4 (initial active 4) (2 cores per cpu, 2 threads per core) family 6 model 78 stepping 3 microcode 0xf0, cx8, cmov, fxsr, ht, mmx, 3dnowpref, sse, sse2, sse3, ssse3, sse4.1, sse4.2, popcnt, lzcnt, tsc, tscinvbit, avx, avx2, aes, erms, clmul, bmi1, bmi2, rtm, adx, fma, vzeroupper, clflush, clflushopt, rdtscp, f16c
Processor Information for the first 4 processors :
  Max Mhz: 2496, Current Mhz: 2396, Mhz Limit: 2396

Memory: 4k page, system-wide physical 8071M (486M free)
TotalPageFile size 11071M (AvailPageFile size 116M)
current process WorkingSet (physical memory assigned to process): 10M, peak: 10M
current process commit charge ("private bytes"): 51M, peak: 179M

vm_info: OpenJDK 64-Bit Server VM (21.0.6+-13391695-b895.109) for windows-amd64 JRE (21.0.6+-13391695-b895.109), built on 2025-04-22T21:19:17Z by "builder" with MS VC++ 16.10 / 16.11 (VS2019)

END.
