#
# There is insufficient memory for the Java Runtime Environment to continue.
# Native memory allocation (malloc) failed to allocate 32744 bytes for ChunkPool::allocate
# Possible reasons:
#   The system is out of physical RAM or swap space
#   The process is running with CompressedOops enabled, and the Java Heap may be blocking the growth of the native heap
# Possible solutions:
#   Reduce memory load on the system
#   Increase physical memory or swap space
#   Check if swap backing store is full
#   Decrease Java heap size (-Xmx/-Xms)
#   Decrease number of Java threads
#   Decrease Java thread stack sizes (-Xss)
#   Set larger code cache with -XX:ReservedCodeCacheSize=
#   JVM is running with Unscaled Compressed Oops mode in which the Java heap is
#     placed in the first 4GB address space. The Java Heap base address is the
#     maximum limit for the native heap growth. Please use -XX:HeapBaseMinAddress
#     to set the Java Heap base and to place the Java Heap above 4GB virtual address.
# This output file may be truncated or incomplete.
#
#  Out of Memory Error (arena.cpp:78), pid=6232, tid=11072
#
# JRE version: Java(TM) SE Runtime Environment (17.0.12+8) (build 17.0.12+8-LTS-286)
# Java VM: Java HotSpot(TM) 64-Bit Server VM (17.0.12+8-LTS-286, mixed mode, sharing, tiered, compressed oops, compressed class ptrs, g1 gc, windows-amd64)
# No core dump will be written. Minidumps are not enabled by default on client versions of Windows
#

---------------  S U M M A R Y ------------

Command Line: -Xmx64m -Xms64m -Dorg.gradle.appname=gradlew org.gradle.wrapper.GradleWrapperMain assembleDebug

Host: Intel(R) Core(TM) i5-6300U CPU @ 2.40GHz, 4 cores, 7G,  Windows 10 , 64 bit Build 19041 (10.0.19041.5915)
Time: Fri Aug  1 01:24:56 2025 Central Europe Daylight Time elapsed time: 69.585518 seconds (0d 0h 1m 9s)

---------------  T H R E A D  ---------------

Current thread (0x0000018c282d94a0):  JavaThread "C2 CompilerThread0" daemon [_thread_in_native, id=11072, stack(0x0000002b4a100000,0x0000002b4a200000)]


Current CompileTask:
C2:  69585 1935       4       jdk.internal.org.objectweb.asm.SymbolTable::put (150 bytes)

Stack: [0x0000002b4a100000,0x0000002b4a200000]
Native frames: (J=compiled Java code, j=interpreted, Vv=VM code, C=native code)
V  [jvm.dll+0x67a04a]
V  [jvm.dll+0x7da4ed]
V  [jvm.dll+0x7dbe33]
V  [jvm.dll+0x7dc4a3]
V  [jvm.dll+0x24508f]
V  [jvm.dll+0xab9a4]
V  [jvm.dll+0xabd3c]
V  [jvm.dll+0xab884]
V  [jvm.dll+0x7c43cc]
V  [jvm.dll+0x57033d]
V  [jvm.dll+0x5713a3]
V  [jvm.dll+0x571086]
V  [jvm.dll+0x5706d0]
V  [jvm.dll+0x570696]
V  [jvm.dll+0x5826e8]
V  [jvm.dll+0x21f422]
V  [jvm.dll+0x2184c2]
V  [jvm.dll+0x215b65]
V  [jvm.dll+0x1a2960]
V  [jvm.dll+0x22610b]
V  [jvm.dll+0x2242ab]
V  [jvm.dll+0x79075c]
V  [jvm.dll+0x78abea]
V  [jvm.dll+0x678f35]
C  [ucrtbase.dll+0x21bb2]
C  [KERNEL32.DLL+0x17374]
C  [ntdll.dll+0x4cc91]


---------------  P R O C E S S  ---------------

Threads class SMR info:
_java_thread_list=0x0000018c6e001970, length=13, elements={
0x0000018c0d3f4e70, 0x0000018c0d4c8c00, 0x0000018c0d4ca290, 0x0000018c282d2bc0,
0x0000018c282d3580, 0x0000018c282d46e0, 0x0000018c282d5840, 0x0000018c282d94a0,
0x0000018c282d9db0, 0x0000018c2830a750, 0x0000018c28538c80, 0x0000018c28539bb0,
0x0000018c28539190
}

Java Threads: ( => current thread )
  0x0000018c0d3f4e70 JavaThread "main" [_thread_in_vm, id=9976, stack(0x0000002b49400000,0x0000002b49500000)]
  0x0000018c0d4c8c00 JavaThread "Reference Handler" daemon [_thread_blocked, id=8472, stack(0x0000002b49b00000,0x0000002b49c00000)]
  0x0000018c0d4ca290 JavaThread "Finalizer" daemon [_thread_blocked, id=19652, stack(0x0000002b49c00000,0x0000002b49d00000)]
  0x0000018c282d2bc0 JavaThread "Signal Dispatcher" daemon [_thread_blocked, id=16988, stack(0x0000002b49d00000,0x0000002b49e00000)]
  0x0000018c282d3580 JavaThread "Attach Listener" daemon [_thread_blocked, id=20404, stack(0x0000002b49e00000,0x0000002b49f00000)]
  0x0000018c282d46e0 JavaThread "Service Thread" daemon [_thread_blocked, id=7756, stack(0x0000002b49f00000,0x0000002b4a000000)]
  0x0000018c282d5840 JavaThread "Monitor Deflation Thread" daemon [_thread_blocked, id=6248, stack(0x0000002b4a000000,0x0000002b4a100000)]
=>0x0000018c282d94a0 JavaThread "C2 CompilerThread0" daemon [_thread_in_native, id=11072, stack(0x0000002b4a100000,0x0000002b4a200000)]
  0x0000018c282d9db0 JavaThread "C1 CompilerThread0" daemon [_thread_in_native, id=13152, stack(0x0000002b4a200000,0x0000002b4a300000)]
  0x0000018c2830a750 JavaThread "Sweeper thread" daemon [_thread_blocked, id=12720, stack(0x0000002b4a300000,0x0000002b4a400000)]
  0x0000018c28538c80 JavaThread "Notification Thread" daemon [_thread_blocked, id=11284, stack(0x0000002b4a400000,0x0000002b4a500000)]
  0x0000018c28539bb0 JavaThread "Common-Cleaner" daemon [_thread_blocked, id=10656, stack(0x0000002b4a600000,0x0000002b4a700000)]
  0x0000018c28539190 JavaThread "pool-1-thread-1" [_thread_in_native, id=19576, stack(0x0000002b4ab00000,0x0000002b4ac00000)]

Other Threads:
  0x0000018c282be010 VMThread "VM Thread" [stack: 0x0000002b49a00000,0x0000002b49b00000] [id=10676]
  0x0000018c0d41d820 WatcherThread [stack: 0x0000002b4a500000,0x0000002b4a600000] [id=17228]
  0x0000018c0d414e00 GCTaskThread "GC Thread#0" [stack: 0x0000002b49500000,0x0000002b49600000] [id=19572]
  0x0000018c286e16b0 GCTaskThread "GC Thread#1" [stack: 0x0000002b4a800000,0x0000002b4a900000] [id=16720]
  0x0000018c2889e920 GCTaskThread "GC Thread#2" [stack: 0x0000002b4a900000,0x0000002b4aa00000] [id=18764]
  0x0000018c2875edb0 GCTaskThread "GC Thread#3" [stack: 0x0000002b4aa00000,0x0000002b4ab00000] [id=5932]
  0x0000018c0d416550 ConcurrentGCThread "G1 Main Marker" [stack: 0x0000002b49600000,0x0000002b49700000] [id=9988]
  0x0000018c0d417f70 ConcurrentGCThread "G1 Conc#0" [stack: 0x0000002b49700000,0x0000002b49800000] [id=3476]
  0x0000018c0d468990 ConcurrentGCThread "G1 Refine#0" [stack: 0x0000002b49800000,0x0000002b49900000] [id=10816]
  0x0000018c0d4693c0 ConcurrentGCThread "G1 Service" [stack: 0x0000002b49900000,0x0000002b49a00000] [id=9796]

Threads with active compile tasks:
C2 CompilerThread0    69656 1935       4       jdk.internal.org.objectweb.asm.SymbolTable::put (150 bytes)
C1 CompilerThread0    69656 1936       3       sun.invoke.util.VerifyAccess::isMemberAccessible (338 bytes)

VM state: not at safepoint (normal execution)

VM Mutex/Monitor currently owned by a thread: None

Heap address: 0x00000000fc000000, size: 64 MB, Compressed Oops mode: 32-bit

CDS archive(s) mapped at: [0x0000018c29000000-0x0000018c29bd0000-0x0000018c29bd0000), size 12386304, SharedBaseAddress: 0x0000018c29000000, ArchiveRelocationMode: 1.
Compressed class space mapped at: 0x0000018c2a000000-0x0000018c6a000000, reserved size: 1073741824
Narrow klass base: 0x0000018c29000000, Narrow klass shift: 0, Narrow klass range: 0x100000000

GC Precious Log:
 CPUs: 4 total, 4 available
 Memory: 8071M
 Large Page Support: Disabled
 NUMA Support: Disabled
 Compressed Oops: Enabled (32-bit)
 Heap Region Size: 1M
 Heap Min Capacity: 64M
 Heap Initial Capacity: 64M
 Heap Max Capacity: 64M
 Pre-touch: Disabled
 Parallel Workers: 4
 Concurrent Workers: 1
 Concurrent Refinement Workers: 4
 Periodic GC: Disabled

Heap:
 garbage-first heap   total 65536K, used 13462K [0x00000000fc000000, 0x0000000100000000)
  region size 1024K, 7 young (7168K), 5 survivors (5120K)
 Metaspace       used 10967K, committed 11200K, reserved 1114112K
  class space    used 1422K, committed 1536K, reserved 1048576K

Heap Regions: E=young(eden), S=young(survivor), O=old, HS=humongous(starts), HC=humongous(continues), CS=collection set, F=free, OA=open archive, CA=closed archive, TAMS=top-at-mark-start (previous, next)
|   0|0x00000000fc000000, 0x00000000fc100000, 0x00000000fc100000|100%|HS|  |TAMS 0x00000000fc000000, 0x00000000fc000000| Complete 
|   1|0x00000000fc100000, 0x00000000fc200000, 0x00000000fc200000|100%|HC|  |TAMS 0x00000000fc100000, 0x00000000fc100000| Complete 
|   2|0x00000000fc200000, 0x00000000fc300000, 0x00000000fc300000|100%|HC|  |TAMS 0x00000000fc200000, 0x00000000fc200000| Complete 
|   3|0x00000000fc300000, 0x00000000fc400000, 0x00000000fc400000|100%| O|  |TAMS 0x00000000fc300000, 0x00000000fc300000| Untracked 
|   4|0x00000000fc400000, 0x00000000fc500000, 0x00000000fc500000|100%| O|  |TAMS 0x00000000fc400000, 0x00000000fc400000| Untracked 
|   5|0x00000000fc500000, 0x00000000fc600000, 0x00000000fc600000|100%| O|  |TAMS 0x00000000fc500000, 0x00000000fc500000| Untracked 
|   6|0x00000000fc600000, 0x00000000fc700000, 0x00000000fc700000|100%| O|  |TAMS 0x00000000fc600000, 0x00000000fc600000| Untracked 
|   7|0x00000000fc700000, 0x00000000fc725800, 0x00000000fc800000| 14%| O|  |TAMS 0x00000000fc700000, 0x00000000fc700000| Untracked 
|   8|0x00000000fc800000, 0x00000000fc800000, 0x00000000fc900000|  0%| F|  |TAMS 0x00000000fc800000, 0x00000000fc800000| Untracked 
|   9|0x00000000fc900000, 0x00000000fc900000, 0x00000000fca00000|  0%| F|  |TAMS 0x00000000fc900000, 0x00000000fc900000| Untracked 
|  10|0x00000000fca00000, 0x00000000fca00000, 0x00000000fcb00000|  0%| F|  |TAMS 0x00000000fca00000, 0x00000000fca00000| Untracked 
|  11|0x00000000fcb00000, 0x00000000fcb00000, 0x00000000fcc00000|  0%| F|  |TAMS 0x00000000fcb00000, 0x00000000fcb00000| Untracked 
|  12|0x00000000fcc00000, 0x00000000fcc00000, 0x00000000fcd00000|  0%| F|  |TAMS 0x00000000fcc00000, 0x00000000fcc00000| Untracked 
|  13|0x00000000fcd00000, 0x00000000fcd00000, 0x00000000fce00000|  0%| F|  |TAMS 0x00000000fcd00000, 0x00000000fcd00000| Untracked 
|  14|0x00000000fce00000, 0x00000000fce00000, 0x00000000fcf00000|  0%| F|  |TAMS 0x00000000fce00000, 0x00000000fce00000| Untracked 
|  15|0x00000000fcf00000, 0x00000000fcf00000, 0x00000000fd000000|  0%| F|  |TAMS 0x00000000fcf00000, 0x00000000fcf00000| Untracked 
|  16|0x00000000fd000000, 0x00000000fd000000, 0x00000000fd100000|  0%| F|  |TAMS 0x00000000fd000000, 0x00000000fd000000| Untracked 
|  17|0x00000000fd100000, 0x00000000fd100000, 0x00000000fd200000|  0%| F|  |TAMS 0x00000000fd100000, 0x00000000fd100000| Untracked 
|  18|0x00000000fd200000, 0x00000000fd200000, 0x00000000fd300000|  0%| F|  |TAMS 0x00000000fd200000, 0x00000000fd200000| Untracked 
|  19|0x00000000fd300000, 0x00000000fd300000, 0x00000000fd400000|  0%| F|  |TAMS 0x00000000fd300000, 0x00000000fd300000| Untracked 
|  20|0x00000000fd400000, 0x00000000fd400000, 0x00000000fd500000|  0%| F|  |TAMS 0x00000000fd400000, 0x00000000fd400000| Untracked 
|  21|0x00000000fd500000, 0x00000000fd600000, 0x00000000fd600000|100%| S|CS|TAMS 0x00000000fd500000, 0x00000000fd500000| Complete 
|  22|0x00000000fd600000, 0x00000000fd700000, 0x00000000fd700000|100%| S|CS|TAMS 0x00000000fd600000, 0x00000000fd600000| Complete 
|  23|0x00000000fd700000, 0x00000000fd800000, 0x00000000fd800000|100%| S|CS|TAMS 0x00000000fd700000, 0x00000000fd700000| Complete 
|  24|0x00000000fd800000, 0x00000000fd900000, 0x00000000fd900000|100%| S|CS|TAMS 0x00000000fd800000, 0x00000000fd800000| Complete 
|  25|0x00000000fd900000, 0x00000000fda00000, 0x00000000fda00000|100%| S|CS|TAMS 0x00000000fd900000, 0x00000000fd900000| Complete 
|  26|0x00000000fda00000, 0x00000000fda00000, 0x00000000fdb00000|  0%| F|  |TAMS 0x00000000fda00000, 0x00000000fda00000| Untracked 
|  27|0x00000000fdb00000, 0x00000000fdb00000, 0x00000000fdc00000|  0%| F|  |TAMS 0x00000000fdb00000, 0x00000000fdb00000| Untracked 
|  28|0x00000000fdc00000, 0x00000000fdc00000, 0x00000000fdd00000|  0%| F|  |TAMS 0x00000000fdc00000, 0x00000000fdc00000| Untracked 
|  29|0x00000000fdd00000, 0x00000000fdd00000, 0x00000000fde00000|  0%| F|  |TAMS 0x00000000fdd00000, 0x00000000fdd00000| Untracked 
|  30|0x00000000fde00000, 0x00000000fde00000, 0x00000000fdf00000|  0%| F|  |TAMS 0x00000000fde00000, 0x00000000fde00000| Untracked 
|  31|0x00000000fdf00000, 0x00000000fdf00000, 0x00000000fe000000|  0%| F|  |TAMS 0x00000000fdf00000, 0x00000000fdf00000| Untracked 
|  32|0x00000000fe000000, 0x00000000fe000000, 0x00000000fe100000|  0%| F|  |TAMS 0x00000000fe000000, 0x00000000fe000000| Untracked 
|  33|0x00000000fe100000, 0x00000000fe100000, 0x00000000fe200000|  0%| F|  |TAMS 0x00000000fe100000, 0x00000000fe100000| Untracked 
|  34|0x00000000fe200000, 0x00000000fe200000, 0x00000000fe300000|  0%| F|  |TAMS 0x00000000fe200000, 0x00000000fe200000| Untracked 
|  35|0x00000000fe300000, 0x00000000fe300000, 0x00000000fe400000|  0%| F|  |TAMS 0x00000000fe300000, 0x00000000fe300000| Untracked 
|  36|0x00000000fe400000, 0x00000000fe400000, 0x00000000fe500000|  0%| F|  |TAMS 0x00000000fe400000, 0x00000000fe400000| Untracked 
|  37|0x00000000fe500000, 0x00000000fe500000, 0x00000000fe600000|  0%| F|  |TAMS 0x00000000fe500000, 0x00000000fe500000| Untracked 
|  38|0x00000000fe600000, 0x00000000fe600000, 0x00000000fe700000|  0%| F|  |TAMS 0x00000000fe600000, 0x00000000fe600000| Untracked 
|  39|0x00000000fe700000, 0x00000000fe700000, 0x00000000fe800000|  0%| F|  |TAMS 0x00000000fe700000, 0x00000000fe700000| Untracked 
|  40|0x00000000fe800000, 0x00000000fe800000, 0x00000000fe900000|  0%| F|  |TAMS 0x00000000fe800000, 0x00000000fe800000| Untracked 
|  41|0x00000000fe900000, 0x00000000fe900000, 0x00000000fea00000|  0%| F|  |TAMS 0x00000000fe900000, 0x00000000fe900000| Untracked 
|  42|0x00000000fea00000, 0x00000000fea00000, 0x00000000feb00000|  0%| F|  |TAMS 0x00000000fea00000, 0x00000000fea00000| Untracked 
|  43|0x00000000feb00000, 0x00000000feb00000, 0x00000000fec00000|  0%| F|  |TAMS 0x00000000feb00000, 0x00000000feb00000| Untracked 
|  44|0x00000000fec00000, 0x00000000fec00000, 0x00000000fed00000|  0%| F|  |TAMS 0x00000000fec00000, 0x00000000fec00000| Untracked 
|  45|0x00000000fed00000, 0x00000000fed00000, 0x00000000fee00000|  0%| F|  |TAMS 0x00000000fed00000, 0x00000000fed00000| Untracked 
|  46|0x00000000fee00000, 0x00000000fee00000, 0x00000000fef00000|  0%| F|  |TAMS 0x00000000fee00000, 0x00000000fee00000| Untracked 
|  47|0x00000000fef00000, 0x00000000fef00000, 0x00000000ff000000|  0%| F|  |TAMS 0x00000000fef00000, 0x00000000fef00000| Untracked 
|  48|0x00000000ff000000, 0x00000000ff000000, 0x00000000ff100000|  0%| F|  |TAMS 0x00000000ff000000, 0x00000000ff000000| Untracked 
|  49|0x00000000ff100000, 0x00000000ff100000, 0x00000000ff200000|  0%| F|  |TAMS 0x00000000ff100000, 0x00000000ff100000| Untracked 
|  50|0x00000000ff200000, 0x00000000ff200000, 0x00000000ff300000|  0%| F|  |TAMS 0x00000000ff200000, 0x00000000ff200000| Untracked 
|  51|0x00000000ff300000, 0x00000000ff300000, 0x00000000ff400000|  0%| F|  |TAMS 0x00000000ff300000, 0x00000000ff300000| Untracked 
|  52|0x00000000ff400000, 0x00000000ff400000, 0x00000000ff500000|  0%| F|  |TAMS 0x00000000ff400000, 0x00000000ff400000| Untracked 
|  53|0x00000000ff500000, 0x00000000ff500000, 0x00000000ff600000|  0%| F|  |TAMS 0x00000000ff500000, 0x00000000ff500000| Untracked 
|  54|0x00000000ff600000, 0x00000000ff600000, 0x00000000ff700000|  0%| F|  |TAMS 0x00000000ff600000, 0x00000000ff600000| Untracked 
|  55|0x00000000ff700000, 0x00000000ff700000, 0x00000000ff800000|  0%| F|  |TAMS 0x00000000ff700000, 0x00000000ff700000| Untracked 
|  56|0x00000000ff800000, 0x00000000ff800000, 0x00000000ff900000|  0%| F|  |TAMS 0x00000000ff800000, 0x00000000ff800000| Untracked 
|  57|0x00000000ff900000, 0x00000000ff900000, 0x00000000ffa00000|  0%| F|  |TAMS 0x00000000ff900000, 0x00000000ff900000| Untracked 
|  58|0x00000000ffa00000, 0x00000000ffa00000, 0x00000000ffb00000|  0%| F|  |TAMS 0x00000000ffa00000, 0x00000000ffa00000| Untracked 
|  59|0x00000000ffb00000, 0x00000000ffb00000, 0x00000000ffc00000|  0%| F|  |TAMS 0x00000000ffb00000, 0x00000000ffb00000| Untracked 
|  60|0x00000000ffc00000, 0x00000000ffc00000, 0x00000000ffd00000|  0%| F|  |TAMS 0x00000000ffc00000, 0x00000000ffc00000| Untracked 
|  61|0x00000000ffd00000, 0x00000000ffd00000, 0x00000000ffe00000|  0%| F|  |TAMS 0x00000000ffd00000, 0x00000000ffd00000| Untracked 
|  62|0x00000000ffe00000, 0x00000000ffe7ad60, 0x00000000fff00000| 47%| E|  |TAMS 0x00000000ffe00000, 0x00000000ffe00000| Complete 
|  63|0x00000000fff00000, 0x0000000100000000, 0x0000000100000000|100%| E|CS|TAMS 0x00000000fff00000, 0x00000000fff00000| Complete 

Card table byte_map: [0x0000018c25af0000,0x0000018c25b10000] _byte_map_base: 0x0000018c25310000

Marking Bits (Prev, Next): (CMBitMap*) 0x0000018c0d415420, (CMBitMap*) 0x0000018c0d415460
 Prev Bits: [0x0000018c25b30000, 0x0000018c25c30000)
 Next Bits: [0x0000018c25c30000, 0x0000018c25d30000)

Polling page: 0x0000018c0d4d0000

Metaspace:

Usage:
  Non-class:      9.32 MB used.
      Class:      1.39 MB used.
       Both:     10.71 MB used.

Virtual space:
  Non-class space:       64.00 MB reserved,       9.44 MB ( 15%) committed,  1 nodes.
      Class space:        1.00 GB reserved,       1.50 MB ( <1%) committed,  1 nodes.
             Both:        1.06 GB reserved,      10.94 MB (  1%) committed. 

Chunk freelists:
   Non-Class:  5.83 MB
       Class:  14.51 MB
        Both:  20.34 MB

MaxMetaspaceSize: unlimited
CompressedClassSpaceSize: 1.00 GB
Initial GC threshold: 21.00 MB
Current GC threshold: 21.00 MB
CDS: on
MetaspaceReclaimPolicy: balanced
 - commit_granule_bytes: 65536.
 - commit_granule_words: 8192.
 - virtual_space_node_default_size: 8388608.
 - enlarge_chunks_in_place: 1.
 - new_chunks_are_fully_committed: 0.
 - uncommit_free_chunks: 1.
 - use_allocation_guard: 0.
 - handle_deallocations: 1.


Internal statistics:

num_allocs_failed_limit: 0.
num_arena_births: 106.
num_arena_deaths: 0.
num_vsnodes_births: 2.
num_vsnodes_deaths: 0.
num_space_committed: 175.
num_space_uncommitted: 0.
num_chunks_returned_to_freelist: 0.
num_chunks_taken_from_freelist: 425.
num_chunk_merges: 0.
num_chunk_splits: 275.
num_chunks_enlarged: 215.
num_inconsistent_stats: 0.

CodeHeap 'non-profiled nmethods': size=120000Kb used=814Kb max_used=814Kb free=119185Kb
 bounds [0x0000018c1dfa0000, 0x0000018c1e210000, 0x0000018c254d0000]
CodeHeap 'profiled nmethods': size=120000Kb used=3724Kb max_used=3724Kb free=116276Kb
 bounds [0x0000018c164d0000, 0x0000018c16880000, 0x0000018c1da00000]
CodeHeap 'non-nmethods': size=5760Kb used=1184Kb max_used=1223Kb free=4575Kb
 bounds [0x0000018c1da00000, 0x0000018c1dc70000, 0x0000018c1dfa0000]
 total_blobs=2417 nmethods=1934 adapters=396
 compilation: enabled
              stopped_count=0, restarted_count=0
 full_count=0

Compilation events (20 events):
Event: 58.785 Thread 0x0000018c282d9db0 1925       3       java.nio.ByteBuffer::hasArray (20 bytes)
Event: 58.786 Thread 0x0000018c282d9db0 nmethod 1925 0x0000018c16871b90 code [0x0000018c16871d20, 0x0000018c16871ed8]
Event: 58.786 Thread 0x0000018c282d9db0 1926       3       java.nio.charset.CoderResult::isOverflow (14 bytes)
Event: 58.786 Thread 0x0000018c282d9db0 nmethod 1926 0x0000018c16871f90 code [0x0000018c16872120, 0x0000018c16872298]
Event: 62.367 Thread 0x0000018c282d9db0 1927       3       java.lang.ref.ReferenceQueue::reallyPoll (65 bytes)
Event: 62.367 Thread 0x0000018c282d9db0 nmethod 1927 0x0000018c16872310 code [0x0000018c168724e0, 0x0000018c16872a18]
Event: 69.376 Thread 0x0000018c282d94a0 1928       4       org.gradle.util.internal.GUtil::isTrue (56 bytes)
Event: 69.378 Thread 0x0000018c282d94a0 nmethod 1928 0x0000018c1e069710 code [0x0000018c1e0698a0, 0x0000018c1e069998]
Event: 69.420 Thread 0x0000018c282d94a0 1929       4       java.lang.AbstractStringBuilder::shift (37 bytes)
Event: 69.422 Thread 0x0000018c282d94a0 nmethod 1929 0x0000018c1e069a90 code [0x0000018c1e069c00, 0x0000018c1e069d38]
Event: 69.423 Thread 0x0000018c282d94a0 1930       4       java.util.ArrayList::isEmpty (13 bytes)
Event: 69.423 Thread 0x0000018c282d94a0 nmethod 1930 0x0000018c1e069e10 code [0x0000018c1e069f80, 0x0000018c1e06a018]
Event: 69.439 Thread 0x0000018c282d94a0 1931       4       java.lang.AbstractStringBuilder::insert (54 bytes)
Event: 69.454 Thread 0x0000018c282d94a0 nmethod 1931 0x0000018c1e06a110 code [0x0000018c1e06a2c0, 0x0000018c1e06ac68]
Event: 69.483 Thread 0x0000018c282d9db0 1932       1       java.lang.invoke.MethodHandleNatives::isPullModeBSM (2 bytes)
Event: 69.483 Thread 0x0000018c282d9db0 nmethod 1932 0x0000018c1e06b190 code [0x0000018c1e06b320, 0x0000018c1e06b3d8]
Event: 69.484 Thread 0x0000018c282d9db0 1933       3       java.lang.invoke.ConstantCallSite::getTarget (20 bytes)
Event: 69.484 Thread 0x0000018c282d9db0 nmethod 1933 0x0000018c16872b10 code [0x0000018c16872cc0, 0x0000018c16872ee8]
Event: 69.491 Thread 0x0000018c282d94a0 1935       4       jdk.internal.org.objectweb.asm.SymbolTable::put (150 bytes)
Event: 69.495 Thread 0x0000018c282d9db0 1936       3       sun.invoke.util.VerifyAccess::isMemberAccessible (338 bytes)

GC Heap History (6 events):
Event: 0.424 GC heap before
{Heap before GC invocations=0 (full 0):
 garbage-first heap   total 65536K, used 12288K [0x00000000fc000000, 0x0000000100000000)
  region size 1024K, 13 young (13312K), 0 survivors (0K)
 Metaspace       used 1687K, committed 1792K, reserved 1114112K
  class space    used 158K, committed 192K, reserved 1048576K
}
Event: 0.428 GC heap after
{Heap after GC invocations=1 (full 0):
 garbage-first heap   total 65536K, used 1480K [0x00000000fc000000, 0x0000000100000000)
  region size 1024K, 2 young (2048K), 2 survivors (2048K)
 Metaspace       used 1687K, committed 1792K, reserved 1114112K
  class space    used 158K, committed 192K, reserved 1048576K
}
Event: 0.875 GC heap before
{Heap before GC invocations=1 (full 0):
 garbage-first heap   total 65536K, used 21960K [0x00000000fc000000, 0x0000000100000000)
  region size 1024K, 20 young (20480K), 2 survivors (2048K)
 Metaspace       used 2392K, committed 2496K, reserved 1114112K
  class space    used 239K, committed 256K, reserved 1048576K
}
Event: 0.882 GC heap after
{Heap after GC invocations=2 (full 0):
 garbage-first heap   total 65536K, used 9651K [0x00000000fc000000, 0x0000000100000000)
  region size 1024K, 3 young (3072K), 3 survivors (3072K)
 Metaspace       used 2392K, committed 2496K, reserved 1114112K
  class space    used 239K, committed 256K, reserved 1048576K
}
Event: 54.330 GC heap before
{Heap before GC invocations=2 (full 0):
 garbage-first heap   total 65536K, used 45491K [0x00000000fc000000, 0x0000000100000000)
  region size 1024K, 38 young (38912K), 3 survivors (3072K)
 Metaspace       used 10903K, committed 11072K, reserved 1114112K
  class space    used 1413K, committed 1472K, reserved 1048576K
}
Event: 54.337 GC heap after
{Heap after GC invocations=3 (full 0):
 garbage-first heap   total 65536K, used 12438K [0x00000000fc000000, 0x0000000100000000)
  region size 1024K, 5 young (5120K), 5 survivors (5120K)
 Metaspace       used 10903K, committed 11072K, reserved 1114112K
  class space    used 1413K, committed 1472K, reserved 1048576K
}

Deoptimization events (20 events):
Event: 2.624 Thread 0x0000018c2853c430 Uncommon trap: trap_request=0xffffff45 fr.pc=0x0000018c1dfea3dc relative=0x000000000000005c
Event: 2.624 Thread 0x0000018c2853c430 Uncommon trap: reason=unstable_if action=reinterpret pc=0x0000018c1dfea3dc method=java.lang.AbstractStringBuilder.isLatin1()Z @ 10 c2
Event: 2.624 Thread 0x0000018c2853c430 DEOPT PACKING pc=0x0000018c1dfea3dc sp=0x0000002b4aefea40
Event: 2.624 Thread 0x0000018c2853c430 DEOPT UNPACKING pc=0x0000018c1da523a3 sp=0x0000002b4aefe9d0 mode 2
Event: 6.166 Thread 0x0000018c2853c430 Uncommon trap: trap_request=0xffffff45 fr.pc=0x0000018c1dfadd84 relative=0x0000000000000084
Event: 6.166 Thread 0x0000018c2853c430 Uncommon trap: reason=unstable_if action=reinterpret pc=0x0000018c1dfadd84 method=java.lang.String.codePointAt(I)I @ 4 c2
Event: 6.166 Thread 0x0000018c2853c430 DEOPT PACKING pc=0x0000018c1dfadd84 sp=0x0000002b4aefebd0
Event: 6.166 Thread 0x0000018c2853c430 DEOPT UNPACKING pc=0x0000018c1da523a3 sp=0x0000002b4aefeb68 mode 2
Event: 6.168 Thread 0x0000018c2853ba10 Uncommon trap: trap_request=0xffffffde fr.pc=0x0000018c1e01c5d0 relative=0x0000000000000e30
Event: 6.168 Thread 0x0000018c2853ba10 Uncommon trap: reason=class_check action=maybe_recompile pc=0x0000018c1e01c5d0 method=java.util.concurrent.ConcurrentHashMap.putVal(Ljava/lang/Object;Ljava/lang/Object;Z)Ljava/lang/Object; @ 159 c2
Event: 6.168 Thread 0x0000018c2853ba10 DEOPT PACKING pc=0x0000018c1e01c5d0 sp=0x0000002b4b0fdfe0
Event: 6.168 Thread 0x0000018c2853ba10 DEOPT UNPACKING pc=0x0000018c1da523a3 sp=0x0000002b4b0fdf60 mode 2
Event: 6.280 Thread 0x0000018c0d3f4e70 Uncommon trap: trap_request=0xffffff45 fr.pc=0x0000018c1e02efe0 relative=0x0000000000000ac0
Event: 6.280 Thread 0x0000018c0d3f4e70 Uncommon trap: reason=unstable_if action=reinterpret pc=0x0000018c1e02efe0 method=java.util.HashMap.putVal(ILjava/lang/Object;Ljava/lang/Object;ZZ)Ljava/lang/Object; @ 162 c2
Event: 6.280 Thread 0x0000018c0d3f4e70 DEOPT PACKING pc=0x0000018c1e02efe0 sp=0x0000002b494faf80
Event: 6.280 Thread 0x0000018c0d3f4e70 DEOPT UNPACKING pc=0x0000018c1da523a3 sp=0x0000002b494faea8 mode 2
Event: 69.474 Thread 0x0000018c0d3f4e70 Uncommon trap: trap_request=0xffffff45 fr.pc=0x0000018c1e067bfc relative=0x000000000000015c
Event: 69.474 Thread 0x0000018c0d3f4e70 Uncommon trap: reason=unstable_if action=reinterpret pc=0x0000018c1e067bfc method=com.esotericsoftware.kryo.io.Input.require(I)I @ 180 c2
Event: 69.474 Thread 0x0000018c0d3f4e70 DEOPT PACKING pc=0x0000018c1e067bfc sp=0x0000002b494fcfa0
Event: 69.474 Thread 0x0000018c0d3f4e70 DEOPT UNPACKING pc=0x0000018c1da523a3 sp=0x0000002b494fcf48 mode 2

Classes unloaded (0 events):
No events

Classes redefined (0 events):
No events

Internal exceptions (20 events):
Event: 1.521 Thread 0x0000018c0d3f4e70 Exception <a 'java/lang/NoSuchMethodError'{0x00000000ff3c65f8}: 'void java.lang.invoke.DirectMethodHandle$Holder.invokeSpecial(java.lang.Object, java.lang.Object, java.lang.Object)'> (0x00000000ff3c65f8) 
thrown [s\open\src\hotspot\share\interpreter\linkResolver.cpp, line 759]
Event: 1.554 Thread 0x0000018c0d3f4e70 Implicit null exception at 0x0000018c1dfe3cd5 to 0x0000018c1dfe42dc
Event: 1.567 Thread 0x0000018c0d3f4e70 Exception <a 'java/lang/NoSuchMethodError'{0x00000000ff2deca0}: 'java.lang.Object java.lang.invoke.DirectMethodHandle$Holder.invokeStaticInit(java.lang.Object, int, int, int, int)'> (0x00000000ff2deca0) 
thrown [s\open\src\hotspot\share\interpreter\linkResolver.cpp, line 759]
Event: 1.641 Thread 0x0000018c0d3f4e70 Exception <a 'java/lang/NoSuchMethodError'{0x00000000ff13b958}: 'java.lang.Object java.lang.invoke.DirectMethodHandle$Holder.invokeStaticInit(java.lang.Object, java.lang.Object, int, int, int, int)'> (0x00000000ff13b958) 
thrown [s\open\src\hotspot\share\interpreter\linkResolver.cpp, line 759]
Event: 1.653 Thread 0x0000018c0d3f4e70 Exception <a 'java/lang/NoSuchMethodError'{0x00000000ff16c608}: 'int java.lang.invoke.DirectMethodHandle$Holder.invokeStatic(java.lang.Object)'> (0x00000000ff16c608) 
thrown [s\open\src\hotspot\share\interpreter\linkResolver.cpp, line 759]
Event: 1.654 Thread 0x0000018c0d3f4e70 Exception <a 'java/lang/NoSuchMethodError'{0x00000000ff16fd60}: 'int java.lang.invoke.DirectMethodHandle$Holder.invokeStaticInit(java.lang.Object)'> (0x00000000ff16fd60) 
thrown [s\open\src\hotspot\share\interpreter\linkResolver.cpp, line 759]
Event: 1.881 Thread 0x0000018c0d3f4e70 Exception <a 'java/lang/NoSuchMethodError'{0x00000000fef037f0}: 'void java.lang.invoke.DirectMethodHandle$Holder.invokeStatic(java.lang.Object, java.lang.Object, java.lang.Object)'> (0x00000000fef037f0) 
thrown [s\open\src\hotspot\share\interpreter\linkResolver.cpp, line 759]
Event: 1.952 Thread 0x0000018c0d3f4e70 Exception <a 'java/lang/NoSuchMethodError'{0x00000000fed925e8}: 'java.lang.Object java.lang.invoke.DirectMethodHandle$Holder.newInvokeSpecial(java.lang.Object, java.lang.Object, java.lang.Object, java.lang.Object, java.lang.Object, java.lang.Object, java.lang.Object, java.lang.Object, java.lang.Object, java.lang.Object, java.lang.Object, java.lang.Object, java.lang.Object, java.lang.Object, java.lang.Object, java.lang.Object, java.lang.Object, java.lang.Object, java.lang.Object, java.lang.Object, java.lang
Event: 1.953 Thread 0x0000018c0d3f4e70 Exception <a 'java/lang/NoSuchMethodError'{0x00000000fed9ebf0}: 'java.lang.Object java.lang.invoke.Invokers$Holder.linkToTargetMethod(java.lang.Object, java.lang.Object, java.lang.Object, java.lang.Object, java.lang.Object, java.lang.Object, java.lang.Object, java.lang.Object, java.lang.Object, java.lang.Object, java.lang.Object, java.lang.Object, java.lang.Object, java.lang.Object, java.lang.Object, java.lang.Object, java.lang.Object, java.lang.Object, java.lang.Object, java.lang.Object, java.lang.Object,
Event: 2.028 Thread 0x0000018c0d3f4e70 Implicit null exception at 0x0000018c1dfec252 to 0x0000018c1dfec850
Event: 2.105 Thread 0x0000018c2853bf20 Exception <a 'java/lang/NoSuchMethodError'{0x00000000fe58c7e0}: 'void java.lang.invoke.DirectMethodHandle$Holder.invokeStatic(java.lang.Object, long)'> (0x00000000fe58c7e0) 
thrown [s\open\src\hotspot\share\interpreter\linkResolver.cpp, line 759]
Event: 2.107 Thread 0x0000018c2853bf20 Exception <a 'java/lang/NoSuchMethodError'{0x00000000fe592138}: 'java.lang.Object java.lang.invoke.DirectMethodHandle$Holder.newInvokeSpecial(java.lang.Object, long)'> (0x00000000fe592138) 
thrown [s\open\src\hotspot\share\interpreter\linkResolver.cpp, line 759]
Event: 2.110 Thread 0x0000018c2853bf20 Exception <a 'java/lang/NoSuchMethodError'{0x00000000fe59cce0}: 'java.lang.Object java.lang.invoke.DirectMethodHandle$Holder.invokeStaticInit(java.lang.Object, java.lang.Object, long, java.lang.Object)'> (0x00000000fe59cce0) 
thrown [s\open\src\hotspot\share\interpreter\linkResolver.cpp, line 759]
Event: 2.112 Thread 0x0000018c2853bf20 Exception <a 'java/lang/NoSuchMethodError'{0x00000000fe5a3368}: 'java.lang.Object java.lang.invoke.DirectMethodHandle$Holder.newInvokeSpecial(java.lang.Object, java.lang.Object, long)'> (0x00000000fe5a3368) 
thrown [s\open\src\hotspot\share\interpreter\linkResolver.cpp, line 759]
Event: 2.113 Thread 0x0000018c2853bf20 Exception <a 'java/lang/NoSuchMethodError'{0x00000000fe5a7658}: 'java.lang.Object java.lang.invoke.Invokers$Holder.linkToTargetMethod(java.lang.Object, long, java.lang.Object)'> (0x00000000fe5a7658) 
thrown [s\open\src\hotspot\share\interpreter\linkResolver.cpp, line 759]
Event: 2.358 Thread 0x0000018c2853bf20 Exception <a 'java/lang/NoSuchMethodError'{0x00000000fe5b9a10}: 'void java.lang.invoke.DirectMethodHandle$Holder.invokeSpecial(java.lang.Object, java.lang.Object, int)'> (0x00000000fe5b9a10) 
thrown [s\open\src\hotspot\share\interpreter\linkResolver.cpp, line 759]
Event: 2.359 Thread 0x0000018c2853bf20 Exception <a 'java/lang/NoSuchMethodError'{0x00000000fe5bf888}: 'java.lang.Object java.lang.invoke.DirectMethodHandle$Holder.newInvokeSpecial(java.lang.Object, java.lang.Object, int)'> (0x00000000fe5bf888) 
thrown [s\open\src\hotspot\share\interpreter\linkResolver.cpp, line 759]
Event: 2.382 Thread 0x0000018c0d3f4e70 Exception <a 'java/lang/NoSuchMethodError'{0x00000000fe56a820}: 'void java.lang.invoke.DirectMethodHandle$Holder.invokeStaticInit(java.lang.Object, java.lang.Object)'> (0x00000000fe56a820) 
thrown [s\open\src\hotspot\share\interpreter\linkResolver.cpp, line 759]
Event: 2.394 Thread 0x0000018c0d3f4e70 Exception <a 'java/lang/NoSuchMethodError'{0x00000000fe4dbaa0}: 'java.lang.Object java.lang.invoke.DirectMethodHandle$Holder.newInvokeSpecial(java.lang.Object, int, java.lang.Object)'> (0x00000000fe4dbaa0) 
thrown [s\open\src\hotspot\share\interpreter\linkResolver.cpp, line 759]
Event: 69.474 Thread 0x0000018c0d3f4e70 Exception <a 'sun/net/ConnectionResetException'{0x00000000fff2d320}: Connection reset> (0x00000000fff2d320) 
thrown [s\open\src\hotspot\share\prims\jni.cpp, line 535]

VM Operations (20 events):
Event: 43.685 Executing VM operation: Cleanup
Event: 43.685 Executing VM operation: Cleanup done
Event: 44.690 Executing VM operation: Cleanup
Event: 44.690 Executing VM operation: Cleanup done
Event: 46.691 Executing VM operation: Cleanup
Event: 46.691 Executing VM operation: Cleanup done
Event: 48.695 Executing VM operation: Cleanup
Event: 48.695 Executing VM operation: Cleanup done
Event: 49.696 Executing VM operation: Cleanup
Event: 49.696 Executing VM operation: Cleanup done
Event: 52.697 Executing VM operation: Cleanup
Event: 52.697 Executing VM operation: Cleanup done
Event: 53.697 Executing VM operation: Cleanup
Event: 53.697 Executing VM operation: Cleanup done
Event: 54.330 Executing VM operation: G1CollectForAllocation
Event: 54.337 Executing VM operation: G1CollectForAllocation done
Event: 60.283 Executing VM operation: HandshakeAllThreads
Event: 60.283 Executing VM operation: HandshakeAllThreads done
Event: 63.305 Executing VM operation: Cleanup
Event: 63.305 Executing VM operation: Cleanup done

Events (20 events):
Event: 6.516 loading class java/lang/System$Logger$Level
Event: 6.516 loading class java/lang/System$Logger$Level done
Event: 6.516 loading class java/io/Bits
Event: 6.517 loading class java/io/Bits done
Event: 6.804 Thread 0x0000018c6eb1f020 Thread exited: 0x0000018c6eb1f020
Event: 18.517 loading class java/util/ArrayList$ListItr
Event: 18.517 loading class java/util/ArrayList$ListItr done
Event: 62.368 Thread 0x0000018c285396a0 Thread exited: 0x0000018c285396a0
Event: 62.371 Thread 0x0000018c2853a5d0 Thread exited: 0x0000018c2853a5d0
Event: 62.495 Thread 0x0000018c2853bf20 Thread exited: 0x0000018c2853bf20
Event: 69.474 loading class sun/net/ConnectionResetException
Event: 69.474 loading class sun/net/ConnectionResetException done
Event: 69.477 loading class java/nio/file/FileChannelLinesSpliterator
Event: 69.477 loading class java/nio/file/FileChannelLinesSpliterator done
Event: 69.478 loading class sun/nio/fs/WindowsSecurityDescriptor
Event: 69.481 loading class sun/nio/fs/WindowsSecurityDescriptor done
Event: 69.481 loading class sun/nio/fs/WindowsChannelFactory$2
Event: 69.482 loading class sun/nio/fs/WindowsChannelFactory$2 done
Event: 69.486 loading class java/util/stream/Streams$1
Event: 69.486 loading class java/util/stream/Streams$1 done


Dynamic libraries:
0x00007ff6ba4c0000 - 0x00007ff6ba4d0000 	C:\Program Files\Java\jdk-17\bin\java.exe
0x00007ffe0fdd0000 - 0x00007ffe0ffc8000 	C:\WINDOWS\SYSTEM32\ntdll.dll
0x00007ffe0fc60000 - 0x00007ffe0fd22000 	C:\WINDOWS\System32\KERNEL32.DLL
0x00007ffe0d980000 - 0x00007ffe0dc76000 	C:\WINDOWS\System32\KERNELBASE.dll
0x00007ffe0d880000 - 0x00007ffe0d980000 	C:\WINDOWS\System32\ucrtbase.dll
0x00007ffdfdff0000 - 0x00007ffdfe009000 	C:\Program Files\Java\jdk-17\bin\jli.dll
0x00007ffdfdfb0000 - 0x00007ffdfdfcb000 	C:\Program Files\Java\jdk-17\bin\VCRUNTIME140.dll
0x00007ffe0ddf0000 - 0x00007ffe0dea1000 	C:\WINDOWS\System32\ADVAPI32.dll
0x00007ffe0e6c0000 - 0x00007ffe0e75e000 	C:\WINDOWS\System32\msvcrt.dll
0x00007ffe0e620000 - 0x00007ffe0e6bf000 	C:\WINDOWS\System32\sechost.dll
0x00007ffe0e9b0000 - 0x00007ffe0ead3000 	C:\WINDOWS\System32\RPCRT4.dll
0x00007ffe0ddc0000 - 0x00007ffe0dde7000 	C:\WINDOWS\System32\bcrypt.dll
0x00007ffe0e810000 - 0x00007ffe0e9ad000 	C:\WINDOWS\System32\USER32.dll
0x00007ffdff260000 - 0x00007ffdff4fa000 	C:\WINDOWS\WinSxS\amd64_microsoft.windows.common-controls_6595b64144ccf1df_6.0.19041.5915_none_60b4b9d171f9c7c7\COMCTL32.dll
0x00007ffe0d730000 - 0x00007ffe0d752000 	C:\WINDOWS\System32\win32u.dll
0x00007ffe0f660000 - 0x00007ffe0f68b000 	C:\WINDOWS\System32\GDI32.dll
0x00007ffe0d760000 - 0x00007ffe0d879000 	C:\WINDOWS\System32\gdi32full.dll
0x00007ffe0d4e0000 - 0x00007ffe0d57d000 	C:\WINDOWS\System32\msvcp_win.dll
0x00007ffe03900000 - 0x00007ffe0390a000 	C:\WINDOWS\SYSTEM32\VERSION.dll
0x00007ffe0f220000 - 0x00007ffe0f24f000 	C:\WINDOWS\System32\IMM32.DLL
0x00007ffdfe3e0000 - 0x00007ffdfe3ec000 	C:\Program Files\Java\jdk-17\bin\vcruntime140_1.dll
0x00007ffde2d70000 - 0x00007ffde2dfe000 	C:\Program Files\Java\jdk-17\bin\msvcp140.dll
0x00007ffd921a0000 - 0x00007ffd92d80000 	C:\Program Files\Java\jdk-17\bin\server\jvm.dll
0x00007ffe0f640000 - 0x00007ffe0f648000 	C:\WINDOWS\System32\PSAPI.DLL
0x00007ffdfdfa0000 - 0x00007ffdfdfa9000 	C:\WINDOWS\SYSTEM32\WSOCK32.dll
0x00007ffe0f990000 - 0x00007ffe0f9fb000 	C:\WINDOWS\System32\WS2_32.dll
0x00007ffdfd600000 - 0x00007ffdfd627000 	C:\WINDOWS\SYSTEM32\WINMM.dll
0x00007ffe0bc80000 - 0x00007ffe0bc92000 	C:\WINDOWS\SYSTEM32\kernel.appcore.dll
0x00007ffdfd630000 - 0x00007ffdfd63a000 	C:\Program Files\Java\jdk-17\bin\jimage.dll
0x00007ffe0b290000 - 0x00007ffe0b491000 	C:\WINDOWS\SYSTEM32\DBGHELP.DLL
0x00007ffe01620000 - 0x00007ffe01654000 	C:\WINDOWS\SYSTEM32\dbgcore.DLL
0x00007ffe0dd30000 - 0x00007ffe0ddb2000 	C:\WINDOWS\System32\bcryptPrimitives.dll
0x00007ffdfc170000 - 0x00007ffdfc195000 	C:\Program Files\Java\jdk-17\bin\java.dll
0x00007ffde2c90000 - 0x00007ffde2d67000 	C:\Program Files\Java\jdk-17\bin\jsvml.dll
0x00007ffe0deb0000 - 0x00007ffe0e61e000 	C:\WINDOWS\System32\SHELL32.dll
0x00007ffe0b4c0000 - 0x00007ffe0bc64000 	C:\WINDOWS\SYSTEM32\windows.storage.dll
0x00007ffe0f2e0000 - 0x00007ffe0f633000 	C:\WINDOWS\System32\combase.dll
0x00007ffe0ce20000 - 0x00007ffe0ce4b000 	C:\WINDOWS\SYSTEM32\Wldp.dll
0x00007ffe0f780000 - 0x00007ffe0f84d000 	C:\WINDOWS\System32\OLEAUT32.dll
0x00007ffe0e760000 - 0x00007ffe0e80d000 	C:\WINDOWS\System32\SHCORE.dll
0x00007ffe0f690000 - 0x00007ffe0f6eb000 	C:\WINDOWS\System32\shlwapi.dll
0x00007ffe0d390000 - 0x00007ffe0d3b5000 	C:\WINDOWS\SYSTEM32\profapi.dll
0x00007ffdfc050000 - 0x00007ffdfc069000 	C:\Program Files\Java\jdk-17\bin\net.dll
0x00007ffe01c00000 - 0x00007ffe01d0a000 	C:\WINDOWS\SYSTEM32\WINHTTP.dll
0x00007ffe0cb80000 - 0x00007ffe0cbea000 	C:\WINDOWS\system32\mswsock.dll
0x00007ffdfbfe0000 - 0x00007ffdfbff6000 	C:\Program Files\Java\jdk-17\bin\nio.dll
0x00007ffdf5db0000 - 0x00007ffdf5dc8000 	C:\Program Files\Java\jdk-17\bin\zip.dll
0x00007ffdfc7d0000 - 0x00007ffdfc7e0000 	C:\Program Files\Java\jdk-17\bin\verify.dll
0x00007ffdfc2c0000 - 0x00007ffdfc2ca000 	C:\Program Files\Java\jdk-17\bin\management.dll
0x00007ffdfc160000 - 0x00007ffdfc16b000 	C:\Program Files\Java\jdk-17\bin\management_ext.dll
0x00007ffdfc310000 - 0x00007ffdfc337000 	C:\Users\user\.gradle\native\1def1411415f61bf3af743bc5b6707747c0891f09f0c88961ee8f79bc544acac\windows-amd64\native-platform.dll
0x00007ffdfc0f0000 - 0x00007ffdfc0fa000 	C:\Users\user\.gradle\native\jansi\1.18\windows64\jansi.dll
0x00007ffe0cd70000 - 0x00007ffe0cd88000 	C:\WINDOWS\SYSTEM32\CRYPTSP.dll
0x00007ffe0c4a0000 - 0x00007ffe0c4d8000 	C:\WINDOWS\system32\rsaenh.dll
0x00007ffe0d310000 - 0x00007ffe0d33e000 	C:\WINDOWS\SYSTEM32\USERENV.dll
0x00007ffe0cd90000 - 0x00007ffe0cd9c000 	C:\WINDOWS\SYSTEM32\CRYPTBASE.dll
0x00007ffe0c860000 - 0x00007ffe0c89b000 	C:\WINDOWS\SYSTEM32\IPHLPAPI.DLL
0x00007ffe0f2d0000 - 0x00007ffe0f2d8000 	C:\WINDOWS\System32\NSI.dll
0x00007ffe00010000 - 0x00007ffe00027000 	C:\WINDOWS\SYSTEM32\dhcpcsvc6.DLL
0x00007ffe00610000 - 0x00007ffe0062d000 	C:\WINDOWS\SYSTEM32\dhcpcsvc.DLL
0x00007ffe0c8a0000 - 0x00007ffe0c96a000 	C:\WINDOWS\SYSTEM32\DNSAPI.dll
0x00007ffdfe2b0000 - 0x00007ffdfe2be000 	C:\Program Files\Java\jdk-17\bin\sunmscapi.dll
0x00007ffe0d580000 - 0x00007ffe0d6dd000 	C:\WINDOWS\System32\CRYPT32.dll
0x00007ffe0ce90000 - 0x00007ffe0ceb7000 	C:\WINDOWS\SYSTEM32\ncrypt.dll
0x00007ffe0ce50000 - 0x00007ffe0ce8b000 	C:\WINDOWS\SYSTEM32\NTASN1.dll
0x00007ffe00e00000 - 0x00007ffe00e07000 	C:\WINDOWS\system32\wshunix.dll

dbghelp: loaded successfully - version: 4.0.5 - missing functions: none
symbol engine: initialized successfully - sym options: 0x614 - pdb path: .;C:\Program Files\Java\jdk-17\bin;C:\WINDOWS\SYSTEM32;C:\WINDOWS\WinSxS\amd64_microsoft.windows.common-controls_6595b64144ccf1df_6.0.19041.5915_none_60b4b9d171f9c7c7;C:\Program Files\Java\jdk-17\bin\server;C:\Users\user\.gradle\native\1def1411415f61bf3af743bc5b6707747c0891f09f0c88961ee8f79bc544acac\windows-amd64;C:\Users\user\.gradle\native\jansi\1.18\windows64

VM Arguments:
jvm_args: -Xmx64m -Xms64m -Dorg.gradle.appname=gradlew 
java_command: org.gradle.wrapper.GradleWrapperMain assembleDebug
java_class_path (initial): C:\Users\user\AndroidStudioProjects\MZSH\\gradle\wrapper\gradle-wrapper.jar
Launcher Type: SUN_STANDARD

[Global flags]
     intx CICompilerCount                          = 3                                         {product} {ergonomic}
     uint ConcGCThreads                            = 1                                         {product} {ergonomic}
     uint G1ConcRefinementThreads                  = 4                                         {product} {ergonomic}
   size_t G1HeapRegionSize                         = 1048576                                   {product} {ergonomic}
    uintx GCDrainStackTargetSize                   = 64                                        {product} {ergonomic}
   size_t InitialHeapSize                          = 67108864                                  {product} {command line}
   size_t MarkStackSize                            = 4194304                                   {product} {ergonomic}
   size_t MaxHeapSize                              = 67108864                                  {product} {command line}
   size_t MaxNewSize                               = 39845888                                  {product} {ergonomic}
   size_t MinHeapDeltaBytes                        = 1048576                                   {product} {ergonomic}
   size_t MinHeapSize                              = 67108864                                  {product} {command line}
    uintx NonNMethodCodeHeapSize                   = 5832780                                {pd product} {ergonomic}
    uintx NonProfiledCodeHeapSize                  = 122912730                              {pd product} {ergonomic}
    uintx ProfiledCodeHeapSize                     = 122912730                              {pd product} {ergonomic}
    uintx ReservedCodeCacheSize                    = 251658240                              {pd product} {ergonomic}
     bool SegmentedCodeCache                       = true                                      {product} {ergonomic}
   size_t SoftMaxHeapSize                          = 67108864                               {manageable} {ergonomic}
     bool UseCompressedClassPointers               = true                           {product lp64_product} {ergonomic}
     bool UseCompressedOops                        = true                           {product lp64_product} {ergonomic}
     bool UseG1GC                                  = true                                      {product} {ergonomic}
     bool UseLargePagesIndividualAllocation        = false                                  {pd product} {ergonomic}

Logging:
Log output configuration:
 #0: stdout all=warning uptime,level,tags
 #1: stderr all=off uptime,level,tags

Environment Variables:
CLASSPATH=C:\Users\user\AndroidStudioProjects\MZSH\\gradle\wrapper\gradle-wrapper.jar
PATH=C:\Program Files\Common Files\Oracle\Java\javapath;C:\WINDOWS\system32;C:\WINDOWS;C:\WINDOWS\System32\Wbem;C:\WINDOWS\System32\WindowsPowerShell\v1.0\;C:\WINDOWS\System32\OpenSSH\;C:\Program Files\Microsoft SQL Server\Client SDK\ODBC\170\Tools\Binn\;C:\Program Files (x86)\Microsoft SQL Server\150\Tools\Binn\;C:\Program Files\Microsoft SQL Server\150\Tools\Binn\;C:\Program Files\Microsoft SQL Server\150\DTS\Binn\;C:\Program Files (x86)\Microsoft SQL Server\150\DTS\Binn\;C:\Program Files\Azure Data Studio\bin;C:\Program Files\Git\cmd;C:\Program Files\nodejs\;C:\Program Files\dotnet\;C:\Android;C:\Windows\System32;C:\Program Files\MySQL\MySQL Server 8.0\bin;C:\Program Files\MySQL\MySQL Shell 8.0\bin\;C:\Users\user\AppData\Local\Programs\Python\Python313\Scripts\;C:\Users\user\AppData\Local\Programs\Python\Python313\;C:\Users\user\dev\flutter\bin;C:\Users\user\AppData\Local\Programs\Microsoft VS Code\bin;C:\Program Files\JetBrains\PyCharm 2024.2.3\bin;;C:\Program Files\JetBrains\PyCharm Community Edition 2025.1.1.1\bin;;C:\Users\user\AppData\Local\GitHubDesktop\bin
USERNAME=user
OS=Windows_NT
PROCESSOR_IDENTIFIER=Intel64 Family 6 Model 78 Stepping 3, GenuineIntel



---------------  S Y S T E M  ---------------

OS:
 Windows 10 , 64 bit Build 19041 (10.0.19041.5915)
OS uptime: 40 days 10:50 hours

CPU: total 4 (initial active 4) (2 cores per cpu, 2 threads per core) family 6 model 78 stepping 3 microcode 0xf0, cx8, cmov, fxsr, ht, mmx, 3dnowpref, sse, sse2, sse3, ssse3, sse4.1, sse4.2, popcnt, lzcnt, tsc, tscinvbit, avx, avx2, aes, erms, clmul, bmi1, bmi2, rtm, adx, fma, vzeroupper, clflush, clflushopt

Memory: 4k page, system-wide physical 8071M (793M free)
TotalPageFile size 11071M (AvailPageFile size 3M)
current process WorkingSet (physical memory assigned to process): 111M, peak: 111M
current process commit charge ("private bytes"): 159M, peak: 164M

vm_info: Java HotSpot(TM) 64-Bit Server VM (17.0.12+8-LTS-286) for windows-amd64 JRE (17.0.12+8-LTS-286), built on Jun  5 2024 06:46:59 by "mach5one" with MS VC++ 17.6 (VS2022)

END.
