#
# There is insufficient memory for the Java Runtime Environment to continue.
# Native memory allocation (mmap) failed to map 393216000 bytes for G1 virtual space
# Possible reasons:
#   The system is out of physical RAM or swap space
#   The process is running with CompressedOops enabled, and the Java Heap may be blocking the growth of the native heap
# Possible solutions:
#   Reduce memory load on the system
#   Increase physical memory or swap space
#   Check if swap backing store is full
#   Decrease Java heap size (-Xmx/-Xms)
#   Decrease number of Java threads
#   Decrease Java thread stack sizes (-Xss)
#   Set larger code cache with -XX:ReservedCodeCacheSize=
#   JVM is running with Unscaled Compressed Oops mode in which the Java heap is
#     placed in the first 4GB address space. The Java Heap base address is the
#     maximum limit for the native heap growth. Please use -XX:HeapBaseMinAddress
#     to set the Java Heap base and to place the Java Heap above 4GB virtual address.
# This output file may be truncated or incomplete.
#
#  Out of Memory Error (os_windows.cpp:3548), pid=6324, tid=2628
#
# JRE version: Java(TM) SE Runtime Environment (17.0.12+8) (build 17.0.12+8-LTS-286)
# Java VM: Java HotSpot(TM) 64-Bit Server VM (17.0.12+8-LTS-286, mixed mode, sharing, tiered, compressed oops, compressed class ptrs, g1 gc, windows-amd64)
# No core dump will be written. Minidumps are not enabled by default on client versions of Windows
#

---------------  S U M M A R Y ------------

Command Line: --add-opens=java.base/java.lang=ALL-UNNAMED --add-opens=java.base/java.lang.invoke=ALL-UNNAMED --add-opens=java.base/java.util=ALL-UNNAMED --add-opens=java.prefs/java.util.prefs=ALL-UNNAMED --add-exports=jdk.compiler/com.sun.tools.javac.api=ALL-UNNAMED --add-exports=jdk.compiler/com.sun.tools.javac.util=ALL-UNNAMED --add-opens=java.base/java.util=ALL-UNNAMED --add-opens=java.prefs/java.util.prefs=ALL-UNNAMED --add-opens=java.base/java.nio.charset=ALL-UNNAMED --add-opens=java.base/java.net=ALL-UNNAMED --add-opens=java.base/java.util.concurrent.atomic=ALL-UNNAMED --add-opens=java.xml/javax.xml.namespace=ALL-UNNAMED -Xmx2048m -Dfile.encoding=UTF-8 -Duser.country=US -Duser.language=en -Duser.variant -javaagent:C:\Users\user\.gradle\wrapper\dists\gradle-8.13-bin\5xuhj0ry160q40clulazy9h7d\gradle-8.13\lib\agents\gradle-instrumentation-agent-8.13.jar org.gradle.launcher.daemon.bootstrap.GradleDaemon 8.13

Host: Intel(R) Core(TM) i5-6300U CPU @ 2.40GHz, 4 cores, 7G,  Windows 10 , 64 bit Build 19041 (10.0.19041.5915)
Time: Fri Aug  1 00:39:35 2025 Central Europe Daylight Time elapsed time: 31.918523 seconds (0d 0h 0m 31s)

---------------  T H R E A D  ---------------

Current thread (0x000001f7a1677140):  VMThread "VM Thread" [stack: 0x0000001161400000,0x0000001161500000] [id=2628]

Stack: [0x0000001161400000,0x0000001161500000]
Native frames: (J=compiled Java code, j=interpreted, Vv=VM code, C=native code)
V  [jvm.dll+0x67a04a]
V  [jvm.dll+0x7da4ed]
V  [jvm.dll+0x7dbe33]
V  [jvm.dll+0x7dc4a3]
V  [jvm.dll+0x24508f]
V  [jvm.dll+0x677089]
V  [jvm.dll+0x66bd32]
V  [jvm.dll+0x301fa6]
V  [jvm.dll+0x309546]
V  [jvm.dll+0x359d2e]
V  [jvm.dll+0x359f5f]
V  [jvm.dll+0x2d9078]
V  [jvm.dll+0x2d74ad]
V  [jvm.dll+0x2d6afc]
V  [jvm.dll+0x31a65b]
V  [jvm.dll+0x7e0d9b]
V  [jvm.dll+0x7e1ad4]
V  [jvm.dll+0x7e1fed]
V  [jvm.dll+0x7e23c4]
V  [jvm.dll+0x7e2490]
V  [jvm.dll+0x78abea]
V  [jvm.dll+0x678f35]
C  [ucrtbase.dll+0x21bb2]
C  [KERNEL32.DLL+0x17374]
C  [ntdll.dll+0x4cc91]

VM_Operation (0x0000001162bed440): G1CollectForAllocation, mode: safepoint, requested by thread 0x000001f7e8466e40


---------------  P R O C E S S  ---------------

Threads class SMR info:
_java_thread_list=0x000001f7e9eb5750, length=45, elements={
0x000001f783d2b480, 0x000001f7a167f040, 0x000001f7a16803a0, 0x000001f7a168ed80,
0x000001f7a1691850, 0x000001f7a16949f0, 0x000001f7a16993c0, 0x000001f7a16a2eb0,
0x000001f7a16a3960, 0x000001f7a16abf60, 0x000001f7a185e370, 0x000001f7a196d320,
0x000001f7e762b460, 0x000001f7e83b9770, 0x000001f7e846a780, 0x000001f7e87737d0,
0x000001f7e8774080, 0x000001f7e8464fe0, 0x000001f7e8466e40, 0x000001f7e8467350,
0x000001f7e84640b0, 0x000001f7e8467860, 0x000001f7e8466420, 0x000001f7e84645c0,
0x000001f7e8464ad0, 0x000001f7e8465a00, 0x000001f7e84654f0, 0x000001f7e8465f10,
0x000001f7eafe82d0, 0x000001f7e9a2dae0, 0x000001f7e9a289e0, 0x000001f7e9a2b260,
0x000001f7e9a2c190, 0x000001f7e9a28ef0, 0x000001f7e9a2cbb0, 0x000001f7e9a2ea10,
0x000001f7e9a2f940, 0x000001f7e9a2fe50, 0x000001f7e9a2f430, 0x000001f7e9a29400,
0x000001f7e9a29910, 0x000001f7e9a2a840, 0x000001f7eb844050, 0x000001f7eafe5a50,
0x000001f7f9b42af0
}

Java Threads: ( => current thread )
  0x000001f783d2b480 JavaThread "main" [_thread_blocked, id=17496, stack(0x0000001160e00000,0x0000001160f00000)]
  0x000001f7a167f040 JavaThread "Reference Handler" daemon [_thread_blocked, id=916, stack(0x0000001161500000,0x0000001161600000)]
  0x000001f7a16803a0 JavaThread "Finalizer" daemon [_thread_blocked, id=15124, stack(0x0000001161600000,0x0000001161700000)]
  0x000001f7a168ed80 JavaThread "Signal Dispatcher" daemon [_thread_blocked, id=18376, stack(0x0000001161700000,0x0000001161800000)]
  0x000001f7a1691850 JavaThread "Attach Listener" daemon [_thread_blocked, id=12008, stack(0x0000001161800000,0x0000001161900000)]
  0x000001f7a16949f0 JavaThread "Service Thread" daemon [_thread_blocked, id=20000, stack(0x0000001161900000,0x0000001161a00000)]
  0x000001f7a16993c0 JavaThread "Monitor Deflation Thread" daemon [_thread_blocked, id=19040, stack(0x0000001161a00000,0x0000001161b00000)]
  0x000001f7a16a2eb0 JavaThread "C2 CompilerThread0" daemon [_thread_blocked, id=15060, stack(0x0000001161b00000,0x0000001161c00000)]
  0x000001f7a16a3960 JavaThread "C1 CompilerThread0" daemon [_thread_blocked, id=19804, stack(0x0000001161c00000,0x0000001161d00000)]
  0x000001f7a16abf60 JavaThread "Sweeper thread" daemon [_thread_blocked, id=12040, stack(0x0000001161d00000,0x0000001161e00000)]
  0x000001f7a185e370 JavaThread "Common-Cleaner" daemon [_thread_blocked, id=2592, stack(0x0000001161e00000,0x0000001161f00000)]
  0x000001f7a196d320 JavaThread "Notification Thread" daemon [_thread_blocked, id=13472, stack(0x0000001161f00000,0x0000001162000000)]
  0x000001f7e762b460 JavaThread "Daemon health stats" [_thread_blocked, id=2676, stack(0x0000001162500000,0x0000001162600000)]
  0x000001f7e83b9770 JavaThread "Incoming local TCP Connector on port 57660" [_thread_in_native, id=528, stack(0x0000001162600000,0x0000001162700000)]
  0x000001f7e846a780 JavaThread "Daemon periodic checks" [_thread_blocked, id=2076, stack(0x0000001162700000,0x0000001162800000)]
  0x000001f7e87737d0 JavaThread "Daemon" [_thread_blocked, id=18544, stack(0x0000001162800000,0x0000001162900000)]
  0x000001f7e8774080 JavaThread "Handler for socket connection from /127.0.0.1:57660 to /127.0.0.1:57661" [_thread_in_native, id=14820, stack(0x0000001162900000,0x0000001162a00000)]
  0x000001f7e8464fe0 JavaThread "Cancel handler" [_thread_blocked, id=13404, stack(0x0000001162a00000,0x0000001162b00000)]
  0x000001f7e8466e40 JavaThread "Daemon worker" [_thread_blocked, id=20292, stack(0x0000001162b00000,0x0000001162c00000)]
  0x000001f7e8467350 JavaThread "Asynchronous log dispatcher for DefaultDaemonConnection: socket connection from /127.0.0.1:57660 to /127.0.0.1:57661" [_thread_blocked, id=14668, stack(0x0000001162c00000,0x0000001162d00000)]
  0x000001f7e84640b0 JavaThread "Stdin handler" [_thread_blocked, id=14304, stack(0x0000001162d00000,0x0000001162e00000)]
  0x000001f7e8467860 JavaThread "Daemon client event forwarder" [_thread_blocked, id=10492, stack(0x0000001162e00000,0x0000001162f00000)]
  0x000001f7e8466420 JavaThread "Cache worker for journal cache (C:\Users\user\.gradle\caches\journal-1)" [_thread_blocked, id=11924, stack(0x0000001162f00000,0x0000001163000000)]
  0x000001f7e84645c0 JavaThread "File lock request listener" [_thread_in_native, id=15600, stack(0x0000001163000000,0x0000001163100000)]
  0x000001f7e8464ad0 JavaThread "Cache worker for file hash cache (C:\Users\user\.gradle\caches\8.13\fileHashes)" [_thread_blocked, id=17024, stack(0x0000001163100000,0x0000001163200000)]
  0x000001f7e8465a00 JavaThread "Cache worker for file hash cache (C:\Users\user\AndroidStudioProjects\MZSH\.gradle\8.13\fileHashes)" [_thread_blocked, id=17004, stack(0x0000001163200000,0x0000001163300000)]
  0x000001f7e84654f0 JavaThread "Cache worker for Build Output Cleanup Cache (C:\Users\user\AndroidStudioProjects\MZSH\.gradle\buildOutputCleanup)" [_thread_blocked, id=6316, stack(0x0000001163300000,0x0000001163400000)]
  0x000001f7e8465f10 JavaThread "File watcher server" daemon [_thread_in_native, id=340, stack(0x0000001163400000,0x0000001163500000)]
  0x000001f7eafe82d0 JavaThread "File watcher consumer" daemon [_thread_blocked, id=6708, stack(0x0000001163500000,0x0000001163600000)]
  0x000001f7e9a2dae0 JavaThread "Cache worker for checksums cache (C:\Users\user\AndroidStudioProjects\MZSH\.gradle\8.13\checksums)" [_thread_blocked, id=15624, stack(0x0000001162300000,0x0000001162400000)]
  0x000001f7e9a289e0 JavaThread "Cache worker for file content cache (C:\Users\user\.gradle\caches\8.13\fileContent)" [_thread_blocked, id=18332, stack(0x0000001163900000,0x0000001163a00000)]
  0x000001f7e9a2b260 JavaThread "Cache worker for cache directory md-supplier (C:\Users\user\.gradle\caches\8.13\md-supplier)" [_thread_blocked, id=11376, stack(0x0000001163b00000,0x0000001163c00000)]
  0x000001f7e9a2c190 JavaThread "Cache worker for cache directory md-rule (C:\Users\user\.gradle\caches\8.13\md-rule)" [_thread_blocked, id=8012, stack(0x0000001163c00000,0x0000001163d00000)]
  0x000001f7e9a28ef0 JavaThread "Unconstrained build operations" [_thread_blocked, id=13104, stack(0x0000001163d00000,0x0000001163e00000)]
  0x000001f7e9a2cbb0 JavaThread "Unconstrained build operations Thread 2" [_thread_blocked, id=17220, stack(0x0000001163e00000,0x0000001163f00000)]
  0x000001f7e9a2ea10 JavaThread "Unconstrained build operations Thread 3" [_thread_blocked, id=16232, stack(0x0000001163f00000,0x0000001164000000)]
  0x000001f7e9a2f940 JavaThread "Unconstrained build operations Thread 4" [_thread_blocked, id=18164, stack(0x0000001164000000,0x0000001164100000)]
  0x000001f7e9a2fe50 JavaThread "Unconstrained build operations Thread 5" [_thread_blocked, id=10428, stack(0x0000001164100000,0x0000001164200000)]
  0x000001f7e9a2f430 JavaThread "Unconstrained build operations Thread 6" [_thread_blocked, id=13048, stack(0x0000001164200000,0x0000001164300000)]
  0x000001f7e9a29400 JavaThread "Unconstrained build operations Thread 7" [_thread_blocked, id=1428, stack(0x0000001164300000,0x0000001164400000)]
  0x000001f7e9a29910 JavaThread "Unconstrained build operations Thread 8" [_thread_blocked, id=6592, stack(0x0000001164400000,0x0000001164500000)]
  0x000001f7e9a2a840 JavaThread "Unconstrained build operations Thread 9" [_thread_blocked, id=7204, stack(0x0000001164500000,0x0000001164600000)]
  0x000001f7eb844050 JavaThread "C2 CompilerThread1" daemon [_thread_blocked, id=2800, stack(0x0000001163a00000,0x0000001163b00000)]
  0x000001f7eafe5a50 JavaThread "Memory manager" [_thread_blocked, id=14256, stack(0x0000001164600000,0x0000001164700000)]
  0x000001f7f9b42af0 JavaThread "build event listener" [_thread_blocked, id=8220, stack(0x0000001164700000,0x0000001164800000)]

Other Threads:
=>0x000001f7a1677140 VMThread "VM Thread" [stack: 0x0000001161400000,0x0000001161500000] [id=2628]
  0x000001f783da0120 WatcherThread [stack: 0x0000001162000000,0x0000001162100000] [id=14992]
  0x000001f783d85280 GCTaskThread "GC Thread#0" [stack: 0x0000001160f00000,0x0000001161000000] [id=1060]
  0x000001f7a19f8610 GCTaskThread "GC Thread#1" [stack: 0x0000001162100000,0x0000001162200000] [id=8468]
  0x000001f7a19f88d0 GCTaskThread "GC Thread#2" [stack: 0x0000001162200000,0x0000001162300000] [id=8828]
  0x000001f7e7514f70 GCTaskThread "GC Thread#3" [stack: 0x0000001162400000,0x0000001162500000] [id=17172]
  0x000001f783d96070 ConcurrentGCThread "G1 Main Marker" [stack: 0x0000001161000000,0x0000001161100000] [id=18660]
  0x000001f783d970c0 ConcurrentGCThread "G1 Conc#0" [stack: 0x0000001161100000,0x0000001161200000] [id=2200]
  0x000001f783dfd0e0 ConcurrentGCThread "G1 Refine#0" [stack: 0x0000001161200000,0x0000001161300000] [id=4800]
  0x000001f7e7c6fc70 ConcurrentGCThread "G1 Refine#1" [stack: 0x0000001163600000,0x0000001163700000] [id=1152]
  0x000001f7e7c6df10 ConcurrentGCThread "G1 Refine#2" [stack: 0x0000001163700000,0x0000001163800000] [id=16788]
  0x000001f7e7c70250 ConcurrentGCThread "G1 Refine#3" [stack: 0x0000001163800000,0x0000001163900000] [id=3556]
  0x000001f783dfd9b0 ConcurrentGCThread "G1 Service" [stack: 0x0000001161300000,0x0000001161400000] [id=5420]

Threads with active compile tasks:
C1 CompilerThread0    31972 15881       3       org.jetbrains.kotlin.types.TypeUtils::collectAllSupertypes (68 bytes)
C2 CompilerThread1    31972 15828       4       org.jetbrains.kotlin.types.ClassifierBasedTypeConstructor::equals (103 bytes)

VM state: at safepoint (normal execution)

VM Mutex/Monitor currently owned by a thread:  ([mutex/lock_event])
[0x000001f783d26dd0] Threads_lock - owner thread: 0x000001f7a1677140
[0x000001f783d27130] Heap_lock - owner thread: 0x000001f7e8466e40

Heap address: 0x0000000080000000, size: 2048 MB, Compressed Oops mode: 32-bit

CDS archive(s) mapped at: [0x000001f7a2000000-0x000001f7a2bd0000-0x000001f7a2bd0000), size 12386304, SharedBaseAddress: 0x000001f7a2000000, ArchiveRelocationMode: 1.
Compressed class space mapped at: 0x000001f7a3000000-0x000001f7e3000000, reserved size: 1073741824
Narrow klass base: 0x000001f7a2000000, Narrow klass shift: 0, Narrow klass range: 0x100000000

GC Precious Log:
 CPUs: 4 total, 4 available
 Memory: 8071M
 Large Page Support: Disabled
 NUMA Support: Disabled
 Compressed Oops: Enabled (32-bit)
 Heap Region Size: 1M
 Heap Min Capacity: 8M
 Heap Initial Capacity: 128M
 Heap Max Capacity: 2G
 Pre-touch: Disabled
 Parallel Workers: 4
 Concurrent Workers: 1
 Concurrent Refinement Workers: 4
 Periodic GC: Disabled

Heap:
 garbage-first heap   total 267264K, used 159231K [0x0000000080000000, 0x0000000100000000)
  region size 1024K, 8 young (8192K), 8 survivors (8192K)
 Metaspace       used 133045K, committed 133888K, reserved 1179648K
  class space    used 16996K, committed 17408K, reserved 1048576K

Heap Regions: E=young(eden), S=young(survivor), O=old, HS=humongous(starts), HC=humongous(continues), CS=collection set, F=free, OA=open archive, CA=closed archive, TAMS=top-at-mark-start (previous, next)
|   0|0x0000000080000000, 0x0000000080100000, 0x0000000080100000|100%|HS|  |TAMS 0x0000000080100000, 0x0000000080000000| Complete 
|   1|0x0000000080100000, 0x0000000080200000, 0x0000000080200000|100%|HC|  |TAMS 0x0000000080200000, 0x0000000080100000| Complete 
|   2|0x0000000080200000, 0x0000000080300000, 0x0000000080300000|100%|HC|  |TAMS 0x0000000080300000, 0x0000000080200000| Complete 
|   3|0x0000000080300000, 0x0000000080400000, 0x0000000080400000|100%| O|  |TAMS 0x0000000080400000, 0x0000000080300000| Untracked 
|   4|0x0000000080400000, 0x0000000080500000, 0x0000000080500000|100%| O|  |TAMS 0x0000000080500000, 0x0000000080400000| Untracked 
|   5|0x0000000080500000, 0x0000000080600000, 0x0000000080600000|100%| O|  |TAMS 0x0000000080600000, 0x0000000080500000| Untracked 
|   6|0x0000000080600000, 0x0000000080700000, 0x0000000080700000|100%| O|  |TAMS 0x0000000080700000, 0x0000000080600000| Untracked 
|   7|0x0000000080700000, 0x0000000080800000, 0x0000000080800000|100%|HS|  |TAMS 0x0000000080800000, 0x0000000080700000| Complete 
|   8|0x0000000080800000, 0x0000000080900000, 0x0000000080900000|100%| O|  |TAMS 0x0000000080900000, 0x0000000080800000| Untracked 
|   9|0x0000000080900000, 0x0000000080a00000, 0x0000000080a00000|100%| O|  |TAMS 0x0000000080a00000, 0x0000000080900000| Untracked 
|  10|0x0000000080a00000, 0x0000000080b00000, 0x0000000080b00000|100%| O|  |TAMS 0x0000000080b00000, 0x0000000080a00000| Untracked 
|  11|0x0000000080b00000, 0x0000000080c00000, 0x0000000080c00000|100%| O|  |TAMS 0x0000000080c00000, 0x0000000080b00000| Untracked 
|  12|0x0000000080c00000, 0x0000000080d00000, 0x0000000080d00000|100%| O|  |TAMS 0x0000000080d00000, 0x0000000080c00000| Untracked 
|  13|0x0000000080d00000, 0x0000000080e00000, 0x0000000080e00000|100%| O|  |TAMS 0x0000000080e00000, 0x0000000080d00000| Untracked 
|  14|0x0000000080e00000, 0x0000000080f00000, 0x0000000080f00000|100%| O|  |TAMS 0x0000000080f00000, 0x0000000080e00000| Untracked 
|  15|0x0000000080f00000, 0x0000000081000000, 0x0000000081000000|100%| O|  |TAMS 0x0000000081000000, 0x0000000080f00000| Untracked 
|  16|0x0000000081000000, 0x0000000081100000, 0x0000000081100000|100%|HS|  |TAMS 0x0000000081100000, 0x0000000081000000| Complete 
|  17|0x0000000081100000, 0x0000000081200000, 0x0000000081200000|100%| O|  |TAMS 0x0000000081200000, 0x0000000081100000| Untracked 
|  18|0x0000000081200000, 0x0000000081300000, 0x0000000081300000|100%| O|  |TAMS 0x0000000081300000, 0x0000000081200000| Untracked 
|  19|0x0000000081300000, 0x0000000081400000, 0x0000000081400000|100%| O|  |TAMS 0x0000000081400000, 0x0000000081300000| Untracked 
|  20|0x0000000081400000, 0x0000000081500000, 0x0000000081500000|100%| O|  |TAMS 0x0000000081500000, 0x0000000081400000| Untracked 
|  21|0x0000000081500000, 0x0000000081600000, 0x0000000081600000|100%| O|  |TAMS 0x0000000081600000, 0x0000000081500000| Untracked 
|  22|0x0000000081600000, 0x0000000081700000, 0x0000000081700000|100%| O|  |TAMS 0x0000000081700000, 0x0000000081600000| Untracked 
|  23|0x0000000081700000, 0x0000000081800000, 0x0000000081800000|100%| O|  |TAMS 0x0000000081800000, 0x0000000081700000| Untracked 
|  24|0x0000000081800000, 0x0000000081900000, 0x0000000081900000|100%| O|  |TAMS 0x0000000081900000, 0x0000000081800000| Untracked 
|  25|0x0000000081900000, 0x0000000081a00000, 0x0000000081a00000|100%| O|  |TAMS 0x0000000081a00000, 0x0000000081900000| Untracked 
|  26|0x0000000081a00000, 0x0000000081b00000, 0x0000000081b00000|100%| O|  |TAMS 0x0000000081b00000, 0x0000000081a00000| Untracked 
|  27|0x0000000081b00000, 0x0000000081c00000, 0x0000000081c00000|100%| O|  |TAMS 0x0000000081c00000, 0x0000000081b00000| Untracked 
|  28|0x0000000081c00000, 0x0000000081d00000, 0x0000000081d00000|100%| O|  |TAMS 0x0000000081d00000, 0x0000000081c00000| Untracked 
|  29|0x0000000081d00000, 0x0000000081e00000, 0x0000000081e00000|100%| O|  |TAMS 0x0000000081e00000, 0x0000000081d00000| Untracked 
|  30|0x0000000081e00000, 0x0000000081f00000, 0x0000000081f00000|100%| O|  |TAMS 0x0000000081f00000, 0x0000000081e00000| Untracked 
|  31|0x0000000081f00000, 0x0000000082000000, 0x0000000082000000|100%| O|  |TAMS 0x0000000082000000, 0x0000000081f00000| Untracked 
|  32|0x0000000082000000, 0x0000000082100000, 0x0000000082100000|100%| O|  |TAMS 0x0000000082100000, 0x0000000082000000| Untracked 
|  33|0x0000000082100000, 0x0000000082200000, 0x0000000082200000|100%| O|  |TAMS 0x0000000082200000, 0x0000000082100000| Untracked 
|  34|0x0000000082200000, 0x0000000082300000, 0x0000000082300000|100%| O|  |TAMS 0x0000000082300000, 0x0000000082200000| Untracked 
|  35|0x0000000082300000, 0x0000000082400000, 0x0000000082400000|100%| O|  |TAMS 0x0000000082400000, 0x0000000082300000| Untracked 
|  36|0x0000000082400000, 0x0000000082500000, 0x0000000082500000|100%| O|  |TAMS 0x0000000082500000, 0x0000000082400000| Untracked 
|  37|0x0000000082500000, 0x0000000082600000, 0x0000000082600000|100%| O|  |TAMS 0x0000000082600000, 0x0000000082500000| Untracked 
|  38|0x0000000082600000, 0x0000000082700000, 0x0000000082700000|100%| O|  |TAMS 0x0000000082700000, 0x0000000082600000| Untracked 
|  39|0x0000000082700000, 0x0000000082800000, 0x0000000082800000|100%| O|  |TAMS 0x0000000082800000, 0x0000000082700000| Untracked 
|  40|0x0000000082800000, 0x0000000082900000, 0x0000000082900000|100%| O|  |TAMS 0x0000000082900000, 0x0000000082800000| Untracked 
|  41|0x0000000082900000, 0x0000000082a00000, 0x0000000082a00000|100%|HS|  |TAMS 0x0000000082a00000, 0x0000000082900000| Complete 
|  42|0x0000000082a00000, 0x0000000082b00000, 0x0000000082b00000|100%|HC|  |TAMS 0x0000000082b00000, 0x0000000082a00000| Complete 
|  43|0x0000000082b00000, 0x0000000082c00000, 0x0000000082c00000|100%|HC|  |TAMS 0x0000000082c00000, 0x0000000082b00000| Complete 
|  44|0x0000000082c00000, 0x0000000082d00000, 0x0000000082d00000|100%|HC|  |TAMS 0x0000000082d00000, 0x0000000082c00000| Complete 
|  45|0x0000000082d00000, 0x0000000082e00000, 0x0000000082e00000|100%|HC|  |TAMS 0x0000000082e00000, 0x0000000082d00000| Complete 
|  46|0x0000000082e00000, 0x0000000082f00000, 0x0000000082f00000|100%|HC|  |TAMS 0x0000000082f00000, 0x0000000082e00000| Complete 
|  47|0x0000000082f00000, 0x0000000083000000, 0x0000000083000000|100%|HS|  |TAMS 0x0000000083000000, 0x0000000082f00000| Complete 
|  48|0x0000000083000000, 0x0000000083100000, 0x0000000083100000|100%| O|  |TAMS 0x0000000083100000, 0x0000000083000000| Untracked 
|  49|0x0000000083100000, 0x0000000083200000, 0x0000000083200000|100%| O|  |TAMS 0x0000000083200000, 0x0000000083100000| Untracked 
|  50|0x0000000083200000, 0x0000000083300000, 0x0000000083300000|100%| O|  |TAMS 0x0000000083200000, 0x0000000083200000| Untracked 
|  51|0x0000000083300000, 0x0000000083400000, 0x0000000083400000|100%| O|  |TAMS 0x0000000083400000, 0x0000000083300000| Untracked 
|  52|0x0000000083400000, 0x0000000083500000, 0x0000000083500000|100%| O|  |TAMS 0x0000000083500000, 0x0000000083400000| Untracked 
|  53|0x0000000083500000, 0x0000000083600000, 0x0000000083600000|100%| O|  |TAMS 0x0000000083600000, 0x0000000083500000| Untracked 
|  54|0x0000000083600000, 0x0000000083700000, 0x0000000083700000|100%| O|  |TAMS 0x0000000083600000, 0x0000000083600000| Untracked 
|  55|0x0000000083700000, 0x0000000083800000, 0x0000000083800000|100%| O|  |TAMS 0x0000000083700000, 0x0000000083700000| Untracked 
|  56|0x0000000083800000, 0x0000000083900000, 0x0000000083900000|100%| O|  |TAMS 0x0000000083800000, 0x0000000083800000| Untracked 
|  57|0x0000000083900000, 0x0000000083a00000, 0x0000000083a00000|100%| O|  |TAMS 0x0000000083a00000, 0x0000000083900000| Untracked 
|  58|0x0000000083a00000, 0x0000000083b00000, 0x0000000083b00000|100%| O|  |TAMS 0x0000000083a00000, 0x0000000083a00000| Untracked 
|  59|0x0000000083b00000, 0x0000000083c00000, 0x0000000083c00000|100%|HS|  |TAMS 0x0000000083c00000, 0x0000000083b00000| Complete 
|  60|0x0000000083c00000, 0x0000000083d00000, 0x0000000083d00000|100%| O|  |TAMS 0x0000000083c00000, 0x0000000083c00000| Untracked 
|  61|0x0000000083d00000, 0x0000000083e00000, 0x0000000083e00000|100%| O|  |TAMS 0x0000000083e00000, 0x0000000083d00000| Untracked 
|  62|0x0000000083e00000, 0x0000000083f00000, 0x0000000083f00000|100%| O|  |TAMS 0x0000000083f00000, 0x0000000083e00000| Untracked 
|  63|0x0000000083f00000, 0x0000000084000000, 0x0000000084000000|100%| O|  |TAMS 0x0000000084000000, 0x0000000083f00000| Untracked 
|  64|0x0000000084000000, 0x0000000084100000, 0x0000000084100000|100%| O|  |TAMS 0x0000000084100000, 0x0000000084000000| Untracked 
|  65|0x0000000084100000, 0x0000000084200000, 0x0000000084200000|100%| O|  |TAMS 0x0000000084200000, 0x0000000084100000| Untracked 
|  66|0x0000000084200000, 0x0000000084300000, 0x0000000084300000|100%| O|  |TAMS 0x0000000084300000, 0x0000000084200000| Untracked 
|  67|0x0000000084300000, 0x0000000084400000, 0x0000000084400000|100%| O|  |TAMS 0x0000000084300000, 0x0000000084300000| Untracked 
|  68|0x0000000084400000, 0x0000000084500000, 0x0000000084500000|100%| O|  |TAMS 0x0000000084500000, 0x0000000084400000| Untracked 
|  69|0x0000000084500000, 0x0000000084600000, 0x0000000084600000|100%| O|  |TAMS 0x0000000084600000, 0x0000000084500000| Untracked 
|  70|0x0000000084600000, 0x0000000084700000, 0x0000000084700000|100%| O|  |TAMS 0x0000000084700000, 0x0000000084600000| Untracked 
|  71|0x0000000084700000, 0x0000000084800000, 0x0000000084800000|100%| O|  |TAMS 0x0000000084700000, 0x0000000084700000| Untracked 
|  72|0x0000000084800000, 0x0000000084900000, 0x0000000084900000|100%| O|  |TAMS 0x0000000084800000, 0x0000000084800000| Untracked 
|  73|0x0000000084900000, 0x0000000084a00000, 0x0000000084a00000|100%|HS|  |TAMS 0x0000000084900000, 0x0000000084900000| Complete 
|  74|0x0000000084a00000, 0x0000000084b00000, 0x0000000084b00000|100%|HC|  |TAMS 0x0000000084a00000, 0x0000000084a00000| Complete 
|  75|0x0000000084b00000, 0x0000000084c00000, 0x0000000084c00000|100%|HC|  |TAMS 0x0000000084b00000, 0x0000000084b00000| Complete 
|  76|0x0000000084c00000, 0x0000000084d00000, 0x0000000084d00000|100%| O|  |TAMS 0x0000000084d00000, 0x0000000084c00000| Untracked 
|  77|0x0000000084d00000, 0x0000000084e00000, 0x0000000084e00000|100%| O|  |TAMS 0x0000000084e00000, 0x0000000084d00000| Untracked 
|  78|0x0000000084e00000, 0x0000000084f00000, 0x0000000084f00000|100%| O|  |TAMS 0x0000000084e00000, 0x0000000084e00000| Untracked 
|  79|0x0000000084f00000, 0x0000000085000000, 0x0000000085000000|100%| O|  |TAMS 0x0000000084f00000, 0x0000000084f00000| Untracked 
|  80|0x0000000085000000, 0x0000000085100000, 0x0000000085100000|100%| O|  |TAMS 0x0000000085100000, 0x0000000085000000| Untracked 
|  81|0x0000000085100000, 0x0000000085200000, 0x0000000085200000|100%| O|  |TAMS 0x0000000085200000, 0x0000000085100000| Untracked 
|  82|0x0000000085200000, 0x0000000085300000, 0x0000000085300000|100%| O|  |TAMS 0x0000000085300000, 0x0000000085200000| Untracked 
|  83|0x0000000085300000, 0x0000000085400000, 0x0000000085400000|100%| O|  |TAMS 0x0000000085400000, 0x0000000085300000| Untracked 
|  84|0x0000000085400000, 0x0000000085500000, 0x0000000085500000|100%| O|  |TAMS 0x0000000085500000, 0x0000000085400000| Untracked 
|  85|0x0000000085500000, 0x0000000085600000, 0x0000000085600000|100%| O|  |TAMS 0x0000000085500000, 0x0000000085500000| Untracked 
|  86|0x0000000085600000, 0x0000000085700000, 0x0000000085700000|100%| O|  |TAMS 0x0000000085600000, 0x0000000085600000| Untracked 
|  87|0x0000000085700000, 0x0000000085800000, 0x0000000085800000|100%| O|  |TAMS 0x0000000085800000, 0x0000000085700000| Untracked 
|  88|0x0000000085800000, 0x0000000085900000, 0x0000000085900000|100%| O|  |TAMS 0x0000000085900000, 0x0000000085800000| Untracked 
|  89|0x0000000085900000, 0x0000000085a00000, 0x0000000085a00000|100%| O|  |TAMS 0x0000000085a00000, 0x0000000085900000| Untracked 
|  90|0x0000000085a00000, 0x0000000085b00000, 0x0000000085b00000|100%|HS|  |TAMS 0x0000000085b00000, 0x0000000085a00000| Complete 
|  91|0x0000000085b00000, 0x0000000085c00000, 0x0000000085c00000|100%|HS|  |TAMS 0x0000000085c00000, 0x0000000085b00000| Complete 
|  92|0x0000000085c00000, 0x0000000085d00000, 0x0000000085d00000|100%|HC|  |TAMS 0x0000000085d00000, 0x0000000085c00000| Complete 
|  93|0x0000000085d00000, 0x0000000085e00000, 0x0000000085e00000|100%|HS|  |TAMS 0x0000000085e00000, 0x0000000085d00000| Complete 
|  94|0x0000000085e00000, 0x0000000085f00000, 0x0000000085f00000|100%|HC|  |TAMS 0x0000000085f00000, 0x0000000085e00000| Complete 
|  95|0x0000000085f00000, 0x0000000086000000, 0x0000000086000000|100%|HS|  |TAMS 0x0000000086000000, 0x0000000085f00000| Complete 
|  96|0x0000000086000000, 0x0000000086100000, 0x0000000086100000|100%|HS|  |TAMS 0x0000000086100000, 0x0000000086000000| Complete 
|  97|0x0000000086100000, 0x0000000086200000, 0x0000000086200000|100%|HC|  |TAMS 0x0000000086200000, 0x0000000086100000| Complete 
|  98|0x0000000086200000, 0x0000000086300000, 0x0000000086300000|100%|HC|  |TAMS 0x0000000086300000, 0x0000000086200000| Complete 
|  99|0x0000000086300000, 0x0000000086400000, 0x0000000086400000|100%|HS|  |TAMS 0x0000000086400000, 0x0000000086300000| Complete 
| 100|0x0000000086400000, 0x0000000086500000, 0x0000000086500000|100%|HS|  |TAMS 0x0000000086500000, 0x0000000086400000| Complete 
| 101|0x0000000086500000, 0x0000000086600000, 0x0000000086600000|100%| O|  |TAMS 0x0000000086600000, 0x0000000086500000| Untracked 
| 102|0x0000000086600000, 0x0000000086700000, 0x0000000086700000|100%| O|  |TAMS 0x0000000086700000, 0x0000000086600000| Untracked 
| 103|0x0000000086700000, 0x0000000086800000, 0x0000000086800000|100%| O|  |TAMS 0x0000000086800000, 0x0000000086700000| Untracked 
| 104|0x0000000086800000, 0x0000000086900000, 0x0000000086900000|100%| O|  |TAMS 0x0000000086900000, 0x0000000086800000| Untracked 
| 105|0x0000000086900000, 0x0000000086a00000, 0x0000000086a00000|100%| O|  |TAMS 0x0000000086a00000, 0x0000000086900000| Untracked 
| 106|0x0000000086a00000, 0x0000000086b00000, 0x0000000086b00000|100%| O|  |TAMS 0x0000000086b00000, 0x0000000086a00000| Untracked 
| 107|0x0000000086b00000, 0x0000000086c00000, 0x0000000086c00000|100%| O|  |TAMS 0x0000000086c00000, 0x0000000086b00000| Untracked 
| 108|0x0000000086c00000, 0x0000000086d00000, 0x0000000086d00000|100%| O|  |TAMS 0x0000000086d00000, 0x0000000086c00000| Untracked 
| 109|0x0000000086d00000, 0x0000000086e00000, 0x0000000086e00000|100%| O|  |TAMS 0x0000000086e00000, 0x0000000086d00000| Untracked 
| 110|0x0000000086e00000, 0x0000000086f00000, 0x0000000086f00000|100%| O|  |TAMS 0x0000000086f00000, 0x0000000086e00000| Untracked 
| 111|0x0000000086f00000, 0x0000000087000000, 0x0000000087000000|100%|HS|  |TAMS 0x0000000087000000, 0x0000000086f00000| Complete 
| 112|0x0000000087000000, 0x0000000087100000, 0x0000000087100000|100%| O|  |TAMS 0x0000000087100000, 0x0000000087000000| Untracked 
| 113|0x0000000087100000, 0x0000000087200000, 0x0000000087200000|100%| O|  |TAMS 0x0000000087157c00, 0x0000000087100000| Untracked 
| 114|0x0000000087200000, 0x0000000087300000, 0x0000000087300000|100%| O|  |TAMS 0x0000000087200000, 0x0000000087200000| Untracked 
| 115|0x0000000087300000, 0x0000000087400000, 0x0000000087400000|100%| O|  |TAMS 0x0000000087300000, 0x0000000087300000| Untracked 
| 116|0x0000000087400000, 0x0000000087500000, 0x0000000087500000|100%| O|  |TAMS 0x0000000087400000, 0x0000000087400000| Untracked 
| 117|0x0000000087500000, 0x0000000087600000, 0x0000000087600000|100%| O|  |TAMS 0x0000000087500000, 0x0000000087500000| Untracked 
| 118|0x0000000087600000, 0x0000000087700000, 0x0000000087700000|100%| O|  |TAMS 0x0000000087600000, 0x0000000087600000| Untracked 
| 119|0x0000000087700000, 0x0000000087800000, 0x0000000087800000|100%| O|  |TAMS 0x0000000087700000, 0x0000000087700000| Untracked 
| 120|0x0000000087800000, 0x0000000087900000, 0x0000000087900000|100%| O|  |TAMS 0x0000000087800000, 0x0000000087800000| Untracked 
| 121|0x0000000087900000, 0x0000000087a00000, 0x0000000087a00000|100%| O|  |TAMS 0x0000000087900000, 0x0000000087900000| Untracked 
| 122|0x0000000087a00000, 0x0000000087b00000, 0x0000000087b00000|100%| O|  |TAMS 0x0000000087a00000, 0x0000000087a00000| Untracked 
| 123|0x0000000087b00000, 0x0000000087c00000, 0x0000000087c00000|100%| O|  |TAMS 0x0000000087b00000, 0x0000000087b00000| Untracked 
| 124|0x0000000087c00000, 0x0000000087d00000, 0x0000000087d00000|100%| O|  |TAMS 0x0000000087c00000, 0x0000000087c00000| Untracked 
| 125|0x0000000087d00000, 0x0000000087e00000, 0x0000000087e00000|100%| O|  |TAMS 0x0000000087d00000, 0x0000000087d00000| Untracked 
| 126|0x0000000087e00000, 0x0000000087f00000, 0x0000000087f00000|100%| O|  |TAMS 0x0000000087e00000, 0x0000000087e00000| Untracked 
| 127|0x0000000087f00000, 0x0000000088000000, 0x0000000088000000|100%| O|  |TAMS 0x0000000087f00000, 0x0000000087f00000| Untracked 
| 128|0x0000000088000000, 0x0000000088100000, 0x0000000088100000|100%| O|  |TAMS 0x0000000088000000, 0x0000000088000000| Untracked 
| 129|0x0000000088100000, 0x0000000088200000, 0x0000000088200000|100%| O|  |TAMS 0x0000000088100000, 0x0000000088100000| Untracked 
| 130|0x0000000088200000, 0x0000000088300000, 0x0000000088300000|100%| O|  |TAMS 0x0000000088200000, 0x0000000088200000| Untracked 
| 131|0x0000000088300000, 0x0000000088400000, 0x0000000088400000|100%| O|  |TAMS 0x0000000088300000, 0x0000000088300000| Untracked 
| 132|0x0000000088400000, 0x0000000088500000, 0x0000000088500000|100%| O|  |TAMS 0x0000000088400000, 0x0000000088400000| Untracked 
| 133|0x0000000088500000, 0x0000000088600000, 0x0000000088600000|100%| O|  |TAMS 0x0000000088500000, 0x0000000088500000| Untracked 
| 134|0x0000000088600000, 0x0000000088700000, 0x0000000088700000|100%| O|  |TAMS 0x0000000088600000, 0x0000000088600000| Untracked 
| 135|0x0000000088700000, 0x0000000088800000, 0x0000000088800000|100%| O|  |TAMS 0x0000000088700000, 0x0000000088700000| Untracked 
| 136|0x0000000088800000, 0x0000000088900000, 0x0000000088900000|100%| O|  |TAMS 0x0000000088800000, 0x0000000088800000| Untracked 
| 137|0x0000000088900000, 0x0000000088a00000, 0x0000000088a00000|100%| O|  |TAMS 0x0000000088900000, 0x0000000088900000| Untracked 
| 138|0x0000000088a00000, 0x0000000088b00000, 0x0000000088b00000|100%| O|  |TAMS 0x0000000088a00000, 0x0000000088a00000| Untracked 
| 139|0x0000000088b00000, 0x0000000088c00000, 0x0000000088c00000|100%| O|  |TAMS 0x0000000088b00000, 0x0000000088b00000| Untracked 
| 140|0x0000000088c00000, 0x0000000088d00000, 0x0000000088d00000|100%| O|  |TAMS 0x0000000088c00000, 0x0000000088c00000| Untracked 
| 141|0x0000000088d00000, 0x0000000088d7fc00, 0x0000000088e00000| 49%| O|  |TAMS 0x0000000088d00000, 0x0000000088d00000| Untracked 
| 142|0x0000000088e00000, 0x0000000088e00000, 0x0000000088f00000|  0%| F|  |TAMS 0x0000000088e00000, 0x0000000088e00000| Untracked 
| 143|0x0000000088f00000, 0x0000000088f00000, 0x0000000089000000|  0%| F|  |TAMS 0x0000000088f00000, 0x0000000088f00000| Untracked 
| 144|0x0000000089000000, 0x0000000089000000, 0x0000000089100000|  0%| F|  |TAMS 0x0000000089000000, 0x0000000089000000| Untracked 
| 145|0x0000000089100000, 0x0000000089100000, 0x0000000089200000|  0%| F|  |TAMS 0x0000000089100000, 0x0000000089100000| Untracked 
| 146|0x0000000089200000, 0x0000000089200000, 0x0000000089300000|  0%| F|  |TAMS 0x0000000089200000, 0x0000000089200000| Untracked 
| 147|0x0000000089300000, 0x0000000089300000, 0x0000000089400000|  0%| F|  |TAMS 0x0000000089300000, 0x0000000089300000| Untracked 
| 148|0x0000000089400000, 0x0000000089400000, 0x0000000089500000|  0%| F|  |TAMS 0x0000000089400000, 0x0000000089400000| Untracked 
| 149|0x0000000089500000, 0x0000000089500000, 0x0000000089600000|  0%| F|  |TAMS 0x0000000089500000, 0x0000000089500000| Untracked 
| 150|0x0000000089600000, 0x0000000089600000, 0x0000000089700000|  0%| F|  |TAMS 0x0000000089600000, 0x0000000089600000| Untracked 
| 151|0x0000000089700000, 0x0000000089700000, 0x0000000089800000|  0%| F|  |TAMS 0x0000000089700000, 0x0000000089700000| Untracked 
| 152|0x0000000089800000, 0x0000000089800000, 0x0000000089900000|  0%| F|  |TAMS 0x0000000089800000, 0x0000000089800000| Untracked 
| 153|0x0000000089900000, 0x0000000089900000, 0x0000000089a00000|  0%| F|  |TAMS 0x0000000089900000, 0x0000000089900000| Untracked 
| 154|0x0000000089a00000, 0x0000000089a00000, 0x0000000089b00000|  0%| F|  |TAMS 0x0000000089a00000, 0x0000000089a00000| Untracked 
| 155|0x0000000089b00000, 0x0000000089b00000, 0x0000000089c00000|  0%| F|  |TAMS 0x0000000089b00000, 0x0000000089b00000| Untracked 
| 156|0x0000000089c00000, 0x0000000089c00000, 0x0000000089d00000|  0%| F|  |TAMS 0x0000000089c00000, 0x0000000089c00000| Untracked 
| 157|0x0000000089d00000, 0x0000000089d00000, 0x0000000089e00000|  0%| F|  |TAMS 0x0000000089d00000, 0x0000000089d00000| Untracked 
| 158|0x0000000089e00000, 0x0000000089e00000, 0x0000000089f00000|  0%| F|  |TAMS 0x0000000089e00000, 0x0000000089e00000| Untracked 
| 159|0x0000000089f00000, 0x0000000089f00000, 0x000000008a000000|  0%| F|  |TAMS 0x0000000089f00000, 0x0000000089f00000| Untracked 
| 160|0x000000008a000000, 0x000000008a000000, 0x000000008a100000|  0%| F|  |TAMS 0x000000008a000000, 0x000000008a000000| Untracked 
| 161|0x000000008a100000, 0x000000008a100000, 0x000000008a200000|  0%| F|  |TAMS 0x000000008a100000, 0x000000008a100000| Untracked 
| 162|0x000000008a200000, 0x000000008a200000, 0x000000008a300000|  0%| F|  |TAMS 0x000000008a200000, 0x000000008a200000| Untracked 
| 163|0x000000008a300000, 0x000000008a300000, 0x000000008a400000|  0%| F|  |TAMS 0x000000008a300000, 0x000000008a300000| Untracked 
| 164|0x000000008a400000, 0x000000008a400000, 0x000000008a500000|  0%| F|  |TAMS 0x000000008a400000, 0x000000008a400000| Untracked 
| 165|0x000000008a500000, 0x000000008a500000, 0x000000008a600000|  0%| F|  |TAMS 0x000000008a500000, 0x000000008a500000| Untracked 
| 166|0x000000008a600000, 0x000000008a600000, 0x000000008a700000|  0%| F|  |TAMS 0x000000008a600000, 0x000000008a600000| Untracked 
| 167|0x000000008a700000, 0x000000008a700000, 0x000000008a800000|  0%| F|  |TAMS 0x000000008a700000, 0x000000008a700000| Untracked 
| 168|0x000000008a800000, 0x000000008a800000, 0x000000008a900000|  0%| F|  |TAMS 0x000000008a800000, 0x000000008a800000| Untracked 
| 169|0x000000008a900000, 0x000000008a900000, 0x000000008aa00000|  0%| F|  |TAMS 0x000000008a900000, 0x000000008a900000| Untracked 
| 170|0x000000008aa00000, 0x000000008aa00000, 0x000000008ab00000|  0%| F|  |TAMS 0x000000008aa00000, 0x000000008aa00000| Untracked 
| 171|0x000000008ab00000, 0x000000008ab00000, 0x000000008ac00000|  0%| F|  |TAMS 0x000000008ab00000, 0x000000008ab00000| Untracked 
| 172|0x000000008ac00000, 0x000000008ac00000, 0x000000008ad00000|  0%| F|  |TAMS 0x000000008ac00000, 0x000000008ac00000| Untracked 
| 173|0x000000008ad00000, 0x000000008ad00000, 0x000000008ae00000|  0%| F|  |TAMS 0x000000008ad00000, 0x000000008ad00000| Untracked 
| 174|0x000000008ae00000, 0x000000008ae00000, 0x000000008af00000|  0%| F|  |TAMS 0x000000008ae00000, 0x000000008ae00000| Untracked 
| 175|0x000000008af00000, 0x000000008af00000, 0x000000008b000000|  0%| F|  |TAMS 0x000000008af00000, 0x000000008af00000| Untracked 
| 176|0x000000008b000000, 0x000000008b000000, 0x000000008b100000|  0%| F|  |TAMS 0x000000008b000000, 0x000000008b000000| Untracked 
| 177|0x000000008b100000, 0x000000008b100000, 0x000000008b200000|  0%| F|  |TAMS 0x000000008b100000, 0x000000008b100000| Untracked 
| 178|0x000000008b200000, 0x000000008b200000, 0x000000008b300000|  0%| F|  |TAMS 0x000000008b200000, 0x000000008b200000| Untracked 
| 179|0x000000008b300000, 0x000000008b300000, 0x000000008b400000|  0%| F|  |TAMS 0x000000008b300000, 0x000000008b300000| Untracked 
| 180|0x000000008b400000, 0x000000008b400000, 0x000000008b500000|  0%| F|  |TAMS 0x000000008b400000, 0x000000008b400000| Untracked 
| 181|0x000000008b500000, 0x000000008b500000, 0x000000008b600000|  0%| F|  |TAMS 0x000000008b500000, 0x000000008b500000| Untracked 
| 182|0x000000008b600000, 0x000000008b600000, 0x000000008b700000|  0%| F|  |TAMS 0x000000008b600000, 0x000000008b600000| Untracked 
| 183|0x000000008b700000, 0x000000008b700000, 0x000000008b800000|  0%| F|  |TAMS 0x000000008b700000, 0x000000008b700000| Untracked 
| 184|0x000000008b800000, 0x000000008b800000, 0x000000008b900000|  0%| F|  |TAMS 0x000000008b800000, 0x000000008b800000| Untracked 
| 185|0x000000008b900000, 0x000000008ba00000, 0x000000008ba00000|100%| S|CS|TAMS 0x000000008b900000, 0x000000008b900000| Complete 
| 186|0x000000008ba00000, 0x000000008bb00000, 0x000000008bb00000|100%| S|CS|TAMS 0x000000008ba00000, 0x000000008ba00000| Complete 
| 187|0x000000008bb00000, 0x000000008bc00000, 0x000000008bc00000|100%| S|CS|TAMS 0x000000008bb00000, 0x000000008bb00000| Complete 
| 188|0x000000008bc00000, 0x000000008bd00000, 0x000000008bd00000|100%| S|CS|TAMS 0x000000008bc00000, 0x000000008bc00000| Complete 
| 189|0x000000008bd00000, 0x000000008be00000, 0x000000008be00000|100%| S|CS|TAMS 0x000000008bd00000, 0x000000008bd00000| Complete 
| 190|0x000000008be00000, 0x000000008bf00000, 0x000000008bf00000|100%| S|CS|TAMS 0x000000008be00000, 0x000000008be00000| Complete 
| 191|0x000000008bf00000, 0x000000008c000000, 0x000000008c000000|100%| S|CS|TAMS 0x000000008bf00000, 0x000000008bf00000| Complete 
| 192|0x000000008c000000, 0x000000008c100000, 0x000000008c100000|100%| S|CS|TAMS 0x000000008c000000, 0x000000008c000000| Complete 
| 193|0x000000008c100000, 0x000000008c100000, 0x000000008c200000|  0%| F|  |TAMS 0x000000008c100000, 0x000000008c100000| Untracked 
| 194|0x000000008c200000, 0x000000008c200000, 0x000000008c300000|  0%| F|  |TAMS 0x000000008c200000, 0x000000008c200000| Untracked 
| 195|0x000000008c300000, 0x000000008c300000, 0x000000008c400000|  0%| F|  |TAMS 0x000000008c300000, 0x000000008c300000| Untracked 
| 196|0x000000008c400000, 0x000000008c400000, 0x000000008c500000|  0%| F|  |TAMS 0x000000008c400000, 0x000000008c400000| Untracked 
| 197|0x000000008c500000, 0x000000008c500000, 0x000000008c600000|  0%| F|  |TAMS 0x000000008c500000, 0x000000008c500000| Untracked 
| 198|0x000000008c600000, 0x000000008c600000, 0x000000008c700000|  0%| F|  |TAMS 0x000000008c600000, 0x000000008c600000| Untracked 
| 199|0x000000008c700000, 0x000000008c700000, 0x000000008c800000|  0%| F|  |TAMS 0x000000008c700000, 0x000000008c700000| Untracked 
| 200|0x000000008c800000, 0x000000008c800000, 0x000000008c900000|  0%| F|  |TAMS 0x000000008c800000, 0x000000008c800000| Untracked 
| 201|0x000000008c900000, 0x000000008c900000, 0x000000008ca00000|  0%| F|  |TAMS 0x000000008c900000, 0x000000008c900000| Untracked 
| 202|0x000000008ca00000, 0x000000008ca00000, 0x000000008cb00000|  0%| F|  |TAMS 0x000000008ca00000, 0x000000008ca00000| Untracked 
| 203|0x000000008cb00000, 0x000000008cb00000, 0x000000008cc00000|  0%| F|  |TAMS 0x000000008cb00000, 0x000000008cb00000| Untracked 
| 204|0x000000008cc00000, 0x000000008cc00000, 0x000000008cd00000|  0%| F|  |TAMS 0x000000008cc00000, 0x000000008cc00000| Untracked 
| 205|0x000000008cd00000, 0x000000008cd00000, 0x000000008ce00000|  0%| F|  |TAMS 0x000000008cd00000, 0x000000008cd00000| Untracked 
| 206|0x000000008ce00000, 0x000000008ce00000, 0x000000008cf00000|  0%| F|  |TAMS 0x000000008ce00000, 0x000000008ce00000| Untracked 
| 207|0x000000008cf00000, 0x000000008cf00000, 0x000000008d000000|  0%| F|  |TAMS 0x000000008cf00000, 0x000000008cf00000| Untracked 
| 208|0x000000008d000000, 0x000000008d000000, 0x000000008d100000|  0%| F|  |TAMS 0x000000008d000000, 0x000000008d000000| Untracked 
| 209|0x000000008d100000, 0x000000008d100000, 0x000000008d200000|  0%| F|  |TAMS 0x000000008d100000, 0x000000008d100000| Untracked 
| 210|0x000000008d200000, 0x000000008d200000, 0x000000008d300000|  0%| F|  |TAMS 0x000000008d200000, 0x000000008d200000| Untracked 
| 211|0x000000008d300000, 0x000000008d300000, 0x000000008d400000|  0%| F|  |TAMS 0x000000008d300000, 0x000000008d300000| Untracked 
| 212|0x000000008d400000, 0x000000008d400000, 0x000000008d500000|  0%| F|  |TAMS 0x000000008d400000, 0x000000008d400000| Untracked 
| 213|0x000000008d500000, 0x000000008d500000, 0x000000008d600000|  0%| F|  |TAMS 0x000000008d500000, 0x000000008d500000| Untracked 
| 214|0x000000008d600000, 0x000000008d600000, 0x000000008d700000|  0%| F|  |TAMS 0x000000008d600000, 0x000000008d600000| Untracked 
| 215|0x000000008d700000, 0x000000008d700000, 0x000000008d800000|  0%| F|  |TAMS 0x000000008d700000, 0x000000008d700000| Untracked 
| 216|0x000000008d800000, 0x000000008d800000, 0x000000008d900000|  0%| F|  |TAMS 0x000000008d800000, 0x000000008d800000| Untracked 
| 217|0x000000008d900000, 0x000000008d900000, 0x000000008da00000|  0%| F|  |TAMS 0x000000008d900000, 0x000000008d900000| Untracked 
| 218|0x000000008da00000, 0x000000008da00000, 0x000000008db00000|  0%| F|  |TAMS 0x000000008da00000, 0x000000008da00000| Untracked 
| 219|0x000000008db00000, 0x000000008db00000, 0x000000008dc00000|  0%| F|  |TAMS 0x000000008db00000, 0x000000008db00000| Untracked 
| 220|0x000000008dc00000, 0x000000008dc00000, 0x000000008dd00000|  0%| F|  |TAMS 0x000000008dc00000, 0x000000008dc00000| Untracked 
| 221|0x000000008dd00000, 0x000000008dd00000, 0x000000008de00000|  0%| F|  |TAMS 0x000000008dd00000, 0x000000008dd00000| Untracked 
| 222|0x000000008de00000, 0x000000008de00000, 0x000000008df00000|  0%| F|  |TAMS 0x000000008de00000, 0x000000008de00000| Untracked 
| 223|0x000000008df00000, 0x000000008df00000, 0x000000008e000000|  0%| F|  |TAMS 0x000000008df00000, 0x000000008df00000| Untracked 
| 224|0x000000008e000000, 0x000000008e000000, 0x000000008e100000|  0%| F|  |TAMS 0x000000008e000000, 0x000000008e000000| Untracked 
| 225|0x000000008e100000, 0x000000008e100000, 0x000000008e200000|  0%| F|  |TAMS 0x000000008e100000, 0x000000008e100000| Untracked 
| 226|0x000000008e200000, 0x000000008e200000, 0x000000008e300000|  0%| F|  |TAMS 0x000000008e200000, 0x000000008e200000| Untracked 
| 227|0x000000008e300000, 0x000000008e300000, 0x000000008e400000|  0%| F|  |TAMS 0x000000008e300000, 0x000000008e300000| Untracked 
| 228|0x000000008e400000, 0x000000008e400000, 0x000000008e500000|  0%| F|  |TAMS 0x000000008e400000, 0x000000008e400000| Untracked 
| 229|0x000000008e500000, 0x000000008e500000, 0x000000008e600000|  0%| F|  |TAMS 0x000000008e500000, 0x000000008e500000| Untracked 
| 230|0x000000008e600000, 0x000000008e600000, 0x000000008e700000|  0%| F|  |TAMS 0x000000008e600000, 0x000000008e600000| Untracked 
| 231|0x000000008e700000, 0x000000008e700000, 0x000000008e800000|  0%| F|  |TAMS 0x000000008e700000, 0x000000008e700000| Untracked 
| 232|0x000000008e800000, 0x000000008e800000, 0x000000008e900000|  0%| F|  |TAMS 0x000000008e800000, 0x000000008e800000| Untracked 
| 233|0x000000008e900000, 0x000000008e900000, 0x000000008ea00000|  0%| F|  |TAMS 0x000000008e900000, 0x000000008e900000| Untracked 
| 234|0x000000008ea00000, 0x000000008ea00000, 0x000000008eb00000|  0%| F|  |TAMS 0x000000008ea00000, 0x000000008ea00000| Untracked 
| 235|0x000000008eb00000, 0x000000008eb00000, 0x000000008ec00000|  0%| F|  |TAMS 0x000000008eb00000, 0x000000008eb00000| Untracked 
| 236|0x000000008ec00000, 0x000000008ec00000, 0x000000008ed00000|  0%| F|  |TAMS 0x000000008ec00000, 0x000000008ec00000| Untracked 
| 237|0x000000008ed00000, 0x000000008ed00000, 0x000000008ee00000|  0%| F|  |TAMS 0x000000008ed00000, 0x000000008ed00000| Untracked 
| 238|0x000000008ee00000, 0x000000008ee00000, 0x000000008ef00000|  0%| F|  |TAMS 0x000000008ee00000, 0x000000008ee00000| Untracked 
| 239|0x000000008ef00000, 0x000000008ef00000, 0x000000008f000000|  0%| F|  |TAMS 0x000000008ef00000, 0x000000008ef00000| Untracked 
| 240|0x000000008f000000, 0x000000008f000000, 0x000000008f100000|  0%| F|  |TAMS 0x000000008f000000, 0x000000008f000000| Untracked 
| 241|0x000000008f100000, 0x000000008f100000, 0x000000008f200000|  0%| F|  |TAMS 0x000000008f100000, 0x000000008f100000| Untracked 
| 242|0x000000008f200000, 0x000000008f200000, 0x000000008f300000|  0%| F|  |TAMS 0x000000008f200000, 0x000000008f200000| Untracked 
| 243|0x000000008f300000, 0x000000008f300000, 0x000000008f400000|  0%| F|  |TAMS 0x000000008f300000, 0x000000008f300000| Untracked 
| 244|0x000000008f400000, 0x000000008f400000, 0x000000008f500000|  0%| F|  |TAMS 0x000000008f400000, 0x000000008f400000| Untracked 
| 245|0x000000008f500000, 0x000000008f500000, 0x000000008f600000|  0%| F|  |TAMS 0x000000008f500000, 0x000000008f500000| Untracked 
| 246|0x000000008f600000, 0x000000008f600000, 0x000000008f700000|  0%| F|  |TAMS 0x000000008f600000, 0x000000008f600000| Untracked 
| 247|0x000000008f700000, 0x000000008f700000, 0x000000008f800000|  0%| F|  |TAMS 0x000000008f700000, 0x000000008f700000| Untracked 
| 248|0x000000008f800000, 0x000000008f800000, 0x000000008f900000|  0%| F|  |TAMS 0x000000008f800000, 0x000000008f800000| Untracked 
| 249|0x000000008f900000, 0x000000008f900000, 0x000000008fa00000|  0%| F|  |TAMS 0x000000008f900000, 0x000000008f900000| Untracked 
| 250|0x000000008fa00000, 0x000000008fa00000, 0x000000008fb00000|  0%| F|  |TAMS 0x000000008fa00000, 0x000000008fa00000| Untracked 
| 251|0x000000008fb00000, 0x000000008fb00000, 0x000000008fc00000|  0%| F|  |TAMS 0x000000008fb00000, 0x000000008fb00000| Untracked 
| 252|0x000000008fc00000, 0x000000008fc00000, 0x000000008fd00000|  0%| F|  |TAMS 0x000000008fc00000, 0x000000008fc00000| Untracked 
|2040|0x00000000ff800000, 0x00000000ff800000, 0x00000000ff900000|  0%| F|  |TAMS 0x00000000ff800000, 0x00000000ff800000| Untracked 
|2041|0x00000000ff900000, 0x00000000ff900000, 0x00000000ffa00000|  0%| F|  |TAMS 0x00000000ff900000, 0x00000000ff900000| Untracked 
|2042|0x00000000ffa00000, 0x00000000ffb00000, 0x00000000ffb00000|100%| O|  |TAMS 0x00000000ffb00000, 0x00000000ffa00000| Untracked 
|2043|0x00000000ffb00000, 0x00000000ffc00000, 0x00000000ffc00000|100%| O|  |TAMS 0x00000000ffc00000, 0x00000000ffb00000| Untracked 
|2044|0x00000000ffc00000, 0x00000000ffd00000, 0x00000000ffd00000|100%| O|  |TAMS 0x00000000ffd00000, 0x00000000ffc00000| Untracked 
|2045|0x00000000ffd00000, 0x00000000ffe00000, 0x00000000ffe00000|100%| O|  |TAMS 0x00000000ffe00000, 0x00000000ffd00000| Untracked 
|2046|0x00000000ffe00000, 0x00000000fff00000, 0x00000000fff00000|100%| O|  |TAMS 0x00000000fff00000, 0x00000000ffe00000| Untracked 
|2047|0x00000000fff00000, 0x0000000100000000, 0x0000000100000000|100%| O|  |TAMS 0x0000000100000000, 0x00000000fff00000| Untracked 

Card table byte_map: [0x000001f79a9f0000,0x000001f79adf0000] _byte_map_base: 0x000001f79a5f0000

Marking Bits (Prev, Next): (CMBitMap*) 0x000001f783d85740, (CMBitMap*) 0x000001f783d85780
 Prev Bits: [0x000001f79b1f0000, 0x000001f79d1f0000)
 Next Bits: [0x000001f79d1f0000, 0x000001f79f1f0000)

Polling page: 0x000001f781ca0000

Metaspace:

Usage:
  Non-class:    113.33 MB used.
      Class:     16.60 MB used.
       Both:    129.93 MB used.

Virtual space:
  Non-class space:      128.00 MB reserved,     113.75 MB ( 89%) committed,  2 nodes.
      Class space:        1.00 GB reserved,      17.00 MB (  2%) committed,  1 nodes.
             Both:        1.12 GB reserved,     130.75 MB ( 11%) committed. 

Chunk freelists:
   Non-Class:  14.03 MB
       Class:  14.90 MB
        Both:  28.93 MB

MaxMetaspaceSize: unlimited
CompressedClassSpaceSize: 1.00 GB
Initial GC threshold: 21.00 MB
Current GC threshold: 214.19 MB
CDS: on
MetaspaceReclaimPolicy: balanced
 - commit_granule_bytes: 65536.
 - commit_granule_words: 8192.
 - virtual_space_node_default_size: 8388608.
 - enlarge_chunks_in_place: 1.
 - new_chunks_are_fully_committed: 0.
 - uncommit_free_chunks: 1.
 - use_allocation_guard: 0.
 - handle_deallocations: 1.


Internal statistics:

num_allocs_failed_limit: 15.
num_arena_births: 1214.
num_arena_deaths: 0.
num_vsnodes_births: 3.
num_vsnodes_deaths: 0.
num_space_committed: 2090.
num_space_uncommitted: 0.
num_chunks_returned_to_freelist: 15.
num_chunks_taken_from_freelist: 6313.
num_chunk_merges: 15.
num_chunk_splits: 4648.
num_chunks_enlarged: 3619.
num_inconsistent_stats: 0.

CodeHeap 'non-profiled nmethods': size=120000Kb used=7395Kb max_used=7395Kb free=112604Kb
 bounds [0x000001f7930c0000, 0x000001f793800000, 0x000001f79a5f0000]
CodeHeap 'profiled nmethods': size=120000Kb used=27436Kb max_used=27436Kb free=92563Kb
 bounds [0x000001f78b5f0000, 0x000001f78d0c0000, 0x000001f792b20000]
CodeHeap 'non-nmethods': size=5760Kb used=1879Kb max_used=1986Kb free=3880Kb
 bounds [0x000001f792b20000, 0x000001f792d90000, 0x000001f7930c0000]
 total_blobs=14716 nmethods=13715 adapters=910
 compilation: enabled
              stopped_count=0, restarted_count=0
 full_count=0

Compilation events (20 events):
Event: 31.887 Thread 0x000001f7a16a3960 15875       1       org.jetbrains.kotlin.resolve.calls.inference.model.Constraint::getPosition (5 bytes)
Event: 31.887 Thread 0x000001f7a16a2eb0 nmethod 15820 0x000001f7937f8410 code [0x000001f7937f85a0, 0x000001f7937f86f8]
Event: 31.887 Thread 0x000001f7a16a2eb0 15818       4       org.jetbrains.kotlin.types.checker.SimpleClassicTypeSystemContext::asDefinitelyNotNullType (6 bytes)
Event: 31.887 Thread 0x000001f7a16a3960 nmethod 15875 0x000001f7937f8890 code [0x000001f7937f8a20, 0x000001f7937f8af8]
Event: 31.887 Thread 0x000001f7a16a3960 15874       3       org.jetbrains.kotlin.resolve.calls.inference.model.NewConstraintSystemImpl::currentStorage (21 bytes)
Event: 31.888 Thread 0x000001f7a16a3960 nmethod 15874 0x000001f78d0b7710 code [0x000001f78d0b78c0, 0x000001f78d0b7a28]
Event: 31.888 Thread 0x000001f7a16a3960 15873       3       org.jetbrains.kotlin.psi.KtValueArgument::getSpreadElement (54 bytes)
Event: 31.888 Thread 0x000001f7a16a3960 nmethod 15873 0x000001f78d0b7b10 code [0x000001f78d0b7d20, 0x000001f78d0b8538]
Event: 31.889 Thread 0x000001f7a16a2eb0 nmethod 15818 0x000001f7937f8b90 code [0x000001f7937f8d20, 0x000001f7937f8df8]
Event: 31.890 Thread 0x000001f7a16a3960 15876       3       kotlin.collections.builders.SetBuilder::getSize (8 bytes)
Event: 31.890 Thread 0x000001f7a16a3960 nmethod 15876 0x000001f78d0b8810 code [0x000001f78d0b89a0, 0x000001f78d0b8b38]
Event: 31.891 Thread 0x000001f7a16a3960 15877       3       kotlin.collections.builders.MapBuilder$Companion::access$computeShift (6 bytes)
Event: 31.891 Thread 0x000001f7a16a3960 nmethod 15877 0x000001f78d0b8c10 code [0x000001f78d0b8dc0, 0x000001f78d0b8f48]
Event: 31.891 Thread 0x000001f7a16a3960 15879       3       org.jetbrains.kotlin.resolve.calls.inference.components.TypeCheckerStateForConstraintSystem::assertInputTypes (386 bytes)
Event: 31.892 Thread 0x000001f7a16a3960 nmethod 15879 0x000001f78d0b9090 code [0x000001f78d0b93a0, 0x000001f78d0ba9f8]
Event: 31.893 Thread 0x000001f7a16a3960 15878       3       kotlin.collections.builders.MapBuilder$Companion::computeShift (7 bytes)
Event: 31.893 Thread 0x000001f7a16a3960 nmethod 15878 0x000001f78d0bae10 code [0x000001f78d0bafa0, 0x000001f78d0bb0e8]
Event: 31.894 Thread 0x000001f7a16a3960 15880       3       org.jetbrains.kotlin.resolve.jvm.checkers.JavaNullabilityChecker$Companion$typeCheckerForEnhancedTypes$1::prepareType (9 bytes)
Event: 31.895 Thread 0x000001f7a16a3960 nmethod 15880 0x000001f78d0bb190 code [0x000001f78d0bb460, 0x000001f78d0bc148]
Event: 31.895 Thread 0x000001f7a16a3960 15881       3       org.jetbrains.kotlin.types.TypeUtils::collectAllSupertypes (68 bytes)

GC Heap History (20 events):
Event: 23.580 GC heap after
{Heap after GC invocations=33 (full 0):
 garbage-first heap   total 222208K, used 97735K [0x0000000080000000, 0x0000000100000000)
  region size 1024K, 2 young (2048K), 2 survivors (2048K)
 Metaspace       used 110986K, committed 111680K, reserved 1179648K
  class space    used 14249K, committed 14592K, reserved 1048576K
}
Event: 24.635 GC heap before
{Heap before GC invocations=33 (full 0):
 garbage-first heap   total 222208K, used 183751K [0x0000000080000000, 0x0000000100000000)
  region size 1024K, 76 young (77824K), 2 survivors (2048K)
 Metaspace       used 111578K, committed 112384K, reserved 1179648K
  class space    used 14342K, committed 14720K, reserved 1048576K
}
Event: 24.644 GC heap after
{Heap after GC invocations=34 (full 0):
 garbage-first heap   total 222208K, used 117579K [0x0000000080000000, 0x0000000100000000)
  region size 1024K, 10 young (10240K), 10 survivors (10240K)
 Metaspace       used 111578K, committed 112384K, reserved 1179648K
  class space    used 14342K, committed 14720K, reserved 1048576K
}
Event: 24.762 GC heap before
{Heap before GC invocations=34 (full 0):
 garbage-first heap   total 222208K, used 128843K [0x0000000080000000, 0x0000000100000000)
  region size 1024K, 21 young (21504K), 10 survivors (10240K)
 Metaspace       used 112272K, committed 113024K, reserved 1179648K
  class space    used 14409K, committed 14784K, reserved 1048576K
}
Event: 24.768 GC heap after
{Heap after GC invocations=35 (full 0):
 garbage-first heap   total 222208K, used 120302K [0x0000000080000000, 0x0000000100000000)
  region size 1024K, 2 young (2048K), 2 survivors (2048K)
 Metaspace       used 112272K, committed 113024K, reserved 1179648K
  class space    used 14409K, committed 14784K, reserved 1048576K
}
Event: 25.674 GC heap before
{Heap before GC invocations=36 (full 0):
 garbage-first heap   total 222208K, used 175598K [0x0000000080000000, 0x0000000100000000)
  region size 1024K, 58 young (59392K), 2 survivors (2048K)
 Metaspace       used 117632K, committed 118400K, reserved 1179648K
  class space    used 14977K, committed 15360K, reserved 1048576K
}
Event: 25.678 GC heap after
{Heap after GC invocations=37 (full 0):
 garbage-first heap   total 222208K, used 119607K [0x0000000080000000, 0x0000000100000000)
  region size 1024K, 3 young (3072K), 3 survivors (3072K)
 Metaspace       used 117632K, committed 118400K, reserved 1179648K
  class space    used 14977K, committed 15360K, reserved 1048576K
}
Event: 25.793 GC heap before
{Heap before GC invocations=37 (full 0):
 garbage-first heap   total 222208K, used 126775K [0x0000000080000000, 0x0000000100000000)
  region size 1024K, 10 young (10240K), 3 survivors (3072K)
 Metaspace       used 118211K, committed 118976K, reserved 1179648K
  class space    used 15052K, committed 15424K, reserved 1048576K
}
Event: 25.802 GC heap after
{Heap after GC invocations=38 (full 0):
 garbage-first heap   total 267264K, used 108335K [0x0000000080000000, 0x0000000100000000)
  region size 1024K, 1 young (1024K), 1 survivors (1024K)
 Metaspace       used 118211K, committed 118976K, reserved 1179648K
  class space    used 15052K, committed 15424K, reserved 1048576K
}
Event: 27.618 GC heap before
{Heap before GC invocations=38 (full 0):
 garbage-first heap   total 267264K, used 213807K [0x0000000080000000, 0x0000000100000000)
  region size 1024K, 99 young (101376K), 1 survivors (1024K)
 Metaspace       used 125788K, committed 126592K, reserved 1179648K
  class space    used 16084K, committed 16448K, reserved 1048576K
}
Event: 27.627 GC heap after
{Heap after GC invocations=39 (full 0):
 garbage-first heap   total 267264K, used 116365K [0x0000000080000000, 0x0000000100000000)
  region size 1024K, 8 young (8192K), 8 survivors (8192K)
 Metaspace       used 125788K, committed 126592K, reserved 1179648K
  class space    used 16084K, committed 16448K, reserved 1048576K
}
Event: 28.658 GC heap before
{Heap before GC invocations=39 (full 0):
 garbage-first heap   total 267264K, used 171661K [0x0000000080000000, 0x0000000100000000)
  region size 1024K, 63 young (64512K), 8 survivors (8192K)
 Metaspace       used 130476K, committed 131328K, reserved 1179648K
  class space    used 16734K, committed 17152K, reserved 1048576K
}
Event: 28.668 GC heap after
{Heap after GC invocations=40 (full 0):
 garbage-first heap   total 267264K, used 118824K [0x0000000080000000, 0x0000000100000000)
  region size 1024K, 3 young (3072K), 3 survivors (3072K)
 Metaspace       used 130476K, committed 131328K, reserved 1179648K
  class space    used 16734K, committed 17152K, reserved 1048576K
}
Event: 29.905 GC heap before
{Heap before GC invocations=41 (full 0):
 garbage-first heap   total 267264K, used 218152K [0x0000000080000000, 0x0000000100000000)
  region size 1024K, 97 young (99328K), 3 survivors (3072K)
 Metaspace       used 131638K, committed 132480K, reserved 1179648K
  class space    used 16920K, committed 17344K, reserved 1048576K
}
Event: 29.930 GC heap after
{Heap after GC invocations=42 (full 0):
 garbage-first heap   total 267264K, used 141426K [0x0000000080000000, 0x0000000100000000)
  region size 1024K, 13 young (13312K), 13 survivors (13312K)
 Metaspace       used 131638K, committed 132480K, reserved 1179648K
  class space    used 16920K, committed 17344K, reserved 1048576K
}
Event: 29.942 GC heap before
{Heap before GC invocations=42 (full 0):
 garbage-first heap   total 267264K, used 142450K [0x0000000080000000, 0x0000000100000000)
  region size 1024K, 14 young (14336K), 13 survivors (13312K)
 Metaspace       used 131638K, committed 132480K, reserved 1179648K
  class space    used 16920K, committed 17344K, reserved 1048576K
}
Event: 29.967 GC heap after
{Heap after GC invocations=43 (full 0):
 garbage-first heap   total 267264K, used 141803K [0x0000000080000000, 0x0000000100000000)
  region size 1024K, 2 young (2048K), 2 survivors (2048K)
 Metaspace       used 131638K, committed 132480K, reserved 1179648K
  class space    used 16920K, committed 17344K, reserved 1048576K
}
Event: 30.415 GC heap before
{Heap before GC invocations=43 (full 0):
 garbage-first heap   total 267264K, used 212459K [0x0000000080000000, 0x0000000100000000)
  region size 1024K, 70 young (71680K), 2 survivors (2048K)
 Metaspace       used 131811K, committed 132672K, reserved 1179648K
  class space    used 16920K, committed 17344K, reserved 1048576K
}
Event: 30.429 GC heap after
{Heap after GC invocations=44 (full 0):
 garbage-first heap   total 267264K, used 151040K [0x0000000080000000, 0x0000000100000000)
  region size 1024K, 9 young (9216K), 9 survivors (9216K)
 Metaspace       used 131811K, committed 132672K, reserved 1179648K
  class space    used 16920K, committed 17344K, reserved 1048576K
}
Event: 31.896 GC heap before
{Heap before GC invocations=44 (full 0):
 garbage-first heap   total 267264K, used 214528K [0x0000000080000000, 0x0000000100000000)
  region size 1024K, 71 young (72704K), 9 survivors (9216K)
 Metaspace       used 133045K, committed 133888K, reserved 1179648K
  class space    used 16996K, committed 17408K, reserved 1048576K
}

Deoptimization events (20 events):
Event: 31.055 Thread 0x000001f7e8466e40 Uncommon trap: trap_request=0xffffffde fr.pc=0x000001f793546634 relative=0x0000000000002ab4
Event: 31.055 Thread 0x000001f7e8466e40 Uncommon trap: reason=class_check action=maybe_recompile pc=0x000001f793546634 method=org.jetbrains.org.objectweb.asm.ClassReader.readElementValue(Lorg/jetbrains/org/objectweb/asm/AnnotationVisitor;ILjava/lang/String;[C)I @ 556 c2
Event: 31.055 Thread 0x000001f7e8466e40 DEOPT PACKING pc=0x000001f793546634 sp=0x0000001162bf06e0
Event: 31.055 Thread 0x000001f7e8466e40 DEOPT UNPACKING pc=0x000001f792b723a3 sp=0x0000001162bf0688 mode 2
Event: 31.057 Thread 0x000001f7e8466e40 Uncommon trap: trap_request=0xffffffde fr.pc=0x000001f793546fd4 relative=0x0000000000003454
Event: 31.057 Thread 0x000001f7e8466e40 Uncommon trap: reason=class_check action=maybe_recompile pc=0x000001f793546fd4 method=org.jetbrains.org.objectweb.asm.ClassReader.readElementValue(Lorg/jetbrains/org/objectweb/asm/AnnotationVisitor;ILjava/lang/String;[C)I @ 593 c2
Event: 31.057 Thread 0x000001f7e8466e40 DEOPT PACKING pc=0x000001f793546fd4 sp=0x0000001162bf0580
Event: 31.057 Thread 0x000001f7e8466e40 DEOPT UNPACKING pc=0x000001f792b723a3 sp=0x0000001162bf0530 mode 2
Event: 31.057 Thread 0x000001f7e8466e40 Uncommon trap: trap_request=0xffffffde fr.pc=0x000001f793546634 relative=0x0000000000002ab4
Event: 31.057 Thread 0x000001f7e8466e40 Uncommon trap: reason=class_check action=maybe_recompile pc=0x000001f793546634 method=org.jetbrains.org.objectweb.asm.ClassReader.readElementValue(Lorg/jetbrains/org/objectweb/asm/AnnotationVisitor;ILjava/lang/String;[C)I @ 556 c2
Event: 31.057 Thread 0x000001f7e8466e40 DEOPT PACKING pc=0x000001f793546634 sp=0x0000001162bf06e0
Event: 31.057 Thread 0x000001f7e8466e40 DEOPT UNPACKING pc=0x000001f792b723a3 sp=0x0000001162bf0688 mode 2
Event: 31.057 Thread 0x000001f7e8466e40 Uncommon trap: trap_request=0xffffffde fr.pc=0x000001f793546fd4 relative=0x0000000000003454
Event: 31.057 Thread 0x000001f7e8466e40 Uncommon trap: reason=class_check action=maybe_recompile pc=0x000001f793546fd4 method=org.jetbrains.org.objectweb.asm.ClassReader.readElementValue(Lorg/jetbrains/org/objectweb/asm/AnnotationVisitor;ILjava/lang/String;[C)I @ 593 c2
Event: 31.057 Thread 0x000001f7e8466e40 DEOPT PACKING pc=0x000001f793546fd4 sp=0x0000001162bf0580
Event: 31.057 Thread 0x000001f7e8466e40 DEOPT UNPACKING pc=0x000001f792b723a3 sp=0x0000001162bf0530 mode 2
Event: 31.413 Thread 0x000001f7e8466e40 DEOPT PACKING pc=0x000001f78b82a4c1 sp=0x0000001162beede0
Event: 31.413 Thread 0x000001f7e8466e40 DEOPT UNPACKING pc=0x000001f792b72b43 sp=0x0000001162bee340 mode 0
Event: 31.724 Thread 0x000001f7e8466e40 DEOPT PACKING pc=0x000001f78b927fa6 sp=0x0000001162bf0de0
Event: 31.724 Thread 0x000001f7e8466e40 DEOPT UNPACKING pc=0x000001f792b72b43 sp=0x0000001162bf0340 mode 0

Classes unloaded (0 events):
No events

Classes redefined (0 events):
No events

Internal exceptions (20 events):
Event: 28.942 Thread 0x000001f7e8466e40 Exception <a 'java/lang/ClassNotFoundException'{0x000000008f74b9d8}: org/jetbrains/kotlin/gradle/targets/js/npm/NpmDependencyExtensionKt$defaultNpmDependencyDelegate$1BeanInfo> (0x000000008f74b9d8) 
thrown [s\open\src\hotspot\share\classfile\systemDictionary.cpp, line 256]
Event: 28.942 Thread 0x000001f7e8466e40 Exception <a 'java/lang/ClassNotFoundException'{0x000000008f75b3a0}: org/jetbrains/kotlin/gradle/targets/js/npm/NpmDependencyExtensionDelegateBeanInfo> (0x000000008f75b3a0) 
thrown [s\open\src\hotspot\share\classfile\systemDictionary.cpp, line 256]
Event: 28.943 Thread 0x000001f7e8466e40 Exception <a 'java/lang/ClassNotFoundException'{0x000000008f76b000}: org/jetbrains/kotlin/gradle/targets/js/npm/NpmDependencyExtensionDelegateCustomizer> (0x000000008f76b000) 
thrown [s\open\src\hotspot\share\classfile\systemDictionary.cpp, line 256]
Event: 28.948 Thread 0x000001f7e8466e40 Exception <a 'java/lang/ClassNotFoundException'{0x000000008f79a9f0}: org/jetbrains/kotlin/gradle/targets/js/npm/NpmDependencyExtensionKt$defaultNpmDependencyDelegate$1Customizer> (0x000000008f79a9f0) 
thrown [s\open\src\hotspot\share\classfile\systemDictionary.cpp, line 256]
Event: 28.953 Thread 0x000001f7e8466e40 Exception <a 'java/lang/ClassNotFoundException'{0x000000008f7e1940}: org/jetbrains/kotlin/gradle/targets/js/npm/DefaultDevNpmDependencyExtensionBeanInfo> (0x000000008f7e1940) 
thrown [s\open\src\hotspot\share\classfile\systemDictionary.cpp, line 256]
Event: 28.954 Thread 0x000001f7e8466e40 Exception <a 'java/lang/ClassNotFoundException'{0x000000008f7efdd0}: org/jetbrains/kotlin/gradle/targets/js/npm/DefaultDevNpmDependencyExtensionCustomizer> (0x000000008f7efdd0) 
thrown [s\open\src\hotspot\share\classfile\systemDictionary.cpp, line 256]
Event: 28.961 Thread 0x000001f7e8466e40 Exception <a 'java/lang/ClassNotFoundException'{0x000000008f63f800}: org/jetbrains/kotlin/gradle/targets/js/npm/DefaultPeerNpmDependencyExtensionBeanInfo> (0x000000008f63f800) 
thrown [s\open\src\hotspot\share\classfile\systemDictionary.cpp, line 256]
Event: 28.962 Thread 0x000001f7e8466e40 Exception <a 'java/lang/ClassNotFoundException'{0x000000008f64dcb8}: org/jetbrains/kotlin/gradle/targets/js/npm/DefaultPeerNpmDependencyExtensionCustomizer> (0x000000008f64dcb8) 
thrown [s\open\src\hotspot\share\classfile\systemDictionary.cpp, line 256]
Event: 28.967 Thread 0x000001f7e8466e40 Exception <a 'java/lang/ClassNotFoundException'{0x000000008f6aadf8}: org/jetbrains/kotlin/gradle/targets/js/npm/DefaultPeerNpmDependencyExtension$delegate$1BeanInfo> (0x000000008f6aadf8) 
thrown [s\open\src\hotspot\share\classfile\systemDictionary.cpp, line 256]
Event: 28.968 Thread 0x000001f7e8466e40 Exception <a 'java/lang/ClassNotFoundException'{0x000000008f6b9878}: org/jetbrains/kotlin/gradle/targets/js/npm/DefaultPeerNpmDependencyExtension$delegate$1Customizer> (0x000000008f6b9878) 
thrown [s\open\src\hotspot\share\classfile\systemDictionary.cpp, line 256]
Event: 28.998 Thread 0x000001f7e8466e40 Exception <a 'java/lang/NoSuchMethodError'{0x000000008f56ba38}: static Lorg/jetbrains/kotlin/gradle/plugin/internal/DefaultIdeaSyncDetector$createIdeaPropertiesEvaluator$1;.<clinit>()V> (0x000000008f56ba38) 
thrown [s\open\src\hotspot\share\prims\jni.cpp, line 1112]
Event: 29.292 Thread 0x000001f7e8466e40 Implicit null exception at 0x000001f793639160 to 0x000001f79363b2f4
Event: 29.292 Thread 0x000001f7e8466e40 Implicit null exception at 0x000001f793695bd0 to 0x000001f793695e68
Event: 29.530 Thread 0x000001f7e8466e40 Exception <a 'sun/nio/fs/WindowsException'{0x000000008d81a350}> (0x000000008d81a350) 
thrown [s\open\src\hotspot\share\prims\jni.cpp, line 516]
Event: 29.531 Thread 0x000001f7e8466e40 Exception <a 'sun/nio/fs/WindowsException'{0x000000008d81be08}> (0x000000008d81be08) 
thrown [s\open\src\hotspot\share\prims\jni.cpp, line 516]
Event: 29.533 Thread 0x000001f7e8466e40 Exception <a 'sun/nio/fs/WindowsException'{0x000000008d82e070}> (0x000000008d82e070) 
thrown [s\open\src\hotspot\share\prims\jni.cpp, line 516]
Event: 30.004 Thread 0x000001f7e8466e40 Exception <a 'sun/nio/fs/WindowsException'{0x000000008f71f1a8}> (0x000000008f71f1a8) 
thrown [s\open\src\hotspot\share\prims\jni.cpp, line 516]
Event: 30.005 Thread 0x000001f7e8466e40 Exception <a 'sun/nio/fs/WindowsException'{0x000000008f71f848}> (0x000000008f71f848) 
thrown [s\open\src\hotspot\share\prims\jni.cpp, line 516]
Event: 31.041 Thread 0x000001f7e8466e40 Exception <a 'java/lang/NoSuchMethodError'{0x000000008d6b32d0}: 'int java.lang.invoke.DirectMethodHandle$Holder.invokeStaticInit(java.lang.Object, int)'> (0x000000008d6b32d0) 
thrown [s\open\src\hotspot\share\interpreter\linkResolver.cpp, line 759]
Event: 31.843 Thread 0x000001f7e8466e40 Exception <a 'java/lang/NoSuchMethodError'{0x000000008c2d7438}: 'java.lang.Object java.lang.invoke.Invokers$Holder.linkToTargetMethod(java.lang.Object, java.lang.Object, java.lang.Object, int, int, java.lang.Object)'> (0x000000008c2d7438) 
thrown [s\open\src\hotspot\share\interpreter\linkResolver.cpp, line 759]

VM Operations (20 events):
Event: 28.921 Executing VM operation: HandshakeAllThreads done
Event: 28.994 Executing VM operation: G1Concurrent
Event: 28.994 Executing VM operation: G1Concurrent done
Event: 29.430 Executing VM operation: HandshakeAllThreads
Event: 29.430 Executing VM operation: HandshakeAllThreads done
Event: 29.905 Executing VM operation: G1CollectForAllocation
Event: 29.934 Executing VM operation: G1CollectForAllocation done
Event: 29.942 Executing VM operation: G1CollectForAllocation
Event: 29.967 Executing VM operation: G1CollectForAllocation done
Event: 30.414 Executing VM operation: G1CollectForAllocation
Event: 30.430 Executing VM operation: G1CollectForAllocation done
Event: 31.132 Executing VM operation: ICBufferFull
Event: 31.132 Executing VM operation: ICBufferFull done
Event: 31.374 Executing VM operation: ICBufferFull
Event: 31.374 Executing VM operation: ICBufferFull done
Event: 31.621 Executing VM operation: ICBufferFull
Event: 31.622 Executing VM operation: ICBufferFull done
Event: 31.841 Executing VM operation: ICBufferFull
Event: 31.841 Executing VM operation: ICBufferFull done
Event: 31.895 Executing VM operation: G1CollectForAllocation

Events (20 events):
Event: 29.456 Thread 0x000001f7a16abf60 flushing nmethod 0x000001f78cde4510
Event: 29.456 Thread 0x000001f7a16abf60 flushing nmethod 0x000001f78cde4910
Event: 29.456 Thread 0x000001f7a16abf60 flushing nmethod 0x000001f78cde4f90
Event: 29.456 Thread 0x000001f7a16abf60 flushing nmethod 0x000001f78cde8e90
Event: 29.456 Thread 0x000001f7a16abf60 flushing nmethod 0x000001f78cdea710
Event: 29.456 Thread 0x000001f7a16abf60 flushing nmethod 0x000001f78cdeb410
Event: 29.456 Thread 0x000001f7a16abf60 flushing nmethod 0x000001f78cdeef90
Event: 29.456 Thread 0x000001f7a16abf60 flushing nmethod 0x000001f78cdf4290
Event: 29.456 Thread 0x000001f7a16abf60 flushing nmethod 0x000001f78cdf4b90
Event: 29.456 Thread 0x000001f7a16abf60 flushing nmethod 0x000001f78cdf5810
Event: 29.456 Thread 0x000001f7a16abf60 flushing nmethod 0x000001f78cdf6290
Event: 29.456 Thread 0x000001f7a16abf60 flushing nmethod 0x000001f78ce00610
Event: 29.456 Thread 0x000001f7a16abf60 flushing nmethod 0x000001f78ce08690
Event: 29.456 Thread 0x000001f7a16abf60 flushing nmethod 0x000001f78ce12c10
Event: 29.456 Thread 0x000001f7a16abf60 flushing nmethod 0x000001f78ce13390
Event: 29.456 Thread 0x000001f7a16abf60 flushing nmethod 0x000001f78ce14690
Event: 29.456 Thread 0x000001f7a16abf60 flushing nmethod 0x000001f78ce17090
Event: 29.457 Thread 0x000001f7a16abf60 flushing nmethod 0x000001f78cea4890
Event: 29.457 Thread 0x000001f7a16abf60 flushing nmethod 0x000001f78cebb590
Event: 29.457 Thread 0x000001f7a16abf60 flushing nmethod 0x000001f78cf0c690


Dynamic libraries:
0x00007ff64dc90000 - 0x00007ff64dca0000 	C:\Program Files\Java\jdk-17\bin\java.exe
0x00007ffe0fdd0000 - 0x00007ffe0ffc8000 	C:\WINDOWS\SYSTEM32\ntdll.dll
0x00007ffe0fc60000 - 0x00007ffe0fd22000 	C:\WINDOWS\System32\KERNEL32.DLL
0x00007ffe0d980000 - 0x00007ffe0dc76000 	C:\WINDOWS\System32\KERNELBASE.dll
0x00007ffe0d880000 - 0x00007ffe0d980000 	C:\WINDOWS\System32\ucrtbase.dll
0x00007ffdf00a0000 - 0x00007ffdf00b9000 	C:\Program Files\Java\jdk-17\bin\jli.dll
0x00007ffdf0810000 - 0x00007ffdf082b000 	C:\Program Files\Java\jdk-17\bin\VCRUNTIME140.dll
0x00007ffe0ddf0000 - 0x00007ffe0dea1000 	C:\WINDOWS\System32\ADVAPI32.dll
0x00007ffe0e6c0000 - 0x00007ffe0e75e000 	C:\WINDOWS\System32\msvcrt.dll
0x00007ffe0e620000 - 0x00007ffe0e6bf000 	C:\WINDOWS\System32\sechost.dll
0x00007ffe0e9b0000 - 0x00007ffe0ead3000 	C:\WINDOWS\System32\RPCRT4.dll
0x00007ffe0ddc0000 - 0x00007ffe0dde7000 	C:\WINDOWS\System32\bcrypt.dll
0x00007ffe0e810000 - 0x00007ffe0e9ad000 	C:\WINDOWS\System32\USER32.dll
0x00007ffe0d730000 - 0x00007ffe0d752000 	C:\WINDOWS\System32\win32u.dll
0x00007ffdff260000 - 0x00007ffdff4fa000 	C:\WINDOWS\WinSxS\amd64_microsoft.windows.common-controls_6595b64144ccf1df_6.0.19041.5915_none_60b4b9d171f9c7c7\COMCTL32.dll
0x00007ffe0f660000 - 0x00007ffe0f68b000 	C:\WINDOWS\System32\GDI32.dll
0x00007ffe0d760000 - 0x00007ffe0d879000 	C:\WINDOWS\System32\gdi32full.dll
0x00007ffe0d4e0000 - 0x00007ffe0d57d000 	C:\WINDOWS\System32\msvcp_win.dll
0x00007ffe03900000 - 0x00007ffe0390a000 	C:\WINDOWS\SYSTEM32\VERSION.dll
0x00007ffe0f220000 - 0x00007ffe0f24f000 	C:\WINDOWS\System32\IMM32.DLL
0x00007ffdfc160000 - 0x00007ffdfc16c000 	C:\Program Files\Java\jdk-17\bin\vcruntime140_1.dll
0x00007ffde6be0000 - 0x00007ffde6c6e000 	C:\Program Files\Java\jdk-17\bin\msvcp140.dll
0x00007ffd8ee00000 - 0x00007ffd8f9e0000 	C:\Program Files\Java\jdk-17\bin\server\jvm.dll
0x00007ffe0f640000 - 0x00007ffe0f648000 	C:\WINDOWS\System32\PSAPI.DLL
0x00007ffdfdfa0000 - 0x00007ffdfdfa9000 	C:\WINDOWS\SYSTEM32\WSOCK32.dll
0x00007ffdfd600000 - 0x00007ffdfd627000 	C:\WINDOWS\SYSTEM32\WINMM.dll
0x00007ffe0f990000 - 0x00007ffe0f9fb000 	C:\WINDOWS\System32\WS2_32.dll
0x00007ffe0bc80000 - 0x00007ffe0bc92000 	C:\WINDOWS\SYSTEM32\kernel.appcore.dll
0x00007ffdfc0f0000 - 0x00007ffdfc0fa000 	C:\Program Files\Java\jdk-17\bin\jimage.dll
0x00007ffe0b290000 - 0x00007ffe0b491000 	C:\WINDOWS\SYSTEM32\DBGHELP.DLL
0x00007ffe01620000 - 0x00007ffe01654000 	C:\WINDOWS\SYSTEM32\dbgcore.DLL
0x00007ffe0dd30000 - 0x00007ffe0ddb2000 	C:\WINDOWS\System32\bcryptPrimitives.dll
0x00007ffdf5070000 - 0x00007ffdf507e000 	C:\Program Files\Java\jdk-17\bin\instrument.dll
0x00007ffdefe60000 - 0x00007ffdefe85000 	C:\Program Files\Java\jdk-17\bin\java.dll
0x00007ffde4770000 - 0x00007ffde4847000 	C:\Program Files\Java\jdk-17\bin\jsvml.dll
0x00007ffe0deb0000 - 0x00007ffe0e61e000 	C:\WINDOWS\System32\SHELL32.dll
0x00007ffe0b4c0000 - 0x00007ffe0bc64000 	C:\WINDOWS\SYSTEM32\windows.storage.dll
0x00007ffe0f2e0000 - 0x00007ffe0f633000 	C:\WINDOWS\System32\combase.dll
0x00007ffe0ce20000 - 0x00007ffe0ce4b000 	C:\WINDOWS\SYSTEM32\Wldp.dll
0x00007ffe0f780000 - 0x00007ffe0f84d000 	C:\WINDOWS\System32\OLEAUT32.dll
0x00007ffe0e760000 - 0x00007ffe0e80d000 	C:\WINDOWS\System32\SHCORE.dll
0x00007ffe0f690000 - 0x00007ffe0f6eb000 	C:\WINDOWS\System32\shlwapi.dll
0x00007ffe0d390000 - 0x00007ffe0d3b5000 	C:\WINDOWS\SYSTEM32\profapi.dll
0x00007ffde9f40000 - 0x00007ffde9f58000 	C:\Program Files\Java\jdk-17\bin\zip.dll
0x00007ffdf0080000 - 0x00007ffdf0099000 	C:\Program Files\Java\jdk-17\bin\net.dll
0x00007ffe01c00000 - 0x00007ffe01d0a000 	C:\WINDOWS\SYSTEM32\WINHTTP.dll
0x00007ffe0cb80000 - 0x00007ffe0cbea000 	C:\WINDOWS\system32\mswsock.dll
0x00007ffdeffa0000 - 0x00007ffdeffb6000 	C:\Program Files\Java\jdk-17\bin\nio.dll
0x00007ffdf7650000 - 0x00007ffdf7660000 	C:\Program Files\Java\jdk-17\bin\verify.dll
0x00007ffdfc310000 - 0x00007ffdfc337000 	C:\Users\user\.gradle\native\1def1411415f61bf3af743bc5b6707747c0891f09f0c88961ee8f79bc544acac\windows-amd64\native-platform.dll
0x00007ffdefbe0000 - 0x00007ffdefc58000 	C:\Users\user\.gradle\native\0.2.7\x86_64-windows-gnu\gradle-fileevents.dll
0x00007ffdf5d90000 - 0x00007ffdf5d9a000 	C:\Program Files\Java\jdk-17\bin\management.dll
0x00007ffdf5470000 - 0x00007ffdf547b000 	C:\Program Files\Java\jdk-17\bin\management_ext.dll
0x00007ffe0c860000 - 0x00007ffe0c89b000 	C:\WINDOWS\SYSTEM32\IPHLPAPI.DLL
0x00007ffe0f2d0000 - 0x00007ffe0f2d8000 	C:\WINDOWS\System32\NSI.dll
0x00007ffe00010000 - 0x00007ffe00027000 	C:\WINDOWS\SYSTEM32\dhcpcsvc6.DLL
0x00007ffe00610000 - 0x00007ffe0062d000 	C:\WINDOWS\SYSTEM32\dhcpcsvc.DLL
0x00007ffe0c8a0000 - 0x00007ffe0c96a000 	C:\WINDOWS\SYSTEM32\DNSAPI.dll
0x00007ffe0cd70000 - 0x00007ffe0cd88000 	C:\WINDOWS\SYSTEM32\CRYPTSP.dll
0x00007ffe0c4a0000 - 0x00007ffe0c4d8000 	C:\WINDOWS\system32\rsaenh.dll
0x00007ffe0d310000 - 0x00007ffe0d33e000 	C:\WINDOWS\SYSTEM32\USERENV.dll
0x00007ffe0cd90000 - 0x00007ffe0cd9c000 	C:\WINDOWS\SYSTEM32\CRYPTBASE.dll
0x00007ffdf4700000 - 0x00007ffdf470e000 	C:\Program Files\Java\jdk-17\bin\sunmscapi.dll
0x00007ffe0d580000 - 0x00007ffe0d6dd000 	C:\WINDOWS\System32\CRYPT32.dll
0x00007ffe0ce90000 - 0x00007ffe0ceb7000 	C:\WINDOWS\SYSTEM32\ncrypt.dll
0x00007ffe0ce50000 - 0x00007ffe0ce8b000 	C:\WINDOWS\SYSTEM32\NTASN1.dll
0x00007ffe00d40000 - 0x00007ffe00d47000 	C:\WINDOWS\system32\wshunix.dll

dbghelp: loaded successfully - version: 4.0.5 - missing functions: none
symbol engine: initialized successfully - sym options: 0x614 - pdb path: .;C:\Program Files\Java\jdk-17\bin;C:\WINDOWS\SYSTEM32;C:\WINDOWS\WinSxS\amd64_microsoft.windows.common-controls_6595b64144ccf1df_6.0.19041.5915_none_60b4b9d171f9c7c7;C:\Program Files\Java\jdk-17\bin\server;C:\Users\user\.gradle\native\1def1411415f61bf3af743bc5b6707747c0891f09f0c88961ee8f79bc544acac\windows-amd64;C:\Users\user\.gradle\native\0.2.7\x86_64-windows-gnu

VM Arguments:
jvm_args: --add-opens=java.base/java.lang=ALL-UNNAMED --add-opens=java.base/java.lang.invoke=ALL-UNNAMED --add-opens=java.base/java.util=ALL-UNNAMED --add-opens=java.prefs/java.util.prefs=ALL-UNNAMED --add-exports=jdk.compiler/com.sun.tools.javac.api=ALL-UNNAMED --add-exports=jdk.compiler/com.sun.tools.javac.util=ALL-UNNAMED --add-opens=java.base/java.util=ALL-UNNAMED --add-opens=java.prefs/java.util.prefs=ALL-UNNAMED --add-opens=java.base/java.nio.charset=ALL-UNNAMED --add-opens=java.base/java.net=ALL-UNNAMED --add-opens=java.base/java.util.concurrent.atomic=ALL-UNNAMED --add-opens=java.xml/javax.xml.namespace=ALL-UNNAMED -Xmx2048m -Dfile.encoding=UTF-8 -Duser.country=US -Duser.language=en -Duser.variant -javaagent:C:\Users\user\.gradle\wrapper\dists\gradle-8.13-bin\5xuhj0ry160q40clulazy9h7d\gradle-8.13\lib\agents\gradle-instrumentation-agent-8.13.jar 
java_command: org.gradle.launcher.daemon.bootstrap.GradleDaemon 8.13
java_class_path (initial): C:\Users\user\.gradle\wrapper\dists\gradle-8.13-bin\5xuhj0ry160q40clulazy9h7d\gradle-8.13\lib\gradle-daemon-main-8.13.jar
Launcher Type: SUN_STANDARD

[Global flags]
     intx CICompilerCount                          = 3                                         {product} {ergonomic}
     uint ConcGCThreads                            = 1                                         {product} {ergonomic}
     uint G1ConcRefinementThreads                  = 4                                         {product} {ergonomic}
   size_t G1HeapRegionSize                         = 1048576                                   {product} {ergonomic}
    uintx GCDrainStackTargetSize                   = 64                                        {product} {ergonomic}
   size_t InitialHeapSize                          = 134217728                                 {product} {ergonomic}
   size_t MarkStackSize                            = 4194304                                   {product} {ergonomic}
   size_t MaxHeapSize                              = 2147483648                                {product} {command line}
   size_t MaxNewSize                               = 1287651328                                {product} {ergonomic}
   size_t MinHeapDeltaBytes                        = 1048576                                   {product} {ergonomic}
   size_t MinHeapSize                              = 8388608                                   {product} {ergonomic}
    uintx NonNMethodCodeHeapSize                   = 5832780                                {pd product} {ergonomic}
    uintx NonProfiledCodeHeapSize                  = 122912730                              {pd product} {ergonomic}
    uintx ProfiledCodeHeapSize                     = 122912730                              {pd product} {ergonomic}
    uintx ReservedCodeCacheSize                    = 251658240                              {pd product} {ergonomic}
     bool SegmentedCodeCache                       = true                                      {product} {ergonomic}
   size_t SoftMaxHeapSize                          = 2147483648                             {manageable} {ergonomic}
     bool UseCompressedClassPointers               = true                           {product lp64_product} {ergonomic}
     bool UseCompressedOops                        = true                           {product lp64_product} {ergonomic}
     bool UseG1GC                                  = true                                      {product} {ergonomic}
     bool UseLargePagesIndividualAllocation        = false                                  {pd product} {ergonomic}

Logging:
Log output configuration:
 #0: stdout all=warning uptime,level,tags
 #1: stderr all=off uptime,level,tags

Environment Variables:
CLASSPATH=C:\Users\user\AndroidStudioProjects\MZSH\\gradle\wrapper\gradle-wrapper.jar
PATH=C:\Program Files\Common Files\Oracle\Java\javapath;C:\WINDOWS\system32;C:\WINDOWS;C:\WINDOWS\System32\Wbem;C:\WINDOWS\System32\WindowsPowerShell\v1.0\;C:\WINDOWS\System32\OpenSSH\;C:\Program Files\Microsoft SQL Server\Client SDK\ODBC\170\Tools\Binn\;C:\Program Files (x86)\Microsoft SQL Server\150\Tools\Binn\;C:\Program Files\Microsoft SQL Server\150\Tools\Binn\;C:\Program Files\Microsoft SQL Server\150\DTS\Binn\;C:\Program Files (x86)\Microsoft SQL Server\150\DTS\Binn\;C:\Program Files\Azure Data Studio\bin;C:\Program Files\Git\cmd;C:\Program Files\nodejs\;C:\Program Files\dotnet\;C:\Android;C:\Windows\System32;C:\Program Files\MySQL\MySQL Server 8.0\bin;C:\Program Files\MySQL\MySQL Shell 8.0\bin\;C:\Users\user\AppData\Local\Programs\Python\Python313\Scripts\;C:\Users\user\AppData\Local\Programs\Python\Python313\;C:\Users\user\dev\flutter\bin;C:\Users\user\AppData\Local\Programs\Microsoft VS Code\bin;C:\Program Files\JetBrains\PyCharm 2024.2.3\bin;;C:\Program Files\JetBrains\PyCharm Community Edition 2025.1.1.1\bin;;C:\Users\user\AppData\Local\GitHubDesktop\bin
USERNAME=user
OS=Windows_NT
PROCESSOR_IDENTIFIER=Intel64 Family 6 Model 78 Stepping 3, GenuineIntel



---------------  S Y S T E M  ---------------

OS:
 Windows 10 , 64 bit Build 19041 (10.0.19041.5915)
OS uptime: 40 days 10:05 hours

CPU: total 4 (initial active 4) (2 cores per cpu, 2 threads per core) family 6 model 78 stepping 3 microcode 0xf0, cx8, cmov, fxsr, ht, mmx, 3dnowpref, sse, sse2, sse3, ssse3, sse4.1, sse4.2, popcnt, lzcnt, tsc, tscinvbit, avx, avx2, aes, erms, clmul, bmi1, bmi2, rtm, adx, fma, vzeroupper, clflush, clflushopt

Memory: 4k page, system-wide physical 8071M (812M free)
TotalPageFile size 11071M (AvailPageFile size 211M)
current process WorkingSet (physical memory assigned to process): 585M, peak: 595M
current process commit charge ("private bytes"): 617M, peak: 992M

vm_info: Java HotSpot(TM) 64-Bit Server VM (17.0.12+8-LTS-286) for windows-amd64 JRE (17.0.12+8-LTS-286), built on Jun  5 2024 06:46:59 by "mach5one" with MS VC++ 17.6 (VS2022)

END.
